add type HAS_EDGE to relations.
blogcatalog
use first 200 node
used nodes / total nodes: 200 / 5196
Graph(num_nodes=10645, num_edges=1313750,
      ndata_schemes={}
      edata_schemes={})
Acc: 0.5027 AUC: 0.5050 Pr: 0.5004 Re: 0.7223 F1: 0.5912 AUPR: 0.5041 AP: 0.5043
Acc: 0.4926 AUC: 0.4980 Pr: 0.4930 Re: 0.6782 F1: 0.5709 AUPR: 0.5016 AP: 0.5018
Acc: 0.4953 AUC: 0.4942 Pr: 0.4945 Re: 0.6261 F1: 0.5526 AUPR: 0.4938 AP: 0.4940
Acc: 0.4950 AUC: 0.4956 Pr: 0.4938 Re: 0.5702 F1: 0.5292 AUPR: 0.4911 AP: 0.4914
Acc: 0.4977 AUC: 0.4969 Pr: 0.4957 Re: 0.5255 F1: 0.5102 AUPR: 0.4955 AP: 0.4957
Acc: 0.5050 AUC: 0.5093 Pr: 0.5029 Re: 0.4764 F1: 0.4893 AUPR: 0.5029 AP: 0.5031
Acc: 0.4983 AUC: 0.4980 Pr: 0.4955 Re: 0.4296 F1: 0.4602 AUPR: 0.4971 AP: 0.4973
Acc: 0.4992 AUC: 0.4987 Pr: 0.4963 Re: 0.4057 F1: 0.4465 AUPR: 0.4955 AP: 0.4957
Acc: 0.5051 AUC: 0.5048 Pr: 0.5035 Re: 0.4150 F1: 0.4550 AUPR: 0.5058 AP: 0.5060
Acc: 0.5051 AUC: 0.5040 Pr: 0.5035 Re: 0.4195 F1: 0.4577 AUPR: 0.5026 AP: 0.5028
Acc: 0.5046 AUC: 0.5053 Pr: 0.5026 Re: 0.4574 F1: 0.4790 AUPR: 0.5025 AP: 0.5027
Acc: 0.4944 AUC: 0.4922 Pr: 0.4922 Re: 0.4937 F1: 0.4930 AUPR: 0.4935 AP: 0.4937
Acc: 0.4995 AUC: 0.4921 Pr: 0.4976 Re: 0.5665 F1: 0.5298 AUPR: 0.4903 AP: 0.4906
Acc: 0.4981 AUC: 0.4988 Pr: 0.4966 Re: 0.6003 F1: 0.5435 AUPR: 0.4940 AP: 0.4943
Acc: 0.5029 AUC: 0.5070 Pr: 0.5006 Re: 0.6456 F1: 0.5639 AUPR: 0.5036 AP: 0.5038
Acc: 0.4967 AUC: 0.4952 Pr: 0.4957 Re: 0.6417 F1: 0.5593 AUPR: 0.4935 AP: 0.4937
Acc: 0.4860 AUC: 0.4826 Pr: 0.4870 Re: 0.6079 F1: 0.5408 AUPR: 0.4906 AP: 0.4908
Acc: 0.5012 AUC: 0.5004 Pr: 0.4991 Re: 0.5632 F1: 0.5292 AUPR: 0.5028 AP: 0.5030
Acc: 0.5084 AUC: 0.5079 Pr: 0.5062 Re: 0.5009 F1: 0.5036 AUPR: 0.5032 AP: 0.5034
Acc: 0.4957 AUC: 0.4957 Pr: 0.4928 Re: 0.4465 F1: 0.4685 AUPR: 0.4955 AP: 0.4958
Acc: 0.5131 AUC: 0.5095 Pr: 0.5130 Re: 0.4327 F1: 0.4694 AUPR: 0.5051 AP: 0.5053
Acc: 0.4989 AUC: 0.4986 Pr: 0.4963 Re: 0.4391 F1: 0.4659 AUPR: 0.4938 AP: 0.4939
Acc: 0.5049 AUC: 0.5013 Pr: 0.5027 Re: 0.5051 F1: 0.5039 AUPR: 0.4943 AP: 0.4945
Acc: 0.4994 AUC: 0.5002 Pr: 0.4977 Re: 0.6108 F1: 0.5485 AUPR: 0.4975 AP: 0.4978
Acc: 0.4944 AUC: 0.4922 Pr: 0.4941 Re: 0.6574 F1: 0.5642 AUPR: 0.4898 AP: 0.4901
Acc: 0.5030 AUC: 0.5023 Pr: 0.5007 Re: 0.6197 F1: 0.5538 AUPR: 0.4989 AP: 0.4991
Acc: 0.4925 AUC: 0.4917 Pr: 0.4907 Re: 0.5164 F1: 0.5032 AUPR: 0.4880 AP: 0.4882
Acc: 0.4881 AUC: 0.4911 Pr: 0.4842 Re: 0.4331 F1: 0.4572 AUPR: 0.4935 AP: 0.4937
Acc: 0.5004 AUC: 0.4995 Pr: 0.4979 Re: 0.4389 F1: 0.4665 AUPR: 0.4989 AP: 0.4991
Acc: 0.4947 AUC: 0.4936 Pr: 0.4933 Re: 0.5551 F1: 0.5224 AUPR: 0.4930 AP: 0.4932
Acc: 0.4977 AUC: 0.4982 Pr: 0.4964 Re: 0.6298 F1: 0.5552 AUPR: 0.4971 AP: 0.4974
Acc: 0.5011 AUC: 0.5026 Pr: 0.4991 Re: 0.5993 F1: 0.5446 AUPR: 0.4986 AP: 0.4988
Acc: 0.4969 AUC: 0.4946 Pr: 0.4944 Re: 0.4710 F1: 0.4824 AUPR: 0.4936 AP: 0.4938
Acc: 0.5012 AUC: 0.5007 Pr: 0.4989 Re: 0.4496 F1: 0.4729 AUPR: 0.4988 AP: 0.4990
Acc: 0.4987 AUC: 0.4987 Pr: 0.4970 Re: 0.5877 F1: 0.5386 AUPR: 0.4951 AP: 0.4953
Acc: 0.5073 AUC: 0.5117 Pr: 0.5038 Re: 0.6817 F1: 0.5794 AUPR: 0.5079 AP: 0.5082
Acc: 0.5034 AUC: 0.5020 Pr: 0.5012 Re: 0.5176 F1: 0.5093 AUPR: 0.4959 AP: 0.4961
Acc: 0.5001 AUC: 0.5064 Pr: 0.4974 Re: 0.4106 F1: 0.4499 AUPR: 0.5018 AP: 0.5020
Acc: 0.4951 AUC: 0.5005 Pr: 0.4944 Re: 0.6275 F1: 0.5531 AUPR: 0.4975 AP: 0.4978
Acc: 0.4918 AUC: 0.4920 Pr: 0.4915 Re: 0.6021 F1: 0.5412 AUPR: 0.4924 AP: 0.4926
Acc: 0.4971 AUC: 0.4946 Pr: 0.4937 Re: 0.4055 F1: 0.4453 AUPR: 0.4934 AP: 0.4935
Acc: 0.4995 AUC: 0.5007 Pr: 0.4979 Re: 0.6228 F1: 0.5533 AUPR: 0.4999 AP: 0.5002
Acc: 0.5021 AUC: 0.4986 Pr: 0.4999 Re: 0.6384 F1: 0.5607 AUPR: 0.4973 AP: 0.4976
Acc: 0.4948 AUC: 0.4993 Pr: 0.4871 Re: 0.2791 F1: 0.3549 AUPR: 0.4962 AP: 0.4964
Acc: 0.4946 AUC: 0.4941 Pr: 0.4958 Re: 0.9079 F1: 0.6414 AUPR: 0.4913 AP: 0.4916
Acc: 0.4992 AUC: 0.4994 Pr: 0.4924 Re: 0.1940 F1: 0.2783 AUPR: 0.4942 AP: 0.4944
Acc: 0.5046 AUC: 0.4989 Pr: 0.5025 Re: 0.4816 F1: 0.4918 AUPR: 0.4950 AP: 0.4952
Acc: 0.4966 AUC: 0.5035 Pr: 0.4967 Re: 0.8611 F1: 0.6300 AUPR: 0.5008 AP: 0.5010
Acc: 0.5011 AUC: 0.5040 Pr: 0.4983 Re: 0.3405 F1: 0.4046 AUPR: 0.5005 AP: 0.5007
Acc: 0.5021 AUC: 0.5007 Pr: 0.4998 Re: 0.3358 F1: 0.4017 AUPR: 0.5001 AP: 0.5004
Acc: 0.4996 AUC: 0.5036 Pr: 0.4983 Re: 0.7607 F1: 0.6022 AUPR: 0.4995 AP: 0.4997
Acc: 0.5059 AUC: 0.5015 Pr: 0.5032 Re: 0.5756 F1: 0.5370 AUPR: 0.4953 AP: 0.4955
Acc: 0.5046 AUC: 0.5054 Pr: 0.5039 Re: 0.3043 F1: 0.3794 AUPR: 0.5034 AP: 0.5036
Acc: 0.5006 AUC: 0.5058 Pr: 0.4989 Re: 0.7320 F1: 0.5934 AUPR: 0.5003 AP: 0.5005
Acc: 0.5029 AUC: 0.5034 Pr: 0.5009 Re: 0.4063 F1: 0.4487 AUPR: 0.4992 AP: 0.4994
Acc: 0.5009 AUC: 0.4998 Pr: 0.4988 Re: 0.5508 F1: 0.5235 AUPR: 0.4966 AP: 0.4968
Acc: 0.5012 AUC: 0.5017 Pr: 0.4991 Re: 0.5547 F1: 0.5254 AUPR: 0.4966 AP: 0.4968
Acc: 0.5027 AUC: 0.5019 Pr: 0.5007 Re: 0.3676 F1: 0.4239 AUPR: 0.4972 AP: 0.4974
Acc: 0.4965 AUC: 0.5043 Pr: 0.4969 Re: 0.9243 F1: 0.6463 AUPR: 0.5009 AP: 0.5011
Acc: 0.4975 AUC: 0.5017 Pr: 0.4915 Re: 0.2729 F1: 0.3510 AUPR: 0.4986 AP: 0.4988
Acc: 0.5055 AUC: 0.5049 Pr: 0.5094 Re: 0.1793 F1: 0.2653 AUPR: 0.5000 AP: 0.5002
Acc: 0.4980 AUC: 0.5023 Pr: 0.4955 Re: 0.4611 F1: 0.4777 AUPR: 0.5006 AP: 0.5008
Acc: 0.4997 AUC: 0.5000 Pr: 0.4984 Re: 0.7708 F1: 0.6054 AUPR: 0.4989 AP: 0.4991
Acc: 0.4994 AUC: 0.5039 Pr: 0.4983 Re: 0.8009 F1: 0.6143 AUPR: 0.4996 AP: 0.4998
Acc: 0.5002 AUC: 0.5011 Pr: 0.4984 Re: 0.6473 F1: 0.5632 AUPR: 0.4992 AP: 0.4994
Acc: 0.5052 AUC: 0.5017 Pr: 0.5033 Re: 0.4628 F1: 0.4822 AUPR: 0.4967 AP: 0.4969
Acc: 0.5069 AUC: 0.5053 Pr: 0.5067 Re: 0.3568 F1: 0.4188 AUPR: 0.4992 AP: 0.4995
Acc: 0.5038 AUC: 0.4982 Pr: 0.5023 Re: 0.3531 F1: 0.4147 AUPR: 0.4990 AP: 0.4992
Acc: 0.5041 AUC: 0.4997 Pr: 0.5021 Re: 0.4366 F1: 0.4671 AUPR: 0.4959 AP: 0.4961
Acc: 0.5007 AUC: 0.5024 Pr: 0.4986 Re: 0.5562 F1: 0.5258 AUPR: 0.4999 AP: 0.5001
Acc: 0.5049 AUC: 0.5052 Pr: 0.5021 Re: 0.6318 F1: 0.5596 AUPR: 0.5016 AP: 0.5018
Acc: 0.5021 AUC: 0.5033 Pr: 0.4999 Re: 0.6228 F1: 0.5546 AUPR: 0.5016 AP: 0.5018
Acc: 0.4983 AUC: 0.5006 Pr: 0.4964 Re: 0.5337 F1: 0.5144 AUPR: 0.4985 AP: 0.4987
Acc: 0.5022 AUC: 0.5009 Pr: 0.5000 Re: 0.4525 F1: 0.4751 AUPR: 0.4989 AP: 0.4991
Acc: 0.5037 AUC: 0.5028 Pr: 0.5018 Re: 0.4325 F1: 0.4646 AUPR: 0.5014 AP: 0.5016
Acc: 0.5049 AUC: 0.5030 Pr: 0.5027 Re: 0.4939 F1: 0.4983 AUPR: 0.5006 AP: 0.5008
Acc: 0.4990 AUC: 0.5026 Pr: 0.4972 Re: 0.5595 F1: 0.5265 AUPR: 0.5021 AP: 0.5024
Acc: 0.5013 AUC: 0.5035 Pr: 0.4992 Re: 0.5679 F1: 0.5313 AUPR: 0.5022 AP: 0.5025
Acc: 0.5040 AUC: 0.5025 Pr: 0.5018 Re: 0.4917 F1: 0.4967 AUPR: 0.4996 AP: 0.4999
Acc: 0.5051 AUC: 0.5035 Pr: 0.5030 Re: 0.4820 F1: 0.4923 AUPR: 0.5022 AP: 0.5023
Acc: 0.5029 AUC: 0.5013 Pr: 0.5007 Re: 0.5368 F1: 0.5181 AUPR: 0.5012 AP: 0.5014
Acc: 0.5065 AUC: 0.5050 Pr: 0.5040 Re: 0.5415 F1: 0.5221 AUPR: 0.5018 AP: 0.5021
Acc: 0.5068 AUC: 0.5060 Pr: 0.5048 Re: 0.4853 F1: 0.4948 AUPR: 0.5048 AP: 0.5050
Acc: 0.5022 AUC: 0.5031 Pr: 0.5000 Re: 0.5129 F1: 0.5064 AUPR: 0.5027 AP: 0.5029
Acc: 0.5045 AUC: 0.5027 Pr: 0.5022 Re: 0.5263 F1: 0.5139 AUPR: 0.5031 AP: 0.5033
Acc: 0.5067 AUC: 0.5030 Pr: 0.5047 Re: 0.4892 F1: 0.4968 AUPR: 0.5014 AP: 0.5016
Acc: 0.5084 AUC: 0.5030 Pr: 0.5058 Re: 0.5432 F1: 0.5238 AUPR: 0.5013 AP: 0.5016
Acc: 0.5072 AUC: 0.5034 Pr: 0.5051 Re: 0.5040 F1: 0.5045 AUPR: 0.5040 AP: 0.5042
Acc: 0.5072 AUC: 0.5025 Pr: 0.5051 Re: 0.5042 F1: 0.5046 AUPR: 0.5026 AP: 0.5028
Acc: 0.5073 AUC: 0.5033 Pr: 0.5048 Re: 0.5403 F1: 0.5220 AUPR: 0.5029 AP: 0.5031
Acc: 0.5052 AUC: 0.5022 Pr: 0.5031 Re: 0.4923 F1: 0.4976 AUPR: 0.5021 AP: 0.5023
Acc: 0.5050 AUC: 0.5025 Pr: 0.5027 Re: 0.5203 F1: 0.5113 AUPR: 0.5027 AP: 0.5030
Acc: 0.5047 AUC: 0.5020 Pr: 0.5024 Re: 0.5129 F1: 0.5076 AUPR: 0.5040 AP: 0.5042
Acc: 0.5042 AUC: 0.5022 Pr: 0.5020 Re: 0.4976 F1: 0.4998 AUPR: 0.5033 AP: 0.5036
Acc: 0.5048 AUC: 0.5025 Pr: 0.5025 Re: 0.5215 F1: 0.5118 AUPR: 0.5037 AP: 0.5039
Acc: 0.5041 AUC: 0.5018 Pr: 0.5019 Re: 0.4993 F1: 0.5006 AUPR: 0.5029 AP: 0.5031
Acc: 0.5047 AUC: 0.5012 Pr: 0.5022 Re: 0.5739 F1: 0.5356 AUPR: 0.5057 AP: 0.5059
Acc: 0.5077 AUC: 0.5025 Pr: 0.5097 Re: 0.2923 F1: 0.3715 AUPR: 0.5046 AP: 0.5048
Acc: 0.4910 AUC: 0.5030 Pr: 0.4928 Re: 0.7669 F1: 0.6000 AUPR: 0.5031 AP: 0.5033
Acc: 0.4983 AUC: 0.5027 Pr: 0.4970 Re: 0.6395 F1: 0.5593 AUPR: 0.5045 AP: 0.5046
Acc: 0.5083 AUC: 0.5028 Pr: 0.5106 Re: 0.2923 F1: 0.3718 AUPR: 0.5026 AP: 0.5028
Acc: 0.5048 AUC: 0.4993 Pr: 0.5040 Re: 0.3263 F1: 0.3961 AUPR: 0.5000 AP: 0.5002
Acc: 0.5077 AUC: 0.5011 Pr: 0.5054 Re: 0.5224 F1: 0.5137 AUPR: 0.5024 AP: 0.5026
Acc: 0.4960 AUC: 0.5005 Pr: 0.4951 Re: 0.6209 F1: 0.5509 AUPR: 0.5009 AP: 0.5011
Acc: 0.4954 AUC: 0.5008 Pr: 0.4947 Re: 0.6298 F1: 0.5541 AUPR: 0.5032 AP: 0.5034
Acc: 0.5056 AUC: 0.5025 Pr: 0.5030 Re: 0.5636 F1: 0.5316 AUPR: 0.5022 AP: 0.5024
Acc: 0.5083 AUC: 0.5018 Pr: 0.5067 Re: 0.4626 F1: 0.4836 AUPR: 0.5031 AP: 0.5033
Acc: 0.5099 AUC: 0.5021 Pr: 0.5094 Re: 0.4193 F1: 0.4600 AUPR: 0.5020 AP: 0.5022
Acc: 0.5058 AUC: 0.4993 Pr: 0.5040 Re: 0.4545 F1: 0.4780 AUPR: 0.5012 AP: 0.5014
Acc: 0.5044 AUC: 0.5003 Pr: 0.5020 Re: 0.5368 F1: 0.5188 AUPR: 0.4998 AP: 0.5001
Acc: 0.5007 AUC: 0.5018 Pr: 0.4987 Re: 0.5813 F1: 0.5368 AUPR: 0.5028 AP: 0.5030
Acc: 0.5006 AUC: 0.5022 Pr: 0.4985 Re: 0.5652 F1: 0.5298 AUPR: 0.5033 AP: 0.5035
Acc: 0.5020 AUC: 0.5005 Pr: 0.4998 Re: 0.5024 F1: 0.5011 AUPR: 0.5003 AP: 0.5005
Acc: 0.5053 AUC: 0.5006 Pr: 0.5034 Re: 0.4603 F1: 0.4809 AUPR: 0.5015 AP: 0.5017
Acc: 0.5072 AUC: 0.5009 Pr: 0.5052 Re: 0.4865 F1: 0.4957 AUPR: 0.5024 AP: 0.5027
Acc: 0.5033 AUC: 0.5013 Pr: 0.5011 Re: 0.5366 F1: 0.5182 AUPR: 0.5021 AP: 0.5024
Acc: 0.4982 AUC: 0.5009 Pr: 0.4963 Re: 0.5415 F1: 0.5179 AUPR: 0.5013 AP: 0.5015
Acc: 0.5053 AUC: 0.5004 Pr: 0.5031 Re: 0.5028 F1: 0.5029 AUPR: 0.5008 AP: 0.5010
Acc: 0.5045 AUC: 0.5002 Pr: 0.5024 Re: 0.4760 F1: 0.4888 AUPR: 0.5021 AP: 0.5023
Acc: 0.5032 AUC: 0.5009 Pr: 0.5010 Re: 0.5057 F1: 0.5033 AUPR: 0.5018 AP: 0.5020
Acc: 0.5043 AUC: 0.5008 Pr: 0.5019 Re: 0.5347 F1: 0.5178 AUPR: 0.5023 AP: 0.5025
Acc: 0.5031 AUC: 0.5003 Pr: 0.5009 Re: 0.5067 F1: 0.5038 AUPR: 0.5000 AP: 0.5003
Acc: 0.5033 AUC: 0.5003 Pr: 0.5012 Re: 0.4853 F1: 0.4931 AUPR: 0.5021 AP: 0.5024
Acc: 0.5030 AUC: 0.5012 Pr: 0.5008 Re: 0.5009 F1: 0.5009 AUPR: 0.5018 AP: 0.5021
Acc: 0.5052 AUC: 0.5016 Pr: 0.5029 Re: 0.5269 F1: 0.5146 AUPR: 0.5038 AP: 0.5040
Acc: 0.5044 AUC: 0.5016 Pr: 0.5021 Re: 0.5133 F1: 0.5076 AUPR: 0.5043 AP: 0.5045
Acc: 0.5048 AUC: 0.5014 Pr: 0.5027 Re: 0.4881 F1: 0.4953 AUPR: 0.5019 AP: 0.5021
Acc: 0.5045 AUC: 0.5019 Pr: 0.5023 Re: 0.5036 F1: 0.5029 AUPR: 0.5023 AP: 0.5026
Acc: 0.5013 AUC: 0.5009 Pr: 0.4991 Re: 0.5106 F1: 0.5048 AUPR: 0.5020 AP: 0.5022
Acc: 0.5033 AUC: 0.5009 Pr: 0.5011 Re: 0.4970 F1: 0.4991 AUPR: 0.5013 AP: 0.5015
Acc: 0.4995 AUC: 0.5007 Pr: 0.4973 Re: 0.4954 F1: 0.4963 AUPR: 0.5035 AP: 0.5037
Acc: 0.5015 AUC: 0.5021 Pr: 0.4993 Re: 0.5048 F1: 0.5021 AUPR: 0.5032 AP: 0.5035
Acc: 0.5075 AUC: 0.5022 Pr: 0.5057 Re: 0.4719 F1: 0.4882 AUPR: 0.5041 AP: 0.5043
Acc: 0.5007 AUC: 0.5001 Pr: 0.4986 Re: 0.5391 F1: 0.5180 AUPR: 0.5015 AP: 0.5018
Acc: 0.5071 AUC: 0.5019 Pr: 0.5060 Re: 0.4174 F1: 0.4575 AUPR: 0.5029 AP: 0.5032
Acc: 0.5022 AUC: 0.5013 Pr: 0.5000 Re: 0.5339 F1: 0.5164 AUPR: 0.5013 AP: 0.5014
Acc: 0.4983 AUC: 0.5021 Pr: 0.4966 Re: 0.5786 F1: 0.5345 AUPR: 0.5052 AP: 0.5054
Acc: 0.5050 AUC: 0.5006 Pr: 0.5028 Re: 0.4923 F1: 0.4975 AUPR: 0.5026 AP: 0.5029
Acc: 0.5068 AUC: 0.5011 Pr: 0.5052 Re: 0.4486 F1: 0.4752 AUPR: 0.5019 AP: 0.5021
Acc: 0.4999 AUC: 0.5005 Pr: 0.4978 Re: 0.5250 F1: 0.5111 AUPR: 0.5029 AP: 0.5032
Acc: 0.5016 AUC: 0.5008 Pr: 0.4994 Re: 0.5267 F1: 0.5127 AUPR: 0.5037 AP: 0.5039
Acc: 0.5038 AUC: 0.5007 Pr: 0.5018 Re: 0.4727 F1: 0.4868 AUPR: 0.5031 AP: 0.5033
Acc: 0.5060 AUC: 0.5013 Pr: 0.5040 Re: 0.4793 F1: 0.4913 AUPR: 0.5028 AP: 0.5031
Acc: 0.5025 AUC: 0.5009 Pr: 0.5003 Re: 0.5244 F1: 0.5121 AUPR: 0.5015 AP: 0.5018
Acc: 0.5040 AUC: 0.5007 Pr: 0.5017 Re: 0.5119 F1: 0.5067 AUPR: 0.5006 AP: 0.5008
Acc: 0.5051 AUC: 0.5017 Pr: 0.5031 Re: 0.4706 F1: 0.4863 AUPR: 0.5024 AP: 0.5026
Acc: 0.5026 AUC: 0.5013 Pr: 0.5004 Re: 0.4958 F1: 0.4981 AUPR: 0.5030 AP: 0.5031
Acc: 0.5024 AUC: 0.5004 Pr: 0.5002 Re: 0.5222 F1: 0.5109 AUPR: 0.4983 AP: 0.4985
Acc: 0.5033 AUC: 0.5007 Pr: 0.5012 Re: 0.4842 F1: 0.4926 AUPR: 0.5025 AP: 0.5027
Acc: 0.5015 AUC: 0.5016 Pr: 0.4993 Re: 0.4873 F1: 0.4932 AUPR: 0.5037 AP: 0.5040
Acc: 0.5003 AUC: 0.4998 Pr: 0.4981 Re: 0.5108 F1: 0.5044 AUPR: 0.5018 AP: 0.5021
Acc: 0.5015 AUC: 0.5004 Pr: 0.4992 Re: 0.4578 F1: 0.4776 AUPR: 0.5005 AP: 0.5008
Acc: 0.5016 AUC: 0.5011 Pr: 0.4994 Re: 0.5409 F1: 0.5193 AUPR: 0.5029 AP: 0.5032
Acc: 0.4983 AUC: 0.4995 Pr: 0.4952 Re: 0.4009 F1: 0.4431 AUPR: 0.5022 AP: 0.5023
Acc: 0.4953 AUC: 0.5004 Pr: 0.4944 Re: 0.6106 F1: 0.5464 AUPR: 0.5002 AP: 0.5004
Acc: 0.5005 AUC: 0.5019 Pr: 0.4983 Re: 0.5271 F1: 0.5123 AUPR: 0.5004 AP: 0.5007
Acc: 0.5025 AUC: 0.5017 Pr: 0.5003 Re: 0.4807 F1: 0.4903 AUPR: 0.5009 AP: 0.5012
Acc: 0.5022 AUC: 0.5009 Pr: 0.5000 Re: 0.4881 F1: 0.4940 AUPR: 0.5015 AP: 0.5017
Acc: 0.5010 AUC: 0.5019 Pr: 0.4987 Re: 0.4925 F1: 0.4956 AUPR: 0.5030 AP: 0.5033
Acc: 0.4998 AUC: 0.5007 Pr: 0.4975 Re: 0.4743 F1: 0.4856 AUPR: 0.5005 AP: 0.5007
Acc: 0.5008 AUC: 0.5013 Pr: 0.4985 Re: 0.4894 F1: 0.4939 AUPR: 0.5028 AP: 0.5030
Acc: 0.5017 AUC: 0.5017 Pr: 0.4995 Re: 0.4970 F1: 0.4982 AUPR: 0.5018 AP: 0.5021
Acc: 0.5019 AUC: 0.5014 Pr: 0.4997 Re: 0.4661 F1: 0.4823 AUPR: 0.5023 AP: 0.5025
Acc: 0.4998 AUC: 0.4987 Pr: 0.4979 Re: 0.5494 F1: 0.5223 AUPR: 0.4995 AP: 0.4997
Acc: 0.5059 AUC: 0.5005 Pr: 0.5054 Re: 0.3496 F1: 0.4133 AUPR: 0.5010 AP: 0.5012
Acc: 0.5003 AUC: 0.5013 Pr: 0.4979 Re: 0.4616 F1: 0.4790 AUPR: 0.5014 AP: 0.5017
Acc: 0.4926 AUC: 0.5004 Pr: 0.4923 Re: 0.6207 F1: 0.5491 AUPR: 0.5035 AP: 0.5037
Acc: 0.4971 AUC: 0.5008 Pr: 0.4954 Re: 0.5525 F1: 0.5224 AUPR: 0.5024 AP: 0.5026
Acc: 0.5002 AUC: 0.5006 Pr: 0.4977 Re: 0.4467 F1: 0.4708 AUPR: 0.5012 AP: 0.5014
Acc: 0.5022 AUC: 0.4998 Pr: 0.5000 Re: 0.4224 F1: 0.4579 AUPR: 0.5019 AP: 0.5021
Acc: 0.5011 AUC: 0.4996 Pr: 0.4988 Re: 0.4783 F1: 0.4883 AUPR: 0.4993 AP: 0.4996
Acc: 0.5024 AUC: 0.5010 Pr: 0.5002 Re: 0.5420 F1: 0.5202 AUPR: 0.5013 AP: 0.5016
Acc: 0.5011 AUC: 0.5009 Pr: 0.4989 Re: 0.4976 F1: 0.4982 AUPR: 0.5026 AP: 0.5028
Acc: 0.5028 AUC: 0.5002 Pr: 0.5007 Re: 0.4393 F1: 0.4680 AUPR: 0.5011 AP: 0.5013
Acc: 0.5012 AUC: 0.4998 Pr: 0.4988 Re: 0.4411 F1: 0.4682 AUPR: 0.5022 AP: 0.5024
Acc: 0.5001 AUC: 0.5009 Pr: 0.4978 Re: 0.4910 F1: 0.4944 AUPR: 0.5032 AP: 0.5035
Acc: 0.5017 AUC: 0.4997 Pr: 0.4995 Re: 0.5236 F1: 0.5113 AUPR: 0.5010 AP: 0.5012
Acc: 0.5021 AUC: 0.5014 Pr: 0.4999 Re: 0.5020 F1: 0.5009 AUPR: 0.5022 AP: 0.5024
Acc: 0.5006 AUC: 0.5012 Pr: 0.4983 Re: 0.4698 F1: 0.4836 AUPR: 0.5047 AP: 0.5049
Acc: 0.5015 AUC: 0.5016 Pr: 0.4992 Re: 0.4593 F1: 0.4784 AUPR: 0.5026 AP: 0.5028
Acc: 0.4992 AUC: 0.5017 Pr: 0.4970 Re: 0.4875 F1: 0.4922 AUPR: 0.5049 AP: 0.5051
Acc: 0.5005 AUC: 0.5006 Pr: 0.4983 Re: 0.5110 F1: 0.5046 AUPR: 0.5007 AP: 0.5010
Acc: 0.5018 AUC: 0.5021 Pr: 0.4996 Re: 0.5096 F1: 0.5045 AUPR: 0.5025 AP: 0.5027
Acc: 0.4990 AUC: 0.5015 Pr: 0.4967 Re: 0.4846 F1: 0.4906 AUPR: 0.5019 AP: 0.5021
Acc: 0.5035 AUC: 0.5012 Pr: 0.5014 Re: 0.4785 F1: 0.4897 AUPR: 0.5016 AP: 0.5018
Acc: 0.5024 AUC: 0.5014 Pr: 0.5002 Re: 0.4754 F1: 0.4875 AUPR: 0.5032 AP: 0.5034
Acc: 0.5036 AUC: 0.5034 Pr: 0.5015 Re: 0.4892 F1: 0.4953 AUPR: 0.5056 AP: 0.5058
Acc: 0.5024 AUC: 0.5027 Pr: 0.5002 Re: 0.4985 F1: 0.4993 AUPR: 0.5025 AP: 0.5028
Acc: 0.5008 AUC: 0.5027 Pr: 0.4986 Re: 0.5022 F1: 0.5004 AUPR: 0.5021 AP: 0.5023
Acc: 0.4991 AUC: 0.5025 Pr: 0.4969 Re: 0.5003 F1: 0.4986 AUPR: 0.5030 AP: 0.5033
Acc: 0.5012 AUC: 0.5046 Pr: 0.4990 Re: 0.5057 F1: 0.5023 AUPR: 0.5057 AP: 0.5059
Acc: 0.5042 AUC: 0.5042 Pr: 0.5020 Re: 0.5015 F1: 0.5018 AUPR: 0.5063 AP: 0.5064
Acc: 0.5029 AUC: 0.5031 Pr: 0.5007 Re: 0.5051 F1: 0.5029 AUPR: 0.5037 AP: 0.5040
Acc: 0.5056 AUC: 0.5025 Pr: 0.5034 Re: 0.5009 F1: 0.5022 AUPR: 0.5053 AP: 0.5054
Acc: 0.5027 AUC: 0.5020 Pr: 0.5005 Re: 0.4851 F1: 0.4927 AUPR: 0.5036 AP: 0.5038
Acc: 0.5020 AUC: 0.5013 Pr: 0.4998 Re: 0.5007 F1: 0.5003 AUPR: 0.5028 AP: 0.5031
Acc: 0.5049 AUC: 0.5031 Pr: 0.5027 Re: 0.5075 F1: 0.5051 AUPR: 0.5066 AP: 0.5067
Acc: 0.5057 AUC: 0.5019 Pr: 0.5036 Re: 0.4923 F1: 0.4979 AUPR: 0.5034 AP: 0.5036
Acc: 0.5052 AUC: 0.5043 Pr: 0.5031 Re: 0.4875 F1: 0.4952 AUPR: 0.5076 AP: 0.5077
Acc: 0.5044 AUC: 0.5037 Pr: 0.5022 Re: 0.4964 F1: 0.4993 AUPR: 0.5053 AP: 0.5057
Acc: 0.5038 AUC: 0.5034 Pr: 0.5016 Re: 0.5100 F1: 0.5058 AUPR: 0.5056 AP: 0.5058
Acc: 0.5042 AUC: 0.5033 Pr: 0.5019 Re: 0.5110 F1: 0.5064 AUPR: 0.5069 AP: 0.5070
Acc: 0.5011 AUC: 0.5028 Pr: 0.4989 Re: 0.5088 F1: 0.5038 AUPR: 0.5063 AP: 0.5063
Acc: 0.5037 AUC: 0.5048 Pr: 0.5015 Re: 0.5152 F1: 0.5082 AUPR: 0.5037 AP: 0.5039
Acc: 0.5038 AUC: 0.5031 Pr: 0.5016 Re: 0.5141 F1: 0.5078 AUPR: 0.5058 AP: 0.5059
Acc: 0.5010 AUC: 0.5036 Pr: 0.4987 Re: 0.4846 F1: 0.4916 AUPR: 0.5067 AP: 0.5069
Acc: 0.5031 AUC: 0.5033 Pr: 0.5009 Re: 0.4974 F1: 0.4992 AUPR: 0.5050 AP: 0.5053
Acc: 0.5004 AUC: 0.5033 Pr: 0.4982 Re: 0.5024 F1: 0.5003 AUPR: 0.5031 AP: 0.5033
Acc: 0.5029 AUC: 0.5036 Pr: 0.5008 Re: 0.4700 F1: 0.4849 AUPR: 0.5049 AP: 0.5051
Acc: 0.5048 AUC: 0.5057 Pr: 0.5025 Re: 0.5092 F1: 0.5058 AUPR: 0.5043 AP: 0.5045
Acc: 0.5006 AUC: 0.5060 Pr: 0.4985 Re: 0.5485 F1: 0.5223 AUPR: 0.5099 AP: 0.5101
Acc: 0.5034 AUC: 0.5043 Pr: 0.5015 Re: 0.4199 F1: 0.4571 AUPR: 0.5058 AP: 0.5060
Acc: 0.4994 AUC: 0.5045 Pr: 0.4976 Re: 0.5710 F1: 0.5318 AUPR: 0.5018 AP: 0.5020
Acc: 0.5014 AUC: 0.5046 Pr: 0.4993 Re: 0.5801 F1: 0.5367 AUPR: 0.5041 AP: 0.5044
Acc: 0.5030 AUC: 0.5011 Pr: 0.5010 Re: 0.4230 F1: 0.4587 AUPR: 0.5041 AP: 0.5043
Acc: 0.5027 AUC: 0.5040 Pr: 0.5006 Re: 0.4535 F1: 0.4759 AUPR: 0.5051 AP: 0.5053
Acc: 0.5034 AUC: 0.5031 Pr: 0.5012 Re: 0.5321 F1: 0.5161 AUPR: 0.5022 AP: 0.5025
Acc: 0.5025 AUC: 0.5029 Pr: 0.5003 Re: 0.5498 F1: 0.5239 AUPR: 0.5023 AP: 0.5025
Acc: 0.5022 AUC: 0.5041 Pr: 0.5000 Re: 0.5323 F1: 0.5156 AUPR: 0.5058 AP: 0.5059
Acc: 0.5043 AUC: 0.5039 Pr: 0.5021 Re: 0.4884 F1: 0.4951 AUPR: 0.5047 AP: 0.5048
Acc: 0.5023 AUC: 0.5020 Pr: 0.5001 Re: 0.4762 F1: 0.4879 AUPR: 0.5040 AP: 0.5041
Acc: 0.5025 AUC: 0.5012 Pr: 0.5003 Re: 0.4997 F1: 0.5000 AUPR: 0.4992 AP: 0.4994
Acc: 0.5008 AUC: 0.5020 Pr: 0.4986 Re: 0.5222 F1: 0.5101 AUPR: 0.5007 AP: 0.5010
Acc: 0.5015 AUC: 0.5027 Pr: 0.4993 Re: 0.5224 F1: 0.5106 AUPR: 0.5060 AP: 0.5062
Acc: 0.5015 AUC: 0.5024 Pr: 0.4993 Re: 0.5009 F1: 0.5001 AUPR: 0.5022 AP: 0.5024
Acc: 0.5009 AUC: 0.5021 Pr: 0.4986 Re: 0.4696 F1: 0.4837 AUPR: 0.5049 AP: 0.5049
Acc: 0.5016 AUC: 0.5020 Pr: 0.4994 Re: 0.4811 F1: 0.4901 AUPR: 0.5018 AP: 0.5020
Acc: 0.5007 AUC: 0.5038 Pr: 0.4985 Re: 0.5139 F1: 0.5061 AUPR: 0.5052 AP: 0.5054
Acc: 0.5011 AUC: 0.5038 Pr: 0.4989 Re: 0.5335 F1: 0.5156 AUPR: 0.5089 AP: 0.5090
Acc: 0.4993 AUC: 0.5022 Pr: 0.4973 Re: 0.5335 F1: 0.5148 AUPR: 0.5034 AP: 0.5036
Acc: 0.5016 AUC: 0.5010 Pr: 0.4994 Re: 0.5275 F1: 0.5131 AUPR: 0.4995 AP: 0.4998
Acc: 0.5019 AUC: 0.5035 Pr: 0.4997 Re: 0.5119 F1: 0.5057 AUPR: 0.5060 AP: 0.5063
Acc: 0.4989 AUC: 0.5003 Pr: 0.4967 Re: 0.4952 F1: 0.4959 AUPR: 0.4993 AP: 0.4995
Acc: 0.5003 AUC: 0.5006 Pr: 0.4980 Re: 0.4917 F1: 0.4948 AUPR: 0.4997 AP: 0.4999
Acc: 0.5020 AUC: 0.5032 Pr: 0.4998 Re: 0.4900 F1: 0.4948 AUPR: 0.5030 AP: 0.5032
Acc: 0.5011 AUC: 0.5055 Pr: 0.4989 Re: 0.4980 F1: 0.4985 AUPR: 0.5088 AP: 0.5090
Acc: 0.5013 AUC: 0.5025 Pr: 0.4991 Re: 0.5067 F1: 0.5029 AUPR: 0.5043 AP: 0.5044
Acc: 0.5021 AUC: 0.5045 Pr: 0.4999 Re: 0.5141 F1: 0.5069 AUPR: 0.5044 AP: 0.5047
Acc: 0.5013 AUC: 0.5037 Pr: 0.4991 Re: 0.5240 F1: 0.5113 AUPR: 0.5043 AP: 0.5045
Acc: 0.5018 AUC: 0.5031 Pr: 0.4996 Re: 0.5306 F1: 0.5146 AUPR: 0.5009 AP: 0.5012
Acc: 0.5027 AUC: 0.5049 Pr: 0.5005 Re: 0.5176 F1: 0.5089 AUPR: 0.5079 AP: 0.5081
Acc: 0.5031 AUC: 0.5059 Pr: 0.5009 Re: 0.5088 F1: 0.5048 AUPR: 0.5082 AP: 0.5084
Acc: 0.5038 AUC: 0.5015 Pr: 0.5016 Re: 0.5038 F1: 0.5027 AUPR: 0.4976 AP: 0.4979
Acc: 0.5031 AUC: 0.5029 Pr: 0.5009 Re: 0.5112 F1: 0.5060 AUPR: 0.5019 AP: 0.5021
Acc: 0.5028 AUC: 0.5035 Pr: 0.5006 Re: 0.5197 F1: 0.5100 AUPR: 0.5038 AP: 0.5041
Acc: 0.5047 AUC: 0.5077 Pr: 0.5024 Re: 0.5228 F1: 0.5124 AUPR: 0.5118 AP: 0.5119
Acc: 0.5029 AUC: 0.5023 Pr: 0.5007 Re: 0.5174 F1: 0.5089 AUPR: 0.5020 AP: 0.5021
Acc: 0.5023 AUC: 0.5018 Pr: 0.5001 Re: 0.5125 F1: 0.5062 AUPR: 0.5022 AP: 0.5022
Acc: 0.5031 AUC: 0.5039 Pr: 0.5009 Re: 0.5125 F1: 0.5066 AUPR: 0.5035 AP: 0.5035
Acc: 0.5013 AUC: 0.5035 Pr: 0.4991 Re: 0.5178 F1: 0.5083 AUPR: 0.5023 AP: 0.5025
Acc: 0.5011 AUC: 0.5024 Pr: 0.4989 Re: 0.5294 F1: 0.5137 AUPR: 0.5007 AP: 0.5009
Acc: 0.4996 AUC: 0.5059 Pr: 0.4976 Re: 0.5364 F1: 0.5163 AUPR: 0.5107 AP: 0.5108
Acc: 0.5012 AUC: 0.5044 Pr: 0.4990 Re: 0.5267 F1: 0.5125 AUPR: 0.5049 AP: 0.5050
Acc: 0.5022 AUC: 0.5044 Pr: 0.5000 Re: 0.5152 F1: 0.5075 AUPR: 0.5035 AP: 0.5038
Acc: 0.5003 AUC: 0.5002 Pr: 0.4981 Re: 0.5024 F1: 0.5002 AUPR: 0.5002 AP: 0.5005
Acc: 0.5032 AUC: 0.5024 Pr: 0.5010 Re: 0.5063 F1: 0.5036 AUPR: 0.5054 AP: 0.5054
Acc: 0.5046 AUC: 0.5028 Pr: 0.5023 Re: 0.5160 F1: 0.5091 AUPR: 0.5033 AP: 0.5036
Acc: 0.5010 AUC: 0.5013 Pr: 0.4988 Re: 0.5176 F1: 0.5080 AUPR: 0.5016 AP: 0.5019
Acc: 0.5035 AUC: 0.5032 Pr: 0.5013 Re: 0.5257 F1: 0.5132 AUPR: 0.5050 AP: 0.5049
Acc: 0.4994 AUC: 0.5027 Pr: 0.4973 Re: 0.5193 F1: 0.5081 AUPR: 0.5016 AP: 0.5018
Acc: 0.4996 AUC: 0.5024 Pr: 0.4975 Re: 0.5135 F1: 0.5054 AUPR: 0.5035 AP: 0.5039
Acc: 0.5004 AUC: 0.5029 Pr: 0.4982 Re: 0.5092 F1: 0.5036 AUPR: 0.5044 AP: 0.5044
Acc: 0.5021 AUC: 0.5033 Pr: 0.4999 Re: 0.5005 F1: 0.5002 AUPR: 0.5043 AP: 0.5043
Acc: 0.5038 AUC: 0.5002 Pr: 0.5016 Re: 0.5036 F1: 0.5026 AUPR: 0.4960 AP: 0.4963
Acc: 0.4997 AUC: 0.5011 Pr: 0.4976 Re: 0.5048 F1: 0.5012 AUPR: 0.4990 AP: 0.4994
Acc: 0.5004 AUC: 0.4999 Pr: 0.4982 Re: 0.5170 F1: 0.5074 AUPR: 0.4953 AP: 0.4957
Acc: 0.5001 AUC: 0.5024 Pr: 0.4979 Re: 0.5189 F1: 0.5082 AUPR: 0.5047 AP: 0.5049
Acc: 0.5001 AUC: 0.5016 Pr: 0.4979 Re: 0.5191 F1: 0.5083 AUPR: 0.5016 AP: 0.5019
Acc: 0.5016 AUC: 0.5014 Pr: 0.4994 Re: 0.5215 F1: 0.5102 AUPR: 0.5021 AP: 0.5021
Acc: 0.4969 AUC: 0.5018 Pr: 0.4949 Re: 0.5160 F1: 0.5052 AUPR: 0.5013 AP: 0.5015
Acc: 0.5001 AUC: 0.5029 Pr: 0.4979 Re: 0.5191 F1: 0.5083 AUPR: 0.5042 AP: 0.5044
Acc: 0.4986 AUC: 0.5034 Pr: 0.4965 Re: 0.5079 F1: 0.5021 AUPR: 0.5042 AP: 0.5043
Acc: 0.5005 AUC: 0.4990 Pr: 0.4982 Re: 0.4970 F1: 0.4976 AUPR: 0.4984 AP: 0.4985
Acc: 0.4988 AUC: 0.5033 Pr: 0.4966 Re: 0.4917 F1: 0.4941 AUPR: 0.5019 AP: 0.5023
Acc: 0.4965 AUC: 0.5023 Pr: 0.4942 Re: 0.4912 F1: 0.4927 AUPR: 0.5004 AP: 0.5008
Acc: 0.4991 AUC: 0.5027 Pr: 0.4969 Re: 0.4952 F1: 0.4960 AUPR: 0.5078 AP: 0.5077
Acc: 0.4985 AUC: 0.5020 Pr: 0.4963 Re: 0.4949 F1: 0.4956 AUPR: 0.5033 AP: 0.5035
Acc: 0.5005 AUC: 0.5002 Pr: 0.4983 Re: 0.5044 F1: 0.5013 AUPR: 0.5019 AP: 0.5020
Acc: 0.5001 AUC: 0.5018 Pr: 0.4979 Re: 0.5110 F1: 0.5044 AUPR: 0.5037 AP: 0.5040
Acc: 0.4977 AUC: 0.5017 Pr: 0.4956 Re: 0.5162 F1: 0.5057 AUPR: 0.5036 AP: 0.5036
Acc: 0.5008 AUC: 0.5022 Pr: 0.4986 Re: 0.5300 F1: 0.5138 AUPR: 0.5002 AP: 0.5007
Acc: 0.5002 AUC: 0.5026 Pr: 0.4981 Re: 0.5302 F1: 0.5136 AUPR: 0.5037 AP: 0.5038
Acc: 0.5022 AUC: 0.5036 Pr: 0.5000 Re: 0.5259 F1: 0.5126 AUPR: 0.5060 AP: 0.5059
Acc: 0.5030 AUC: 0.5005 Pr: 0.5008 Re: 0.5222 F1: 0.5113 AUPR: 0.4955 AP: 0.4960
Acc: 0.5015 AUC: 0.5034 Pr: 0.4993 Re: 0.5187 F1: 0.5088 AUPR: 0.5073 AP: 0.5071
Acc: 0.4982 AUC: 0.5021 Pr: 0.4961 Re: 0.5094 F1: 0.5026 AUPR: 0.5030 AP: 0.5029
Acc: 0.5016 AUC: 0.5016 Pr: 0.4994 Re: 0.5127 F1: 0.5060 AUPR: 0.5012 AP: 0.5012
Acc: 0.4986 AUC: 0.5014 Pr: 0.4965 Re: 0.5046 F1: 0.5005 AUPR: 0.5039 AP: 0.5038
Acc: 0.5019 AUC: 0.5025 Pr: 0.4997 Re: 0.5022 F1: 0.5009 AUPR: 0.5039 AP: 0.5039
Acc: 0.4991 AUC: 0.5000 Pr: 0.4969 Re: 0.4970 F1: 0.4970 AUPR: 0.5011 AP: 0.5010
Acc: 0.5016 AUC: 0.5016 Pr: 0.4994 Re: 0.4993 F1: 0.4993 AUPR: 0.5027 AP: 0.5028
Acc: 0.5002 AUC: 0.5015 Pr: 0.4980 Re: 0.5081 F1: 0.5030 AUPR: 0.5008 AP: 0.5012
Acc: 0.4998 AUC: 0.5001 Pr: 0.4977 Re: 0.5230 F1: 0.5101 AUPR: 0.5028 AP: 0.5032
Acc: 0.4998 AUC: 0.5003 Pr: 0.4977 Re: 0.5203 F1: 0.5088 AUPR: 0.5020 AP: 0.5021
Acc: 0.4972 AUC: 0.5018 Pr: 0.4952 Re: 0.5195 F1: 0.5070 AUPR: 0.5038 AP: 0.5037
Acc: 0.5007 AUC: 0.5033 Pr: 0.4985 Re: 0.5238 F1: 0.5109 AUPR: 0.5054 AP: 0.5054
Acc: 0.4985 AUC: 0.5007 Pr: 0.4964 Re: 0.5170 F1: 0.5065 AUPR: 0.5029 AP: 0.5027
Acc: 0.4990 AUC: 0.5015 Pr: 0.4969 Re: 0.5131 F1: 0.5049 AUPR: 0.5046 AP: 0.5044
Acc: 0.5018 AUC: 0.5042 Pr: 0.4996 Re: 0.5071 F1: 0.5033 AUPR: 0.5043 AP: 0.5046
Acc: 0.4983 AUC: 0.5009 Pr: 0.4961 Re: 0.4962 F1: 0.4961 AUPR: 0.5024 AP: 0.5028
Acc: 0.4970 AUC: 0.4995 Pr: 0.4947 Re: 0.4952 F1: 0.4950 AUPR: 0.5001 AP: 0.5002
Acc: 0.4952 AUC: 0.5027 Pr: 0.4930 Re: 0.4925 F1: 0.4927 AUPR: 0.5037 AP: 0.5037
Acc: 0.4990 AUC: 0.5000 Pr: 0.4968 Re: 0.4987 F1: 0.4977 AUPR: 0.4997 AP: 0.5000
Acc: 0.4969 AUC: 0.5000 Pr: 0.4946 Re: 0.4931 F1: 0.4939 AUPR: 0.4996 AP: 0.5000
Acc: 0.4945 AUC: 0.4998 Pr: 0.4923 Re: 0.4925 F1: 0.4924 AUPR: 0.5008 AP: 0.5008
Acc: 0.4964 AUC: 0.5011 Pr: 0.4942 Re: 0.5020 F1: 0.4981 AUPR: 0.5007 AP: 0.5011
Acc: 0.4986 AUC: 0.5038 Pr: 0.4965 Re: 0.5075 F1: 0.5019 AUPR: 0.5081 AP: 0.5082
Acc: 0.4995 AUC: 0.4989 Pr: 0.4974 Re: 0.5147 F1: 0.5059 AUPR: 0.4973 AP: 0.4977
Acc: 0.5026 AUC: 0.5021 Pr: 0.5004 Re: 0.5230 F1: 0.5114 AUPR: 0.5057 AP: 0.5059
Acc: 0.5006 AUC: 0.4998 Pr: 0.4984 Re: 0.5081 F1: 0.5032 AUPR: 0.4977 AP: 0.4981
Acc: 0.4980 AUC: 0.5015 Pr: 0.4958 Re: 0.4962 F1: 0.4960 AUPR: 0.4987 AP: 0.4992
Acc: 0.4992 AUC: 0.5004 Pr: 0.4970 Re: 0.4933 F1: 0.4951 AUPR: 0.5034 AP: 0.5034
Acc: 0.4998 AUC: 0.5005 Pr: 0.4976 Re: 0.4908 F1: 0.4942 AUPR: 0.4995 AP: 0.5000
Acc: 0.4979 AUC: 0.5001 Pr: 0.4956 Re: 0.4879 F1: 0.4917 AUPR: 0.4999 AP: 0.5002
Acc: 0.4985 AUC: 0.5010 Pr: 0.4963 Re: 0.5007 F1: 0.4985 AUPR: 0.4995 AP: 0.5000
Acc: 0.4981 AUC: 0.5014 Pr: 0.4960 Re: 0.5129 F1: 0.5043 AUPR: 0.4989 AP: 0.4993
Acc: 0.5015 AUC: 0.5022 Pr: 0.4993 Re: 0.5203 F1: 0.5096 AUPR: 0.5011 AP: 0.5013
Acc: 0.4984 AUC: 0.5013 Pr: 0.4963 Re: 0.5112 F1: 0.5037 AUPR: 0.4990 AP: 0.4993
Acc: 0.4977 AUC: 0.4986 Pr: 0.4956 Re: 0.5067 F1: 0.5011 AUPR: 0.4992 AP: 0.4992
Acc: 0.4971 AUC: 0.5013 Pr: 0.4950 Re: 0.5075 F1: 0.5012 AUPR: 0.5040 AP: 0.5042
Acc: 0.4971 AUC: 0.5015 Pr: 0.4949 Re: 0.5022 F1: 0.4985 AUPR: 0.5053 AP: 0.5052
Acc: 0.4973 AUC: 0.5022 Pr: 0.4951 Re: 0.4982 F1: 0.4967 AUPR: 0.5020 AP: 0.5024
Acc: 0.4967 AUC: 0.5012 Pr: 0.4944 Re: 0.4935 F1: 0.4940 AUPR: 0.5031 AP: 0.5032
Acc: 0.4979 AUC: 0.5038 Pr: 0.4956 Re: 0.4917 F1: 0.4936 AUPR: 0.5089 AP: 0.5087
Acc: 0.4999 AUC: 0.5036 Pr: 0.4977 Re: 0.5003 F1: 0.4990 AUPR: 0.5061 AP: 0.5063
Acc: 0.4980 AUC: 0.5035 Pr: 0.4958 Re: 0.4982 F1: 0.4970 AUPR: 0.5034 AP: 0.5035
Acc: 0.4987 AUC: 0.5018 Pr: 0.4965 Re: 0.5038 F1: 0.5002 AUPR: 0.5067 AP: 0.5068
Acc: 0.4995 AUC: 0.5008 Pr: 0.4974 Re: 0.5090 F1: 0.5031 AUPR: 0.5006 AP: 0.5006
Acc: 0.4959 AUC: 0.5018 Pr: 0.4938 Re: 0.4991 F1: 0.4964 AUPR: 0.5039 AP: 0.5039
Acc: 0.5002 AUC: 0.5009 Pr: 0.4979 Re: 0.4978 F1: 0.4979 AUPR: 0.5030 AP: 0.5031
Acc: 0.4980 AUC: 0.5008 Pr: 0.4957 Re: 0.4896 F1: 0.4926 AUPR: 0.5015 AP: 0.5017
Acc: 0.4988 AUC: 0.5015 Pr: 0.4966 Re: 0.4933 F1: 0.4949 AUPR: 0.5024 AP: 0.5023
Acc: 0.4978 AUC: 0.5013 Pr: 0.4956 Re: 0.4991 F1: 0.4973 AUPR: 0.5019 AP: 0.5020
Acc: 0.4966 AUC: 0.5009 Pr: 0.4944 Re: 0.5022 F1: 0.4983 AUPR: 0.5039 AP: 0.5038
Acc: 0.4966 AUC: 0.4999 Pr: 0.4945 Re: 0.5112 F1: 0.5027 AUPR: 0.5021 AP: 0.5024
Acc: 0.4979 AUC: 0.5002 Pr: 0.4959 Re: 0.5201 F1: 0.5077 AUPR: 0.4986 AP: 0.4989
Acc: 0.4989 AUC: 0.5024 Pr: 0.4969 Re: 0.5213 F1: 0.5088 AUPR: 0.5044 AP: 0.5044
Acc: 0.5010 AUC: 0.5028 Pr: 0.4988 Re: 0.5211 F1: 0.5097 AUPR: 0.5005 AP: 0.5009
Acc: 0.4989 AUC: 0.5005 Pr: 0.4968 Re: 0.5162 F1: 0.5063 AUPR: 0.4993 AP: 0.4996
Acc: 0.4980 AUC: 0.5046 Pr: 0.4959 Re: 0.5071 F1: 0.5014 AUPR: 0.5078 AP: 0.5077
Acc: 0.4967 AUC: 0.5048 Pr: 0.4945 Re: 0.4989 F1: 0.4967 AUPR: 0.5058 AP: 0.5061
Acc: 0.4977 AUC: 0.5022 Pr: 0.4954 Re: 0.4912 F1: 0.4933 AUPR: 0.5022 AP: 0.5023
Acc: 0.5001 AUC: 0.5018 Pr: 0.4978 Re: 0.4935 F1: 0.4957 AUPR: 0.5016 AP: 0.5015
Acc: 0.4992 AUC: 0.5005 Pr: 0.4970 Re: 0.4919 F1: 0.4944 AUPR: 0.4976 AP: 0.4979
Acc: 0.4991 AUC: 0.5053 Pr: 0.4969 Re: 0.4952 F1: 0.4960 AUPR: 0.5072 AP: 0.5071
Acc: 0.4983 AUC: 0.5036 Pr: 0.4962 Re: 0.5077 F1: 0.5019 AUPR: 0.5025 AP: 0.5027
Acc: 0.5006 AUC: 0.5005 Pr: 0.4984 Re: 0.5170 F1: 0.5075 AUPR: 0.4996 AP: 0.4998
Acc: 0.5027 AUC: 0.5047 Pr: 0.5005 Re: 0.5298 F1: 0.5147 AUPR: 0.5065 AP: 0.5068
Acc: 0.4985 AUC: 0.5082 Pr: 0.4965 Re: 0.5269 F1: 0.5113 AUPR: 0.5142 AP: 0.5141
Acc: 0.4976 AUC: 0.5033 Pr: 0.4956 Re: 0.5209 F1: 0.5079 AUPR: 0.5056 AP: 0.5057
Acc: 0.4973 AUC: 0.5027 Pr: 0.4952 Re: 0.5156 F1: 0.5052 AUPR: 0.5025 AP: 0.5026
Acc: 0.5002 AUC: 0.5021 Pr: 0.4980 Re: 0.5170 F1: 0.5073 AUPR: 0.4983 AP: 0.4989
Acc: 0.4978 AUC: 0.5040 Pr: 0.4957 Re: 0.5121 F1: 0.5038 AUPR: 0.5043 AP: 0.5046
Acc: 0.4991 AUC: 0.5039 Pr: 0.4969 Re: 0.5028 F1: 0.4998 AUPR: 0.5007 AP: 0.5013
Acc: 0.4980 AUC: 0.5042 Pr: 0.4958 Re: 0.5013 F1: 0.4986 AUPR: 0.5046 AP: 0.5049
Acc: 0.4993 AUC: 0.5041 Pr: 0.4972 Re: 0.5057 F1: 0.5014 AUPR: 0.5037 AP: 0.5039
Acc: 0.4998 AUC: 0.5042 Pr: 0.4977 Re: 0.5086 F1: 0.5031 AUPR: 0.5034 AP: 0.5035
Acc: 0.4986 AUC: 0.5054 Pr: 0.4965 Re: 0.5110 F1: 0.5037 AUPR: 0.5043 AP: 0.5048
Acc: 0.4994 AUC: 0.5022 Pr: 0.4973 Re: 0.5197 F1: 0.5083 AUPR: 0.5038 AP: 0.5039
Acc: 0.4981 AUC: 0.5054 Pr: 0.4961 Re: 0.5195 F1: 0.5075 AUPR: 0.5060 AP: 0.5061
Acc: 0.4989 AUC: 0.5019 Pr: 0.4968 Re: 0.5100 F1: 0.5033 AUPR: 0.4981 AP: 0.4985
Acc: 0.4957 AUC: 0.5023 Pr: 0.4936 Re: 0.5018 F1: 0.4976 AUPR: 0.5041 AP: 0.5039
Acc: 0.5005 AUC: 0.5006 Pr: 0.4983 Re: 0.5042 F1: 0.5012 AUPR: 0.4992 AP: 0.4993
Acc: 0.4990 AUC: 0.5023 Pr: 0.4969 Re: 0.5055 F1: 0.5011 AUPR: 0.5005 AP: 0.5007
Acc: 0.4999 AUC: 0.5039 Pr: 0.4978 Re: 0.5102 F1: 0.5039 AUPR: 0.5028 AP: 0.5032
Acc: 0.4972 AUC: 0.5026 Pr: 0.4951 Re: 0.5112 F1: 0.5030 AUPR: 0.5041 AP: 0.5045
Acc: 0.4986 AUC: 0.5019 Pr: 0.4965 Re: 0.5164 F1: 0.5063 AUPR: 0.4997 AP: 0.5003
Acc: 0.4974 AUC: 0.5044 Pr: 0.4953 Re: 0.5137 F1: 0.5044 AUPR: 0.5054 AP: 0.5058
Acc: 0.4991 AUC: 0.5036 Pr: 0.4970 Re: 0.5135 F1: 0.5051 AUPR: 0.5049 AP: 0.5052
Acc: 0.4985 AUC: 0.5032 Pr: 0.4964 Re: 0.5067 F1: 0.5015 AUPR: 0.5029 AP: 0.5033
Acc: 0.4998 AUC: 0.5032 Pr: 0.4976 Re: 0.5005 F1: 0.4991 AUPR: 0.5037 AP: 0.5039
Acc: 0.4984 AUC: 0.5017 Pr: 0.4962 Re: 0.4964 F1: 0.4963 AUPR: 0.5032 AP: 0.5037
Acc: 0.4987 AUC: 0.5018 Pr: 0.4965 Re: 0.5007 F1: 0.4986 AUPR: 0.5016 AP: 0.5017
Acc: 0.4975 AUC: 0.5024 Pr: 0.4954 Re: 0.5067 F1: 0.5010 AUPR: 0.5007 AP: 0.5011
Acc: 0.4992 AUC: 0.5025 Pr: 0.4971 Re: 0.5172 F1: 0.5070 AUPR: 0.5054 AP: 0.5051
Acc: 0.4989 AUC: 0.5009 Pr: 0.4968 Re: 0.5176 F1: 0.5070 AUPR: 0.4992 AP: 0.4991
Acc: 0.4996 AUC: 0.5032 Pr: 0.4975 Re: 0.5207 F1: 0.5089 AUPR: 0.5017 AP: 0.5017
Acc: 0.5013 AUC: 0.5060 Pr: 0.4991 Re: 0.5176 F1: 0.5082 AUPR: 0.5052 AP: 0.5054
Acc: 0.4995 AUC: 0.5031 Pr: 0.4974 Re: 0.5154 F1: 0.5062 AUPR: 0.5035 AP: 0.5034
Acc: 0.4999 AUC: 0.5038 Pr: 0.4978 Re: 0.5069 F1: 0.5023 AUPR: 0.5069 AP: 0.5071
Acc: 0.4991 AUC: 0.5025 Pr: 0.4970 Re: 0.5100 F1: 0.5034 AUPR: 0.4985 AP: 0.4988
Acc: 0.4972 AUC: 0.5018 Pr: 0.4950 Re: 0.5044 F1: 0.4997 AUPR: 0.5046 AP: 0.5045
Acc: 0.4986 AUC: 0.5022 Pr: 0.4965 Re: 0.5104 F1: 0.5034 AUPR: 0.5035 AP: 0.5034
Acc: 0.4998 AUC: 0.5045 Pr: 0.4977 Re: 0.5133 F1: 0.5054 AUPR: 0.5061 AP: 0.5060
Acc: 0.4993 AUC: 0.5039 Pr: 0.4972 Re: 0.5121 F1: 0.5045 AUPR: 0.5027 AP: 0.5029
Acc: 0.5008 AUC: 0.5028 Pr: 0.4986 Re: 0.5172 F1: 0.5077 AUPR: 0.5011 AP: 0.5014
Acc: 0.4988 AUC: 0.5049 Pr: 0.4967 Re: 0.5137 F1: 0.5051 AUPR: 0.5035 AP: 0.5039
Acc: 0.5002 AUC: 0.5021 Pr: 0.4980 Re: 0.5145 F1: 0.5061 AUPR: 0.5022 AP: 0.5026
Acc: 0.5016 AUC: 0.5026 Pr: 0.4994 Re: 0.5203 F1: 0.5096 AUPR: 0.5015 AP: 0.5016
Acc: 0.4999 AUC: 0.5037 Pr: 0.4978 Re: 0.5129 F1: 0.5052 AUPR: 0.5054 AP: 0.5052
Acc: 0.5009 AUC: 0.5016 Pr: 0.4987 Re: 0.5193 F1: 0.5088 AUPR: 0.5033 AP: 0.5029
Acc: 0.5006 AUC: 0.5027 Pr: 0.4984 Re: 0.5174 F1: 0.5077 AUPR: 0.5009 AP: 0.5008
Acc: 0.4992 AUC: 0.5013 Pr: 0.4971 Re: 0.5156 F1: 0.5062 AUPR: 0.5012 AP: 0.5010
Acc: 0.4998 AUC: 0.5023 Pr: 0.4977 Re: 0.5094 F1: 0.5035 AUPR: 0.4995 AP: 0.4996
Acc: 0.5013 AUC: 0.5051 Pr: 0.4991 Re: 0.5086 F1: 0.5038 AUPR: 0.5059 AP: 0.5059
Acc: 0.4995 AUC: 0.5048 Pr: 0.4974 Re: 0.5077 F1: 0.5025 AUPR: 0.5060 AP: 0.5061
Acc: 0.4994 AUC: 0.5057 Pr: 0.4973 Re: 0.5083 F1: 0.5028 AUPR: 0.5028 AP: 0.5031
Acc: 0.5019 AUC: 0.5011 Pr: 0.4997 Re: 0.5102 F1: 0.5049 AUPR: 0.5020 AP: 0.5021
Acc: 0.5013 AUC: 0.5031 Pr: 0.4991 Re: 0.5092 F1: 0.5041 AUPR: 0.5058 AP: 0.5058
Acc: 0.5006 AUC: 0.5046 Pr: 0.4984 Re: 0.5121 F1: 0.5051 AUPR: 0.5032 AP: 0.5035
Acc: 0.5016 AUC: 0.5028 Pr: 0.4994 Re: 0.5158 F1: 0.5075 AUPR: 0.4999 AP: 0.5002
Acc: 0.4982 AUC: 0.5033 Pr: 0.4961 Re: 0.5152 F1: 0.5055 AUPR: 0.5031 AP: 0.5035
Acc: 0.5004 AUC: 0.5050 Pr: 0.4982 Re: 0.5131 F1: 0.5055 AUPR: 0.5038 AP: 0.5040
Acc: 0.5003 AUC: 0.5032 Pr: 0.4981 Re: 0.5162 F1: 0.5070 AUPR: 0.5020 AP: 0.5023
Acc: 0.5001 AUC: 0.5023 Pr: 0.4979 Re: 0.5063 F1: 0.5020 AUPR: 0.5055 AP: 0.5055
Acc: 0.4998 AUC: 0.5028 Pr: 0.4977 Re: 0.5051 F1: 0.5013 AUPR: 0.5038 AP: 0.5039
Acc: 0.4997 AUC: 0.5041 Pr: 0.4976 Re: 0.5026 F1: 0.5001 AUPR: 0.4994 AP: 0.4999
Acc: 0.4997 AUC: 0.5025 Pr: 0.4976 Re: 0.5079 F1: 0.5027 AUPR: 0.5015 AP: 0.5013
Acc: 0.4991 AUC: 0.5032 Pr: 0.4970 Re: 0.5121 F1: 0.5044 AUPR: 0.5008 AP: 0.5006
Acc: 0.4988 AUC: 0.5061 Pr: 0.4967 Re: 0.5116 F1: 0.5041 AUPR: 0.5063 AP: 0.5065
Acc: 0.4983 AUC: 0.5043 Pr: 0.4962 Re: 0.5127 F1: 0.5043 AUPR: 0.5020 AP: 0.5023
Acc: 0.4991 AUC: 0.5014 Pr: 0.4970 Re: 0.5160 F1: 0.5063 AUPR: 0.5008 AP: 0.5010
Acc: 0.5005 AUC: 0.5026 Pr: 0.4983 Re: 0.5125 F1: 0.5053 AUPR: 0.5006 AP: 0.5011
Acc: 0.5031 AUC: 0.5042 Pr: 0.5009 Re: 0.5265 F1: 0.5134 AUPR: 0.5051 AP: 0.5053
Acc: 0.4997 AUC: 0.5048 Pr: 0.4977 Re: 0.5253 F1: 0.5111 AUPR: 0.5055 AP: 0.5053
Acc: 0.4995 AUC: 0.5038 Pr: 0.4975 Re: 0.5273 F1: 0.5120 AUPR: 0.5027 AP: 0.5027
Acc: 0.5002 AUC: 0.5035 Pr: 0.4981 Re: 0.5290 F1: 0.5130 AUPR: 0.5030 AP: 0.5033
Acc: 0.5031 AUC: 0.5043 Pr: 0.5009 Re: 0.5277 F1: 0.5140 AUPR: 0.5028 AP: 0.5031
Acc: 0.4987 AUC: 0.5041 Pr: 0.4966 Re: 0.5168 F1: 0.5065 AUPR: 0.5045 AP: 0.5046
Acc: 0.4998 AUC: 0.5036 Pr: 0.4977 Re: 0.5098 F1: 0.5037 AUPR: 0.5039 AP: 0.5039
Acc: 0.5012 AUC: 0.5043 Pr: 0.4990 Re: 0.5098 F1: 0.5043 AUPR: 0.5005 AP: 0.5009
Acc: 0.5005 AUC: 0.5024 Pr: 0.4983 Re: 0.5022 F1: 0.5002 AUPR: 0.5029 AP: 0.5030
Acc: 0.4997 AUC: 0.5015 Pr: 0.4975 Re: 0.5020 F1: 0.4997 AUPR: 0.5033 AP: 0.5035
Acc: 0.4970 AUC: 0.5009 Pr: 0.4948 Re: 0.4980 F1: 0.4964 AUPR: 0.4983 AP: 0.4985
Acc: 0.5016 AUC: 0.5041 Pr: 0.4994 Re: 0.5001 F1: 0.4997 AUPR: 0.5023 AP: 0.5023
Acc: 0.4996 AUC: 0.5028 Pr: 0.4975 Re: 0.5036 F1: 0.5005 AUPR: 0.4988 AP: 0.4992
Acc: 0.4986 AUC: 0.5035 Pr: 0.4964 Re: 0.5018 F1: 0.4991 AUPR: 0.5049 AP: 0.5049
Acc: 0.4993 AUC: 0.5059 Pr: 0.4972 Re: 0.5075 F1: 0.5023 AUPR: 0.5060 AP: 0.5062
Acc: 0.4979 AUC: 0.5047 Pr: 0.4958 Re: 0.5096 F1: 0.5026 AUPR: 0.5066 AP: 0.5065
Acc: 0.4990 AUC: 0.5041 Pr: 0.4969 Re: 0.5121 F1: 0.5044 AUPR: 0.5011 AP: 0.5012
Acc: 0.4986 AUC: 0.5053 Pr: 0.4965 Re: 0.5149 F1: 0.5056 AUPR: 0.5097 AP: 0.5094
Acc: 0.4987 AUC: 0.5029 Pr: 0.4966 Re: 0.5176 F1: 0.5069 AUPR: 0.5058 AP: 0.5057
Acc: 0.4981 AUC: 0.4997 Pr: 0.4961 Re: 0.5178 F1: 0.5067 AUPR: 0.4988 AP: 0.4989
Acc: 0.4998 AUC: 0.5034 Pr: 0.4977 Re: 0.5203 F1: 0.5088 AUPR: 0.5021 AP: 0.5021
Acc: 0.5010 AUC: 0.5044 Pr: 0.4988 Re: 0.5228 F1: 0.5105 AUPR: 0.5009 AP: 0.5011
Acc: 0.4995 AUC: 0.5009 Pr: 0.4974 Re: 0.5199 F1: 0.5084 AUPR: 0.4992 AP: 0.4997
Acc: 0.4986 AUC: 0.5033 Pr: 0.4966 Re: 0.5203 F1: 0.5082 AUPR: 0.5061 AP: 0.5058
Acc: 0.4992 AUC: 0.5036 Pr: 0.4971 Re: 0.5184 F1: 0.5076 AUPR: 0.5042 AP: 0.5043
Acc: 0.4982 AUC: 0.5035 Pr: 0.4962 Re: 0.5193 F1: 0.5075 AUPR: 0.5018 AP: 0.5021
Acc: 0.5003 AUC: 0.5038 Pr: 0.4981 Re: 0.5176 F1: 0.5077 AUPR: 0.5016 AP: 0.5017
Acc: 0.4997 AUC: 0.5024 Pr: 0.4976 Re: 0.5110 F1: 0.5042 AUPR: 0.5002 AP: 0.5006
Acc: 0.5007 AUC: 0.5036 Pr: 0.4985 Re: 0.5096 F1: 0.5040 AUPR: 0.5045 AP: 0.5044
Acc: 0.4991 AUC: 0.5003 Pr: 0.4970 Re: 0.5046 F1: 0.5008 AUPR: 0.4981 AP: 0.4980
Acc: 0.4994 AUC: 0.5045 Pr: 0.4973 Re: 0.5051 F1: 0.5011 AUPR: 0.5032 AP: 0.5035
Acc: 0.4996 AUC: 0.5024 Pr: 0.4975 Re: 0.5051 F1: 0.5012 AUPR: 0.4985 AP: 0.4987
Acc: 0.5029 AUC: 0.5012 Pr: 0.5007 Re: 0.5081 F1: 0.5044 AUPR: 0.4982 AP: 0.4984
Acc: 0.5011 AUC: 0.5025 Pr: 0.4989 Re: 0.5086 F1: 0.5037 AUPR: 0.5030 AP: 0.5033
Acc: 0.4999 AUC: 0.5032 Pr: 0.4978 Re: 0.5083 F1: 0.5030 AUPR: 0.5011 AP: 0.5013
Acc: 0.4976 AUC: 0.5017 Pr: 0.4954 Re: 0.5046 F1: 0.5000 AUPR: 0.4997 AP: 0.5000
Acc: 0.4999 AUC: 0.5041 Pr: 0.4978 Re: 0.5048 F1: 0.5013 AUPR: 0.5014 AP: 0.5019
Acc: 0.5012 AUC: 0.5044 Pr: 0.4990 Re: 0.5053 F1: 0.5021 AUPR: 0.5020 AP: 0.5022
Acc: 0.5006 AUC: 0.5027 Pr: 0.4984 Re: 0.5013 F1: 0.4998 AUPR: 0.5031 AP: 0.5034
Acc: 0.4998 AUC: 0.5035 Pr: 0.4976 Re: 0.5001 F1: 0.4989 AUPR: 0.5004 AP: 0.5004
Acc: 0.5014 AUC: 0.5014 Pr: 0.4992 Re: 0.5100 F1: 0.5045 AUPR: 0.4986 AP: 0.4990
Acc: 0.5002 AUC: 0.5071 Pr: 0.4980 Re: 0.5162 F1: 0.5069 AUPR: 0.5052 AP: 0.5055
Acc: 0.4996 AUC: 0.5022 Pr: 0.4975 Re: 0.5199 F1: 0.5085 AUPR: 0.5043 AP: 0.5043
Acc: 0.4996 AUC: 0.4994 Pr: 0.4976 Re: 0.5246 F1: 0.5107 AUPR: 0.4987 AP: 0.4987
Acc: 0.4989 AUC: 0.5036 Pr: 0.4969 Re: 0.5296 F1: 0.5127 AUPR: 0.5008 AP: 0.5013
Acc: 0.5007 AUC: 0.5024 Pr: 0.4985 Re: 0.5300 F1: 0.5138 AUPR: 0.5028 AP: 0.5026
Acc: 0.5002 AUC: 0.5044 Pr: 0.4981 Re: 0.5286 F1: 0.5129 AUPR: 0.5099 AP: 0.5094
Acc: 0.5019 AUC: 0.5053 Pr: 0.4997 Re: 0.5267 F1: 0.5128 AUPR: 0.5048 AP: 0.5051
Acc: 0.4995 AUC: 0.5022 Pr: 0.4974 Re: 0.5135 F1: 0.5053 AUPR: 0.4974 AP: 0.4980
Acc: 0.5012 AUC: 0.5029 Pr: 0.4990 Re: 0.5121 F1: 0.5054 AUPR: 0.5001 AP: 0.5000
Acc: 0.5002 AUC: 0.5050 Pr: 0.4980 Re: 0.5015 F1: 0.4997 AUPR: 0.5035 AP: 0.5032
Acc: 0.4988 AUC: 0.5036 Pr: 0.4966 Re: 0.4917 F1: 0.4941 AUPR: 0.5028 AP: 0.5027
Acc: 0.4968 AUC: 0.5018 Pr: 0.4945 Re: 0.4935 F1: 0.4940 AUPR: 0.5032 AP: 0.5029
Acc: 0.5003 AUC: 0.5029 Pr: 0.4980 Re: 0.4925 F1: 0.4952 AUPR: 0.5036 AP: 0.5039
Acc: 0.4977 AUC: 0.5053 Pr: 0.4955 Re: 0.4976 F1: 0.4966 AUPR: 0.5027 AP: 0.5028
Acc: 0.4990 AUC: 0.5041 Pr: 0.4968 Re: 0.5015 F1: 0.4992 AUPR: 0.5010 AP: 0.5017
Acc: 0.4998 AUC: 0.5019 Pr: 0.4977 Re: 0.5053 F1: 0.5014 AUPR: 0.5022 AP: 0.5024
Acc: 0.5017 AUC: 0.5008 Pr: 0.4995 Re: 0.5131 F1: 0.5062 AUPR: 0.4979 AP: 0.4980
Acc: 0.4992 AUC: 0.5047 Pr: 0.4971 Re: 0.5174 F1: 0.5071 AUPR: 0.5043 AP: 0.5046
Acc: 0.4999 AUC: 0.5044 Pr: 0.4979 Re: 0.5255 F1: 0.5113 AUPR: 0.5040 AP: 0.5040
Acc: 0.5002 AUC: 0.5007 Pr: 0.4981 Re: 0.5281 F1: 0.5127 AUPR: 0.4974 AP: 0.4979
Acc: 0.4994 AUC: 0.5047 Pr: 0.4974 Re: 0.5273 F1: 0.5119 AUPR: 0.5034 AP: 0.5036
Acc: 0.4998 AUC: 0.5027 Pr: 0.4977 Re: 0.5240 F1: 0.5105 AUPR: 0.5015 AP: 0.5015
Acc: 0.4989 AUC: 0.5041 Pr: 0.4969 Re: 0.5205 F1: 0.5084 AUPR: 0.4987 AP: 0.4991
Acc: 0.4982 AUC: 0.5029 Pr: 0.4962 Re: 0.5193 F1: 0.5075 AUPR: 0.5020 AP: 0.5025
Acc: 0.5008 AUC: 0.5052 Pr: 0.4986 Re: 0.5191 F1: 0.5086 AUPR: 0.5054 AP: 0.5053
Acc: 0.4994 AUC: 0.5053 Pr: 0.4973 Re: 0.5176 F1: 0.5073 AUPR: 0.5002 AP: 0.5007
Acc: 0.4987 AUC: 0.5043 Pr: 0.4966 Re: 0.5123 F1: 0.5043 AUPR: 0.5060 AP: 0.5058
Acc: 0.4984 AUC: 0.5031 Pr: 0.4963 Re: 0.5063 F1: 0.5012 AUPR: 0.5023 AP: 0.5021
Acc: 0.4967 AUC: 0.4988 Pr: 0.4945 Re: 0.5003 F1: 0.4974 AUPR: 0.5008 AP: 0.5007
Acc: 0.4977 AUC: 0.5038 Pr: 0.4955 Re: 0.4952 F1: 0.4953 AUPR: 0.5032 AP: 0.5035
Acc: 0.5001 AUC: 0.5028 Pr: 0.4979 Re: 0.5024 F1: 0.5001 AUPR: 0.5031 AP: 0.5031
Acc: 0.4973 AUC: 0.5015 Pr: 0.4951 Re: 0.4995 F1: 0.4973 AUPR: 0.5033 AP: 0.5035
Acc: 0.4989 AUC: 0.5018 Pr: 0.4968 Re: 0.5079 F1: 0.5023 AUPR: 0.5017 AP: 0.5013
Acc: 0.5014 AUC: 0.5038 Pr: 0.4992 Re: 0.5129 F1: 0.5059 AUPR: 0.5016 AP: 0.5019
Acc: 0.5011 AUC: 0.5035 Pr: 0.4989 Re: 0.5168 F1: 0.5077 AUPR: 0.5021 AP: 0.5024
Acc: 0.4982 AUC: 0.5038 Pr: 0.4961 Re: 0.5178 F1: 0.5068 AUPR: 0.5028 AP: 0.5026
Acc: 0.5007 AUC: 0.5028 Pr: 0.4985 Re: 0.5197 F1: 0.5089 AUPR: 0.4986 AP: 0.4991
Acc: 0.5007 AUC: 0.5030 Pr: 0.4985 Re: 0.5149 F1: 0.5066 AUPR: 0.5055 AP: 0.5057
Acc: 0.4988 AUC: 0.5012 Pr: 0.4967 Re: 0.5083 F1: 0.5024 AUPR: 0.4996 AP: 0.4997
Acc: 0.5006 AUC: 0.5031 Pr: 0.4984 Re: 0.5038 F1: 0.5011 AUPR: 0.5000 AP: 0.5006
Acc: 0.4997 AUC: 0.5037 Pr: 0.4975 Re: 0.4978 F1: 0.4977 AUPR: 0.5039 AP: 0.5036
Acc: 0.4970 AUC: 0.5042 Pr: 0.4948 Re: 0.4962 F1: 0.4955 AUPR: 0.5053 AP: 0.5053
Acc: 0.4989 AUC: 0.5031 Pr: 0.4967 Re: 0.4935 F1: 0.4951 AUPR: 0.5032 AP: 0.5033
Acc: 0.5008 AUC: 0.5053 Pr: 0.4985 Re: 0.4943 F1: 0.4964 AUPR: 0.5070 AP: 0.5069
Acc: 0.4980 AUC: 0.5023 Pr: 0.4957 Re: 0.4879 F1: 0.4918 AUPR: 0.5005 AP: 0.5009
Acc: 0.4972 AUC: 0.4990 Pr: 0.4949 Re: 0.4869 F1: 0.4909 AUPR: 0.4987 AP: 0.4992
Acc: 0.4994 AUC: 0.5041 Pr: 0.4972 Re: 0.4921 F1: 0.4946 AUPR: 0.5047 AP: 0.5048
Acc: 0.5008 AUC: 0.5023 Pr: 0.4985 Re: 0.4949 F1: 0.4967 AUPR: 0.5047 AP: 0.5043
Acc: 0.5012 AUC: 0.5021 Pr: 0.4990 Re: 0.4935 F1: 0.4962 AUPR: 0.5008 AP: 0.5010
Acc: 0.4986 AUC: 0.5023 Pr: 0.4964 Re: 0.4939 F1: 0.4951 AUPR: 0.5020 AP: 0.5023
Acc: 0.5004 AUC: 0.5028 Pr: 0.4981 Re: 0.4914 F1: 0.4948 AUPR: 0.4992 AP: 0.5000
Acc: 0.5003 AUC: 0.5035 Pr: 0.4980 Re: 0.4931 F1: 0.4955 AUPR: 0.5028 AP: 0.5028
Acc: 0.4969 AUC: 0.5007 Pr: 0.4946 Re: 0.4898 F1: 0.4922 AUPR: 0.5009 AP: 0.5011
Acc: 0.4969 AUC: 0.5018 Pr: 0.4946 Re: 0.4894 F1: 0.4920 AUPR: 0.5001 AP: 0.5002
Acc: 0.4980 AUC: 0.4993 Pr: 0.4957 Re: 0.4896 F1: 0.4926 AUPR: 0.5010 AP: 0.5012
Acc: 0.4994 AUC: 0.4996 Pr: 0.4972 Re: 0.4925 F1: 0.4948 AUPR: 0.4975 AP: 0.4975
Acc: 0.4992 AUC: 0.5036 Pr: 0.4970 Re: 0.4966 F1: 0.4968 AUPR: 0.5016 AP: 0.5020
Acc: 0.4976 AUC: 0.5030 Pr: 0.4954 Re: 0.4958 F1: 0.4956 AUPR: 0.5039 AP: 0.5039
Acc: 0.5006 AUC: 0.5038 Pr: 0.4984 Re: 0.5003 F1: 0.4993 AUPR: 0.4998 AP: 0.5000
Acc: 0.4995 AUC: 0.5024 Pr: 0.4974 Re: 0.5063 F1: 0.5018 AUPR: 0.5030 AP: 0.5030
Acc: 0.4975 AUC: 0.5039 Pr: 0.4953 Re: 0.5026 F1: 0.4989 AUPR: 0.5052 AP: 0.5053
Acc: 0.4989 AUC: 0.5046 Pr: 0.4967 Re: 0.5038 F1: 0.5003 AUPR: 0.5000 AP: 0.5004
Acc: 0.5001 AUC: 0.5026 Pr: 0.4979 Re: 0.5051 F1: 0.5014 AUPR: 0.4978 AP: 0.4984
Acc: 0.5007 AUC: 0.5023 Pr: 0.4985 Re: 0.5073 F1: 0.5029 AUPR: 0.5033 AP: 0.5033
Acc: 0.4990 AUC: 0.5015 Pr: 0.4968 Re: 0.5028 F1: 0.4998 AUPR: 0.5011 AP: 0.5015
Acc: 0.4993 AUC: 0.5016 Pr: 0.4971 Re: 0.4982 F1: 0.4977 AUPR: 0.5024 AP: 0.5024
Acc: 0.4972 AUC: 0.5061 Pr: 0.4950 Re: 0.4968 F1: 0.4959 AUPR: 0.5057 AP: 0.5058
Acc: 0.4999 AUC: 0.5019 Pr: 0.4977 Re: 0.4972 F1: 0.4975 AUPR: 0.5024 AP: 0.5024
Acc: 0.4992 AUC: 0.4998 Pr: 0.4970 Re: 0.4980 F1: 0.4975 AUPR: 0.4978 AP: 0.4976
Acc: 0.4975 AUC: 0.5014 Pr: 0.4953 Re: 0.4970 F1: 0.4961 AUPR: 0.4987 AP: 0.4994
Acc: 0.4980 AUC: 0.5016 Pr: 0.4958 Re: 0.4964 F1: 0.4961 AUPR: 0.5008 AP: 0.5010
Acc: 0.4992 AUC: 0.5034 Pr: 0.4970 Re: 0.5013 F1: 0.4992 AUPR: 0.5033 AP: 0.5032
Acc: 0.4969 AUC: 0.5042 Pr: 0.4946 Re: 0.4941 F1: 0.4944 AUPR: 0.5060 AP: 0.5059
Acc: 0.4998 AUC: 0.5036 Pr: 0.4977 Re: 0.5028 F1: 0.5002 AUPR: 0.5040 AP: 0.5042
Acc: 0.5027 AUC: 0.5039 Pr: 0.5005 Re: 0.5065 F1: 0.5035 AUPR: 0.5008 AP: 0.5008
Acc: 0.4996 AUC: 0.5023 Pr: 0.4975 Re: 0.5063 F1: 0.5018 AUPR: 0.5008 AP: 0.5010
Acc: 0.4987 AUC: 0.5041 Pr: 0.4965 Re: 0.5040 F1: 0.5003 AUPR: 0.5005 AP: 0.5008
Acc: 0.4989 AUC: 0.5036 Pr: 0.4968 Re: 0.5102 F1: 0.5034 AUPR: 0.5041 AP: 0.5042
Acc: 0.4966 AUC: 0.5034 Pr: 0.4944 Re: 0.5020 F1: 0.4982 AUPR: 0.5041 AP: 0.5045
Acc: 0.5016 AUC: 0.5035 Pr: 0.4994 Re: 0.5073 F1: 0.5033 AUPR: 0.5020 AP: 0.5020
Acc: 0.4975 AUC: 0.5014 Pr: 0.4953 Re: 0.4982 F1: 0.4968 AUPR: 0.5002 AP: 0.5005
Acc: 0.4962 AUC: 0.5042 Pr: 0.4939 Re: 0.4933 F1: 0.4936 AUPR: 0.5049 AP: 0.5051
Acc: 0.4966 AUC: 0.5033 Pr: 0.4943 Re: 0.4943 F1: 0.4943 AUPR: 0.4999 AP: 0.5001
Acc: 0.4981 AUC: 0.5048 Pr: 0.4959 Re: 0.4966 F1: 0.4962 AUPR: 0.5037 AP: 0.5041
Acc: 0.4989 AUC: 0.5033 Pr: 0.4967 Re: 0.4933 F1: 0.4950 AUPR: 0.4984 AP: 0.4986
Acc: 0.4990 AUC: 0.5040 Pr: 0.4968 Re: 0.4941 F1: 0.4955 AUPR: 0.5042 AP: 0.5045
Acc: 0.5013 AUC: 0.5012 Pr: 0.4991 Re: 0.4947 F1: 0.4969 AUPR: 0.5016 AP: 0.5014
Acc: 0.4984 AUC: 0.5027 Pr: 0.4962 Re: 0.4952 F1: 0.4957 AUPR: 0.5047 AP: 0.5046
Acc: 0.4971 AUC: 0.5021 Pr: 0.4948 Re: 0.4941 F1: 0.4945 AUPR: 0.5012 AP: 0.5015
Acc: 0.4995 AUC: 0.5029 Pr: 0.4974 Re: 0.5034 F1: 0.5004 AUPR: 0.5038 AP: 0.5036
Acc: 0.5010 AUC: 0.5058 Pr: 0.4988 Re: 0.5040 F1: 0.5014 AUPR: 0.5034 AP: 0.5037
Acc: 0.4956 AUC: 0.5012 Pr: 0.4936 Re: 0.5053 F1: 0.4993 AUPR: 0.5018 AP: 0.5018
Acc: 0.4994 AUC: 0.5038 Pr: 0.4973 Re: 0.5096 F1: 0.5034 AUPR: 0.5055 AP: 0.5056
Acc: 0.4983 AUC: 0.5006 Pr: 0.4962 Re: 0.5121 F1: 0.5040 AUPR: 0.5002 AP: 0.5003
Acc: 0.5006 AUC: 0.5024 Pr: 0.4984 Re: 0.5112 F1: 0.5047 AUPR: 0.5001 AP: 0.5001
Acc: 0.4968 AUC: 0.5040 Pr: 0.4947 Re: 0.5065 F1: 0.5005 AUPR: 0.5018 AP: 0.5020
Acc: 0.5005 AUC: 0.5054 Pr: 0.4983 Re: 0.5081 F1: 0.5032 AUPR: 0.5055 AP: 0.5059
Acc: 0.4982 AUC: 0.5026 Pr: 0.4960 Re: 0.5003 F1: 0.4982 AUPR: 0.5013 AP: 0.5012
Acc: 0.4971 AUC: 0.5024 Pr: 0.4949 Re: 0.4978 F1: 0.4964 AUPR: 0.4969 AP: 0.4976
Acc: 0.5002 AUC: 0.5014 Pr: 0.4979 Re: 0.4964 F1: 0.4972 AUPR: 0.5021 AP: 0.5023
Acc: 0.4969 AUC: 0.5011 Pr: 0.4946 Re: 0.4923 F1: 0.4934 AUPR: 0.4999 AP: 0.4999
Acc: 0.4951 AUC: 0.5007 Pr: 0.4928 Re: 0.4884 F1: 0.4906 AUPR: 0.5040 AP: 0.5041
Acc: 0.4984 AUC: 0.5009 Pr: 0.4961 Re: 0.4896 F1: 0.4928 AUPR: 0.5014 AP: 0.5013
Acc: 0.5001 AUC: 0.5012 Pr: 0.4978 Re: 0.4898 F1: 0.4938 AUPR: 0.5021 AP: 0.5022
Acc: 0.4967 AUC: 0.5032 Pr: 0.4944 Re: 0.4898 F1: 0.4921 AUPR: 0.5042 AP: 0.5039
Acc: 0.4979 AUC: 0.4994 Pr: 0.4956 Re: 0.4908 F1: 0.4932 AUPR: 0.4979 AP: 0.4985
Acc: 0.4988 AUC: 0.5041 Pr: 0.4966 Re: 0.4904 F1: 0.4935 AUPR: 0.5040 AP: 0.5043
Acc: 0.4990 AUC: 0.5040 Pr: 0.4968 Re: 0.4974 F1: 0.4971 AUPR: 0.5045 AP: 0.5047
Acc: 0.4996 AUC: 0.5043 Pr: 0.4975 Re: 0.5036 F1: 0.5005 AUPR: 0.5040 AP: 0.5045
Acc: 0.4974 AUC: 0.5009 Pr: 0.4952 Re: 0.5003 F1: 0.4977 AUPR: 0.4987 AP: 0.4987
Acc: 0.4996 AUC: 0.5017 Pr: 0.4975 Re: 0.5086 F1: 0.5030 AUPR: 0.5023 AP: 0.5020
Acc: 0.5003 AUC: 0.5034 Pr: 0.4981 Re: 0.5079 F1: 0.5030 AUPR: 0.4999 AP: 0.5002
Acc: 0.4968 AUC: 0.5022 Pr: 0.4947 Re: 0.5057 F1: 0.5001 AUPR: 0.5034 AP: 0.5036
Acc: 0.4979 AUC: 0.5023 Pr: 0.4958 Re: 0.5108 F1: 0.5032 AUPR: 0.4977 AP: 0.4981
Acc: 0.4998 AUC: 0.5041 Pr: 0.4977 Re: 0.5094 F1: 0.5035 AUPR: 0.5047 AP: 0.5051
Acc: 0.4990 AUC: 0.5007 Pr: 0.4969 Re: 0.5077 F1: 0.5022 AUPR: 0.5034 AP: 0.5034
Acc: 0.4994 AUC: 0.5003 Pr: 0.4973 Re: 0.5123 F1: 0.5047 AUPR: 0.4993 AP: 0.4994
Acc: 0.5004 AUC: 0.5019 Pr: 0.4982 Re: 0.5131 F1: 0.5055 AUPR: 0.5012 AP: 0.5015
Acc: 0.4997 AUC: 0.5025 Pr: 0.4976 Re: 0.5104 F1: 0.5039 AUPR: 0.5031 AP: 0.5033
Acc: 0.4976 AUC: 0.5037 Pr: 0.4955 Re: 0.5053 F1: 0.5003 AUPR: 0.5050 AP: 0.5053
Acc: 0.4996 AUC: 0.5034 Pr: 0.4975 Re: 0.5079 F1: 0.5027 AUPR: 0.5028 AP: 0.5029
Acc: 0.4977 AUC: 0.4996 Pr: 0.4955 Re: 0.5032 F1: 0.4993 AUPR: 0.4991 AP: 0.4995
Acc: 0.5003 AUC: 0.5014 Pr: 0.4981 Re: 0.5096 F1: 0.5038 AUPR: 0.5034 AP: 0.5033
Acc: 0.4977 AUC: 0.5017 Pr: 0.4955 Re: 0.5040 F1: 0.4997 AUPR: 0.4990 AP: 0.4991
Acc: 0.5011 AUC: 0.5008 Pr: 0.4989 Re: 0.5096 F1: 0.5042 AUPR: 0.4966 AP: 0.4971
Acc: 0.4999 AUC: 0.5024 Pr: 0.4978 Re: 0.5071 F1: 0.5024 AUPR: 0.5035 AP: 0.5037
Acc: 0.4992 AUC: 0.5044 Pr: 0.4971 Re: 0.5057 F1: 0.5013 AUPR: 0.5056 AP: 0.5055
Acc: 0.4975 AUC: 0.5024 Pr: 0.4953 Re: 0.5022 F1: 0.4987 AUPR: 0.4996 AP: 0.4996
Acc: 0.5001 AUC: 0.5007 Pr: 0.4979 Re: 0.5022 F1: 0.5000 AUPR: 0.5032 AP: 0.5033
Acc: 0.4988 AUC: 0.5014 Pr: 0.4967 Re: 0.5067 F1: 0.5016 AUPR: 0.4990 AP: 0.4990
Acc: 0.4985 AUC: 0.5018 Pr: 0.4964 Re: 0.5048 F1: 0.5006 AUPR: 0.5003 AP: 0.5003
Acc: 0.4986 AUC: 0.5029 Pr: 0.4965 Re: 0.5048 F1: 0.5006 AUPR: 0.5022 AP: 0.5026
Acc: 0.4987 AUC: 0.5021 Pr: 0.4966 Re: 0.5051 F1: 0.5008 AUPR: 0.5032 AP: 0.5031
Acc: 0.4984 AUC: 0.4996 Pr: 0.4963 Re: 0.5048 F1: 0.5005 AUPR: 0.4959 AP: 0.4960
Acc: 0.4992 AUC: 0.5015 Pr: 0.4971 Re: 0.5075 F1: 0.5022 AUPR: 0.5015 AP: 0.5021
Acc: 0.4997 AUC: 0.5026 Pr: 0.4976 Re: 0.5071 F1: 0.5023 AUPR: 0.5002 AP: 0.5005
Acc: 0.4983 AUC: 0.5009 Pr: 0.4962 Re: 0.5057 F1: 0.5009 AUPR: 0.4998 AP: 0.4999
Acc: 0.5012 AUC: 0.5051 Pr: 0.4990 Re: 0.5123 F1: 0.5055 AUPR: 0.5077 AP: 0.5073
Acc: 0.4966 AUC: 0.5041 Pr: 0.4945 Re: 0.5059 F1: 0.5001 AUPR: 0.5043 AP: 0.5043
Acc: 0.4960 AUC: 0.5009 Pr: 0.4939 Re: 0.5038 F1: 0.4988 AUPR: 0.5006 AP: 0.5009
Acc: 0.4989 AUC: 0.5047 Pr: 0.4968 Re: 0.5077 F1: 0.5022 AUPR: 0.5078 AP: 0.5077
Acc: 0.4968 AUC: 0.5027 Pr: 0.4947 Re: 0.5061 F1: 0.5003 AUPR: 0.5001 AP: 0.5002
Acc: 0.4981 AUC: 0.5006 Pr: 0.4960 Re: 0.5094 F1: 0.5026 AUPR: 0.4935 AP: 0.4939
Acc: 0.4998 AUC: 0.5026 Pr: 0.4977 Re: 0.5143 F1: 0.5059 AUPR: 0.5037 AP: 0.5037
Acc: 0.4983 AUC: 0.5041 Pr: 0.4962 Re: 0.5137 F1: 0.5048 AUPR: 0.5032 AP: 0.5031
Acc: 0.5016 AUC: 0.5048 Pr: 0.4994 Re: 0.5135 F1: 0.5064 AUPR: 0.5037 AP: 0.5041
Acc: 0.4981 AUC: 0.5044 Pr: 0.4960 Re: 0.5114 F1: 0.5036 AUPR: 0.5057 AP: 0.5054
Acc: 0.5013 AUC: 0.5010 Pr: 0.4991 Re: 0.5133 F1: 0.5061 AUPR: 0.4990 AP: 0.4992
Acc: 0.4999 AUC: 0.5079 Pr: 0.4978 Re: 0.5145 F1: 0.5060 AUPR: 0.5080 AP: 0.5081
Acc: 0.4974 AUC: 0.5016 Pr: 0.4953 Re: 0.5129 F1: 0.5039 AUPR: 0.4991 AP: 0.4994
Acc: 0.4975 AUC: 0.5031 Pr: 0.4954 Re: 0.5121 F1: 0.5036 AUPR: 0.5004 AP: 0.5003
Acc: 0.5004 AUC: 0.5054 Pr: 0.4982 Re: 0.5125 F1: 0.5052 AUPR: 0.5038 AP: 0.5039
Acc: 0.4997 AUC: 0.5049 Pr: 0.4976 Re: 0.5152 F1: 0.5062 AUPR: 0.5040 AP: 0.5038
Acc: 0.4953 AUC: 0.5006 Pr: 0.4933 Re: 0.5119 F1: 0.5024 AUPR: 0.5005 AP: 0.5008
Acc: 0.4996 AUC: 0.5029 Pr: 0.4975 Re: 0.5127 F1: 0.5050 AUPR: 0.5027 AP: 0.5030
Acc: 0.5004 AUC: 0.5053 Pr: 0.4982 Re: 0.5154 F1: 0.5066 AUPR: 0.5054 AP: 0.5050
Acc: 0.4995 AUC: 0.5051 Pr: 0.4974 Re: 0.5102 F1: 0.5037 AUPR: 0.5043 AP: 0.5042
Acc: 0.4994 AUC: 0.5028 Pr: 0.4973 Re: 0.5123 F1: 0.5047 AUPR: 0.5047 AP: 0.5047
Acc: 0.4959 AUC: 0.5012 Pr: 0.4939 Re: 0.5077 F1: 0.5007 AUPR: 0.5025 AP: 0.5028
Acc: 0.5001 AUC: 0.5053 Pr: 0.4979 Re: 0.5170 F1: 0.5073 AUPR: 0.4997 AP: 0.5001
Acc: 0.4974 AUC: 0.5029 Pr: 0.4953 Re: 0.5158 F1: 0.5054 AUPR: 0.5035 AP: 0.5037
Acc: 0.4987 AUC: 0.5045 Pr: 0.4966 Re: 0.5129 F1: 0.5046 AUPR: 0.4988 AP: 0.4993
Acc: 0.4986 AUC: 0.5069 Pr: 0.4965 Re: 0.5119 F1: 0.5041 AUPR: 0.5091 AP: 0.5091
Acc: 0.4996 AUC: 0.5046 Pr: 0.4975 Re: 0.5141 F1: 0.5057 AUPR: 0.4977 AP: 0.4984
Acc: 0.4972 AUC: 0.5025 Pr: 0.4951 Re: 0.5088 F1: 0.5018 AUPR: 0.5018 AP: 0.5017
Acc: 0.4990 AUC: 0.5047 Pr: 0.4969 Re: 0.5119 F1: 0.5043 AUPR: 0.4999 AP: 0.5003
Acc: 0.4988 AUC: 0.5052 Pr: 0.4967 Re: 0.5100 F1: 0.5033 AUPR: 0.5035 AP: 0.5040
Acc: 0.4977 AUC: 0.5020 Pr: 0.4956 Re: 0.5123 F1: 0.5038 AUPR: 0.4997 AP: 0.4997
Acc: 0.4987 AUC: 0.5029 Pr: 0.4966 Re: 0.5123 F1: 0.5043 AUPR: 0.5033 AP: 0.5035
Acc: 0.4975 AUC: 0.5032 Pr: 0.4954 Re: 0.5077 F1: 0.5015 AUPR: 0.5034 AP: 0.5036
Acc: 0.4965 AUC: 0.5054 Pr: 0.4944 Re: 0.5077 F1: 0.5010 AUPR: 0.5030 AP: 0.5027
Acc: 0.4989 AUC: 0.5054 Pr: 0.4968 Re: 0.5098 F1: 0.5032 AUPR: 0.5093 AP: 0.5087
Acc: 0.4989 AUC: 0.5054 Pr: 0.4968 Re: 0.5094 F1: 0.5030 AUPR: 0.5068 AP: 0.5066
Acc: 0.4995 AUC: 0.5052 Pr: 0.4974 Re: 0.5116 F1: 0.5044 AUPR: 0.5019 AP: 0.5026
Acc: 0.4963 AUC: 0.5028 Pr: 0.4942 Re: 0.5104 F1: 0.5022 AUPR: 0.5049 AP: 0.5045
Acc: 0.4990 AUC: 0.5042 Pr: 0.4969 Re: 0.5123 F1: 0.5045 AUPR: 0.5015 AP: 0.5020
Acc: 0.4998 AUC: 0.4999 Pr: 0.4977 Re: 0.5088 F1: 0.5032 AUPR: 0.5002 AP: 0.5001
Acc: 0.4985 AUC: 0.5026 Pr: 0.4964 Re: 0.5110 F1: 0.5036 AUPR: 0.4993 AP: 0.4995
Acc: 0.4974 AUC: 0.5018 Pr: 0.4953 Re: 0.5106 F1: 0.5028 AUPR: 0.5018 AP: 0.5016
Acc: 0.4974 AUC: 0.5008 Pr: 0.4953 Re: 0.5073 F1: 0.5012 AUPR: 0.4978 AP: 0.4982
Acc: 0.4967 AUC: 0.5037 Pr: 0.4946 Re: 0.5069 F1: 0.5007 AUPR: 0.5037 AP: 0.5037
Acc: 0.4960 AUC: 0.5001 Pr: 0.4939 Re: 0.5036 F1: 0.4987 AUPR: 0.5010 AP: 0.5011
Acc: 0.5006 AUC: 0.5062 Pr: 0.4984 Re: 0.5102 F1: 0.5042 AUPR: 0.5044 AP: 0.5046
Acc: 0.5012 AUC: 0.5066 Pr: 0.4990 Re: 0.5133 F1: 0.5060 AUPR: 0.5041 AP: 0.5043
Acc: 0.4988 AUC: 0.5017 Pr: 0.4967 Re: 0.5079 F1: 0.5022 AUPR: 0.5017 AP: 0.5020
Acc: 0.4978 AUC: 0.5022 Pr: 0.4957 Re: 0.5057 F1: 0.5006 AUPR: 0.5002 AP: 0.4999
Acc: 0.4998 AUC: 0.5027 Pr: 0.4977 Re: 0.5090 F1: 0.5033 AUPR: 0.5009 AP: 0.5011
Acc: 0.4976 AUC: 0.5041 Pr: 0.4955 Re: 0.5077 F1: 0.5015 AUPR: 0.5081 AP: 0.5075
Acc: 0.4994 AUC: 0.5045 Pr: 0.4973 Re: 0.5110 F1: 0.5041 AUPR: 0.5069 AP: 0.5069
Acc: 0.4986 AUC: 0.5047 Pr: 0.4965 Re: 0.5125 F1: 0.5044 AUPR: 0.5027 AP: 0.5028
Acc: 0.4997 AUC: 0.5014 Pr: 0.4976 Re: 0.5081 F1: 0.5028 AUPR: 0.5006 AP: 0.5007
Acc: 0.4987 AUC: 0.5042 Pr: 0.4966 Re: 0.5086 F1: 0.5025 AUPR: 0.5028 AP: 0.5029
Acc: 0.4985 AUC: 0.5010 Pr: 0.4964 Re: 0.5088 F1: 0.5025 AUPR: 0.5002 AP: 0.5005
Acc: 0.4990 AUC: 0.5016 Pr: 0.4969 Re: 0.5092 F1: 0.5030 AUPR: 0.5031 AP: 0.5033
Acc: 0.4973 AUC: 0.5028 Pr: 0.4952 Re: 0.5081 F1: 0.5016 AUPR: 0.5035 AP: 0.5031
Acc: 0.4981 AUC: 0.5051 Pr: 0.4960 Re: 0.5073 F1: 0.5016 AUPR: 0.5070 AP: 0.5071
Acc: 0.4993 AUC: 0.5007 Pr: 0.4972 Re: 0.5104 F1: 0.5037 AUPR: 0.5034 AP: 0.5029
Acc: 0.4981 AUC: 0.5015 Pr: 0.4960 Re: 0.5053 F1: 0.5006 AUPR: 0.5026 AP: 0.5027
Acc: 0.5007 AUC: 0.5025 Pr: 0.4985 Re: 0.5119 F1: 0.5051 AUPR: 0.5040 AP: 0.5038
Acc: 0.5002 AUC: 0.5029 Pr: 0.4980 Re: 0.5102 F1: 0.5040 AUPR: 0.5061 AP: 0.5056
Acc: 0.4977 AUC: 0.5057 Pr: 0.4956 Re: 0.5083 F1: 0.5019 AUPR: 0.5044 AP: 0.5043
Acc: 0.4985 AUC: 0.5062 Pr: 0.4964 Re: 0.5075 F1: 0.5019 AUPR: 0.5026 AP: 0.5030
Acc: 0.4999 AUC: 0.5021 Pr: 0.4978 Re: 0.5092 F1: 0.5034 AUPR: 0.4987 AP: 0.4989
Acc: 0.4959 AUC: 0.5055 Pr: 0.4938 Re: 0.5036 F1: 0.4987 AUPR: 0.5036 AP: 0.5036
Acc: 0.4981 AUC: 0.5046 Pr: 0.4960 Re: 0.5075 F1: 0.5017 AUPR: 0.5076 AP: 0.5070
Acc: 0.4967 AUC: 0.5012 Pr: 0.4946 Re: 0.5053 F1: 0.4998 AUPR: 0.5018 AP: 0.5022
Acc: 0.4996 AUC: 0.5030 Pr: 0.4975 Re: 0.5075 F1: 0.5024 AUPR: 0.5054 AP: 0.5052
Acc: 0.4980 AUC: 0.5019 Pr: 0.4959 Re: 0.5053 F1: 0.5005 AUPR: 0.5049 AP: 0.5046
Acc: 0.4970 AUC: 0.5023 Pr: 0.4948 Re: 0.5036 F1: 0.4992 AUPR: 0.5036 AP: 0.5039
Acc: 0.4989 AUC: 0.5012 Pr: 0.4968 Re: 0.5075 F1: 0.5021 AUPR: 0.5001 AP: 0.5002
Acc: 0.4971 AUC: 0.5015 Pr: 0.4950 Re: 0.5061 F1: 0.5005 AUPR: 0.4999 AP: 0.5001
Acc: 0.4998 AUC: 0.5015 Pr: 0.4977 Re: 0.5088 F1: 0.5032 AUPR: 0.5008 AP: 0.5010
Acc: 0.4997 AUC: 0.5057 Pr: 0.4976 Re: 0.5069 F1: 0.5022 AUPR: 0.5114 AP: 0.5113
Acc: 0.4994 AUC: 0.5045 Pr: 0.4973 Re: 0.5086 F1: 0.5029 AUPR: 0.5042 AP: 0.5046
Acc: 0.5021 AUC: 0.5000 Pr: 0.4999 Re: 0.5119 F1: 0.5058 AUPR: 0.4971 AP: 0.4972
Acc: 0.5002 AUC: 0.5028 Pr: 0.4980 Re: 0.5059 F1: 0.5019 AUPR: 0.5022 AP: 0.5023
Acc: 0.4997 AUC: 0.5052 Pr: 0.4976 Re: 0.5051 F1: 0.5013 AUPR: 0.5035 AP: 0.5038
Acc: 0.4990 AUC: 0.5049 Pr: 0.4969 Re: 0.5048 F1: 0.5008 AUPR: 0.5025 AP: 0.5029
Acc: 0.5007 AUC: 0.5049 Pr: 0.4985 Re: 0.5065 F1: 0.5025 AUPR: 0.5011 AP: 0.5018
Acc: 0.4997 AUC: 0.5017 Pr: 0.4976 Re: 0.5094 F1: 0.5034 AUPR: 0.5024 AP: 0.5027
Acc: 0.4976 AUC: 0.4988 Pr: 0.4954 Re: 0.5034 F1: 0.4994 AUPR: 0.4991 AP: 0.4990
Acc: 0.5011 AUC: 0.5003 Pr: 0.4989 Re: 0.5075 F1: 0.5032 AUPR: 0.4988 AP: 0.4992
Acc: 0.4994 AUC: 0.5056 Pr: 0.4973 Re: 0.5075 F1: 0.5023 AUPR: 0.5055 AP: 0.5054
Acc: 0.4975 AUC: 0.5014 Pr: 0.4953 Re: 0.5034 F1: 0.4993 AUPR: 0.5014 AP: 0.5010
Acc: 0.4992 AUC: 0.5018 Pr: 0.4970 Re: 0.5030 F1: 0.5000 AUPR: 0.5011 AP: 0.5013
Acc: 0.4988 AUC: 0.5007 Pr: 0.4967 Re: 0.5077 F1: 0.5021 AUPR: 0.5024 AP: 0.5023
Acc: 0.4996 AUC: 0.5028 Pr: 0.4975 Re: 0.5055 F1: 0.5014 AUPR: 0.5062 AP: 0.5058
Acc: 0.4984 AUC: 0.5006 Pr: 0.4963 Re: 0.5061 F1: 0.5011 AUPR: 0.5000 AP: 0.5004
Acc: 0.4987 AUC: 0.5040 Pr: 0.4966 Re: 0.5046 F1: 0.5006 AUPR: 0.5029 AP: 0.5033
Acc: 0.4989 AUC: 0.5050 Pr: 0.4968 Re: 0.5057 F1: 0.5012 AUPR: 0.5038 AP: 0.5041
Acc: 0.4990 AUC: 0.5019 Pr: 0.4969 Re: 0.5042 F1: 0.5005 AUPR: 0.4982 AP: 0.4982
Acc: 0.4989 AUC: 0.5028 Pr: 0.4968 Re: 0.5077 F1: 0.5022 AUPR: 0.5034 AP: 0.5038
Acc: 0.4975 AUC: 0.5033 Pr: 0.4953 Re: 0.5040 F1: 0.4996 AUPR: 0.5029 AP: 0.5031
Acc: 0.4982 AUC: 0.5010 Pr: 0.4960 Re: 0.5040 F1: 0.5000 AUPR: 0.5024 AP: 0.5027
Acc: 0.4988 AUC: 0.5007 Pr: 0.4967 Re: 0.5048 F1: 0.5007 AUPR: 0.5015 AP: 0.5013
Acc: 0.4996 AUC: 0.5015 Pr: 0.4975 Re: 0.5040 F1: 0.5007 AUPR: 0.5020 AP: 0.5023
Acc: 0.4962 AUC: 0.5046 Pr: 0.4940 Re: 0.4995 F1: 0.4967 AUPR: 0.5030 AP: 0.5035
Acc: 0.4999 AUC: 0.5036 Pr: 0.4978 Re: 0.5057 F1: 0.5017 AUPR: 0.5019 AP: 0.5022
Acc: 0.4978 AUC: 0.5037 Pr: 0.4956 Re: 0.4985 F1: 0.4970 AUPR: 0.5070 AP: 0.5069
Acc: 0.4981 AUC: 0.5059 Pr: 0.4959 Re: 0.5011 F1: 0.4985 AUPR: 0.5065 AP: 0.5069
Acc: 0.4973 AUC: 0.5042 Pr: 0.4951 Re: 0.4995 F1: 0.4973 AUPR: 0.5054 AP: 0.5051
Acc: 0.5014 AUC: 0.5035 Pr: 0.4992 Re: 0.5028 F1: 0.5010 AUPR: 0.5010 AP: 0.5016
Acc: 0.4992 AUC: 0.5026 Pr: 0.4970 Re: 0.5024 F1: 0.4997 AUPR: 0.5021 AP: 0.5019
Acc: 0.4979 AUC: 0.5043 Pr: 0.4957 Re: 0.4993 F1: 0.4975 AUPR: 0.5032 AP: 0.5032
Acc: 0.4979 AUC: 0.5051 Pr: 0.4957 Re: 0.5030 F1: 0.4993 AUPR: 0.5066 AP: 0.5068
Acc: 0.4978 AUC: 0.5037 Pr: 0.4956 Re: 0.5009 F1: 0.4983 AUPR: 0.5045 AP: 0.5043
Acc: 0.4990 AUC: 0.5025 Pr: 0.4968 Re: 0.5018 F1: 0.4993 AUPR: 0.4993 AP: 0.4993
Acc: 0.4986 AUC: 0.5022 Pr: 0.4964 Re: 0.5030 F1: 0.4997 AUPR: 0.5045 AP: 0.5041
Acc: 0.4985 AUC: 0.5018 Pr: 0.4964 Re: 0.5053 F1: 0.5008 AUPR: 0.5040 AP: 0.5039
Acc: 0.4978 AUC: 0.4993 Pr: 0.4956 Re: 0.5042 F1: 0.4999 AUPR: 0.4982 AP: 0.4980
Acc: 0.4987 AUC: 0.5056 Pr: 0.4965 Re: 0.5020 F1: 0.4992 AUPR: 0.5054 AP: 0.5055
Acc: 0.4999 AUC: 0.5041 Pr: 0.4978 Re: 0.5042 F1: 0.5010 AUPR: 0.5081 AP: 0.5076
Acc: 0.4989 AUC: 0.5028 Pr: 0.4967 Re: 0.5005 F1: 0.4986 AUPR: 0.5006 AP: 0.5011
Acc: 0.5005 AUC: 0.5004 Pr: 0.4983 Re: 0.5038 F1: 0.5010 AUPR: 0.4970 AP: 0.4974
Acc: 0.4984 AUC: 0.5006 Pr: 0.4962 Re: 0.4997 F1: 0.4979 AUPR: 0.4980 AP: 0.4981
Acc: 0.5012 AUC: 0.5020 Pr: 0.4990 Re: 0.5036 F1: 0.5013 AUPR: 0.5009 AP: 0.5013
Acc: 0.4987 AUC: 0.5014 Pr: 0.4965 Re: 0.4987 F1: 0.4976 AUPR: 0.5014 AP: 0.5015
Acc: 0.5001 AUC: 0.5017 Pr: 0.4978 Re: 0.4997 F1: 0.4988 AUPR: 0.5027 AP: 0.5026
Acc: 0.4981 AUC: 0.5016 Pr: 0.4959 Re: 0.4993 F1: 0.4976 AUPR: 0.5001 AP: 0.5001
Acc: 0.4983 AUC: 0.5042 Pr: 0.4961 Re: 0.4962 F1: 0.4961 AUPR: 0.5002 AP: 0.5009
Acc: 0.4955 AUC: 0.5054 Pr: 0.4933 Re: 0.4968 F1: 0.4951 AUPR: 0.5049 AP: 0.5043
Acc: 0.4969 AUC: 0.4989 Pr: 0.4947 Re: 0.5007 F1: 0.4977 AUPR: 0.4954 AP: 0.4959
Acc: 0.4995 AUC: 0.5055 Pr: 0.4973 Re: 0.4987 F1: 0.4980 AUPR: 0.5053 AP: 0.5054
Acc: 0.4991 AUC: 0.5032 Pr: 0.4969 Re: 0.4976 F1: 0.4973 AUPR: 0.5042 AP: 0.5040
Acc: 0.4993 AUC: 0.5042 Pr: 0.4971 Re: 0.4964 F1: 0.4968 AUPR: 0.5054 AP: 0.5051
Acc: 0.4998 AUC: 0.5053 Pr: 0.4976 Re: 0.4997 F1: 0.4987 AUPR: 0.5043 AP: 0.5044
Acc: 0.5007 AUC: 0.5064 Pr: 0.4985 Re: 0.5028 F1: 0.5006 AUPR: 0.5071 AP: 0.5070
Acc: 0.4978 AUC: 0.5028 Pr: 0.4956 Re: 0.4978 F1: 0.4967 AUPR: 0.4991 AP: 0.4997
Acc: 0.4993 AUC: 0.5012 Pr: 0.4971 Re: 0.4972 F1: 0.4972 AUPR: 0.5006 AP: 0.5006
Acc: 0.4979 AUC: 0.5021 Pr: 0.4957 Re: 0.4966 F1: 0.4961 AUPR: 0.5000 AP: 0.5003
Acc: 0.4972 AUC: 0.5021 Pr: 0.4949 Re: 0.4929 F1: 0.4939 AUPR: 0.5061 AP: 0.5059
Acc: 0.4997 AUC: 0.5044 Pr: 0.4975 Re: 0.5009 F1: 0.4992 AUPR: 0.4998 AP: 0.5006
Acc: 0.5005 AUC: 0.5001 Pr: 0.4982 Re: 0.4985 F1: 0.4984 AUPR: 0.4979 AP: 0.4982
Acc: 0.4981 AUC: 0.5036 Pr: 0.4959 Re: 0.4947 F1: 0.4953 AUPR: 0.5032 AP: 0.5029
Acc: 0.4999 AUC: 0.5015 Pr: 0.4977 Re: 0.5003 F1: 0.4990 AUPR: 0.4981 AP: 0.4981
Acc: 0.4975 AUC: 0.5030 Pr: 0.4952 Re: 0.4941 F1: 0.4947 AUPR: 0.5043 AP: 0.5041
Acc: 0.4991 AUC: 0.5034 Pr: 0.4969 Re: 0.4947 F1: 0.4958 AUPR: 0.5050 AP: 0.5049
Acc: 0.4989 AUC: 0.5018 Pr: 0.4967 Re: 0.4958 F1: 0.4962 AUPR: 0.4996 AP: 0.4994
Acc: 0.4985 AUC: 0.5021 Pr: 0.4963 Re: 0.4954 F1: 0.4958 AUPR: 0.5027 AP: 0.5031
Acc: 0.4975 AUC: 0.5010 Pr: 0.4953 Re: 0.4945 F1: 0.4949 AUPR: 0.4967 AP: 0.4970
Acc: 0.4972 AUC: 0.5027 Pr: 0.4949 Re: 0.4927 F1: 0.4938 AUPR: 0.5011 AP: 0.5009
Acc: 0.4985 AUC: 0.5038 Pr: 0.4963 Re: 0.4941 F1: 0.4952 AUPR: 0.5017 AP: 0.5020
Acc: 0.4983 AUC: 0.5013 Pr: 0.4961 Re: 0.4989 F1: 0.4975 AUPR: 0.5025 AP: 0.5025
Acc: 0.4968 AUC: 0.5034 Pr: 0.4945 Re: 0.4941 F1: 0.4943 AUPR: 0.5002 AP: 0.5004
Acc: 0.4957 AUC: 0.5017 Pr: 0.4935 Re: 0.4902 F1: 0.4918 AUPR: 0.5006 AP: 0.5006
Acc: 0.4982 AUC: 0.5047 Pr: 0.4960 Re: 0.4991 F1: 0.4975 AUPR: 0.5017 AP: 0.5017
Acc: 0.5008 AUC: 0.5046 Pr: 0.4986 Re: 0.4989 F1: 0.4987 AUPR: 0.5060 AP: 0.5053
Acc: 0.4974 AUC: 0.5025 Pr: 0.4952 Re: 0.4952 F1: 0.4952 AUPR: 0.4991 AP: 0.4995
Acc: 0.5009 AUC: 0.5034 Pr: 0.4987 Re: 0.5009 F1: 0.4998 AUPR: 0.5003 AP: 0.5010
Acc: 0.4987 AUC: 0.5052 Pr: 0.4965 Re: 0.4989 F1: 0.4977 AUPR: 0.5027 AP: 0.5031
Acc: 0.4997 AUC: 0.5063 Pr: 0.4975 Re: 0.4993 F1: 0.4984 AUPR: 0.5052 AP: 0.5049
Acc: 0.4994 AUC: 0.5047 Pr: 0.4972 Re: 0.4978 F1: 0.4975 AUPR: 0.5008 AP: 0.5012
Acc: 0.4988 AUC: 0.5050 Pr: 0.4966 Re: 0.4993 F1: 0.4979 AUPR: 0.5015 AP: 0.5020
Acc: 0.4990 AUC: 0.5012 Pr: 0.4968 Re: 0.4999 F1: 0.4984 AUPR: 0.4995 AP: 0.4996
Acc: 0.4979 AUC: 0.5025 Pr: 0.4957 Re: 0.4968 F1: 0.4962 AUPR: 0.5022 AP: 0.5025
Acc: 0.4965 AUC: 0.5063 Pr: 0.4943 Re: 0.5003 F1: 0.4973 AUPR: 0.5082 AP: 0.5083
Acc: 0.4994 AUC: 0.5022 Pr: 0.4972 Re: 0.4968 F1: 0.4970 AUPR: 0.5027 AP: 0.5024
Acc: 0.4982 AUC: 0.5025 Pr: 0.4960 Re: 0.4987 F1: 0.4973 AUPR: 0.5028 AP: 0.5029
Acc: 0.4993 AUC: 0.5025 Pr: 0.4971 Re: 0.5013 F1: 0.4992 AUPR: 0.4999 AP: 0.5004
Acc: 0.5007 AUC: 0.5060 Pr: 0.4985 Re: 0.5013 F1: 0.4999 AUPR: 0.5070 AP: 0.5068
Acc: 0.4974 AUC: 0.5011 Pr: 0.4952 Re: 0.4966 F1: 0.4959 AUPR: 0.5022 AP: 0.5025
Acc: 0.4991 AUC: 0.5048 Pr: 0.4969 Re: 0.4954 F1: 0.4961 AUPR: 0.5032 AP: 0.5033
Acc: 0.4990 AUC: 0.5007 Pr: 0.4968 Re: 0.4987 F1: 0.4977 AUPR: 0.4935 AP: 0.4943
Acc: 0.4992 AUC: 0.5056 Pr: 0.4970 Re: 0.4980 F1: 0.4975 AUPR: 0.5020 AP: 0.5024
Acc: 0.4980 AUC: 0.5033 Pr: 0.4958 Re: 0.4968 F1: 0.4963 AUPR: 0.5046 AP: 0.5042
Acc: 0.4967 AUC: 0.5021 Pr: 0.4945 Re: 0.4997 F1: 0.4971 AUPR: 0.5001 AP: 0.5004
Acc: 0.4986 AUC: 0.5030 Pr: 0.4964 Re: 0.5001 F1: 0.4983 AUPR: 0.5016 AP: 0.5023
Acc: 0.4996 AUC: 0.5026 Pr: 0.4974 Re: 0.5011 F1: 0.4993 AUPR: 0.5023 AP: 0.5028
Acc: 0.4981 AUC: 0.5034 Pr: 0.4959 Re: 0.4927 F1: 0.4943 AUPR: 0.5016 AP: 0.5018
Acc: 0.4994 AUC: 0.5013 Pr: 0.4972 Re: 0.4976 F1: 0.4974 AUPR: 0.5053 AP: 0.5047
Acc: 0.4970 AUC: 0.5010 Pr: 0.4948 Re: 0.4962 F1: 0.4955 AUPR: 0.5047 AP: 0.5050
Acc: 0.4989 AUC: 0.5015 Pr: 0.4967 Re: 0.4966 F1: 0.4966 AUPR: 0.4997 AP: 0.4998
Acc: 0.4993 AUC: 0.5020 Pr: 0.4971 Re: 0.5007 F1: 0.4989 AUPR: 0.5037 AP: 0.5032
Acc: 0.4995 AUC: 0.5014 Pr: 0.4973 Re: 0.4966 F1: 0.4970 AUPR: 0.5005 AP: 0.5010
Acc: 0.4989 AUC: 0.5038 Pr: 0.4967 Re: 0.4999 F1: 0.4983 AUPR: 0.5028 AP: 0.5028
Acc: 0.5021 AUC: 0.5014 Pr: 0.4999 Re: 0.4991 F1: 0.4995 AUPR: 0.4994 AP: 0.4992
Acc: 0.4988 AUC: 0.5013 Pr: 0.4966 Re: 0.4976 F1: 0.4971 AUPR: 0.5013 AP: 0.5017
Acc: 0.4994 AUC: 0.5011 Pr: 0.4972 Re: 0.4995 F1: 0.4984 AUPR: 0.5064 AP: 0.5057
Acc: 0.4987 AUC: 0.5060 Pr: 0.4965 Re: 0.4991 F1: 0.4978 AUPR: 0.5068 AP: 0.5064
Acc: 0.4988 AUC: 0.5033 Pr: 0.4966 Re: 0.4947 F1: 0.4957 AUPR: 0.5084 AP: 0.5083
Acc: 0.4972 AUC: 0.5041 Pr: 0.4949 Re: 0.4945 F1: 0.4947 AUPR: 0.5048 AP: 0.5048
Acc: 0.4950 AUC: 0.5043 Pr: 0.4928 Re: 0.4923 F1: 0.4925 AUPR: 0.5064 AP: 0.5064
Acc: 0.5007 AUC: 0.5064 Pr: 0.4985 Re: 0.5011 F1: 0.4998 AUPR: 0.5071 AP: 0.5070
Acc: 0.5002 AUC: 0.5037 Pr: 0.4979 Re: 0.4987 F1: 0.4983 AUPR: 0.5044 AP: 0.5043
Acc: 0.4985 AUC: 0.5027 Pr: 0.4963 Re: 0.4976 F1: 0.4970 AUPR: 0.5052 AP: 0.5048
Acc: 0.4996 AUC: 0.5026 Pr: 0.4974 Re: 0.4958 F1: 0.4966 AUPR: 0.5018 AP: 0.5021
Acc: 0.4992 AUC: 0.5007 Pr: 0.4970 Re: 0.4980 F1: 0.4975 AUPR: 0.5012 AP: 0.5007
Acc: 0.4992 AUC: 0.5058 Pr: 0.4970 Re: 0.4987 F1: 0.4978 AUPR: 0.5058 AP: 0.5064
Acc: 0.4977 AUC: 0.5003 Pr: 0.4955 Re: 0.4941 F1: 0.4948 AUPR: 0.5011 AP: 0.5012
Acc: 0.4981 AUC: 0.5036 Pr: 0.4959 Re: 0.4962 F1: 0.4960 AUPR: 0.5013 AP: 0.5019
Acc: 0.4970 AUC: 0.4998 Pr: 0.4948 Re: 0.4968 F1: 0.4958 AUPR: 0.4964 AP: 0.4970
Acc: 0.4994 AUC: 0.5052 Pr: 0.4972 Re: 0.5011 F1: 0.4992 AUPR: 0.5031 AP: 0.5031
Acc: 0.4978 AUC: 0.5020 Pr: 0.4956 Re: 0.4972 F1: 0.4964 AUPR: 0.5007 AP: 0.5010
Acc: 0.4987 AUC: 0.5043 Pr: 0.4965 Re: 0.4968 F1: 0.4967 AUPR: 0.5031 AP: 0.5038
Acc: 0.5008 AUC: 0.5047 Pr: 0.4986 Re: 0.4995 F1: 0.4990 AUPR: 0.5029 AP: 0.5034
Acc: 0.4998 AUC: 0.5031 Pr: 0.4976 Re: 0.4982 F1: 0.4979 AUPR: 0.4997 AP: 0.5000
Acc: 0.4981 AUC: 0.5023 Pr: 0.4959 Re: 0.4956 F1: 0.4957 AUPR: 0.5018 AP: 0.5015
Acc: 0.4982 AUC: 0.5013 Pr: 0.4960 Re: 0.4976 F1: 0.4968 AUPR: 0.4992 AP: 0.4993
Acc: 0.4992 AUC: 0.5039 Pr: 0.4970 Re: 0.4974 F1: 0.4972 AUPR: 0.5011 AP: 0.5012
Acc: 0.4987 AUC: 0.5029 Pr: 0.4965 Re: 0.4968 F1: 0.4967 AUPR: 0.5070 AP: 0.5068
Acc: 0.5004 AUC: 0.5044 Pr: 0.4981 Re: 0.4970 F1: 0.4976 AUPR: 0.5000 AP: 0.5008
Acc: 0.4991 AUC: 0.5039 Pr: 0.4969 Re: 0.4954 F1: 0.4961 AUPR: 0.5008 AP: 0.5018
Acc: 0.5005 AUC: 0.5047 Pr: 0.4982 Re: 0.4941 F1: 0.4962 AUPR: 0.5056 AP: 0.5059
Acc: 0.4982 AUC: 0.5021 Pr: 0.4960 Re: 0.4954 F1: 0.4957 AUPR: 0.4984 AP: 0.4987
Acc: 0.5004 AUC: 0.5034 Pr: 0.4981 Re: 0.4949 F1: 0.4965 AUPR: 0.4999 AP: 0.5000
Acc: 0.4966 AUC: 0.5057 Pr: 0.4943 Re: 0.4902 F1: 0.4922 AUPR: 0.5038 AP: 0.5045
Acc: 0.4995 AUC: 0.5015 Pr: 0.4973 Re: 0.4931 F1: 0.4952 AUPR: 0.5023 AP: 0.5025
Acc: 0.4970 AUC: 0.5034 Pr: 0.4947 Re: 0.4910 F1: 0.4929 AUPR: 0.5052 AP: 0.5054
Acc: 0.4986 AUC: 0.5017 Pr: 0.4964 Re: 0.4941 F1: 0.4952 AUPR: 0.5013 AP: 0.5016
Acc: 0.4988 AUC: 0.5011 Pr: 0.4966 Re: 0.4902 F1: 0.4934 AUPR: 0.5008 AP: 0.5010
Acc: 0.4978 AUC: 0.5010 Pr: 0.4955 Re: 0.4902 F1: 0.4928 AUPR: 0.4983 AP: 0.4990
Acc: 0.5010 AUC: 0.5037 Pr: 0.4988 Re: 0.4970 F1: 0.4979 AUPR: 0.5023 AP: 0.5027
Acc: 0.4991 AUC: 0.5062 Pr: 0.4969 Re: 0.4898 F1: 0.4933 AUPR: 0.5039 AP: 0.5042
Acc: 0.4988 AUC: 0.5035 Pr: 0.4966 Re: 0.4900 F1: 0.4933 AUPR: 0.5041 AP: 0.5044
Acc: 0.4980 AUC: 0.5020 Pr: 0.4958 Re: 0.4945 F1: 0.4951 AUPR: 0.4999 AP: 0.5000
Acc: 0.4998 AUC: 0.5055 Pr: 0.4976 Re: 0.4935 F1: 0.4955 AUPR: 0.5046 AP: 0.5049
Acc: 0.5007 AUC: 0.5038 Pr: 0.4984 Re: 0.4970 F1: 0.4977 AUPR: 0.5026 AP: 0.5030
Acc: 0.4989 AUC: 0.5028 Pr: 0.4967 Re: 0.4914 F1: 0.4940 AUPR: 0.5037 AP: 0.5039
Acc: 0.4976 AUC: 0.5035 Pr: 0.4953 Re: 0.4914 F1: 0.4934 AUPR: 0.5001 AP: 0.5003
Acc: 0.4981 AUC: 0.5032 Pr: 0.4958 Re: 0.4917 F1: 0.4937 AUPR: 0.5054 AP: 0.5055
Acc: 0.4984 AUC: 0.5042 Pr: 0.4962 Re: 0.4935 F1: 0.4948 AUPR: 0.5019 AP: 0.5022
Acc: 0.4998 AUC: 0.5067 Pr: 0.4976 Re: 0.4939 F1: 0.4958 AUPR: 0.5086 AP: 0.5086
Acc: 0.4989 AUC: 0.5037 Pr: 0.4967 Re: 0.4892 F1: 0.4929 AUPR: 0.5043 AP: 0.5043
Acc: 0.4992 AUC: 0.5051 Pr: 0.4970 Re: 0.4956 F1: 0.4963 AUPR: 0.5031 AP: 0.5035
Acc: 0.4999 AUC: 0.5040 Pr: 0.4977 Re: 0.4947 F1: 0.4962 AUPR: 0.5023 AP: 0.5028
Acc: 0.5013 AUC: 0.5042 Pr: 0.4991 Re: 0.4995 F1: 0.4993 AUPR: 0.5039 AP: 0.5041
Acc: 0.4984 AUC: 0.5039 Pr: 0.4962 Re: 0.4935 F1: 0.4948 AUPR: 0.5023 AP: 0.5022
Acc: 0.4999 AUC: 0.5033 Pr: 0.4977 Re: 0.4925 F1: 0.4951 AUPR: 0.5011 AP: 0.5011
Acc: 0.5006 AUC: 0.5046 Pr: 0.4983 Re: 0.4958 F1: 0.4971 AUPR: 0.5031 AP: 0.5035
Acc: 0.4984 AUC: 0.5035 Pr: 0.4962 Re: 0.4933 F1: 0.4947 AUPR: 0.5015 AP: 0.5017
Acc: 0.4983 AUC: 0.5030 Pr: 0.4961 Re: 0.4956 F1: 0.4958 AUPR: 0.5046 AP: 0.5046
Acc: 0.4962 AUC: 0.5042 Pr: 0.4939 Re: 0.4886 F1: 0.4912 AUPR: 0.5060 AP: 0.5056
Acc: 0.5009 AUC: 0.5037 Pr: 0.4987 Re: 0.4949 F1: 0.4968 AUPR: 0.5025 AP: 0.5025
Acc: 0.5010 AUC: 0.5050 Pr: 0.4988 Re: 0.4962 F1: 0.4975 AUPR: 0.5055 AP: 0.5058
Acc: 0.4982 AUC: 0.5033 Pr: 0.4959 Re: 0.4914 F1: 0.4937 AUPR: 0.5028 AP: 0.5026
Acc: 0.4993 AUC: 0.5028 Pr: 0.4971 Re: 0.4941 F1: 0.4956 AUPR: 0.4982 AP: 0.4987
Acc: 0.5007 AUC: 0.4990 Pr: 0.4984 Re: 0.4966 F1: 0.4975 AUPR: 0.4950 AP: 0.4955
Acc: 0.4997 AUC: 0.5035 Pr: 0.4975 Re: 0.4927 F1: 0.4951 AUPR: 0.5008 AP: 0.5010
Acc: 0.4981 AUC: 0.5008 Pr: 0.4959 Re: 0.4958 F1: 0.4958 AUPR: 0.4988 AP: 0.4992
Acc: 0.5008 AUC: 0.5016 Pr: 0.4985 Re: 0.4956 F1: 0.4971 AUPR: 0.4974 AP: 0.4976
Acc: 0.4999 AUC: 0.5036 Pr: 0.4977 Re: 0.4976 F1: 0.4977 AUPR: 0.5011 AP: 0.5015
Acc: 0.4994 AUC: 0.5006 Pr: 0.4972 Re: 0.4949 F1: 0.4961 AUPR: 0.4942 AP: 0.4949
Acc: 0.4992 AUC: 0.5029 Pr: 0.4970 Re: 0.4906 F1: 0.4938 AUPR: 0.5036 AP: 0.5033
Acc: 0.4993 AUC: 0.5050 Pr: 0.4971 Re: 0.4945 F1: 0.4958 AUPR: 0.5015 AP: 0.5019
Acc: 0.4990 AUC: 0.5029 Pr: 0.4968 Re: 0.4937 F1: 0.4952 AUPR: 0.5026 AP: 0.5027
Acc: 0.5004 AUC: 0.5008 Pr: 0.4981 Re: 0.4947 F1: 0.4964 AUPR: 0.4997 AP: 0.5000
Acc: 0.5007 AUC: 0.5052 Pr: 0.4984 Re: 0.4943 F1: 0.4964 AUPR: 0.5031 AP: 0.5033
Acc: 0.4985 AUC: 0.5035 Pr: 0.4963 Re: 0.4923 F1: 0.4943 AUPR: 0.5045 AP: 0.5048
Acc: 0.4974 AUC: 0.5019 Pr: 0.4951 Re: 0.4869 F1: 0.4910 AUPR: 0.5022 AP: 0.5023
Acc: 0.4994 AUC: 0.5044 Pr: 0.4972 Re: 0.4929 F1: 0.4950 AUPR: 0.5066 AP: 0.5069
Acc: 0.4979 AUC: 0.5030 Pr: 0.4957 Re: 0.4935 F1: 0.4946 AUPR: 0.5003 AP: 0.5005
Acc: 0.4981 AUC: 0.5042 Pr: 0.4959 Re: 0.4927 F1: 0.4943 AUPR: 0.5016 AP: 0.5020
Acc: 0.4984 AUC: 0.5041 Pr: 0.4962 Re: 0.4923 F1: 0.4942 AUPR: 0.5014 AP: 0.5018
Acc: 0.4985 AUC: 0.5006 Pr: 0.4963 Re: 0.4914 F1: 0.4938 AUPR: 0.5020 AP: 0.5022
Acc: 0.4977 AUC: 0.5026 Pr: 0.4955 Re: 0.4941 F1: 0.4948 AUPR: 0.5021 AP: 0.5019
Acc: 0.4968 AUC: 0.5013 Pr: 0.4945 Re: 0.4896 F1: 0.4920 AUPR: 0.5049 AP: 0.5045
Acc: 0.4988 AUC: 0.4997 Pr: 0.4966 Re: 0.4931 F1: 0.4948 AUPR: 0.4991 AP: 0.4990
Acc: 0.4973 AUC: 0.5041 Pr: 0.4950 Re: 0.4927 F1: 0.4939 AUPR: 0.5030 AP: 0.5032
Acc: 0.4985 AUC: 0.5027 Pr: 0.4963 Re: 0.4921 F1: 0.4942 AUPR: 0.5038 AP: 0.5039
Acc: 0.4995 AUC: 0.5030 Pr: 0.4973 Re: 0.4972 F1: 0.4973 AUPR: 0.5033 AP: 0.5035
Acc: 0.4977 AUC: 0.5048 Pr: 0.4954 Re: 0.4919 F1: 0.4936 AUPR: 0.5087 AP: 0.5088
Acc: 0.5005 AUC: 0.5033 Pr: 0.4982 Re: 0.4945 F1: 0.4964 AUPR: 0.5018 AP: 0.5022
Acc: 0.4989 AUC: 0.5026 Pr: 0.4967 Re: 0.4960 F1: 0.4963 AUPR: 0.5034 AP: 0.5038
Acc: 0.5005 AUC: 0.5040 Pr: 0.4982 Re: 0.4933 F1: 0.4958 AUPR: 0.5077 AP: 0.5079
Acc: 0.4990 AUC: 0.5021 Pr: 0.4968 Re: 0.4912 F1: 0.4940 AUPR: 0.5000 AP: 0.5000
Acc: 0.4987 AUC: 0.5014 Pr: 0.4965 Re: 0.4931 F1: 0.4948 AUPR: 0.5026 AP: 0.5022
Acc: 0.4984 AUC: 0.5030 Pr: 0.4962 Re: 0.4935 F1: 0.4948 AUPR: 0.5010 AP: 0.5015
Acc: 0.4986 AUC: 0.5018 Pr: 0.4964 Re: 0.4925 F1: 0.4944 AUPR: 0.5013 AP: 0.5013
Acc: 0.4979 AUC: 0.5012 Pr: 0.4956 Re: 0.4910 F1: 0.4933 AUPR: 0.5016 AP: 0.5012
Acc: 0.5003 AUC: 0.5025 Pr: 0.4980 Re: 0.4947 F1: 0.4964 AUPR: 0.5026 AP: 0.5025
Acc: 0.4990 AUC: 0.5024 Pr: 0.4968 Re: 0.4931 F1: 0.4949 AUPR: 0.5030 AP: 0.5031
Acc: 0.4997 AUC: 0.5046 Pr: 0.4975 Re: 0.4958 F1: 0.4966 AUPR: 0.5056 AP: 0.5059
Acc: 0.4990 AUC: 0.5023 Pr: 0.4968 Re: 0.4896 F1: 0.4931 AUPR: 0.5052 AP: 0.5053
Acc: 0.4964 AUC: 0.5048 Pr: 0.4941 Re: 0.4906 F1: 0.4923 AUPR: 0.5057 AP: 0.5060
Acc: 0.4977 AUC: 0.5018 Pr: 0.4954 Re: 0.4910 F1: 0.4932 AUPR: 0.5006 AP: 0.5009
Acc: 0.4984 AUC: 0.5041 Pr: 0.4962 Re: 0.4947 F1: 0.4955 AUPR: 0.5050 AP: 0.5052
Acc: 0.4978 AUC: 0.5008 Pr: 0.4955 Re: 0.4914 F1: 0.4935 AUPR: 0.5018 AP: 0.5015
Acc: 0.4971 AUC: 0.5011 Pr: 0.4948 Re: 0.4910 F1: 0.4929 AUPR: 0.5010 AP: 0.5009
Acc: 0.4985 AUC: 0.5031 Pr: 0.4963 Re: 0.4917 F1: 0.4939 AUPR: 0.5014 AP: 0.5020
Acc: 0.4995 AUC: 0.5010 Pr: 0.4973 Re: 0.4968 F1: 0.4971 AUPR: 0.5025 AP: 0.5024
Acc: 0.4985 AUC: 0.5042 Pr: 0.4963 Re: 0.4925 F1: 0.4944 AUPR: 0.5059 AP: 0.5059
Acc: 0.4969 AUC: 0.5048 Pr: 0.4946 Re: 0.4890 F1: 0.4918 AUPR: 0.5087 AP: 0.5081
Acc: 0.5002 AUC: 0.5034 Pr: 0.4979 Re: 0.4939 F1: 0.4959 AUPR: 0.5005 AP: 0.5011
Acc: 0.4989 AUC: 0.5026 Pr: 0.4967 Re: 0.4929 F1: 0.4948 AUPR: 0.5010 AP: 0.5008
Acc: 0.4985 AUC: 0.5038 Pr: 0.4963 Re: 0.4917 F1: 0.4939 AUPR: 0.5017 AP: 0.5023
Acc: 0.4974 AUC: 0.5033 Pr: 0.4951 Re: 0.4921 F1: 0.4936 AUPR: 0.5020 AP: 0.5022
Acc: 0.4968 AUC: 0.5037 Pr: 0.4945 Re: 0.4888 F1: 0.4916 AUPR: 0.5020 AP: 0.5021
Acc: 0.4982 AUC: 0.5007 Pr: 0.4960 Re: 0.4935 F1: 0.4947 AUPR: 0.5020 AP: 0.5018
Acc: 0.4962 AUC: 0.5031 Pr: 0.4939 Re: 0.4888 F1: 0.4913 AUPR: 0.5015 AP: 0.5017
Acc: 0.4977 AUC: 0.5016 Pr: 0.4954 Re: 0.4910 F1: 0.4932 AUPR: 0.5048 AP: 0.5043
Acc: 0.5007 AUC: 0.5039 Pr: 0.4984 Re: 0.4947 F1: 0.4966 AUPR: 0.5081 AP: 0.5082
Acc: 0.4997 AUC: 0.5042 Pr: 0.4975 Re: 0.4945 F1: 0.4960 AUPR: 0.5056 AP: 0.5058
Acc: 0.4975 AUC: 0.5045 Pr: 0.4952 Re: 0.4914 F1: 0.4933 AUPR: 0.5059 AP: 0.5062
Acc: 0.4984 AUC: 0.4997 Pr: 0.4962 Re: 0.4925 F1: 0.4943 AUPR: 0.4989 AP: 0.4992
Acc: 0.4981 AUC: 0.5022 Pr: 0.4958 Re: 0.4917 F1: 0.4937 AUPR: 0.5002 AP: 0.5007
Acc: 0.4980 AUC: 0.5042 Pr: 0.4957 Re: 0.4910 F1: 0.4934 AUPR: 0.5060 AP: 0.5064
Acc: 0.5001 AUC: 0.5041 Pr: 0.4978 Re: 0.4962 F1: 0.4970 AUPR: 0.4993 AP: 0.5000
Acc: 0.4988 AUC: 0.5028 Pr: 0.4966 Re: 0.4896 F1: 0.4930 AUPR: 0.5036 AP: 0.5041
Acc: 0.4996 AUC: 0.5045 Pr: 0.4974 Re: 0.4960 F1: 0.4967 AUPR: 0.5018 AP: 0.5024
Acc: 0.4982 AUC: 0.5012 Pr: 0.4960 Re: 0.4939 F1: 0.4949 AUPR: 0.5001 AP: 0.4999
Acc: 0.4994 AUC: 0.5009 Pr: 0.4972 Re: 0.4939 F1: 0.4956 AUPR: 0.5024 AP: 0.5019
Acc: 0.4972 AUC: 0.5024 Pr: 0.4949 Re: 0.4917 F1: 0.4933 AUPR: 0.5043 AP: 0.5042
Acc: 0.5021 AUC: 0.5027 Pr: 0.4999 Re: 0.4972 F1: 0.4986 AUPR: 0.5033 AP: 0.5034
Acc: 0.4970 AUC: 0.5054 Pr: 0.4947 Re: 0.4925 F1: 0.4936 AUPR: 0.5085 AP: 0.5079
Acc: 0.4991 AUC: 0.5022 Pr: 0.4969 Re: 0.4954 F1: 0.4961 AUPR: 0.5019 AP: 0.5020
Acc: 0.4985 AUC: 0.5023 Pr: 0.4963 Re: 0.4921 F1: 0.4942 AUPR: 0.5041 AP: 0.5044
Acc: 0.4974 AUC: 0.4997 Pr: 0.4951 Re: 0.4941 F1: 0.4946 AUPR: 0.4956 AP: 0.4959
Acc: 0.5006 AUC: 0.5020 Pr: 0.4983 Re: 0.4962 F1: 0.4973 AUPR: 0.4996 AP: 0.5002
Acc: 0.4990 AUC: 0.5051 Pr: 0.4968 Re: 0.4937 F1: 0.4952 AUPR: 0.5026 AP: 0.5027
Acc: 0.4969 AUC: 0.5056 Pr: 0.4946 Re: 0.4937 F1: 0.4942 AUPR: 0.5072 AP: 0.5067
Acc: 0.4997 AUC: 0.5057 Pr: 0.4975 Re: 0.4929 F1: 0.4952 AUPR: 0.5072 AP: 0.5077
Acc: 0.4983 AUC: 0.5032 Pr: 0.4961 Re: 0.4935 F1: 0.4948 AUPR: 0.5003 AP: 0.5007
Acc: 0.4962 AUC: 0.4983 Pr: 0.4939 Re: 0.4935 F1: 0.4937 AUPR: 0.5000 AP: 0.5001
Acc: 0.5003 AUC: 0.5034 Pr: 0.4980 Re: 0.4980 F1: 0.4980 AUPR: 0.5038 AP: 0.5035
Acc: 0.4996 AUC: 0.5023 Pr: 0.4974 Re: 0.4943 F1: 0.4959 AUPR: 0.4985 AP: 0.4989
Acc: 0.4992 AUC: 0.5024 Pr: 0.4970 Re: 0.4947 F1: 0.4959 AUPR: 0.4998 AP: 0.5000
Acc: 0.4988 AUC: 0.5039 Pr: 0.4966 Re: 0.4960 F1: 0.4963 AUPR: 0.5055 AP: 0.5052
Acc: 0.4981 AUC: 0.5016 Pr: 0.4959 Re: 0.4947 F1: 0.4953 AUPR: 0.5031 AP: 0.5023
Acc: 0.4983 AUC: 0.5028 Pr: 0.4961 Re: 0.4945 F1: 0.4953 AUPR: 0.5010 AP: 0.5017
Acc: 0.4995 AUC: 0.5065 Pr: 0.4973 Re: 0.4939 F1: 0.4956 AUPR: 0.5067 AP: 0.5066
Acc: 0.5002 AUC: 0.5026 Pr: 0.4979 Re: 0.4958 F1: 0.4968 AUPR: 0.5001 AP: 0.5003
Acc: 0.4986 AUC: 0.5007 Pr: 0.4964 Re: 0.4958 F1: 0.4961 AUPR: 0.4971 AP: 0.4973
Acc: 0.5008 AUC: 0.5070 Pr: 0.4986 Re: 0.4974 F1: 0.4980 AUPR: 0.5021 AP: 0.5031
Acc: 0.4953 AUC: 0.5041 Pr: 0.4931 Re: 0.4908 F1: 0.4919 AUPR: 0.5037 AP: 0.5042
Acc: 0.4975 AUC: 0.5055 Pr: 0.4952 Re: 0.4912 F1: 0.4932 AUPR: 0.5032 AP: 0.5032
Acc: 0.4993 AUC: 0.5023 Pr: 0.4971 Re: 0.4978 F1: 0.4975 AUPR: 0.5047 AP: 0.5050
Acc: 0.4999 AUC: 0.5034 Pr: 0.4977 Re: 0.4999 F1: 0.4988 AUPR: 0.5042 AP: 0.5043
Acc: 0.5004 AUC: 0.5012 Pr: 0.4981 Re: 0.4968 F1: 0.4975 AUPR: 0.5017 AP: 0.5019
Acc: 0.4982 AUC: 0.5043 Pr: 0.4960 Re: 0.4972 F1: 0.4966 AUPR: 0.5018 AP: 0.5019
Acc: 0.4982 AUC: 0.5045 Pr: 0.4960 Re: 0.4945 F1: 0.4953 AUPR: 0.5052 AP: 0.5050
Acc: 0.4979 AUC: 0.5040 Pr: 0.4957 Re: 0.4972 F1: 0.4964 AUPR: 0.5033 AP: 0.5041
Acc: 0.4967 AUC: 0.5039 Pr: 0.4944 Re: 0.4945 F1: 0.4945 AUPR: 0.5072 AP: 0.5069
Acc: 0.5012 AUC: 0.5024 Pr: 0.4990 Re: 0.4968 F1: 0.4979 AUPR: 0.5011 AP: 0.5012
Acc: 0.5004 AUC: 0.5023 Pr: 0.4981 Re: 0.4954 F1: 0.4967 AUPR: 0.5049 AP: 0.5047
Acc: 0.4980 AUC: 0.5012 Pr: 0.4958 Re: 0.4939 F1: 0.4948 AUPR: 0.5016 AP: 0.5017
Acc: 0.5006 AUC: 0.5036 Pr: 0.4983 Re: 0.4962 F1: 0.4973 AUPR: 0.5030 AP: 0.5030
Acc: 0.4982 AUC: 0.5019 Pr: 0.4960 Re: 0.4952 F1: 0.4956 AUPR: 0.5010 AP: 0.5006
Acc: 0.4987 AUC: 0.5033 Pr: 0.4965 Re: 0.4978 F1: 0.4972 AUPR: 0.4998 AP: 0.5006
Acc: 0.4974 AUC: 0.5011 Pr: 0.4951 Re: 0.4943 F1: 0.4947 AUPR: 0.4995 AP: 0.4997
Acc: 0.4967 AUC: 0.5047 Pr: 0.4944 Re: 0.4956 F1: 0.4950 AUPR: 0.5080 AP: 0.5078
Acc: 0.4991 AUC: 0.5006 Pr: 0.4969 Re: 0.4935 F1: 0.4952 AUPR: 0.5015 AP: 0.5018
Acc: 0.4992 AUC: 0.5020 Pr: 0.4970 Re: 0.4993 F1: 0.4981 AUPR: 0.4989 AP: 0.4995
Acc: 0.4992 AUC: 0.5042 Pr: 0.4970 Re: 0.4960 F1: 0.4965 AUPR: 0.5058 AP: 0.5055
Acc: 0.4981 AUC: 0.5013 Pr: 0.4959 Re: 0.4978 F1: 0.4969 AUPR: 0.4992 AP: 0.4992
Acc: 0.4996 AUC: 0.5044 Pr: 0.4974 Re: 0.4960 F1: 0.4967 AUPR: 0.5028 AP: 0.5035
Acc: 0.4998 AUC: 0.5036 Pr: 0.4976 Re: 0.4970 F1: 0.4973 AUPR: 0.5054 AP: 0.5049
Acc: 0.4971 AUC: 0.5037 Pr: 0.4949 Re: 0.4966 F1: 0.4957 AUPR: 0.5027 AP: 0.5026
Acc: 0.4975 AUC: 0.5020 Pr: 0.4953 Re: 0.4956 F1: 0.4954 AUPR: 0.5025 AP: 0.5025
Acc: 0.4989 AUC: 0.5035 Pr: 0.4967 Re: 0.4987 F1: 0.4977 AUPR: 0.5047 AP: 0.5045
Acc: 0.4984 AUC: 0.5042 Pr: 0.4962 Re: 0.4982 F1: 0.4972 AUPR: 0.5077 AP: 0.5070
Acc: 0.4984 AUC: 0.5000 Pr: 0.4962 Re: 0.4945 F1: 0.4954 AUPR: 0.4974 AP: 0.4976
Acc: 0.4993 AUC: 0.5061 Pr: 0.4971 Re: 0.4980 F1: 0.4976 AUPR: 0.5056 AP: 0.5054
Acc: 0.4986 AUC: 0.5009 Pr: 0.4964 Re: 0.4945 F1: 0.4955 AUPR: 0.4992 AP: 0.4992
Acc: 0.4991 AUC: 0.5032 Pr: 0.4969 Re: 0.4985 F1: 0.4977 AUPR: 0.5004 AP: 0.5010
Acc: 0.4986 AUC: 0.5054 Pr: 0.4964 Re: 0.4976 F1: 0.4970 AUPR: 0.5076 AP: 0.5072
Acc: 0.4982 AUC: 0.5028 Pr: 0.4960 Re: 0.4980 F1: 0.4970 AUPR: 0.5017 AP: 0.5016
Acc: 0.4988 AUC: 0.5012 Pr: 0.4966 Re: 0.5018 F1: 0.4992 AUPR: 0.5033 AP: 0.5037
Acc: 0.4983 AUC: 0.5012 Pr: 0.4961 Re: 0.4982 F1: 0.4972 AUPR: 0.5004 AP: 0.5006
Acc: 0.5002 AUC: 0.5046 Pr: 0.4979 Re: 0.4997 F1: 0.4988 AUPR: 0.5038 AP: 0.5040
Acc: 0.4992 AUC: 0.5019 Pr: 0.4970 Re: 0.4968 F1: 0.4969 AUPR: 0.4995 AP: 0.5002
Acc: 0.4980 AUC: 0.5030 Pr: 0.4958 Re: 0.4997 F1: 0.4977 AUPR: 0.5007 AP: 0.5009
Acc: 0.4964 AUC: 0.5016 Pr: 0.4942 Re: 0.4964 F1: 0.4953 AUPR: 0.5020 AP: 0.5019
Acc: 0.4994 AUC: 0.4994 Pr: 0.4972 Re: 0.4949 F1: 0.4961 AUPR: 0.4990 AP: 0.4991
Acc: 0.4998 AUC: 0.5034 Pr: 0.4976 Re: 0.4941 F1: 0.4959 AUPR: 0.5031 AP: 0.5034
Acc: 0.4975 AUC: 0.5014 Pr: 0.4952 Re: 0.4943 F1: 0.4948 AUPR: 0.5004 AP: 0.5009
Acc: 0.4991 AUC: 0.5048 Pr: 0.4969 Re: 0.4960 F1: 0.4964 AUPR: 0.5065 AP: 0.5065
Acc: 0.4967 AUC: 0.5025 Pr: 0.4944 Re: 0.4931 F1: 0.4938 AUPR: 0.5011 AP: 0.5014
Acc: 0.4992 AUC: 0.5051 Pr: 0.4970 Re: 0.4943 F1: 0.4957 AUPR: 0.5035 AP: 0.5038
Acc: 0.4963 AUC: 0.5025 Pr: 0.4940 Re: 0.4943 F1: 0.4942 AUPR: 0.5050 AP: 0.5048
Acc: 0.5006 AUC: 0.5044 Pr: 0.4984 Re: 0.4999 F1: 0.4991 AUPR: 0.5028 AP: 0.5028
Acc: 0.4981 AUC: 0.5012 Pr: 0.4959 Re: 0.4952 F1: 0.4955 AUPR: 0.5053 AP: 0.5050
Acc: 0.4992 AUC: 0.5036 Pr: 0.4970 Re: 0.4962 F1: 0.4966 AUPR: 0.5011 AP: 0.5015
Acc: 0.5015 AUC: 0.5003 Pr: 0.4993 Re: 0.4970 F1: 0.4981 AUPR: 0.4946 AP: 0.4950
Acc: 0.4990 AUC: 0.5026 Pr: 0.4968 Re: 0.4982 F1: 0.4975 AUPR: 0.5035 AP: 0.5034
Acc: 0.4973 AUC: 0.5017 Pr: 0.4950 Re: 0.4929 F1: 0.4940 AUPR: 0.5009 AP: 0.5011
Acc: 0.4988 AUC: 0.5049 Pr: 0.4966 Re: 0.4970 F1: 0.4968 AUPR: 0.5070 AP: 0.5068
Acc: 0.4967 AUC: 0.5008 Pr: 0.4945 Re: 0.4962 F1: 0.4953 AUPR: 0.5051 AP: 0.5050
Acc: 0.5010 AUC: 0.5032 Pr: 0.4988 Re: 0.4966 F1: 0.4977 AUPR: 0.5042 AP: 0.5038
Acc: 0.4971 AUC: 0.5020 Pr: 0.4948 Re: 0.4947 F1: 0.4948 AUPR: 0.5009 AP: 0.5014
Acc: 0.4982 AUC: 0.5003 Pr: 0.4960 Re: 0.4966 F1: 0.4963 AUPR: 0.4998 AP: 0.4995
Acc: 0.4992 AUC: 0.5049 Pr: 0.4970 Re: 0.4954 F1: 0.4962 AUPR: 0.5060 AP: 0.5059
Acc: 0.4965 AUC: 0.5026 Pr: 0.4943 Re: 0.4966 F1: 0.4954 AUPR: 0.5022 AP: 0.5029
Acc: 0.4989 AUC: 0.5029 Pr: 0.4967 Re: 0.4952 F1: 0.4959 AUPR: 0.5020 AP: 0.5020
Acc: 0.4989 AUC: 0.5040 Pr: 0.4967 Re: 0.4980 F1: 0.4974 AUPR: 0.5053 AP: 0.5050
Acc: 0.4992 AUC: 0.5050 Pr: 0.4970 Re: 0.4964 F1: 0.4967 AUPR: 0.5076 AP: 0.5072
Acc: 0.4978 AUC: 0.5020 Pr: 0.4955 Re: 0.4935 F1: 0.4945 AUPR: 0.5004 AP: 0.5006
Acc: 0.4983 AUC: 0.5055 Pr: 0.4961 Re: 0.4947 F1: 0.4954 AUPR: 0.5014 AP: 0.5017
Acc: 0.4977 AUC: 0.5028 Pr: 0.4955 Re: 0.4968 F1: 0.4961 AUPR: 0.5005 AP: 0.5008
Acc: 0.4994 AUC: 0.5013 Pr: 0.4972 Re: 0.4956 F1: 0.4964 AUPR: 0.5017 AP: 0.5018
Acc: 0.4974 AUC: 0.4986 Pr: 0.4952 Re: 0.4949 F1: 0.4951 AUPR: 0.4948 AP: 0.4954
Acc: 0.4966 AUC: 0.5029 Pr: 0.4943 Re: 0.4939 F1: 0.4941 AUPR: 0.5044 AP: 0.5043
Acc: 0.4984 AUC: 0.5004 Pr: 0.4962 Re: 0.4964 F1: 0.4963 AUPR: 0.4997 AP: 0.4994
Acc: 0.4988 AUC: 0.5021 Pr: 0.4966 Re: 0.4978 F1: 0.4972 AUPR: 0.5031 AP: 0.5027
Acc: 0.5020 AUC: 0.4998 Pr: 0.4998 Re: 0.5018 F1: 0.5008 AUPR: 0.5027 AP: 0.5024
Acc: 0.4992 AUC: 0.5048 Pr: 0.4970 Re: 0.4954 F1: 0.4962 AUPR: 0.5045 AP: 0.5047
Acc: 0.4968 AUC: 0.4989 Pr: 0.4946 Re: 0.4968 F1: 0.4957 AUPR: 0.4982 AP: 0.4981
Acc: 0.4993 AUC: 0.5040 Pr: 0.4971 Re: 0.4980 F1: 0.4976 AUPR: 0.5036 AP: 0.5039
Acc: 0.4996 AUC: 0.5026 Pr: 0.4974 Re: 0.4987 F1: 0.4980 AUPR: 0.4994 AP: 0.4996
Acc: 0.4975 AUC: 0.5024 Pr: 0.4953 Re: 0.4993 F1: 0.4973 AUPR: 0.5056 AP: 0.5056
Acc: 0.4993 AUC: 0.5044 Pr: 0.4971 Re: 0.4945 F1: 0.4958 AUPR: 0.5032 AP: 0.5032
Acc: 0.4984 AUC: 0.5006 Pr: 0.4962 Re: 0.4958 F1: 0.4960 AUPR: 0.5024 AP: 0.5024
Acc: 0.5010 AUC: 0.5024 Pr: 0.4988 Re: 0.4980 F1: 0.4984 AUPR: 0.5013 AP: 0.5019
Acc: 0.4986 AUC: 0.5025 Pr: 0.4964 Re: 0.4937 F1: 0.4950 AUPR: 0.5011 AP: 0.5016
Acc: 0.4986 AUC: 0.5031 Pr: 0.4964 Re: 0.4958 F1: 0.4961 AUPR: 0.5016 AP: 0.5013
Acc: 0.4988 AUC: 0.5013 Pr: 0.4966 Re: 0.4964 F1: 0.4965 AUPR: 0.4982 AP: 0.4989
Acc: 0.4983 AUC: 0.4995 Pr: 0.4961 Re: 0.4966 F1: 0.4963 AUPR: 0.4971 AP: 0.4972