add type HAS_EDGE to relations.
dblp
use first 3500 node
used nodes / total nodes: 3500 / 17716
Graph(num_nodes=49524, num_edges=1888055,
      ndata_schemes={}
      edata_schemes={})
Acc: 0.5005 AUC: 0.4981 Pr: 0.5068 Re: 0.0260 F1: 0.0495 AUPR: 0.4978 AP: 0.4978
Acc: 0.4993 AUC: 0.5027 Pr: 0.4869 Re: 0.0322 F1: 0.0604 AUPR: 0.5004 AP: 0.5004
Acc: 0.4980 AUC: 0.4954 Pr: 0.4759 Re: 0.0426 F1: 0.0782 AUPR: 0.4950 AP: 0.4951
Acc: 0.5015 AUC: 0.4983 Pr: 0.5115 Re: 0.0606 F1: 0.1084 AUPR: 0.5000 AP: 0.5001
Acc: 0.5005 AUC: 0.4967 Pr: 0.5025 Re: 0.0775 F1: 0.1343 AUPR: 0.4981 AP: 0.4982
Acc: 0.4999 AUC: 0.5017 Pr: 0.4988 Re: 0.1057 F1: 0.1744 AUPR: 0.5003 AP: 0.5004
Acc: 0.5012 AUC: 0.5023 Pr: 0.5038 Re: 0.1477 F1: 0.2284 AUPR: 0.5013 AP: 0.5014
Acc: 0.4989 AUC: 0.4985 Pr: 0.4970 Re: 0.1984 F1: 0.2836 AUPR: 0.4986 AP: 0.4986
Acc: 0.5005 AUC: 0.5007 Pr: 0.5007 Re: 0.2814 F1: 0.3603 AUPR: 0.4999 AP: 0.5000
Acc: 0.5017 AUC: 0.5012 Pr: 0.5021 Re: 0.3806 F1: 0.4330 AUPR: 0.5023 AP: 0.5023
Acc: 0.4990 AUC: 0.4992 Pr: 0.4989 Re: 0.4897 F1: 0.4942 AUPR: 0.4990 AP: 0.4991
Acc: 0.4991 AUC: 0.4979 Pr: 0.4992 Re: 0.6185 F1: 0.5525 AUPR: 0.4984 AP: 0.4984
Acc: 0.4985 AUC: 0.4986 Pr: 0.4989 Re: 0.7305 F1: 0.5929 AUPR: 0.4980 AP: 0.4981
Acc: 0.5002 AUC: 0.4987 Pr: 0.5001 Re: 0.8113 F1: 0.6187 AUPR: 0.4987 AP: 0.4988
Acc: 0.4984 AUC: 0.4968 Pr: 0.4990 Re: 0.8593 F1: 0.6314 AUPR: 0.4968 AP: 0.4968
Acc: 0.5016 AUC: 0.5017 Pr: 0.5008 Re: 0.8835 F1: 0.6393 AUPR: 0.5009 AP: 0.5009
Acc: 0.5011 AUC: 0.5003 Pr: 0.5005 Re: 0.8845 F1: 0.6393 AUPR: 0.4996 AP: 0.4996
Acc: 0.4993 AUC: 0.5021 Pr: 0.4995 Re: 0.8609 F1: 0.6322 AUPR: 0.5041 AP: 0.5041
Acc: 0.4994 AUC: 0.5002 Pr: 0.4995 Re: 0.8146 F1: 0.6193 AUPR: 0.5004 AP: 0.5004
Acc: 0.5003 AUC: 0.5003 Pr: 0.5002 Re: 0.7359 F1: 0.5956 AUPR: 0.4995 AP: 0.4996
Acc: 0.5008 AUC: 0.5020 Pr: 0.5006 Re: 0.6306 F1: 0.5581 AUPR: 0.5016 AP: 0.5017
Acc: 0.4992 AUC: 0.4983 Pr: 0.4991 Re: 0.5015 F1: 0.5003 AUPR: 0.4997 AP: 0.4997
Acc: 0.5017 AUC: 0.4972 Pr: 0.5021 Re: 0.3893 F1: 0.4386 AUPR: 0.4981 AP: 0.4981
Acc: 0.5003 AUC: 0.5020 Pr: 0.5004 Re: 0.2935 F1: 0.3700 AUPR: 0.5011 AP: 0.5012
Acc: 0.4946 AUC: 0.4945 Pr: 0.4885 Re: 0.2363 F1: 0.3185 AUPR: 0.4941 AP: 0.4941
Acc: 0.4990 AUC: 0.5000 Pr: 0.4976 Re: 0.2215 F1: 0.3065 AUPR: 0.4974 AP: 0.4975
Acc: 0.5029 AUC: 0.5038 Pr: 0.5058 Re: 0.2425 F1: 0.3279 AUPR: 0.5028 AP: 0.5029
Acc: 0.4977 AUC: 0.4997 Pr: 0.4957 Re: 0.2866 F1: 0.3632 AUPR: 0.4977 AP: 0.4978
Acc: 0.5009 AUC: 0.5005 Pr: 0.5011 Re: 0.3712 F1: 0.4265 AUPR: 0.4983 AP: 0.4983
Acc: 0.5008 AUC: 0.5011 Pr: 0.5008 Re: 0.4803 F1: 0.4903 AUPR: 0.4997 AP: 0.4997
Acc: 0.5017 AUC: 0.5001 Pr: 0.5014 Re: 0.6020 F1: 0.5471 AUPR: 0.5002 AP: 0.5003
Acc: 0.4997 AUC: 0.5007 Pr: 0.4997 Re: 0.6926 F1: 0.5806 AUPR: 0.4999 AP: 0.5000
Acc: 0.4982 AUC: 0.4950 Pr: 0.4987 Re: 0.7243 F1: 0.5907 AUPR: 0.4952 AP: 0.4953
Acc: 0.4963 AUC: 0.4966 Pr: 0.4973 Re: 0.7056 F1: 0.5834 AUPR: 0.4978 AP: 0.4979
Acc: 0.4961 AUC: 0.4947 Pr: 0.4969 Re: 0.6454 F1: 0.5615 AUPR: 0.4967 AP: 0.4968
Acc: 0.5044 AUC: 0.5068 Pr: 0.5039 Re: 0.5492 F1: 0.5256 AUPR: 0.5046 AP: 0.5046
Acc: 0.4997 AUC: 0.4988 Pr: 0.4995 Re: 0.4456 F1: 0.4710 AUPR: 0.4981 AP: 0.4981
Acc: 0.4995 AUC: 0.5005 Pr: 0.4991 Re: 0.3646 F1: 0.4214 AUPR: 0.5004 AP: 0.5005
Acc: 0.5024 AUC: 0.5036 Pr: 0.5034 Re: 0.3349 F1: 0.4022 AUPR: 0.5013 AP: 0.5013
Acc: 0.5059 AUC: 0.5025 Pr: 0.5085 Re: 0.3483 F1: 0.4134 AUPR: 0.5014 AP: 0.5015
Acc: 0.4999 AUC: 0.4992 Pr: 0.4998 Re: 0.3974 F1: 0.4427 AUPR: 0.4991 AP: 0.4991
Acc: 0.5060 AUC: 0.5058 Pr: 0.5061 Re: 0.4899 F1: 0.4979 AUPR: 0.5042 AP: 0.5043
Acc: 0.5010 AUC: 0.5000 Pr: 0.5007 Re: 0.5769 F1: 0.5361 AUPR: 0.4990 AP: 0.4991
Acc: 0.4987 AUC: 0.4990 Pr: 0.4989 Re: 0.6342 F1: 0.5585 AUPR: 0.4979 AP: 0.4980
Acc: 0.4994 AUC: 0.4992 Pr: 0.4995 Re: 0.6414 F1: 0.5616 AUPR: 0.4999 AP: 0.5000
Acc: 0.5020 AUC: 0.5007 Pr: 0.5016 Re: 0.5904 F1: 0.5424 AUPR: 0.4996 AP: 0.4997
Acc: 0.4986 AUC: 0.4987 Pr: 0.4986 Re: 0.5185 F1: 0.5083 AUPR: 0.4987 AP: 0.4988
Acc: 0.5045 AUC: 0.5060 Pr: 0.5048 Re: 0.4539 F1: 0.4780 AUPR: 0.5057 AP: 0.5057
Acc: 0.4988 AUC: 0.4998 Pr: 0.4985 Re: 0.4266 F1: 0.4597 AUPR: 0.5005 AP: 0.5006
Acc: 0.4997 AUC: 0.4997 Pr: 0.4995 Re: 0.4440 F1: 0.4701 AUPR: 0.5001 AP: 0.5001
Acc: 0.4995 AUC: 0.5008 Pr: 0.4994 Re: 0.4863 F1: 0.4928 AUPR: 0.5006 AP: 0.5007
Acc: 0.4996 AUC: 0.4973 Pr: 0.4995 Re: 0.5128 F1: 0.5061 AUPR: 0.4984 AP: 0.4985
Acc: 0.4998 AUC: 0.5011 Pr: 0.4997 Re: 0.5402 F1: 0.5192 AUPR: 0.5008 AP: 0.5008
Acc: 0.4956 AUC: 0.4962 Pr: 0.4959 Re: 0.5522 F1: 0.5225 AUPR: 0.4990 AP: 0.4990
Acc: 0.4985 AUC: 0.4992 Pr: 0.4985 Re: 0.5467 F1: 0.5215 AUPR: 0.4992 AP: 0.4992
Acc: 0.5013 AUC: 0.5036 Pr: 0.5012 Re: 0.4983 F1: 0.4998 AUPR: 0.5024 AP: 0.5025
Acc: 0.5013 AUC: 0.5013 Pr: 0.5014 Re: 0.4503 F1: 0.4745 AUPR: 0.5003 AP: 0.5003
Acc: 0.5013 AUC: 0.5007 Pr: 0.5014 Re: 0.4294 F1: 0.4626 AUPR: 0.5000 AP: 0.5001
Acc: 0.5019 AUC: 0.5022 Pr: 0.5019 Re: 0.4708 F1: 0.4859 AUPR: 0.5025 AP: 0.5026
Acc: 0.4974 AUC: 0.4948 Pr: 0.4976 Re: 0.5473 F1: 0.5213 AUPR: 0.4950 AP: 0.4951
Acc: 0.5003 AUC: 0.5008 Pr: 0.5001 Re: 0.5933 F1: 0.5427 AUPR: 0.5019 AP: 0.5020
Acc: 0.5002 AUC: 0.4998 Pr: 0.5001 Re: 0.5272 F1: 0.5133 AUPR: 0.5003 AP: 0.5003
Acc: 0.4991 AUC: 0.4983 Pr: 0.4989 Re: 0.4484 F1: 0.4723 AUPR: 0.4993 AP: 0.4993
Acc: 0.4986 AUC: 0.4977 Pr: 0.4983 Re: 0.4283 F1: 0.4607 AUPR: 0.4981 AP: 0.4982
Acc: 0.5008 AUC: 0.5031 Pr: 0.5006 Re: 0.5317 F1: 0.5157 AUPR: 0.5031 AP: 0.5032
Acc: 0.4987 AUC: 0.4997 Pr: 0.4987 Re: 0.5596 F1: 0.5274 AUPR: 0.5006 AP: 0.5007
Acc: 0.5033 AUC: 0.5029 Pr: 0.5033 Re: 0.4822 F1: 0.4926 AUPR: 0.5006 AP: 0.5007
Acc: 0.5022 AUC: 0.5001 Pr: 0.5021 Re: 0.4811 F1: 0.4914 AUPR: 0.5000 AP: 0.5001
Acc: 0.5017 AUC: 0.5003 Pr: 0.5013 Re: 0.5792 F1: 0.5374 AUPR: 0.4989 AP: 0.4990
Acc: 0.5023 AUC: 0.5000 Pr: 0.5040 Re: 0.2692 F1: 0.3509 AUPR: 0.5022 AP: 0.5022
Acc: 0.5012 AUC: 0.5022 Pr: 0.5006 Re: 0.8722 F1: 0.6361 AUPR: 0.5015 AP: 0.5015
Acc: 0.5011 AUC: 0.5019 Pr: 0.5040 Re: 0.1208 F1: 0.1948 AUPR: 0.5017 AP: 0.5017
Acc: 0.4987 AUC: 0.5002 Pr: 0.4987 Re: 0.5292 F1: 0.5135 AUPR: 0.5013 AP: 0.5014
Acc: 0.4994 AUC: 0.4983 Pr: 0.4996 Re: 0.8367 F1: 0.6256 AUPR: 0.4991 AP: 0.4991
Acc: 0.5013 AUC: 0.5016 Pr: 0.5014 Re: 0.4099 F1: 0.4511 AUPR: 0.5028 AP: 0.5028
Acc: 0.5024 AUC: 0.5014 Pr: 0.5045 Re: 0.2523 F1: 0.3364 AUPR: 0.5025 AP: 0.5026
Acc: 0.5008 AUC: 0.5010 Pr: 0.5005 Re: 0.5933 F1: 0.5430 AUPR: 0.5018 AP: 0.5018
Acc: 0.5017 AUC: 0.5032 Pr: 0.5011 Re: 0.7326 F1: 0.5951 AUPR: 0.5028 AP: 0.5029
Acc: 0.4999 AUC: 0.5000 Pr: 0.4997 Re: 0.3493 F1: 0.4112 AUPR: 0.5011 AP: 0.5011
Acc: 0.5012 AUC: 0.5000 Pr: 0.5013 Re: 0.4389 F1: 0.4680 AUPR: 0.5017 AP: 0.5017
Acc: 0.4991 AUC: 0.5016 Pr: 0.4993 Re: 0.7159 F1: 0.5883 AUPR: 0.5013 AP: 0.5014
Acc: 0.4999 AUC: 0.4992 Pr: 0.4993 Re: 0.1595 F1: 0.2418 AUPR: 0.4996 AP: 0.4996
Acc: 0.4988 AUC: 0.5021 Pr: 0.4991 Re: 0.7668 F1: 0.6047 AUPR: 0.5020 AP: 0.5020
Acc: 0.5006 AUC: 0.5001 Pr: 0.5003 Re: 0.6391 F1: 0.5613 AUPR: 0.5012 AP: 0.5012
Acc: 0.5017 AUC: 0.5021 Pr: 0.5023 Re: 0.3335 F1: 0.4009 AUPR: 0.5012 AP: 0.5012
Acc: 0.5021 AUC: 0.5023 Pr: 0.5032 Re: 0.3142 F1: 0.3869 AUPR: 0.5022 AP: 0.5023
Acc: 0.5012 AUC: 0.5009 Pr: 0.5010 Re: 0.5018 F1: 0.5014 AUPR: 0.5010 AP: 0.5010
Acc: 0.5011 AUC: 0.5029 Pr: 0.5007 Re: 0.6542 F1: 0.5673 AUPR: 0.5020 AP: 0.5020
Acc: 0.5005 AUC: 0.5010 Pr: 0.5003 Re: 0.6189 F1: 0.5533 AUPR: 0.5011 AP: 0.5011
Acc: 0.5016 AUC: 0.5009 Pr: 0.5017 Re: 0.4414 F1: 0.4696 AUPR: 0.5015 AP: 0.5015
Acc: 0.5028 AUC: 0.5022 Pr: 0.5035 Re: 0.3754 F1: 0.4301 AUPR: 0.5016 AP: 0.5017
Acc: 0.5008 AUC: 0.5007 Pr: 0.5006 Re: 0.5432 F1: 0.5210 AUPR: 0.5017 AP: 0.5017
Acc: 0.4989 AUC: 0.5000 Pr: 0.4990 Re: 0.6005 F1: 0.5450 AUPR: 0.4999 AP: 0.4999
Acc: 0.4995 AUC: 0.5005 Pr: 0.4992 Re: 0.4148 F1: 0.4531 AUPR: 0.5008 AP: 0.5009
Acc: 0.5018 AUC: 0.5012 Pr: 0.5018 Re: 0.4744 F1: 0.4877 AUPR: 0.5013 AP: 0.5013
Acc: 0.5005 AUC: 0.5026 Pr: 0.5003 Re: 0.5717 F1: 0.5337 AUPR: 0.5027 AP: 0.5027
Acc: 0.4999 AUC: 0.5001 Pr: 0.4997 Re: 0.4410 F1: 0.4685 AUPR: 0.5007 AP: 0.5008
Acc: 0.5005 AUC: 0.5015 Pr: 0.5004 Re: 0.5208 F1: 0.5104 AUPR: 0.5011 AP: 0.5011
Acc: 0.5002 AUC: 0.5009 Pr: 0.5001 Re: 0.5248 F1: 0.5122 AUPR: 0.5008 AP: 0.5008
Acc: 0.5007 AUC: 0.5010 Pr: 0.5006 Re: 0.4493 F1: 0.4736 AUPR: 0.5011 AP: 0.5012
Acc: 0.5014 AUC: 0.5008 Pr: 0.5012 Re: 0.5059 F1: 0.5035 AUPR: 0.5008 AP: 0.5009
Acc: 0.4998 AUC: 0.5007 Pr: 0.4997 Re: 0.5153 F1: 0.5074 AUPR: 0.4999 AP: 0.5000
Acc: 0.5007 AUC: 0.5006 Pr: 0.5007 Re: 0.4352 F1: 0.4657 AUPR: 0.5004 AP: 0.5004
Acc: 0.5016 AUC: 0.5022 Pr: 0.5012 Re: 0.6160 F1: 0.5527 AUPR: 0.5016 AP: 0.5016
Acc: 0.5003 AUC: 0.5000 Pr: 0.5003 Re: 0.2726 F1: 0.3530 AUPR: 0.5001 AP: 0.5002
Acc: 0.5004 AUC: 0.5014 Pr: 0.5002 Re: 0.6732 F1: 0.5740 AUPR: 0.5012 AP: 0.5013
Acc: 0.5022 AUC: 0.5011 Pr: 0.5016 Re: 0.6460 F1: 0.5647 AUPR: 0.5010 AP: 0.5011
Acc: 0.4999 AUC: 0.4998 Pr: 0.4997 Re: 0.4124 F1: 0.4519 AUPR: 0.4999 AP: 0.4999
Acc: 0.5005 AUC: 0.5012 Pr: 0.5006 Re: 0.3301 F1: 0.3979 AUPR: 0.5007 AP: 0.5008
Acc: 0.4984 AUC: 0.5008 Pr: 0.4981 Re: 0.4425 F1: 0.4686 AUPR: 0.5002 AP: 0.5002
Acc: 0.5001 AUC: 0.5006 Pr: 0.5000 Re: 0.6035 F1: 0.5469 AUPR: 0.5002 AP: 0.5003
Acc: 0.5008 AUC: 0.5008 Pr: 0.5005 Re: 0.6050 F1: 0.5478 AUPR: 0.5000 AP: 0.5001
Acc: 0.5014 AUC: 0.5002 Pr: 0.5013 Re: 0.4632 F1: 0.4815 AUPR: 0.5002 AP: 0.5003
Acc: 0.5012 AUC: 0.5008 Pr: 0.5013 Re: 0.3929 F1: 0.4405 AUPR: 0.4999 AP: 0.4999
Acc: 0.4991 AUC: 0.5009 Pr: 0.4990 Re: 0.5068 F1: 0.5029 AUPR: 0.5012 AP: 0.5012
Acc: 0.4994 AUC: 0.5010 Pr: 0.4994 Re: 0.5695 F1: 0.5322 AUPR: 0.5016 AP: 0.5016
Acc: 0.4990 AUC: 0.5004 Pr: 0.4988 Re: 0.4442 F1: 0.4699 AUPR: 0.5004 AP: 0.5004
Acc: 0.5002 AUC: 0.5010 Pr: 0.5001 Re: 0.4499 F1: 0.4737 AUPR: 0.5011 AP: 0.5011
Acc: 0.5008 AUC: 0.5008 Pr: 0.5006 Re: 0.5552 F1: 0.5265 AUPR: 0.5014 AP: 0.5014
Acc: 0.4989 AUC: 0.5002 Pr: 0.4987 Re: 0.4663 F1: 0.4820 AUPR: 0.5005 AP: 0.5005
Acc: 0.4992 AUC: 0.5002 Pr: 0.4990 Re: 0.4546 F1: 0.4757 AUPR: 0.5003 AP: 0.5003
Acc: 0.4997 AUC: 0.5004 Pr: 0.4996 Re: 0.5523 F1: 0.5246 AUPR: 0.5004 AP: 0.5005
Acc: 0.5000 AUC: 0.5004 Pr: 0.4999 Re: 0.4567 F1: 0.4773 AUPR: 0.5004 AP: 0.5004
Acc: 0.4999 AUC: 0.5004 Pr: 0.4997 Re: 0.4550 F1: 0.4763 AUPR: 0.5001 AP: 0.5002
Acc: 0.5007 AUC: 0.5004 Pr: 0.5005 Re: 0.5639 F1: 0.5303 AUPR: 0.5003 AP: 0.5003
Acc: 0.5009 AUC: 0.5003 Pr: 0.5009 Re: 0.4324 F1: 0.4641 AUPR: 0.5003 AP: 0.5003
Acc: 0.4999 AUC: 0.5001 Pr: 0.4997 Re: 0.4799 F1: 0.4896 AUPR: 0.5007 AP: 0.5007
Acc: 0.4999 AUC: 0.5004 Pr: 0.4998 Re: 0.5440 F1: 0.5210 AUPR: 0.5006 AP: 0.5007
Acc: 0.5005 AUC: 0.5003 Pr: 0.5004 Re: 0.4406 F1: 0.4686 AUPR: 0.5002 AP: 0.5003
Acc: 0.4996 AUC: 0.5006 Pr: 0.4995 Re: 0.5063 F1: 0.5029 AUPR: 0.5001 AP: 0.5002
Acc: 0.5003 AUC: 0.5009 Pr: 0.5001 Re: 0.4988 F1: 0.4995 AUPR: 0.5020 AP: 0.5020
Acc: 0.5006 AUC: 0.5003 Pr: 0.5005 Re: 0.4535 F1: 0.4758 AUPR: 0.5019 AP: 0.5020
Acc: 0.5009 AUC: 0.5019 Pr: 0.5007 Re: 0.5717 F1: 0.5338 AUPR: 0.5016 AP: 0.5016
Acc: 0.5017 AUC: 0.4992 Pr: 0.5023 Re: 0.3562 F1: 0.4168 AUPR: 0.4994 AP: 0.4995
Acc: 0.4994 AUC: 0.5005 Pr: 0.4994 Re: 0.6223 F1: 0.5541 AUPR: 0.5009 AP: 0.5009
Acc: 0.5001 AUC: 0.5004 Pr: 0.5000 Re: 0.5961 F1: 0.5438 AUPR: 0.5002 AP: 0.5003
Acc: 0.5007 AUC: 0.5008 Pr: 0.5006 Re: 0.4466 F1: 0.4721 AUPR: 0.5010 AP: 0.5011
Acc: 0.5007 AUC: 0.5006 Pr: 0.5007 Re: 0.4306 F1: 0.4630 AUPR: 0.5003 AP: 0.5004
Acc: 0.5008 AUC: 0.5017 Pr: 0.5007 Re: 0.5541 F1: 0.5260 AUPR: 0.5010 AP: 0.5011
Acc: 0.5009 AUC: 0.5017 Pr: 0.5007 Re: 0.5552 F1: 0.5265 AUPR: 0.5009 AP: 0.5010
Acc: 0.5015 AUC: 0.5010 Pr: 0.5017 Re: 0.4139 F1: 0.4536 AUPR: 0.5015 AP: 0.5016
Acc: 0.5007 AUC: 0.5009 Pr: 0.5006 Re: 0.4623 F1: 0.4807 AUPR: 0.5018 AP: 0.5018
Acc: 0.5000 AUC: 0.5016 Pr: 0.4999 Re: 0.5797 F1: 0.5368 AUPR: 0.5020 AP: 0.5020
Acc: 0.5018 AUC: 0.4993 Pr: 0.5023 Re: 0.3589 F1: 0.4187 AUPR: 0.4994 AP: 0.4994
Acc: 0.5016 AUC: 0.5004 Pr: 0.5016 Re: 0.4477 F1: 0.4732 AUPR: 0.5007 AP: 0.5007
Acc: 0.4999 AUC: 0.5009 Pr: 0.4998 Re: 0.6002 F1: 0.5455 AUPR: 0.5022 AP: 0.5023
Acc: 0.4995 AUC: 0.5010 Pr: 0.4994 Re: 0.5664 F1: 0.5308 AUPR: 0.5015 AP: 0.5015
Acc: 0.5013 AUC: 0.5003 Pr: 0.5013 Re: 0.4461 F1: 0.4721 AUPR: 0.5008 AP: 0.5009
Acc: 0.5026 AUC: 0.5006 Pr: 0.5030 Re: 0.4169 F1: 0.4559 AUPR: 0.5016 AP: 0.5017
Acc: 0.5005 AUC: 0.5018 Pr: 0.5004 Re: 0.5176 F1: 0.5088 AUPR: 0.5011 AP: 0.5012
Acc: 0.5009 AUC: 0.5024 Pr: 0.5007 Re: 0.5527 F1: 0.5254 AUPR: 0.5018 AP: 0.5018
Acc: 0.5013 AUC: 0.5011 Pr: 0.5013 Re: 0.4846 F1: 0.4928 AUPR: 0.5026 AP: 0.5026
Acc: 0.5019 AUC: 0.5008 Pr: 0.5019 Re: 0.4526 F1: 0.4760 AUPR: 0.5014 AP: 0.5014
Acc: 0.5007 AUC: 0.5016 Pr: 0.5006 Re: 0.4941 F1: 0.4973 AUPR: 0.5021 AP: 0.5022
Acc: 0.5016 AUC: 0.5009 Pr: 0.5014 Re: 0.5061 F1: 0.5038 AUPR: 0.5028 AP: 0.5029
Acc: 0.5025 AUC: 0.5015 Pr: 0.5025 Re: 0.4698 F1: 0.4856 AUPR: 0.5018 AP: 0.5019
Acc: 0.5013 AUC: 0.5025 Pr: 0.5011 Re: 0.5193 F1: 0.5100 AUPR: 0.5035 AP: 0.5035
Acc: 0.5024 AUC: 0.5018 Pr: 0.5023 Re: 0.4987 F1: 0.5005 AUPR: 0.5038 AP: 0.5039
Acc: 0.5017 AUC: 0.5006 Pr: 0.5017 Re: 0.4713 F1: 0.4860 AUPR: 0.5031 AP: 0.5032
Acc: 0.5020 AUC: 0.5028 Pr: 0.5018 Re: 0.5274 F1: 0.5143 AUPR: 0.5043 AP: 0.5043
Acc: 0.5007 AUC: 0.5020 Pr: 0.5006 Re: 0.4931 F1: 0.4968 AUPR: 0.5043 AP: 0.5043
Acc: 0.5023 AUC: 0.5009 Pr: 0.5023 Re: 0.4722 F1: 0.4868 AUPR: 0.5041 AP: 0.5042
Acc: 0.5018 AUC: 0.5024 Pr: 0.5016 Re: 0.5272 F1: 0.5141 AUPR: 0.5042 AP: 0.5043
Acc: 0.5027 AUC: 0.5023 Pr: 0.5026 Re: 0.5038 F1: 0.5032 AUPR: 0.5035 AP: 0.5036
Acc: 0.5029 AUC: 0.5005 Pr: 0.5030 Re: 0.4709 F1: 0.4864 AUPR: 0.5050 AP: 0.5051
Acc: 0.5033 AUC: 0.5073 Pr: 0.5029 Re: 0.5488 F1: 0.5248 AUPR: 0.5101 AP: 0.5101
Acc: 0.4985 AUC: 0.4944 Pr: 0.4982 Re: 0.4443 F1: 0.4697 AUPR: 0.4999 AP: 0.5000
Acc: 0.5005 AUC: 0.5049 Pr: 0.5004 Re: 0.5741 F1: 0.5347 AUPR: 0.5071 AP: 0.5072
Acc: 0.5073 AUC: 0.5082 Pr: 0.5079 Re: 0.4587 F1: 0.4821 AUPR: 0.5068 AP: 0.5069
Acc: 0.4997 AUC: 0.5017 Pr: 0.4996 Re: 0.5404 F1: 0.5192 AUPR: 0.5047 AP: 0.5048
Acc: 0.4965 AUC: 0.4986 Pr: 0.4965 Re: 0.5227 F1: 0.5093 AUPR: 0.5018 AP: 0.5019
Acc: 0.5018 AUC: 0.4984 Pr: 0.5018 Re: 0.4539 F1: 0.4767 AUPR: 0.5034 AP: 0.5034
Acc: 0.5020 AUC: 0.5019 Pr: 0.5019 Re: 0.4797 F1: 0.4906 AUPR: 0.5058 AP: 0.5058
Acc: 0.5034 AUC: 0.5060 Pr: 0.5031 Re: 0.5300 F1: 0.5162 AUPR: 0.5080 AP: 0.5080
Acc: 0.5035 AUC: 0.5053 Pr: 0.5032 Re: 0.5298 F1: 0.5162 AUPR: 0.5075 AP: 0.5075
Acc: 0.5028 AUC: 0.5019 Pr: 0.5027 Re: 0.5068 F1: 0.5047 AUPR: 0.5057 AP: 0.5057
Acc: 0.5018 AUC: 0.4996 Pr: 0.5017 Re: 0.4889 F1: 0.4952 AUPR: 0.5051 AP: 0.5051
Acc: 0.5015 AUC: 0.4997 Pr: 0.5014 Re: 0.4921 F1: 0.4967 AUPR: 0.5049 AP: 0.5049
Acc: 0.5013 AUC: 0.5016 Pr: 0.5011 Re: 0.5126 F1: 0.5068 AUPR: 0.5060 AP: 0.5060
Acc: 0.5026 AUC: 0.5030 Pr: 0.5024 Re: 0.5279 F1: 0.5148 AUPR: 0.5077 AP: 0.5077
Acc: 0.5033 AUC: 0.5037 Pr: 0.5030 Re: 0.5349 F1: 0.5185 AUPR: 0.5063 AP: 0.5064
Acc: 0.5035 AUC: 0.5037 Pr: 0.5032 Re: 0.5368 F1: 0.5194 AUPR: 0.5077 AP: 0.5077
Acc: 0.5026 AUC: 0.5039 Pr: 0.5024 Re: 0.5197 F1: 0.5109 AUPR: 0.5079 AP: 0.5080
Acc: 0.5025 AUC: 0.5017 Pr: 0.5024 Re: 0.5051 F1: 0.5037 AUPR: 0.5054 AP: 0.5055
Acc: 0.5016 AUC: 0.5012 Pr: 0.5015 Re: 0.4900 F1: 0.4957 AUPR: 0.5060 AP: 0.5060
Acc: 0.5026 AUC: 0.5004 Pr: 0.5025 Re: 0.4868 F1: 0.4945 AUPR: 0.5054 AP: 0.5055
Acc: 0.5019 AUC: 0.5017 Pr: 0.5018 Re: 0.4891 F1: 0.4954 AUPR: 0.5067 AP: 0.5067
Acc: 0.5028 AUC: 0.5035 Pr: 0.5026 Re: 0.5046 F1: 0.5036 AUPR: 0.5078 AP: 0.5079
Acc: 0.5030 AUC: 0.5044 Pr: 0.5028 Re: 0.5179 F1: 0.5103 AUPR: 0.5078 AP: 0.5078
Acc: 0.5043 AUC: 0.5047 Pr: 0.5040 Re: 0.5249 F1: 0.5143 AUPR: 0.5090 AP: 0.5091
Acc: 0.5038 AUC: 0.5045 Pr: 0.5036 Re: 0.5171 F1: 0.5103 AUPR: 0.5074 AP: 0.5074
Acc: 0.5046 AUC: 0.5039 Pr: 0.5044 Re: 0.5122 F1: 0.5083 AUPR: 0.5055 AP: 0.5055
Acc: 0.5038 AUC: 0.5028 Pr: 0.5037 Re: 0.5036 F1: 0.5036 AUPR: 0.5074 AP: 0.5074
Acc: 0.5032 AUC: 0.5027 Pr: 0.5031 Re: 0.5002 F1: 0.5016 AUPR: 0.5074 AP: 0.5075
Acc: 0.5039 AUC: 0.5031 Pr: 0.5038 Re: 0.5132 F1: 0.5085 AUPR: 0.5090 AP: 0.5090
Acc: 0.5038 AUC: 0.5047 Pr: 0.5035 Re: 0.5232 F1: 0.5132 AUPR: 0.5091 AP: 0.5091
Acc: 0.5041 AUC: 0.5037 Pr: 0.5038 Re: 0.5251 F1: 0.5143 AUPR: 0.5072 AP: 0.5072
Acc: 0.5034 AUC: 0.5043 Pr: 0.5031 Re: 0.5251 F1: 0.5139 AUPR: 0.5083 AP: 0.5084
Acc: 0.5038 AUC: 0.5038 Pr: 0.5035 Re: 0.5254 F1: 0.5142 AUPR: 0.5085 AP: 0.5085
Acc: 0.5024 AUC: 0.5021 Pr: 0.5022 Re: 0.5198 F1: 0.5108 AUPR: 0.5066 AP: 0.5066
Acc: 0.5028 AUC: 0.5031 Pr: 0.5026 Re: 0.5177 F1: 0.5100 AUPR: 0.5078 AP: 0.5079
Acc: 0.5034 AUC: 0.5016 Pr: 0.5032 Re: 0.5139 F1: 0.5085 AUPR: 0.5067 AP: 0.5067
Acc: 0.5039 AUC: 0.5017 Pr: 0.5037 Re: 0.5091 F1: 0.5064 AUPR: 0.5068 AP: 0.5068
Acc: 0.5033 AUC: 0.5042 Pr: 0.5030 Re: 0.5309 F1: 0.5166 AUPR: 0.5087 AP: 0.5086
Acc: 0.5048 AUC: 0.5042 Pr: 0.5044 Re: 0.5385 F1: 0.5209 AUPR: 0.5082 AP: 0.5083
Acc: 0.5045 AUC: 0.5048 Pr: 0.5041 Re: 0.5361 F1: 0.5196 AUPR: 0.5068 AP: 0.5069
Acc: 0.5032 AUC: 0.5038 Pr: 0.5030 Re: 0.5294 F1: 0.5158 AUPR: 0.5085 AP: 0.5085
Acc: 0.5032 AUC: 0.5030 Pr: 0.5030 Re: 0.5200 F1: 0.5113 AUPR: 0.5067 AP: 0.5067
Acc: 0.5016 AUC: 0.4997 Pr: 0.5015 Re: 0.4958 F1: 0.4987 AUPR: 0.5051 AP: 0.5051
Acc: 0.5036 AUC: 0.5016 Pr: 0.5034 Re: 0.5048 F1: 0.5041 AUPR: 0.5052 AP: 0.5053
Acc: 0.5056 AUC: 0.5023 Pr: 0.5055 Re: 0.5096 F1: 0.5075 AUPR: 0.5063 AP: 0.5063
Acc: 0.5062 AUC: 0.5045 Pr: 0.5061 Re: 0.5090 F1: 0.5075 AUPR: 0.5092 AP: 0.5092
Acc: 0.5058 AUC: 0.5059 Pr: 0.5054 Re: 0.5314 F1: 0.5181 AUPR: 0.5089 AP: 0.5089
Acc: 0.5044 AUC: 0.5066 Pr: 0.5039 Re: 0.5489 F1: 0.5255 AUPR: 0.5107 AP: 0.5107
Acc: 0.5037 AUC: 0.5035 Pr: 0.5035 Re: 0.5212 F1: 0.5122 AUPR: 0.5081 AP: 0.5082
Acc: 0.5013 AUC: 0.5004 Pr: 0.5013 Re: 0.4779 F1: 0.4893 AUPR: 0.5058 AP: 0.5059
Acc: 0.5014 AUC: 0.4977 Pr: 0.5014 Re: 0.4656 F1: 0.4828 AUPR: 0.5040 AP: 0.5040
Acc: 0.5035 AUC: 0.5028 Pr: 0.5033 Re: 0.5100 F1: 0.5067 AUPR: 0.5082 AP: 0.5082
Acc: 0.5069 AUC: 0.5077 Pr: 0.5063 Re: 0.5420 F1: 0.5235 AUPR: 0.5109 AP: 0.5110
Acc: 0.5070 AUC: 0.5066 Pr: 0.5065 Re: 0.5386 F1: 0.5221 AUPR: 0.5091 AP: 0.5092
Acc: 0.5054 AUC: 0.5045 Pr: 0.5051 Re: 0.5181 F1: 0.5115 AUPR: 0.5088 AP: 0.5088
Acc: 0.5035 AUC: 0.5017 Pr: 0.5034 Re: 0.5001 F1: 0.5018 AUPR: 0.5068 AP: 0.5068
Acc: 0.5029 AUC: 0.5013 Pr: 0.5028 Re: 0.4861 F1: 0.4943 AUPR: 0.5071 AP: 0.5071
Acc: 0.5027 AUC: 0.5001 Pr: 0.5027 Re: 0.4858 F1: 0.4941 AUPR: 0.5056 AP: 0.5057
Acc: 0.5035 AUC: 0.5050 Pr: 0.5033 Re: 0.5230 F1: 0.5130 AUPR: 0.5089 AP: 0.5090
Acc: 0.5051 AUC: 0.5082 Pr: 0.5045 Re: 0.5542 F1: 0.5282 AUPR: 0.5109 AP: 0.5110
Acc: 0.5030 AUC: 0.5034 Pr: 0.5029 Re: 0.4991 F1: 0.5010 AUPR: 0.5093 AP: 0.5093
Acc: 0.5001 AUC: 0.4957 Pr: 0.5000 Re: 0.4603 F1: 0.4793 AUPR: 0.5022 AP: 0.5023
Acc: 0.5039 AUC: 0.5031 Pr: 0.5037 Re: 0.5114 F1: 0.5075 AUPR: 0.5055 AP: 0.5056
Acc: 0.5079 AUC: 0.5091 Pr: 0.5072 Re: 0.5498 F1: 0.5276 AUPR: 0.5104 AP: 0.5104
Acc: 0.5046 AUC: 0.5074 Pr: 0.5044 Re: 0.5232 F1: 0.5136 AUPR: 0.5085 AP: 0.5085
Acc: 0.5025 AUC: 0.5048 Pr: 0.5024 Re: 0.4981 F1: 0.5002 AUPR: 0.5066 AP: 0.5067
Acc: 0.5017 AUC: 0.5011 Pr: 0.5017 Re: 0.4836 F1: 0.4925 AUPR: 0.5050 AP: 0.5051
Acc: 0.5015 AUC: 0.4989 Pr: 0.5015 Re: 0.4755 F1: 0.4882 AUPR: 0.5043 AP: 0.5043
Acc: 0.5012 AUC: 0.4992 Pr: 0.5011 Re: 0.4836 F1: 0.4922 AUPR: 0.5054 AP: 0.5054
Acc: 0.5010 AUC: 0.4993 Pr: 0.5008 Re: 0.5023 F1: 0.5016 AUPR: 0.5061 AP: 0.5061
Acc: 0.5020 AUC: 0.5012 Pr: 0.5018 Re: 0.5141 F1: 0.5079 AUPR: 0.5052 AP: 0.5053
Acc: 0.5017 AUC: 0.5013 Pr: 0.5015 Re: 0.5193 F1: 0.5103 AUPR: 0.5063 AP: 0.5064
Acc: 0.5016 AUC: 0.5025 Pr: 0.5014 Re: 0.5170 F1: 0.5091 AUPR: 0.5078 AP: 0.5078
Acc: 0.5016 AUC: 0.5000 Pr: 0.5015 Re: 0.5074 F1: 0.5044 AUPR: 0.5059 AP: 0.5059
Acc: 0.5028 AUC: 0.5019 Pr: 0.5027 Re: 0.5061 F1: 0.5044 AUPR: 0.5068 AP: 0.5068
Acc: 0.5030 AUC: 0.5013 Pr: 0.5029 Re: 0.5060 F1: 0.5044 AUPR: 0.5061 AP: 0.5061
Acc: 0.5031 AUC: 0.5032 Pr: 0.5030 Re: 0.5054 F1: 0.5042 AUPR: 0.5077 AP: 0.5078
Acc: 0.5025 AUC: 0.5019 Pr: 0.5024 Re: 0.5053 F1: 0.5038 AUPR: 0.5070 AP: 0.5070
Acc: 0.5048 AUC: 0.5034 Pr: 0.5047 Re: 0.5065 F1: 0.5056 AUPR: 0.5086 AP: 0.5086
Acc: 0.5041 AUC: 0.5027 Pr: 0.5040 Re: 0.5072 F1: 0.5056 AUPR: 0.5059 AP: 0.5060
Acc: 0.5049 AUC: 0.5040 Pr: 0.5048 Re: 0.5070 F1: 0.5059 AUPR: 0.5098 AP: 0.5098
Acc: 0.5043 AUC: 0.5034 Pr: 0.5041 Re: 0.5058 F1: 0.5050 AUPR: 0.5065 AP: 0.5066
Acc: 0.5050 AUC: 0.5036 Pr: 0.5049 Re: 0.5065 F1: 0.5057 AUPR: 0.5083 AP: 0.5083
Acc: 0.5038 AUC: 0.5029 Pr: 0.5036 Re: 0.5070 F1: 0.5053 AUPR: 0.5082 AP: 0.5082
Acc: 0.5048 AUC: 0.5046 Pr: 0.5046 Re: 0.5094 F1: 0.5070 AUPR: 0.5097 AP: 0.5097
Acc: 0.5043 AUC: 0.5027 Pr: 0.5041 Re: 0.5124 F1: 0.5082 AUPR: 0.5073 AP: 0.5073
Acc: 0.5030 AUC: 0.5013 Pr: 0.5029 Re: 0.5015 F1: 0.5022 AUPR: 0.5070 AP: 0.5071
Acc: 0.5019 AUC: 0.4993 Pr: 0.5018 Re: 0.4928 F1: 0.4972 AUPR: 0.5051 AP: 0.5051
Acc: 0.5007 AUC: 0.4986 Pr: 0.5006 Re: 0.4844 F1: 0.4923 AUPR: 0.5054 AP: 0.5053
Acc: 0.5000 AUC: 0.4978 Pr: 0.4999 Re: 0.4808 F1: 0.4901 AUPR: 0.5036 AP: 0.5036
Acc: 0.5004 AUC: 0.4992 Pr: 0.5003 Re: 0.4822 F1: 0.4911 AUPR: 0.5052 AP: 0.5053
Acc: 0.5008 AUC: 0.4981 Pr: 0.5007 Re: 0.4898 F1: 0.4952 AUPR: 0.5040 AP: 0.5041
Acc: 0.5022 AUC: 0.5007 Pr: 0.5021 Re: 0.4988 F1: 0.5004 AUPR: 0.5066 AP: 0.5066
Acc: 0.5022 AUC: 0.5010 Pr: 0.5021 Re: 0.5062 F1: 0.5041 AUPR: 0.5066 AP: 0.5067
Acc: 0.5039 AUC: 0.5028 Pr: 0.5037 Re: 0.5155 F1: 0.5095 AUPR: 0.5084 AP: 0.5085
Acc: 0.5046 AUC: 0.5045 Pr: 0.5044 Re: 0.5202 F1: 0.5122 AUPR: 0.5083 AP: 0.5083
Acc: 0.5039 AUC: 0.5047 Pr: 0.5036 Re: 0.5230 F1: 0.5131 AUPR: 0.5089 AP: 0.5089
Acc: 0.5053 AUC: 0.5050 Pr: 0.5049 Re: 0.5276 F1: 0.5160 AUPR: 0.5095 AP: 0.5096
Acc: 0.5058 AUC: 0.5051 Pr: 0.5054 Re: 0.5251 F1: 0.5151 AUPR: 0.5089 AP: 0.5089
Acc: 0.5041 AUC: 0.5043 Pr: 0.5039 Re: 0.5198 F1: 0.5117 AUPR: 0.5095 AP: 0.5096
Acc: 0.5052 AUC: 0.5043 Pr: 0.5050 Re: 0.5159 F1: 0.5104 AUPR: 0.5076 AP: 0.5077
Acc: 0.5041 AUC: 0.5027 Pr: 0.5040 Re: 0.5118 F1: 0.5078 AUPR: 0.5065 AP: 0.5066
Acc: 0.5035 AUC: 0.5033 Pr: 0.5034 Re: 0.5072 F1: 0.5053 AUPR: 0.5091 AP: 0.5091
Acc: 0.5037 AUC: 0.5021 Pr: 0.5036 Re: 0.5042 F1: 0.5039 AUPR: 0.5073 AP: 0.5073
Acc: 0.5036 AUC: 0.5020 Pr: 0.5035 Re: 0.5008 F1: 0.5022 AUPR: 0.5080 AP: 0.5079
Acc: 0.5037 AUC: 0.5026 Pr: 0.5036 Re: 0.5002 F1: 0.5019 AUPR: 0.5089 AP: 0.5089
Acc: 0.5039 AUC: 0.5022 Pr: 0.5038 Re: 0.4988 F1: 0.5013 AUPR: 0.5072 AP: 0.5073
Acc: 0.5035 AUC: 0.5022 Pr: 0.5034 Re: 0.4984 F1: 0.5009 AUPR: 0.5062 AP: 0.5062
Acc: 0.5034 AUC: 0.5013 Pr: 0.5034 Re: 0.4970 F1: 0.5001 AUPR: 0.5087 AP: 0.5088
Acc: 0.5031 AUC: 0.5012 Pr: 0.5030 Re: 0.4960 F1: 0.4995 AUPR: 0.5063 AP: 0.5063
Acc: 0.5040 AUC: 0.5011 Pr: 0.5040 Re: 0.4964 F1: 0.5001 AUPR: 0.5049 AP: 0.5050
Acc: 0.5040 AUC: 0.5024 Pr: 0.5039 Re: 0.4963 F1: 0.5001 AUPR: 0.5077 AP: 0.5078
Acc: 0.5030 AUC: 0.5015 Pr: 0.5030 Re: 0.4953 F1: 0.4991 AUPR: 0.5070 AP: 0.5070
Acc: 0.5042 AUC: 0.5012 Pr: 0.5041 Re: 0.4990 F1: 0.5015 AUPR: 0.5065 AP: 0.5065
Acc: 0.5028 AUC: 0.5013 Pr: 0.5027 Re: 0.4971 F1: 0.4999 AUPR: 0.5076 AP: 0.5077
Acc: 0.5042 AUC: 0.5027 Pr: 0.5041 Re: 0.4995 F1: 0.5018 AUPR: 0.5082 AP: 0.5082
Acc: 0.5045 AUC: 0.5014 Pr: 0.5044 Re: 0.5019 F1: 0.5031 AUPR: 0.5071 AP: 0.5072
Acc: 0.5038 AUC: 0.5021 Pr: 0.5037 Re: 0.5011 F1: 0.5024 AUPR: 0.5087 AP: 0.5087
Acc: 0.5029 AUC: 0.5024 Pr: 0.5028 Re: 0.5012 F1: 0.5020 AUPR: 0.5066 AP: 0.5067
Acc: 0.5037 AUC: 0.5005 Pr: 0.5036 Re: 0.5041 F1: 0.5039 AUPR: 0.5050 AP: 0.5050
Acc: 0.5041 AUC: 0.5023 Pr: 0.5040 Re: 0.5045 F1: 0.5043 AUPR: 0.5081 AP: 0.5081
Acc: 0.5034 AUC: 0.5022 Pr: 0.5032 Re: 0.5070 F1: 0.5051 AUPR: 0.5080 AP: 0.5080
Acc: 0.5042 AUC: 0.5024 Pr: 0.5040 Re: 0.5086 F1: 0.5063 AUPR: 0.5070 AP: 0.5071
Acc: 0.5040 AUC: 0.5020 Pr: 0.5039 Re: 0.5087 F1: 0.5063 AUPR: 0.5070 AP: 0.5070
Acc: 0.5033 AUC: 0.5030 Pr: 0.5031 Re: 0.5084 F1: 0.5058 AUPR: 0.5083 AP: 0.5083
Acc: 0.5043 AUC: 0.5021 Pr: 0.5042 Re: 0.5110 F1: 0.5076 AUPR: 0.5076 AP: 0.5076
Acc: 0.5038 AUC: 0.5024 Pr: 0.5036 Re: 0.5095 F1: 0.5066 AUPR: 0.5070 AP: 0.5070
Acc: 0.5041 AUC: 0.5030 Pr: 0.5039 Re: 0.5119 F1: 0.5079 AUPR: 0.5076 AP: 0.5076
Acc: 0.5035 AUC: 0.5024 Pr: 0.5033 Re: 0.5116 F1: 0.5074 AUPR: 0.5080 AP: 0.5080
Acc: 0.5029 AUC: 0.5029 Pr: 0.5028 Re: 0.5108 F1: 0.5067 AUPR: 0.5078 AP: 0.5079
Acc: 0.5034 AUC: 0.5038 Pr: 0.5032 Re: 0.5103 F1: 0.5067 AUPR: 0.5100 AP: 0.5100
Acc: 0.5039 AUC: 0.5028 Pr: 0.5037 Re: 0.5131 F1: 0.5084 AUPR: 0.5083 AP: 0.5084
Acc: 0.5036 AUC: 0.5026 Pr: 0.5035 Re: 0.5123 F1: 0.5079 AUPR: 0.5077 AP: 0.5076
Acc: 0.5036 AUC: 0.5022 Pr: 0.5034 Re: 0.5123 F1: 0.5078 AUPR: 0.5065 AP: 0.5065
Acc: 0.5036 AUC: 0.5030 Pr: 0.5034 Re: 0.5125 F1: 0.5079 AUPR: 0.5075 AP: 0.5076
Acc: 0.5045 AUC: 0.5018 Pr: 0.5043 Re: 0.5130 F1: 0.5086 AUPR: 0.5064 AP: 0.5065
Acc: 0.5035 AUC: 0.5026 Pr: 0.5033 Re: 0.5122 F1: 0.5077 AUPR: 0.5070 AP: 0.5070
Acc: 0.5034 AUC: 0.5023 Pr: 0.5032 Re: 0.5123 F1: 0.5077 AUPR: 0.5081 AP: 0.5081
Acc: 0.5036 AUC: 0.5016 Pr: 0.5034 Re: 0.5125 F1: 0.5079 AUPR: 0.5054 AP: 0.5056
Acc: 0.5028 AUC: 0.5019 Pr: 0.5027 Re: 0.5116 F1: 0.5071 AUPR: 0.5081 AP: 0.5081
Acc: 0.5031 AUC: 0.5019 Pr: 0.5029 Re: 0.5105 F1: 0.5067 AUPR: 0.5068 AP: 0.5069
Acc: 0.5040 AUC: 0.5022 Pr: 0.5038 Re: 0.5105 F1: 0.5071 AUPR: 0.5082 AP: 0.5082
Acc: 0.5038 AUC: 0.5023 Pr: 0.5036 Re: 0.5119 F1: 0.5077 AUPR: 0.5069 AP: 0.5068
Acc: 0.5030 AUC: 0.5027 Pr: 0.5028 Re: 0.5100 F1: 0.5064 AUPR: 0.5089 AP: 0.5089
Acc: 0.5031 AUC: 0.5027 Pr: 0.5029 Re: 0.5112 F1: 0.5070 AUPR: 0.5079 AP: 0.5079
Acc: 0.5030 AUC: 0.5022 Pr: 0.5028 Re: 0.5102 F1: 0.5065 AUPR: 0.5055 AP: 0.5056
Acc: 0.5035 AUC: 0.5017 Pr: 0.5033 Re: 0.5113 F1: 0.5073 AUPR: 0.5065 AP: 0.5065
Acc: 0.5035 AUC: 0.5017 Pr: 0.5033 Re: 0.5121 F1: 0.5076 AUPR: 0.5062 AP: 0.5062
Acc: 0.5029 AUC: 0.5023 Pr: 0.5027 Re: 0.5109 F1: 0.5068 AUPR: 0.5056 AP: 0.5057
Acc: 0.5033 AUC: 0.5032 Pr: 0.5031 Re: 0.5119 F1: 0.5075 AUPR: 0.5087 AP: 0.5088
Acc: 0.5030 AUC: 0.5017 Pr: 0.5029 Re: 0.5110 F1: 0.5069 AUPR: 0.5062 AP: 0.5063
Acc: 0.5024 AUC: 0.5015 Pr: 0.5023 Re: 0.5014 F1: 0.5018 AUPR: 0.5072 AP: 0.5073
Acc: 0.5022 AUC: 0.4995 Pr: 0.5021 Re: 0.4929 F1: 0.4975 AUPR: 0.5048 AP: 0.5049
Acc: 0.5023 AUC: 0.5002 Pr: 0.5022 Re: 0.4877 F1: 0.4949 AUPR: 0.5063 AP: 0.5064
Acc: 0.5023 AUC: 0.5001 Pr: 0.5022 Re: 0.4824 F1: 0.4921 AUPR: 0.5071 AP: 0.5071
Acc: 0.5019 AUC: 0.4990 Pr: 0.5018 Re: 0.4779 F1: 0.4896 AUPR: 0.5059 AP: 0.5060
Acc: 0.5014 AUC: 0.4984 Pr: 0.5013 Re: 0.4750 F1: 0.4878 AUPR: 0.5045 AP: 0.5045
Acc: 0.5014 AUC: 0.4993 Pr: 0.5014 Re: 0.4731 F1: 0.4868 AUPR: 0.5062 AP: 0.5062
Acc: 0.5032 AUC: 0.4992 Pr: 0.5032 Re: 0.4848 F1: 0.4938 AUPR: 0.5044 AP: 0.5045
Acc: 0.5026 AUC: 0.5011 Pr: 0.5025 Re: 0.4912 F1: 0.4968 AUPR: 0.5058 AP: 0.5059
Acc: 0.5024 AUC: 0.5016 Pr: 0.5023 Re: 0.4977 F1: 0.5000 AUPR: 0.5069 AP: 0.5070
Acc: 0.5039 AUC: 0.5023 Pr: 0.5038 Re: 0.5052 F1: 0.5045 AUPR: 0.5087 AP: 0.5087
Acc: 0.5031 AUC: 0.5028 Pr: 0.5029 Re: 0.5104 F1: 0.5066 AUPR: 0.5087 AP: 0.5087
Acc: 0.5036 AUC: 0.5028 Pr: 0.5034 Re: 0.5168 F1: 0.5100 AUPR: 0.5074 AP: 0.5073
Acc: 0.5049 AUC: 0.5047 Pr: 0.5046 Re: 0.5225 F1: 0.5134 AUPR: 0.5103 AP: 0.5104
Acc: 0.5038 AUC: 0.5039 Pr: 0.5035 Re: 0.5263 F1: 0.5147 AUPR: 0.5070 AP: 0.5071
Acc: 0.5032 AUC: 0.5038 Pr: 0.5030 Re: 0.5274 F1: 0.5149 AUPR: 0.5077 AP: 0.5077
Acc: 0.5043 AUC: 0.5043 Pr: 0.5040 Re: 0.5320 F1: 0.5176 AUPR: 0.5077 AP: 0.5077
Acc: 0.5039 AUC: 0.5053 Pr: 0.5036 Re: 0.5332 F1: 0.5179 AUPR: 0.5106 AP: 0.5105
Acc: 0.5056 AUC: 0.5049 Pr: 0.5051 Re: 0.5354 F1: 0.5198 AUPR: 0.5096 AP: 0.5096
Acc: 0.5052 AUC: 0.5052 Pr: 0.5048 Re: 0.5353 F1: 0.5196 AUPR: 0.5089 AP: 0.5090
Acc: 0.5042 AUC: 0.5057 Pr: 0.5038 Re: 0.5339 F1: 0.5184 AUPR: 0.5107 AP: 0.5107
Acc: 0.5033 AUC: 0.5021 Pr: 0.5032 Re: 0.5077 F1: 0.5054 AUPR: 0.5085 AP: 0.5085
Acc: 0.5009 AUC: 0.4979 Pr: 0.5008 Re: 0.4856 F1: 0.4931 AUPR: 0.5037 AP: 0.5038
Acc: 0.5002 AUC: 0.4970 Pr: 0.5001 Re: 0.4732 F1: 0.4863 AUPR: 0.5051 AP: 0.5051
Acc: 0.5004 AUC: 0.4969 Pr: 0.5003 Re: 0.4768 F1: 0.4883 AUPR: 0.5038 AP: 0.5038
Acc: 0.5008 AUC: 0.4990 Pr: 0.5007 Re: 0.4837 F1: 0.4920 AUPR: 0.5041 AP: 0.5041
Acc: 0.5026 AUC: 0.5002 Pr: 0.5025 Re: 0.4910 F1: 0.4967 AUPR: 0.5067 AP: 0.5067
Acc: 0.5030 AUC: 0.5001 Pr: 0.5029 Re: 0.4961 F1: 0.4994 AUPR: 0.5042 AP: 0.5043
Acc: 0.5044 AUC: 0.5022 Pr: 0.5043 Re: 0.5004 F1: 0.5023 AUPR: 0.5077 AP: 0.5078
Acc: 0.5051 AUC: 0.5035 Pr: 0.5049 Re: 0.5106 F1: 0.5077 AUPR: 0.5077 AP: 0.5077
Acc: 0.5057 AUC: 0.5041 Pr: 0.5054 Re: 0.5176 F1: 0.5114 AUPR: 0.5090 AP: 0.5090
Acc: 0.5061 AUC: 0.5047 Pr: 0.5058 Re: 0.5238 F1: 0.5146 AUPR: 0.5094 AP: 0.5095
Acc: 0.5059 AUC: 0.5051 Pr: 0.5056 Re: 0.5208 F1: 0.5131 AUPR: 0.5105 AP: 0.5106
Acc: 0.5061 AUC: 0.5045 Pr: 0.5058 Re: 0.5162 F1: 0.5110 AUPR: 0.5090 AP: 0.5090
Acc: 0.5033 AUC: 0.5031 Pr: 0.5032 Re: 0.5039 F1: 0.5036 AUPR: 0.5087 AP: 0.5087
Acc: 0.5035 AUC: 0.5008 Pr: 0.5035 Re: 0.4948 F1: 0.4991 AUPR: 0.5077 AP: 0.5077
Acc: 0.5031 AUC: 0.5011 Pr: 0.5031 Re: 0.4903 F1: 0.4966 AUPR: 0.5084 AP: 0.5083
Acc: 0.5019 AUC: 0.5000 Pr: 0.5018 Re: 0.4830 F1: 0.4923 AUPR: 0.5052 AP: 0.5052
Acc: 0.5028 AUC: 0.4997 Pr: 0.5028 Re: 0.4876 F1: 0.4951 AUPR: 0.5057 AP: 0.5058
Acc: 0.5019 AUC: 0.5002 Pr: 0.5018 Re: 0.4899 F1: 0.4958 AUPR: 0.5053 AP: 0.5052
Acc: 0.5032 AUC: 0.5012 Pr: 0.5032 Re: 0.4940 F1: 0.4985 AUPR: 0.5064 AP: 0.5065
Acc: 0.5025 AUC: 0.5024 Pr: 0.5024 Re: 0.4961 F1: 0.4992 AUPR: 0.5082 AP: 0.5082
Acc: 0.5029 AUC: 0.5009 Pr: 0.5028 Re: 0.4986 F1: 0.5007 AUPR: 0.5062 AP: 0.5062
Acc: 0.5033 AUC: 0.5014 Pr: 0.5032 Re: 0.5026 F1: 0.5029 AUPR: 0.5071 AP: 0.5072
Acc: 0.5027 AUC: 0.5029 Pr: 0.5026 Re: 0.5043 F1: 0.5034 AUPR: 0.5095 AP: 0.5095
Acc: 0.5036 AUC: 0.5024 Pr: 0.5035 Re: 0.5103 F1: 0.5068 AUPR: 0.5073 AP: 0.5073
Acc: 0.5034 AUC: 0.5024 Pr: 0.5032 Re: 0.5093 F1: 0.5063 AUPR: 0.5076 AP: 0.5076
Acc: 0.5038 AUC: 0.5037 Pr: 0.5037 Re: 0.5095 F1: 0.5066 AUPR: 0.5092 AP: 0.5092
Acc: 0.5034 AUC: 0.5026 Pr: 0.5032 Re: 0.5095 F1: 0.5064 AUPR: 0.5092 AP: 0.5092
Acc: 0.5031 AUC: 0.5031 Pr: 0.5029 Re: 0.5109 F1: 0.5069 AUPR: 0.5091 AP: 0.5091
Acc: 0.5034 AUC: 0.5023 Pr: 0.5032 Re: 0.5116 F1: 0.5074 AUPR: 0.5080 AP: 0.5080
Acc: 0.5040 AUC: 0.5016 Pr: 0.5038 Re: 0.5128 F1: 0.5083 AUPR: 0.5067 AP: 0.5068
Acc: 0.5034 AUC: 0.5018 Pr: 0.5033 Re: 0.5116 F1: 0.5074 AUPR: 0.5071 AP: 0.5072
Acc: 0.5026 AUC: 0.5019 Pr: 0.5025 Re: 0.5089 F1: 0.5057 AUPR: 0.5075 AP: 0.5076
Acc: 0.5037 AUC: 0.5010 Pr: 0.5035 Re: 0.5093 F1: 0.5064 AUPR: 0.5063 AP: 0.5063
Acc: 0.5041 AUC: 0.5027 Pr: 0.5040 Re: 0.5084 F1: 0.5061 AUPR: 0.5074 AP: 0.5075
Acc: 0.5041 AUC: 0.5019 Pr: 0.5039 Re: 0.5093 F1: 0.5066 AUPR: 0.5077 AP: 0.5077
Acc: 0.5025 AUC: 0.5015 Pr: 0.5024 Re: 0.5061 F1: 0.5042 AUPR: 0.5064 AP: 0.5064
Acc: 0.5037 AUC: 0.5013 Pr: 0.5035 Re: 0.5071 F1: 0.5053 AUPR: 0.5049 AP: 0.5049
Acc: 0.5039 AUC: 0.5021 Pr: 0.5038 Re: 0.5049 F1: 0.5044 AUPR: 0.5068 AP: 0.5069
Acc: 0.5033 AUC: 0.5029 Pr: 0.5032 Re: 0.5034 F1: 0.5033 AUPR: 0.5085 AP: 0.5085
Acc: 0.5035 AUC: 0.5024 Pr: 0.5034 Re: 0.5046 F1: 0.5040 AUPR: 0.5069 AP: 0.5070
Acc: 0.5030 AUC: 0.5030 Pr: 0.5029 Re: 0.5027 F1: 0.5028 AUPR: 0.5077 AP: 0.5077
Acc: 0.5033 AUC: 0.5028 Pr: 0.5032 Re: 0.5021 F1: 0.5027 AUPR: 0.5079 AP: 0.5079
Acc: 0.5037 AUC: 0.5019 Pr: 0.5036 Re: 0.5023 F1: 0.5029 AUPR: 0.5077 AP: 0.5077
Acc: 0.5034 AUC: 0.5023 Pr: 0.5033 Re: 0.5023 F1: 0.5028 AUPR: 0.5086 AP: 0.5085
Acc: 0.5029 AUC: 0.5014 Pr: 0.5028 Re: 0.5008 F1: 0.5018 AUPR: 0.5073 AP: 0.5073
Acc: 0.5038 AUC: 0.5013 Pr: 0.5037 Re: 0.5022 F1: 0.5029 AUPR: 0.5054 AP: 0.5056
Acc: 0.5042 AUC: 0.5013 Pr: 0.5041 Re: 0.5014 F1: 0.5027 AUPR: 0.5053 AP: 0.5054
Acc: 0.5035 AUC: 0.5019 Pr: 0.5033 Re: 0.5019 F1: 0.5026 AUPR: 0.5078 AP: 0.5078
Acc: 0.5037 AUC: 0.5026 Pr: 0.5036 Re: 0.5014 F1: 0.5025 AUPR: 0.5070 AP: 0.5072
Acc: 0.5041 AUC: 0.5022 Pr: 0.5039 Re: 0.5017 F1: 0.5028 AUPR: 0.5064 AP: 0.5064
Acc: 0.5035 AUC: 0.5014 Pr: 0.5034 Re: 0.5016 F1: 0.5025 AUPR: 0.5074 AP: 0.5075
Acc: 0.5042 AUC: 0.5025 Pr: 0.5040 Re: 0.5025 F1: 0.5033 AUPR: 0.5080 AP: 0.5080
Acc: 0.5045 AUC: 0.5028 Pr: 0.5044 Re: 0.5035 F1: 0.5039 AUPR: 0.5104 AP: 0.5103
Acc: 0.5034 AUC: 0.5029 Pr: 0.5032 Re: 0.5013 F1: 0.5023 AUPR: 0.5083 AP: 0.5084
Acc: 0.5038 AUC: 0.5013 Pr: 0.5037 Re: 0.5002 F1: 0.5020 AUPR: 0.5091 AP: 0.5090
Acc: 0.5034 AUC: 0.5029 Pr: 0.5033 Re: 0.4988 F1: 0.5010 AUPR: 0.5088 AP: 0.5088
Acc: 0.5034 AUC: 0.5005 Pr: 0.5033 Re: 0.4983 F1: 0.5008 AUPR: 0.5076 AP: 0.5076
Acc: 0.5033 AUC: 0.5018 Pr: 0.5032 Re: 0.4970 F1: 0.5001 AUPR: 0.5074 AP: 0.5073
Acc: 0.5041 AUC: 0.5013 Pr: 0.5040 Re: 0.4968 F1: 0.5004 AUPR: 0.5063 AP: 0.5064
Acc: 0.5035 AUC: 0.5008 Pr: 0.5034 Re: 0.4960 F1: 0.4997 AUPR: 0.5059 AP: 0.5060
Acc: 0.5037 AUC: 0.5010 Pr: 0.5036 Re: 0.4961 F1: 0.4998 AUPR: 0.5070 AP: 0.5070
Acc: 0.5035 AUC: 0.5001 Pr: 0.5034 Re: 0.4952 F1: 0.4993 AUPR: 0.5042 AP: 0.5043
Acc: 0.5035 AUC: 0.5023 Pr: 0.5034 Re: 0.4975 F1: 0.5004 AUPR: 0.5081 AP: 0.5082
Acc: 0.5037 AUC: 0.5012 Pr: 0.5037 Re: 0.4970 F1: 0.5003 AUPR: 0.5075 AP: 0.5075
Acc: 0.5031 AUC: 0.5008 Pr: 0.5031 Re: 0.4970 F1: 0.5000 AUPR: 0.5058 AP: 0.5058
Acc: 0.5033 AUC: 0.5011 Pr: 0.5032 Re: 0.4966 F1: 0.4999 AUPR: 0.5061 AP: 0.5062
Acc: 0.5040 AUC: 0.5017 Pr: 0.5039 Re: 0.4972 F1: 0.5005 AUPR: 0.5075 AP: 0.5075
Acc: 0.5037 AUC: 0.5006 Pr: 0.5036 Re: 0.4975 F1: 0.5005 AUPR: 0.5058 AP: 0.5058
Acc: 0.5041 AUC: 0.5014 Pr: 0.5040 Re: 0.4984 F1: 0.5012 AUPR: 0.5061 AP: 0.5062
Acc: 0.5043 AUC: 0.5014 Pr: 0.5042 Re: 0.4999 F1: 0.5021 AUPR: 0.5078 AP: 0.5078
Acc: 0.5035 AUC: 0.5012 Pr: 0.5034 Re: 0.4998 F1: 0.5016 AUPR: 0.5075 AP: 0.5076
Acc: 0.5036 AUC: 0.5013 Pr: 0.5035 Re: 0.4999 F1: 0.5017 AUPR: 0.5052 AP: 0.5052
Acc: 0.5031 AUC: 0.5010 Pr: 0.5030 Re: 0.5000 F1: 0.5015 AUPR: 0.5082 AP: 0.5082
Acc: 0.5042 AUC: 0.5025 Pr: 0.5041 Re: 0.5008 F1: 0.5024 AUPR: 0.5077 AP: 0.5076
Acc: 0.5028 AUC: 0.5027 Pr: 0.5027 Re: 0.4992 F1: 0.5009 AUPR: 0.5093 AP: 0.5093
Acc: 0.5035 AUC: 0.5020 Pr: 0.5034 Re: 0.5003 F1: 0.5018 AUPR: 0.5078 AP: 0.5079
Acc: 0.5029 AUC: 0.5007 Pr: 0.5028 Re: 0.5011 F1: 0.5019 AUPR: 0.5057 AP: 0.5057
Acc: 0.5032 AUC: 0.5008 Pr: 0.5031 Re: 0.5006 F1: 0.5018 AUPR: 0.5070 AP: 0.5070
Acc: 0.5031 AUC: 0.5013 Pr: 0.5030 Re: 0.4999 F1: 0.5014 AUPR: 0.5039 AP: 0.5041
Acc: 0.5042 AUC: 0.5013 Pr: 0.5041 Re: 0.5021 F1: 0.5031 AUPR: 0.5068 AP: 0.5068
Acc: 0.5039 AUC: 0.5019 Pr: 0.5038 Re: 0.5012 F1: 0.5025 AUPR: 0.5072 AP: 0.5072
Acc: 0.5037 AUC: 0.5024 Pr: 0.5036 Re: 0.5013 F1: 0.5025 AUPR: 0.5052 AP: 0.5053
Acc: 0.5043 AUC: 0.5024 Pr: 0.5042 Re: 0.5014 F1: 0.5028 AUPR: 0.5083 AP: 0.5082
Acc: 0.5042 AUC: 0.5032 Pr: 0.5041 Re: 0.5028 F1: 0.5034 AUPR: 0.5088 AP: 0.5088
Acc: 0.5034 AUC: 0.5023 Pr: 0.5033 Re: 0.5013 F1: 0.5023 AUPR: 0.5091 AP: 0.5090
Acc: 0.5043 AUC: 0.5028 Pr: 0.5042 Re: 0.5021 F1: 0.5031 AUPR: 0.5080 AP: 0.5079
Acc: 0.5046 AUC: 0.5026 Pr: 0.5045 Re: 0.5021 F1: 0.5033 AUPR: 0.5072 AP: 0.5073
Acc: 0.5036 AUC: 0.5014 Pr: 0.5035 Re: 0.5015 F1: 0.5025 AUPR: 0.5074 AP: 0.5073
Acc: 0.5032 AUC: 0.5032 Pr: 0.5031 Re: 0.5019 F1: 0.5025 AUPR: 0.5093 AP: 0.5092
Acc: 0.5046 AUC: 0.5011 Pr: 0.5045 Re: 0.5036 F1: 0.5041 AUPR: 0.5074 AP: 0.5074
Acc: 0.5038 AUC: 0.5024 Pr: 0.5037 Re: 0.5014 F1: 0.5026 AUPR: 0.5080 AP: 0.5080
Acc: 0.5033 AUC: 0.5022 Pr: 0.5032 Re: 0.5003 F1: 0.5017 AUPR: 0.5078 AP: 0.5078
Acc: 0.5034 AUC: 0.5018 Pr: 0.5033 Re: 0.4992 F1: 0.5013 AUPR: 0.5055 AP: 0.5055
Acc: 0.5032 AUC: 0.5008 Pr: 0.5031 Re: 0.4998 F1: 0.5015 AUPR: 0.5062 AP: 0.5062
Acc: 0.5038 AUC: 0.5024 Pr: 0.5037 Re: 0.5005 F1: 0.5021 AUPR: 0.5082 AP: 0.5082
Acc: 0.5033 AUC: 0.5021 Pr: 0.5032 Re: 0.4988 F1: 0.5010 AUPR: 0.5068 AP: 0.5068
Acc: 0.5041 AUC: 0.5025 Pr: 0.5040 Re: 0.4992 F1: 0.5016 AUPR: 0.5069 AP: 0.5068
Acc: 0.5032 AUC: 0.5028 Pr: 0.5031 Re: 0.4987 F1: 0.5009 AUPR: 0.5092 AP: 0.5092
Acc: 0.5039 AUC: 0.5015 Pr: 0.5038 Re: 0.4998 F1: 0.5018 AUPR: 0.5064 AP: 0.5064
Acc: 0.5041 AUC: 0.5021 Pr: 0.5040 Re: 0.4995 F1: 0.5018 AUPR: 0.5065 AP: 0.5065
Acc: 0.5036 AUC: 0.5018 Pr: 0.5035 Re: 0.4997 F1: 0.5016 AUPR: 0.5071 AP: 0.5071
Acc: 0.5034 AUC: 0.5004 Pr: 0.5033 Re: 0.4988 F1: 0.5011 AUPR: 0.5051 AP: 0.5052
Acc: 0.5037 AUC: 0.5013 Pr: 0.5036 Re: 0.4993 F1: 0.5014 AUPR: 0.5078 AP: 0.5078
Acc: 0.5035 AUC: 0.5010 Pr: 0.5034 Re: 0.4987 F1: 0.5010 AUPR: 0.5065 AP: 0.5065
Acc: 0.5032 AUC: 0.5011 Pr: 0.5032 Re: 0.4990 F1: 0.5011 AUPR: 0.5068 AP: 0.5068
Acc: 0.5036 AUC: 0.5013 Pr: 0.5035 Re: 0.4991 F1: 0.5013 AUPR: 0.5066 AP: 0.5066
Acc: 0.5035 AUC: 0.5021 Pr: 0.5034 Re: 0.4995 F1: 0.5014 AUPR: 0.5058 AP: 0.5059
Acc: 0.5033 AUC: 0.5024 Pr: 0.5032 Re: 0.5002 F1: 0.5017 AUPR: 0.5089 AP: 0.5089
Acc: 0.5049 AUC: 0.5021 Pr: 0.5048 Re: 0.5008 F1: 0.5028 AUPR: 0.5080 AP: 0.5079
Acc: 0.5032 AUC: 0.5014 Pr: 0.5031 Re: 0.4989 F1: 0.5010 AUPR: 0.5068 AP: 0.5069
Acc: 0.5028 AUC: 0.5003 Pr: 0.5027 Re: 0.4984 F1: 0.5005 AUPR: 0.5045 AP: 0.5045
Acc: 0.5039 AUC: 0.5015 Pr: 0.5038 Re: 0.5012 F1: 0.5025 AUPR: 0.5072 AP: 0.5072
Acc: 0.5041 AUC: 0.5007 Pr: 0.5040 Re: 0.5013 F1: 0.5026 AUPR: 0.5055 AP: 0.5055
Acc: 0.5026 AUC: 0.5036 Pr: 0.5025 Re: 0.4988 F1: 0.5007 AUPR: 0.5098 AP: 0.5098
Acc: 0.5032 AUC: 0.5029 Pr: 0.5031 Re: 0.5009 F1: 0.5020 AUPR: 0.5087 AP: 0.5087
Acc: 0.5039 AUC: 0.5023 Pr: 0.5038 Re: 0.5016 F1: 0.5027 AUPR: 0.5085 AP: 0.5084
Acc: 0.5038 AUC: 0.5018 Pr: 0.5037 Re: 0.5012 F1: 0.5025 AUPR: 0.5084 AP: 0.5084
Acc: 0.5039 AUC: 0.5032 Pr: 0.5038 Re: 0.5014 F1: 0.5026 AUPR: 0.5095 AP: 0.5094
Acc: 0.5038 AUC: 0.5025 Pr: 0.5037 Re: 0.5019 F1: 0.5028 AUPR: 0.5081 AP: 0.5081
Acc: 0.5039 AUC: 0.5016 Pr: 0.5038 Re: 0.5019 F1: 0.5029 AUPR: 0.5066 AP: 0.5066
Acc: 0.5042 AUC: 0.5020 Pr: 0.5041 Re: 0.5024 F1: 0.5032 AUPR: 0.5069 AP: 0.5069
Acc: 0.5035 AUC: 0.5025 Pr: 0.5033 Re: 0.5023 F1: 0.5028 AUPR: 0.5066 AP: 0.5067
Acc: 0.5045 AUC: 0.5027 Pr: 0.5044 Re: 0.5028 F1: 0.5036 AUPR: 0.5051 AP: 0.5053
Acc: 0.5036 AUC: 0.5026 Pr: 0.5035 Re: 0.5022 F1: 0.5028 AUPR: 0.5088 AP: 0.5087
Acc: 0.5036 AUC: 0.5028 Pr: 0.5035 Re: 0.5033 F1: 0.5034 AUPR: 0.5077 AP: 0.5078
Acc: 0.5042 AUC: 0.5025 Pr: 0.5041 Re: 0.5021 F1: 0.5031 AUPR: 0.5077 AP: 0.5078
Acc: 0.5040 AUC: 0.5040 Pr: 0.5039 Re: 0.5021 F1: 0.5030 AUPR: 0.5087 AP: 0.5087
Acc: 0.5035 AUC: 0.5030 Pr: 0.5034 Re: 0.5033 F1: 0.5033 AUPR: 0.5098 AP: 0.5097
Acc: 0.5037 AUC: 0.5021 Pr: 0.5036 Re: 0.5034 F1: 0.5035 AUPR: 0.5072 AP: 0.5073
Acc: 0.5030 AUC: 0.5019 Pr: 0.5028 Re: 0.5037 F1: 0.5032 AUPR: 0.5090 AP: 0.5088
Acc: 0.5032 AUC: 0.5015 Pr: 0.5031 Re: 0.5029 F1: 0.5030 AUPR: 0.5058 AP: 0.5059
Acc: 0.5036 AUC: 0.5024 Pr: 0.5034 Re: 0.5019 F1: 0.5026 AUPR: 0.5100 AP: 0.5100
Acc: 0.5038 AUC: 0.5024 Pr: 0.5037 Re: 0.5035 F1: 0.5036 AUPR: 0.5059 AP: 0.5061
Acc: 0.5036 AUC: 0.5018 Pr: 0.5035 Re: 0.5039 F1: 0.5037 AUPR: 0.5063 AP: 0.5063
Acc: 0.5036 AUC: 0.5012 Pr: 0.5035 Re: 0.5037 F1: 0.5036 AUPR: 0.5069 AP: 0.5069
Acc: 0.5045 AUC: 0.5028 Pr: 0.5043 Re: 0.5045 F1: 0.5044 AUPR: 0.5082 AP: 0.5083
Acc: 0.5038 AUC: 0.5024 Pr: 0.5036 Re: 0.5043 F1: 0.5040 AUPR: 0.5077 AP: 0.5076
Acc: 0.5036 AUC: 0.5022 Pr: 0.5035 Re: 0.5038 F1: 0.5037 AUPR: 0.5078 AP: 0.5078
Acc: 0.5035 AUC: 0.5026 Pr: 0.5034 Re: 0.5039 F1: 0.5037 AUPR: 0.5097 AP: 0.5098
Acc: 0.5036 AUC: 0.5026 Pr: 0.5035 Re: 0.5034 F1: 0.5034 AUPR: 0.5076 AP: 0.5076
Acc: 0.5037 AUC: 0.5017 Pr: 0.5036 Re: 0.5040 F1: 0.5038 AUPR: 0.5059 AP: 0.5060
Acc: 0.5043 AUC: 0.5022 Pr: 0.5042 Re: 0.5053 F1: 0.5047 AUPR: 0.5082 AP: 0.5082
Acc: 0.5047 AUC: 0.5033 Pr: 0.5046 Re: 0.5063 F1: 0.5054 AUPR: 0.5094 AP: 0.5094
Acc: 0.5045 AUC: 0.5022 Pr: 0.5044 Re: 0.5053 F1: 0.5049 AUPR: 0.5069 AP: 0.5068
Acc: 0.5035 AUC: 0.5028 Pr: 0.5033 Re: 0.5045 F1: 0.5039 AUPR: 0.5094 AP: 0.5094
Acc: 0.5040 AUC: 0.5033 Pr: 0.5039 Re: 0.5037 F1: 0.5038 AUPR: 0.5075 AP: 0.5076
Acc: 0.5037 AUC: 0.5022 Pr: 0.5036 Re: 0.5057 F1: 0.5046 AUPR: 0.5059 AP: 0.5060
Acc: 0.5035 AUC: 0.5016 Pr: 0.5034 Re: 0.5046 F1: 0.5040 AUPR: 0.5056 AP: 0.5057
Acc: 0.5030 AUC: 0.5026 Pr: 0.5029 Re: 0.5050 F1: 0.5039 AUPR: 0.5089 AP: 0.5089
Acc: 0.5041 AUC: 0.5038 Pr: 0.5039 Re: 0.5056 F1: 0.5048 AUPR: 0.5096 AP: 0.5095
Acc: 0.5031 AUC: 0.5017 Pr: 0.5030 Re: 0.5055 F1: 0.5042 AUPR: 0.5065 AP: 0.5065
Acc: 0.5049 AUC: 0.5030 Pr: 0.5047 Re: 0.5075 F1: 0.5061 AUPR: 0.5080 AP: 0.5079
Acc: 0.5037 AUC: 0.5042 Pr: 0.5036 Re: 0.5069 F1: 0.5052 AUPR: 0.5109 AP: 0.5109
Acc: 0.5040 AUC: 0.5021 Pr: 0.5038 Re: 0.5054 F1: 0.5046 AUPR: 0.5072 AP: 0.5074
Acc: 0.5046 AUC: 0.5026 Pr: 0.5045 Re: 0.5069 F1: 0.5057 AUPR: 0.5054 AP: 0.5056
Acc: 0.5036 AUC: 0.5036 Pr: 0.5035 Re: 0.5062 F1: 0.5048 AUPR: 0.5076 AP: 0.5077
Acc: 0.5049 AUC: 0.5030 Pr: 0.5047 Re: 0.5076 F1: 0.5062 AUPR: 0.5062 AP: 0.5063
Acc: 0.5034 AUC: 0.5036 Pr: 0.5033 Re: 0.5049 F1: 0.5041 AUPR: 0.5087 AP: 0.5087
Acc: 0.5049 AUC: 0.5031 Pr: 0.5048 Re: 0.5070 F1: 0.5059 AUPR: 0.5087 AP: 0.5088
Acc: 0.5043 AUC: 0.5026 Pr: 0.5041 Re: 0.5056 F1: 0.5049 AUPR: 0.5078 AP: 0.5078
Acc: 0.5043 AUC: 0.5046 Pr: 0.5042 Re: 0.5053 F1: 0.5047 AUPR: 0.5106 AP: 0.5106
Acc: 0.5037 AUC: 0.5024 Pr: 0.5036 Re: 0.5053 F1: 0.5044 AUPR: 0.5076 AP: 0.5076
Acc: 0.5029 AUC: 0.5025 Pr: 0.5027 Re: 0.5043 F1: 0.5035 AUPR: 0.5058 AP: 0.5058
Acc: 0.5052 AUC: 0.5033 Pr: 0.5050 Re: 0.5065 F1: 0.5058 AUPR: 0.5089 AP: 0.5089
Acc: 0.5039 AUC: 0.5027 Pr: 0.5037 Re: 0.5060 F1: 0.5049 AUPR: 0.5076 AP: 0.5076
Acc: 0.5038 AUC: 0.5033 Pr: 0.5037 Re: 0.5052 F1: 0.5044 AUPR: 0.5065 AP: 0.5066
Acc: 0.5041 AUC: 0.5036 Pr: 0.5039 Re: 0.5062 F1: 0.5050 AUPR: 0.5093 AP: 0.5092
Acc: 0.5030 AUC: 0.5032 Pr: 0.5028 Re: 0.5049 F1: 0.5039 AUPR: 0.5077 AP: 0.5077
Acc: 0.5046 AUC: 0.5025 Pr: 0.5045 Re: 0.5060 F1: 0.5052 AUPR: 0.5072 AP: 0.5073
Acc: 0.5045 AUC: 0.5026 Pr: 0.5043 Re: 0.5042 F1: 0.5043 AUPR: 0.5077 AP: 0.5077
Acc: 0.5046 AUC: 0.5016 Pr: 0.5045 Re: 0.5058 F1: 0.5051 AUPR: 0.5076 AP: 0.5075
Acc: 0.5037 AUC: 0.5037 Pr: 0.5036 Re: 0.5041 F1: 0.5038 AUPR: 0.5080 AP: 0.5080
Acc: 0.5042 AUC: 0.5023 Pr: 0.5041 Re: 0.5047 F1: 0.5044 AUPR: 0.5088 AP: 0.5086
Acc: 0.5047 AUC: 0.5028 Pr: 0.5046 Re: 0.5061 F1: 0.5053 AUPR: 0.5073 AP: 0.5073
Acc: 0.5032 AUC: 0.5018 Pr: 0.5030 Re: 0.5041 F1: 0.5036 AUPR: 0.5070 AP: 0.5069
Acc: 0.5030 AUC: 0.5026 Pr: 0.5029 Re: 0.5039 F1: 0.5034 AUPR: 0.5088 AP: 0.5088
Acc: 0.5048 AUC: 0.5025 Pr: 0.5047 Re: 0.5056 F1: 0.5051 AUPR: 0.5074 AP: 0.5075
Acc: 0.5049 AUC: 0.5036 Pr: 0.5047 Re: 0.5056 F1: 0.5052 AUPR: 0.5079 AP: 0.5080
Acc: 0.5040 AUC: 0.5023 Pr: 0.5038 Re: 0.5044 F1: 0.5041 AUPR: 0.5065 AP: 0.5065
Acc: 0.5039 AUC: 0.5034 Pr: 0.5038 Re: 0.5039 F1: 0.5038 AUPR: 0.5089 AP: 0.5088
Acc: 0.5038 AUC: 0.5033 Pr: 0.5036 Re: 0.5051 F1: 0.5044 AUPR: 0.5090 AP: 0.5091
Acc: 0.5040 AUC: 0.5020 Pr: 0.5038 Re: 0.5044 F1: 0.5041 AUPR: 0.5069 AP: 0.5070
Acc: 0.5042 AUC: 0.5024 Pr: 0.5041 Re: 0.5058 F1: 0.5050 AUPR: 0.5097 AP: 0.5095
Acc: 0.5043 AUC: 0.5036 Pr: 0.5042 Re: 0.5050 F1: 0.5046 AUPR: 0.5081 AP: 0.5081
Acc: 0.5043 AUC: 0.5032 Pr: 0.5042 Re: 0.5049 F1: 0.5045 AUPR: 0.5087 AP: 0.5087
Acc: 0.5033 AUC: 0.5021 Pr: 0.5032 Re: 0.5045 F1: 0.5039 AUPR: 0.5092 AP: 0.5090
Acc: 0.5046 AUC: 0.5021 Pr: 0.5045 Re: 0.5060 F1: 0.5052 AUPR: 0.5083 AP: 0.5083
Acc: 0.5043 AUC: 0.5019 Pr: 0.5041 Re: 0.5050 F1: 0.5046 AUPR: 0.5069 AP: 0.5069
Acc: 0.5048 AUC: 0.5025 Pr: 0.5046 Re: 0.5057 F1: 0.5052 AUPR: 0.5081 AP: 0.5081
Acc: 0.5042 AUC: 0.5029 Pr: 0.5041 Re: 0.5058 F1: 0.5049 AUPR: 0.5070 AP: 0.5069
Acc: 0.5044 AUC: 0.5027 Pr: 0.5042 Re: 0.5067 F1: 0.5055 AUPR: 0.5082 AP: 0.5083
Acc: 0.5036 AUC: 0.5036 Pr: 0.5034 Re: 0.5055 F1: 0.5044 AUPR: 0.5084 AP: 0.5085
Acc: 0.5041 AUC: 0.5012 Pr: 0.5040 Re: 0.5072 F1: 0.5056 AUPR: 0.5076 AP: 0.5077
Acc: 0.5030 AUC: 0.5032 Pr: 0.5029 Re: 0.5048 F1: 0.5039 AUPR: 0.5101 AP: 0.5100
Acc: 0.5041 AUC: 0.5033 Pr: 0.5040 Re: 0.5062 F1: 0.5051 AUPR: 0.5066 AP: 0.5067
Acc: 0.5032 AUC: 0.5018 Pr: 0.5030 Re: 0.5057 F1: 0.5044 AUPR: 0.5070 AP: 0.5071
Acc: 0.5038 AUC: 0.5029 Pr: 0.5037 Re: 0.5062 F1: 0.5050 AUPR: 0.5079 AP: 0.5080
Acc: 0.5041 AUC: 0.5024 Pr: 0.5040 Re: 0.5060 F1: 0.5050 AUPR: 0.5099 AP: 0.5099
Acc: 0.5049 AUC: 0.5018 Pr: 0.5047 Re: 0.5062 F1: 0.5055 AUPR: 0.5050 AP: 0.5051
Acc: 0.5037 AUC: 0.5031 Pr: 0.5036 Re: 0.5056 F1: 0.5046 AUPR: 0.5087 AP: 0.5088
Acc: 0.5042 AUC: 0.5028 Pr: 0.5041 Re: 0.5065 F1: 0.5053 AUPR: 0.5074 AP: 0.5076
Acc: 0.5032 AUC: 0.5034 Pr: 0.5031 Re: 0.5070 F1: 0.5050 AUPR: 0.5083 AP: 0.5084
Acc: 0.5037 AUC: 0.5024 Pr: 0.5035 Re: 0.5059 F1: 0.5047 AUPR: 0.5093 AP: 0.5092
Acc: 0.5033 AUC: 0.5035 Pr: 0.5032 Re: 0.5053 F1: 0.5042 AUPR: 0.5079 AP: 0.5079
Acc: 0.5039 AUC: 0.5023 Pr: 0.5038 Re: 0.5059 F1: 0.5048 AUPR: 0.5057 AP: 0.5058
Acc: 0.5044 AUC: 0.5026 Pr: 0.5043 Re: 0.5065 F1: 0.5054 AUPR: 0.5073 AP: 0.5073
Acc: 0.5046 AUC: 0.5036 Pr: 0.5045 Re: 0.5070 F1: 0.5057 AUPR: 0.5104 AP: 0.5103
Acc: 0.5044 AUC: 0.5021 Pr: 0.5043 Re: 0.5071 F1: 0.5057 AUPR: 0.5085 AP: 0.5083
Acc: 0.5045 AUC: 0.5038 Pr: 0.5044 Re: 0.5066 F1: 0.5055 AUPR: 0.5111 AP: 0.5110
Acc: 0.5039 AUC: 0.5023 Pr: 0.5038 Re: 0.5043 F1: 0.5041 AUPR: 0.5080 AP: 0.5078
Acc: 0.5037 AUC: 0.5026 Pr: 0.5035 Re: 0.5058 F1: 0.5046 AUPR: 0.5097 AP: 0.5096
Acc: 0.5045 AUC: 0.5033 Pr: 0.5044 Re: 0.5058 F1: 0.5051 AUPR: 0.5089 AP: 0.5088
Acc: 0.5039 AUC: 0.5043 Pr: 0.5038 Re: 0.5055 F1: 0.5046 AUPR: 0.5112 AP: 0.5111
Acc: 0.5046 AUC: 0.5032 Pr: 0.5044 Re: 0.5074 F1: 0.5059 AUPR: 0.5072 AP: 0.5073
Acc: 0.5039 AUC: 0.5022 Pr: 0.5038 Re: 0.5052 F1: 0.5045 AUPR: 0.5075 AP: 0.5074
Acc: 0.5032 AUC: 0.5020 Pr: 0.5031 Re: 0.5058 F1: 0.5045 AUPR: 0.5073 AP: 0.5073
Acc: 0.5049 AUC: 0.5036 Pr: 0.5048 Re: 0.5065 F1: 0.5056 AUPR: 0.5072 AP: 0.5073
Acc: 0.5028 AUC: 0.5028 Pr: 0.5027 Re: 0.5043 F1: 0.5035 AUPR: 0.5085 AP: 0.5085
Acc: 0.5044 AUC: 0.5022 Pr: 0.5042 Re: 0.5054 F1: 0.5048 AUPR: 0.5075 AP: 0.5074
Acc: 0.5042 AUC: 0.5015 Pr: 0.5040 Re: 0.5065 F1: 0.5053 AUPR: 0.5064 AP: 0.5064
Acc: 0.5049 AUC: 0.5031 Pr: 0.5048 Re: 0.5070 F1: 0.5059 AUPR: 0.5075 AP: 0.5076
Acc: 0.5045 AUC: 0.5037 Pr: 0.5043 Re: 0.5060 F1: 0.5052 AUPR: 0.5098 AP: 0.5098
Acc: 0.5042 AUC: 0.5029 Pr: 0.5040 Re: 0.5054 F1: 0.5047 AUPR: 0.5087 AP: 0.5086
Acc: 0.5039 AUC: 0.5017 Pr: 0.5038 Re: 0.5053 F1: 0.5045 AUPR: 0.5075 AP: 0.5073
Acc: 0.5039 AUC: 0.5032 Pr: 0.5038 Re: 0.5051 F1: 0.5044 AUPR: 0.5087 AP: 0.5086
Acc: 0.5036 AUC: 0.5026 Pr: 0.5035 Re: 0.5064 F1: 0.5049 AUPR: 0.5061 AP: 0.5061
Acc: 0.5035 AUC: 0.5010 Pr: 0.5034 Re: 0.5048 F1: 0.5041 AUPR: 0.5077 AP: 0.5077
Acc: 0.5044 AUC: 0.5034 Pr: 0.5042 Re: 0.5054 F1: 0.5048 AUPR: 0.5081 AP: 0.5081
Acc: 0.5040 AUC: 0.5027 Pr: 0.5039 Re: 0.5049 F1: 0.5044 AUPR: 0.5076 AP: 0.5077
Acc: 0.5032 AUC: 0.5015 Pr: 0.5031 Re: 0.5046 F1: 0.5038 AUPR: 0.5048 AP: 0.5049
Acc: 0.5042 AUC: 0.5029 Pr: 0.5041 Re: 0.5058 F1: 0.5049 AUPR: 0.5079 AP: 0.5079
Acc: 0.5045 AUC: 0.5021 Pr: 0.5043 Re: 0.5053 F1: 0.5048 AUPR: 0.5072 AP: 0.5072
Acc: 0.5039 AUC: 0.5027 Pr: 0.5038 Re: 0.5054 F1: 0.5046 AUPR: 0.5099 AP: 0.5099
Acc: 0.5039 AUC: 0.5032 Pr: 0.5038 Re: 0.5053 F1: 0.5046 AUPR: 0.5080 AP: 0.5080
Acc: 0.5036 AUC: 0.5027 Pr: 0.5035 Re: 0.5054 F1: 0.5045 AUPR: 0.5079 AP: 0.5080
Acc: 0.5041 AUC: 0.5030 Pr: 0.5040 Re: 0.5058 F1: 0.5049 AUPR: 0.5086 AP: 0.5086
Acc: 0.5034 AUC: 0.5020 Pr: 0.5032 Re: 0.5057 F1: 0.5045 AUPR: 0.5080 AP: 0.5079
Acc: 0.5045 AUC: 0.5028 Pr: 0.5043 Re: 0.5060 F1: 0.5051 AUPR: 0.5076 AP: 0.5077
Acc: 0.5041 AUC: 0.5023 Pr: 0.5040 Re: 0.5040 F1: 0.5040 AUPR: 0.5074 AP: 0.5074
Acc: 0.5039 AUC: 0.5037 Pr: 0.5038 Re: 0.5051 F1: 0.5044 AUPR: 0.5092 AP: 0.5091
Acc: 0.5030 AUC: 0.5019 Pr: 0.5028 Re: 0.5045 F1: 0.5037 AUPR: 0.5071 AP: 0.5072
Acc: 0.5039 AUC: 0.5016 Pr: 0.5038 Re: 0.5039 F1: 0.5038 AUPR: 0.5080 AP: 0.5079
Acc: 0.5053 AUC: 0.5038 Pr: 0.5052 Re: 0.5058 F1: 0.5055 AUPR: 0.5090 AP: 0.5089
Acc: 0.5043 AUC: 0.5028 Pr: 0.5041 Re: 0.5051 F1: 0.5046 AUPR: 0.5088 AP: 0.5088
Acc: 0.5039 AUC: 0.5030 Pr: 0.5038 Re: 0.5039 F1: 0.5038 AUPR: 0.5102 AP: 0.5101
Acc: 0.5034 AUC: 0.5023 Pr: 0.5033 Re: 0.5039 F1: 0.5036 AUPR: 0.5080 AP: 0.5080
Acc: 0.5040 AUC: 0.5026 Pr: 0.5038 Re: 0.5036 F1: 0.5037 AUPR: 0.5071 AP: 0.5071
Acc: 0.5039 AUC: 0.5023 Pr: 0.5038 Re: 0.5022 F1: 0.5030 AUPR: 0.5087 AP: 0.5086
Acc: 0.5037 AUC: 0.5022 Pr: 0.5036 Re: 0.5029 F1: 0.5032 AUPR: 0.5067 AP: 0.5068
Acc: 0.5041 AUC: 0.5019 Pr: 0.5039 Re: 0.5030 F1: 0.5034 AUPR: 0.5089 AP: 0.5087
Acc: 0.5042 AUC: 0.5020 Pr: 0.5041 Re: 0.5030 F1: 0.5035 AUPR: 0.5069 AP: 0.5070
Acc: 0.5035 AUC: 0.5043 Pr: 0.5034 Re: 0.5029 F1: 0.5031 AUPR: 0.5102 AP: 0.5102
Acc: 0.5036 AUC: 0.5029 Pr: 0.5035 Re: 0.5032 F1: 0.5034 AUPR: 0.5078 AP: 0.5079
Acc: 0.5030 AUC: 0.5031 Pr: 0.5029 Re: 0.5009 F1: 0.5019 AUPR: 0.5078 AP: 0.5079
Acc: 0.5042 AUC: 0.5023 Pr: 0.5041 Re: 0.5026 F1: 0.5034 AUPR: 0.5063 AP: 0.5063
Acc: 0.5039 AUC: 0.5033 Pr: 0.5038 Re: 0.5016 F1: 0.5027 AUPR: 0.5104 AP: 0.5102
Acc: 0.5042 AUC: 0.5028 Pr: 0.5041 Re: 0.5018 F1: 0.5030 AUPR: 0.5078 AP: 0.5079
Acc: 0.5041 AUC: 0.5035 Pr: 0.5040 Re: 0.5019 F1: 0.5029 AUPR: 0.5086 AP: 0.5086
Acc: 0.5035 AUC: 0.5015 Pr: 0.5034 Re: 0.5007 F1: 0.5021 AUPR: 0.5078 AP: 0.5076
Acc: 0.5037 AUC: 0.5014 Pr: 0.5036 Re: 0.5003 F1: 0.5019 AUPR: 0.5056 AP: 0.5056
Acc: 0.5053 AUC: 0.5013 Pr: 0.5052 Re: 0.5027 F1: 0.5039 AUPR: 0.5071 AP: 0.5071
Acc: 0.5040 AUC: 0.5026 Pr: 0.5039 Re: 0.5012 F1: 0.5025 AUPR: 0.5090 AP: 0.5091
Acc: 0.5039 AUC: 0.5033 Pr: 0.5038 Re: 0.5018 F1: 0.5028 AUPR: 0.5108 AP: 0.5108
Acc: 0.5052 AUC: 0.5032 Pr: 0.5051 Re: 0.5023 F1: 0.5037 AUPR: 0.5096 AP: 0.5097
Acc: 0.5039 AUC: 0.5032 Pr: 0.5038 Re: 0.5018 F1: 0.5028 AUPR: 0.5077 AP: 0.5078
Acc: 0.5045 AUC: 0.5029 Pr: 0.5044 Re: 0.5019 F1: 0.5031 AUPR: 0.5094 AP: 0.5096
Acc: 0.5037 AUC: 0.5022 Pr: 0.5036 Re: 0.5007 F1: 0.5021 AUPR: 0.5063 AP: 0.5063
Acc: 0.5042 AUC: 0.5015 Pr: 0.5041 Re: 0.5020 F1: 0.5030 AUPR: 0.5056 AP: 0.5058
Acc: 0.5037 AUC: 0.5029 Pr: 0.5036 Re: 0.5015 F1: 0.5025 AUPR: 0.5089 AP: 0.5089
Acc: 0.5042 AUC: 0.5022 Pr: 0.5041 Re: 0.5018 F1: 0.5029 AUPR: 0.5073 AP: 0.5072
Acc: 0.5036 AUC: 0.5023 Pr: 0.5035 Re: 0.5012 F1: 0.5024 AUPR: 0.5067 AP: 0.5068
Acc: 0.5044 AUC: 0.5026 Pr: 0.5043 Re: 0.5018 F1: 0.5030 AUPR: 0.5071 AP: 0.5070
Acc: 0.5027 AUC: 0.5014 Pr: 0.5026 Re: 0.5001 F1: 0.5014 AUPR: 0.5050 AP: 0.5052
Acc: 0.5037 AUC: 0.5031 Pr: 0.5036 Re: 0.5013 F1: 0.5025 AUPR: 0.5075 AP: 0.5076
Acc: 0.5036 AUC: 0.5026 Pr: 0.5035 Re: 0.5012 F1: 0.5023 AUPR: 0.5079 AP: 0.5079
Acc: 0.5043 AUC: 0.5024 Pr: 0.5042 Re: 0.5015 F1: 0.5028 AUPR: 0.5086 AP: 0.5085
Acc: 0.5041 AUC: 0.5016 Pr: 0.5040 Re: 0.5014 F1: 0.5027 AUPR: 0.5066 AP: 0.5066
Acc: 0.5038 AUC: 0.5023 Pr: 0.5037 Re: 0.5006 F1: 0.5022 AUPR: 0.5083 AP: 0.5083
Acc: 0.5035 AUC: 0.5022 Pr: 0.5034 Re: 0.5024 F1: 0.5029 AUPR: 0.5049 AP: 0.5051
Acc: 0.5041 AUC: 0.5023 Pr: 0.5040 Re: 0.5027 F1: 0.5033 AUPR: 0.5077 AP: 0.5076
Acc: 0.5049 AUC: 0.5029 Pr: 0.5048 Re: 0.5026 F1: 0.5037 AUPR: 0.5087 AP: 0.5086
Acc: 0.5041 AUC: 0.5028 Pr: 0.5040 Re: 0.5020 F1: 0.5030 AUPR: 0.5089 AP: 0.5088
Acc: 0.5038 AUC: 0.5015 Pr: 0.5037 Re: 0.5021 F1: 0.5029 AUPR: 0.5067 AP: 0.5068
Acc: 0.5038 AUC: 0.5026 Pr: 0.5037 Re: 0.5025 F1: 0.5031 AUPR: 0.5065 AP: 0.5066
Acc: 0.5048 AUC: 0.5026 Pr: 0.5047 Re: 0.5034 F1: 0.5040 AUPR: 0.5082 AP: 0.5082
Acc: 0.5028 AUC: 0.5017 Pr: 0.5026 Re: 0.5011 F1: 0.5019 AUPR: 0.5071 AP: 0.5071
Acc: 0.5046 AUC: 0.5038 Pr: 0.5045 Re: 0.5038 F1: 0.5042 AUPR: 0.5112 AP: 0.5110
Acc: 0.5039 AUC: 0.5017 Pr: 0.5038 Re: 0.5038 F1: 0.5038 AUPR: 0.5080 AP: 0.5080
Acc: 0.5035 AUC: 0.5024 Pr: 0.5034 Re: 0.5023 F1: 0.5029 AUPR: 0.5069 AP: 0.5068
Acc: 0.5041 AUC: 0.5026 Pr: 0.5040 Re: 0.5032 F1: 0.5036 AUPR: 0.5090 AP: 0.5089
Acc: 0.5042 AUC: 0.5023 Pr: 0.5040 Re: 0.5038 F1: 0.5039 AUPR: 0.5082 AP: 0.5082
Acc: 0.5040 AUC: 0.5023 Pr: 0.5039 Re: 0.5026 F1: 0.5032 AUPR: 0.5068 AP: 0.5068
Acc: 0.5032 AUC: 0.5030 Pr: 0.5031 Re: 0.5019 F1: 0.5025 AUPR: 0.5102 AP: 0.5100
Acc: 0.5037 AUC: 0.5037 Pr: 0.5036 Re: 0.5041 F1: 0.5038 AUPR: 0.5096 AP: 0.5096
Acc: 0.5042 AUC: 0.5025 Pr: 0.5041 Re: 0.5032 F1: 0.5037 AUPR: 0.5090 AP: 0.5089
Acc: 0.5047 AUC: 0.5030 Pr: 0.5046 Re: 0.5044 F1: 0.5045 AUPR: 0.5063 AP: 0.5064
Acc: 0.5038 AUC: 0.5042 Pr: 0.5036 Re: 0.5039 F1: 0.5038 AUPR: 0.5098 AP: 0.5098
Acc: 0.5039 AUC: 0.5017 Pr: 0.5038 Re: 0.5034 F1: 0.5036 AUPR: 0.5066 AP: 0.5066
Acc: 0.5040 AUC: 0.5023 Pr: 0.5039 Re: 0.5029 F1: 0.5034 AUPR: 0.5081 AP: 0.5079
Acc: 0.5037 AUC: 0.5030 Pr: 0.5036 Re: 0.5039 F1: 0.5037 AUPR: 0.5057 AP: 0.5059
Acc: 0.5039 AUC: 0.5007 Pr: 0.5038 Re: 0.5045 F1: 0.5042 AUPR: 0.5056 AP: 0.5056
Acc: 0.5039 AUC: 0.5032 Pr: 0.5037 Re: 0.5036 F1: 0.5037 AUPR: 0.5084 AP: 0.5083
Acc: 0.5038 AUC: 0.5027 Pr: 0.5037 Re: 0.5033 F1: 0.5035 AUPR: 0.5067 AP: 0.5068
Acc: 0.5043 AUC: 0.5027 Pr: 0.5042 Re: 0.5046 F1: 0.5044 AUPR: 0.5086 AP: 0.5086
Acc: 0.5042 AUC: 0.5027 Pr: 0.5040 Re: 0.5046 F1: 0.5043 AUPR: 0.5069 AP: 0.5069
Acc: 0.5042 AUC: 0.5015 Pr: 0.5041 Re: 0.5043 F1: 0.5042 AUPR: 0.5068 AP: 0.5068
Acc: 0.5035 AUC: 0.5030 Pr: 0.5034 Re: 0.5036 F1: 0.5035 AUPR: 0.5083 AP: 0.5082
Acc: 0.5041 AUC: 0.5028 Pr: 0.5039 Re: 0.5042 F1: 0.5041 AUPR: 0.5085 AP: 0.5085
Acc: 0.5041 AUC: 0.5024 Pr: 0.5040 Re: 0.5043 F1: 0.5041 AUPR: 0.5059 AP: 0.5059
Acc: 0.5043 AUC: 0.5036 Pr: 0.5042 Re: 0.5037 F1: 0.5040 AUPR: 0.5105 AP: 0.5104
Acc: 0.5040 AUC: 0.5016 Pr: 0.5038 Re: 0.5042 F1: 0.5040 AUPR: 0.5080 AP: 0.5080
Acc: 0.5029 AUC: 0.5022 Pr: 0.5028 Re: 0.5020 F1: 0.5024 AUPR: 0.5068 AP: 0.5068
Acc: 0.5041 AUC: 0.5023 Pr: 0.5040 Re: 0.5044 F1: 0.5042 AUPR: 0.5079 AP: 0.5078
Acc: 0.5038 AUC: 0.5034 Pr: 0.5037 Re: 0.5040 F1: 0.5039 AUPR: 0.5099 AP: 0.5097
Acc: 0.5039 AUC: 0.5022 Pr: 0.5037 Re: 0.5036 F1: 0.5037 AUPR: 0.5077 AP: 0.5077
Acc: 0.5032 AUC: 0.5013 Pr: 0.5031 Re: 0.5027 F1: 0.5029 AUPR: 0.5070 AP: 0.5069
Acc: 0.5035 AUC: 0.5031 Pr: 0.5034 Re: 0.5034 F1: 0.5034 AUPR: 0.5080 AP: 0.5081
Acc: 0.5042 AUC: 0.5032 Pr: 0.5041 Re: 0.5046 F1: 0.5044 AUPR: 0.5098 AP: 0.5096
Acc: 0.5044 AUC: 0.5029 Pr: 0.5043 Re: 0.5042 F1: 0.5042 AUPR: 0.5083 AP: 0.5083
Acc: 0.5049 AUC: 0.5037 Pr: 0.5048 Re: 0.5056 F1: 0.5052 AUPR: 0.5095 AP: 0.5095
Acc: 0.5033 AUC: 0.5016 Pr: 0.5032 Re: 0.5041 F1: 0.5036 AUPR: 0.5065 AP: 0.5065
Acc: 0.5044 AUC: 0.5027 Pr: 0.5043 Re: 0.5039 F1: 0.5041 AUPR: 0.5056 AP: 0.5057
Acc: 0.5038 AUC: 0.5020 Pr: 0.5037 Re: 0.5045 F1: 0.5041 AUPR: 0.5079 AP: 0.5079
Acc: 0.5044 AUC: 0.5013 Pr: 0.5043 Re: 0.5048 F1: 0.5045 AUPR: 0.5065 AP: 0.5064
Acc: 0.5044 AUC: 0.5026 Pr: 0.5043 Re: 0.5046 F1: 0.5045 AUPR: 0.5069 AP: 0.5069
Acc: 0.5032 AUC: 0.5022 Pr: 0.5031 Re: 0.5035 F1: 0.5033 AUPR: 0.5063 AP: 0.5063
Acc: 0.5040 AUC: 0.5024 Pr: 0.5039 Re: 0.5040 F1: 0.5040 AUPR: 0.5065 AP: 0.5065
Acc: 0.5041 AUC: 0.5022 Pr: 0.5039 Re: 0.5054 F1: 0.5047 AUPR: 0.5082 AP: 0.5081
Acc: 0.5033 AUC: 0.5036 Pr: 0.5032 Re: 0.5032 F1: 0.5032 AUPR: 0.5101 AP: 0.5100
Acc: 0.5044 AUC: 0.5025 Pr: 0.5043 Re: 0.5048 F1: 0.5045 AUPR: 0.5081 AP: 0.5081
Acc: 0.5043 AUC: 0.5038 Pr: 0.5042 Re: 0.5044 F1: 0.5043 AUPR: 0.5084 AP: 0.5083
Acc: 0.5045 AUC: 0.5037 Pr: 0.5044 Re: 0.5046 F1: 0.5045 AUPR: 0.5097 AP: 0.5097
Acc: 0.5041 AUC: 0.5043 Pr: 0.5039 Re: 0.5033 F1: 0.5036 AUPR: 0.5100 AP: 0.5100
Acc: 0.5039 AUC: 0.5030 Pr: 0.5038 Re: 0.5040 F1: 0.5039 AUPR: 0.5092 AP: 0.5091
Acc: 0.5039 AUC: 0.5032 Pr: 0.5038 Re: 0.5036 F1: 0.5037 AUPR: 0.5083 AP: 0.5084
Acc: 0.5041 AUC: 0.5028 Pr: 0.5040 Re: 0.5036 F1: 0.5038 AUPR: 0.5080 AP: 0.5081
Acc: 0.5042 AUC: 0.5031 Pr: 0.5041 Re: 0.5044 F1: 0.5042 AUPR: 0.5084 AP: 0.5084
Acc: 0.5041 AUC: 0.5031 Pr: 0.5040 Re: 0.5028 F1: 0.5034 AUPR: 0.5079 AP: 0.5078
Acc: 0.5033 AUC: 0.5021 Pr: 0.5032 Re: 0.5029 F1: 0.5030 AUPR: 0.5071 AP: 0.5072
Acc: 0.5031 AUC: 0.5022 Pr: 0.5030 Re: 0.5028 F1: 0.5029 AUPR: 0.5063 AP: 0.5063
Acc: 0.5036 AUC: 0.5036 Pr: 0.5035 Re: 0.5034 F1: 0.5034 AUPR: 0.5077 AP: 0.5077
Acc: 0.5035 AUC: 0.5023 Pr: 0.5034 Re: 0.5026 F1: 0.5030 AUPR: 0.5067 AP: 0.5066
Acc: 0.5048 AUC: 0.5028 Pr: 0.5046 Re: 0.5046 F1: 0.5046 AUPR: 0.5072 AP: 0.5072
Acc: 0.5036 AUC: 0.5031 Pr: 0.5035 Re: 0.5032 F1: 0.5034 AUPR: 0.5093 AP: 0.5092
Acc: 0.5043 AUC: 0.5021 Pr: 0.5042 Re: 0.5043 F1: 0.5043 AUPR: 0.5051 AP: 0.5051
Acc: 0.5044 AUC: 0.5025 Pr: 0.5043 Re: 0.5036 F1: 0.5039 AUPR: 0.5078 AP: 0.5077
Acc: 0.5046 AUC: 0.5020 Pr: 0.5044 Re: 0.5044 F1: 0.5044 AUPR: 0.5072 AP: 0.5073
Acc: 0.5040 AUC: 0.5024 Pr: 0.5039 Re: 0.5046 F1: 0.5043 AUPR: 0.5076 AP: 0.5075
Acc: 0.5043 AUC: 0.5029 Pr: 0.5042 Re: 0.5032 F1: 0.5037 AUPR: 0.5084 AP: 0.5085
Acc: 0.5039 AUC: 0.5017 Pr: 0.5038 Re: 0.5041 F1: 0.5039 AUPR: 0.5055 AP: 0.5055
Acc: 0.5032 AUC: 0.5040 Pr: 0.5031 Re: 0.5029 F1: 0.5030 AUPR: 0.5101 AP: 0.5101
Acc: 0.5044 AUC: 0.5023 Pr: 0.5043 Re: 0.5041 F1: 0.5042 AUPR: 0.5081 AP: 0.5080
Acc: 0.5041 AUC: 0.5018 Pr: 0.5039 Re: 0.5049 F1: 0.5044 AUPR: 0.5047 AP: 0.5049
Acc: 0.5043 AUC: 0.5022 Pr: 0.5042 Re: 0.5047 F1: 0.5044 AUPR: 0.5067 AP: 0.5068
Acc: 0.5036 AUC: 0.5018 Pr: 0.5035 Re: 0.5029 F1: 0.5032 AUPR: 0.5055 AP: 0.5058
Acc: 0.5036 AUC: 0.5036 Pr: 0.5035 Re: 0.5036 F1: 0.5036 AUPR: 0.5077 AP: 0.5077
Acc: 0.5033 AUC: 0.5021 Pr: 0.5031 Re: 0.5035 F1: 0.5033 AUPR: 0.5081 AP: 0.5080
Acc: 0.5039 AUC: 0.5025 Pr: 0.5038 Re: 0.5038 F1: 0.5038 AUPR: 0.5067 AP: 0.5067
Acc: 0.5036 AUC: 0.5030 Pr: 0.5035 Re: 0.5043 F1: 0.5039 AUPR: 0.5080 AP: 0.5080
Acc: 0.5039 AUC: 0.5027 Pr: 0.5038 Re: 0.5041 F1: 0.5040 AUPR: 0.5085 AP: 0.5085
Acc: 0.5048 AUC: 0.5033 Pr: 0.5046 Re: 0.5047 F1: 0.5047 AUPR: 0.5093 AP: 0.5094
Acc: 0.5048 AUC: 0.5024 Pr: 0.5046 Re: 0.5041 F1: 0.5044 AUPR: 0.5079 AP: 0.5078
Acc: 0.5039 AUC: 0.5023 Pr: 0.5038 Re: 0.5038 F1: 0.5038 AUPR: 0.5079 AP: 0.5078
Acc: 0.5039 AUC: 0.5026 Pr: 0.5038 Re: 0.5039 F1: 0.5038 AUPR: 0.5084 AP: 0.5084
Acc: 0.5042 AUC: 0.5024 Pr: 0.5040 Re: 0.5038 F1: 0.5039 AUPR: 0.5083 AP: 0.5082
Acc: 0.5033 AUC: 0.5025 Pr: 0.5032 Re: 0.5028 F1: 0.5030 AUPR: 0.5070 AP: 0.5071
Acc: 0.5031 AUC: 0.5026 Pr: 0.5030 Re: 0.5036 F1: 0.5033 AUPR: 0.5076 AP: 0.5077
Acc: 0.5043 AUC: 0.5020 Pr: 0.5042 Re: 0.5051 F1: 0.5047 AUPR: 0.5061 AP: 0.5061
Acc: 0.5044 AUC: 0.5032 Pr: 0.5043 Re: 0.5039 F1: 0.5041 AUPR: 0.5076 AP: 0.5076
Acc: 0.5041 AUC: 0.5028 Pr: 0.5040 Re: 0.5052 F1: 0.5046 AUPR: 0.5076 AP: 0.5077
Acc: 0.5035 AUC: 0.5023 Pr: 0.5034 Re: 0.5045 F1: 0.5039 AUPR: 0.5073 AP: 0.5072
Acc: 0.5039 AUC: 0.5024 Pr: 0.5037 Re: 0.5049 F1: 0.5043 AUPR: 0.5070 AP: 0.5071
Acc: 0.5043 AUC: 0.5035 Pr: 0.5041 Re: 0.5051 F1: 0.5046 AUPR: 0.5076 AP: 0.5076
Acc: 0.5037 AUC: 0.5014 Pr: 0.5036 Re: 0.5042 F1: 0.5039 AUPR: 0.5067 AP: 0.5067
Acc: 0.5041 AUC: 0.5041 Pr: 0.5040 Re: 0.5051 F1: 0.5046 AUPR: 0.5090 AP: 0.5090
Acc: 0.5037 AUC: 0.5037 Pr: 0.5035 Re: 0.5051 F1: 0.5043 AUPR: 0.5090 AP: 0.5090
Acc: 0.5039 AUC: 0.5030 Pr: 0.5038 Re: 0.5049 F1: 0.5044 AUPR: 0.5088 AP: 0.5088
Acc: 0.5039 AUC: 0.5032 Pr: 0.5037 Re: 0.5044 F1: 0.5040 AUPR: 0.5097 AP: 0.5096
Acc: 0.5049 AUC: 0.5031 Pr: 0.5048 Re: 0.5051 F1: 0.5050 AUPR: 0.5064 AP: 0.5065
Acc: 0.5038 AUC: 0.5023 Pr: 0.5036 Re: 0.5042 F1: 0.5039 AUPR: 0.5074 AP: 0.5074
Acc: 0.5045 AUC: 0.5020 Pr: 0.5044 Re: 0.5054 F1: 0.5049 AUPR: 0.5063 AP: 0.5063
Acc: 0.5045 AUC: 0.5030 Pr: 0.5044 Re: 0.5054 F1: 0.5049 AUPR: 0.5077 AP: 0.5078
Acc: 0.5044 AUC: 0.5034 Pr: 0.5042 Re: 0.5060 F1: 0.5051 AUPR: 0.5078 AP: 0.5079
Acc: 0.5050 AUC: 0.5026 Pr: 0.5049 Re: 0.5051 F1: 0.5050 AUPR: 0.5073 AP: 0.5074
Acc: 0.5040 AUC: 0.5024 Pr: 0.5039 Re: 0.5045 F1: 0.5042 AUPR: 0.5079 AP: 0.5078
Acc: 0.5050 AUC: 0.5010 Pr: 0.5049 Re: 0.5053 F1: 0.5051 AUPR: 0.5054 AP: 0.5055
Acc: 0.5043 AUC: 0.5038 Pr: 0.5042 Re: 0.5048 F1: 0.5045 AUPR: 0.5073 AP: 0.5075
Acc: 0.5043 AUC: 0.5028 Pr: 0.5041 Re: 0.5053 F1: 0.5047 AUPR: 0.5080 AP: 0.5080
Acc: 0.5044 AUC: 0.5022 Pr: 0.5042 Re: 0.5058 F1: 0.5050 AUPR: 0.5074 AP: 0.5074
Acc: 0.5043 AUC: 0.5015 Pr: 0.5041 Re: 0.5049 F1: 0.5045 AUPR: 0.5067 AP: 0.5067
Acc: 0.5040 AUC: 0.5011 Pr: 0.5039 Re: 0.5044 F1: 0.5042 AUPR: 0.5062 AP: 0.5062
Acc: 0.5043 AUC: 0.5032 Pr: 0.5041 Re: 0.5058 F1: 0.5050 AUPR: 0.5072 AP: 0.5072
Acc: 0.5042 AUC: 0.5018 Pr: 0.5041 Re: 0.5050 F1: 0.5045 AUPR: 0.5070 AP: 0.5069
Acc: 0.5040 AUC: 0.5043 Pr: 0.5039 Re: 0.5051 F1: 0.5045 AUPR: 0.5103 AP: 0.5101
Acc: 0.5034 AUC: 0.5028 Pr: 0.5032 Re: 0.5050 F1: 0.5041 AUPR: 0.5073 AP: 0.5074
Acc: 0.5031 AUC: 0.5024 Pr: 0.5030 Re: 0.5045 F1: 0.5037 AUPR: 0.5078 AP: 0.5078
Acc: 0.5037 AUC: 0.5030 Pr: 0.5036 Re: 0.5047 F1: 0.5041 AUPR: 0.5087 AP: 0.5088
Acc: 0.5041 AUC: 0.5038 Pr: 0.5039 Re: 0.5061 F1: 0.5050 AUPR: 0.5102 AP: 0.5101
Acc: 0.5037 AUC: 0.5013 Pr: 0.5036 Re: 0.5051 F1: 0.5043 AUPR: 0.5060 AP: 0.5061
Acc: 0.5042 AUC: 0.5034 Pr: 0.5040 Re: 0.5051 F1: 0.5046 AUPR: 0.5061 AP: 0.5062
Acc: 0.5045 AUC: 0.5037 Pr: 0.5044 Re: 0.5056 F1: 0.5050 AUPR: 0.5082 AP: 0.5083
Acc: 0.5038 AUC: 0.5032 Pr: 0.5037 Re: 0.5042 F1: 0.5040 AUPR: 0.5094 AP: 0.5094
Acc: 0.5041 AUC: 0.5020 Pr: 0.5039 Re: 0.5053 F1: 0.5046 AUPR: 0.5052 AP: 0.5052
Acc: 0.5043 AUC: 0.5025 Pr: 0.5042 Re: 0.5040 F1: 0.5041 AUPR: 0.5066 AP: 0.5067
Acc: 0.5048 AUC: 0.5025 Pr: 0.5047 Re: 0.5064 F1: 0.5056 AUPR: 0.5073 AP: 0.5072
Acc: 0.5037 AUC: 0.5031 Pr: 0.5036 Re: 0.5046 F1: 0.5041 AUPR: 0.5090 AP: 0.5090
Acc: 0.5043 AUC: 0.5028 Pr: 0.5042 Re: 0.5051 F1: 0.5047 AUPR: 0.5065 AP: 0.5066
Acc: 0.5037 AUC: 0.5018 Pr: 0.5036 Re: 0.5056 F1: 0.5046 AUPR: 0.5057 AP: 0.5058
Acc: 0.5034 AUC: 0.5034 Pr: 0.5033 Re: 0.5052 F1: 0.5043 AUPR: 0.5090 AP: 0.5090
Acc: 0.5040 AUC: 0.5011 Pr: 0.5039 Re: 0.5053 F1: 0.5046 AUPR: 0.5055 AP: 0.5055
Acc: 0.5045 AUC: 0.5036 Pr: 0.5044 Re: 0.5049 F1: 0.5046 AUPR: 0.5092 AP: 0.5093
Acc: 0.5047 AUC: 0.5014 Pr: 0.5046 Re: 0.5053 F1: 0.5050 AUPR: 0.5048 AP: 0.5048
Acc: 0.5043 AUC: 0.5021 Pr: 0.5042 Re: 0.5051 F1: 0.5046 AUPR: 0.5066 AP: 0.5067
Acc: 0.5044 AUC: 0.5024 Pr: 0.5043 Re: 0.5058 F1: 0.5050 AUPR: 0.5088 AP: 0.5087
Acc: 0.5041 AUC: 0.5023 Pr: 0.5039 Re: 0.5051 F1: 0.5045 AUPR: 0.5085 AP: 0.5084
Acc: 0.5041 AUC: 0.5035 Pr: 0.5039 Re: 0.5058 F1: 0.5048 AUPR: 0.5084 AP: 0.5083
Acc: 0.5047 AUC: 0.5029 Pr: 0.5046 Re: 0.5063 F1: 0.5055 AUPR: 0.5094 AP: 0.5093
Acc: 0.5038 AUC: 0.5036 Pr: 0.5037 Re: 0.5058 F1: 0.5047 AUPR: 0.5085 AP: 0.5085
Acc: 0.5041 AUC: 0.5036 Pr: 0.5040 Re: 0.5060 F1: 0.5050 AUPR: 0.5091 AP: 0.5089
Acc: 0.5046 AUC: 0.5023 Pr: 0.5045 Re: 0.5057 F1: 0.5051 AUPR: 0.5089 AP: 0.5088
Acc: 0.5038 AUC: 0.5019 Pr: 0.5037 Re: 0.5045 F1: 0.5041 AUPR: 0.5065 AP: 0.5066
Acc: 0.5048 AUC: 0.5038 Pr: 0.5047 Re: 0.5062 F1: 0.5054 AUPR: 0.5071 AP: 0.5073
Acc: 0.5038 AUC: 0.5026 Pr: 0.5037 Re: 0.5056 F1: 0.5046 AUPR: 0.5061 AP: 0.5062
Acc: 0.5035 AUC: 0.5027 Pr: 0.5033 Re: 0.5050 F1: 0.5042 AUPR: 0.5077 AP: 0.5078
Acc: 0.5043 AUC: 0.5034 Pr: 0.5041 Re: 0.5055 F1: 0.5048 AUPR: 0.5085 AP: 0.5085
Acc: 0.5040 AUC: 0.5025 Pr: 0.5039 Re: 0.5049 F1: 0.5044 AUPR: 0.5063 AP: 0.5063
Acc: 0.5033 AUC: 0.5019 Pr: 0.5031 Re: 0.5046 F1: 0.5039 AUPR: 0.5056 AP: 0.5056
Acc: 0.5039 AUC: 0.5018 Pr: 0.5038 Re: 0.5043 F1: 0.5040 AUPR: 0.5069 AP: 0.5068
Acc: 0.5034 AUC: 0.5026 Pr: 0.5032 Re: 0.5041 F1: 0.5037 AUPR: 0.5067 AP: 0.5069
Acc: 0.5046 AUC: 0.5020 Pr: 0.5044 Re: 0.5061 F1: 0.5053 AUPR: 0.5056 AP: 0.5056
Acc: 0.5035 AUC: 0.5032 Pr: 0.5034 Re: 0.5046 F1: 0.5040 AUPR: 0.5077 AP: 0.5077
Acc: 0.5043 AUC: 0.5028 Pr: 0.5042 Re: 0.5054 F1: 0.5048 AUPR: 0.5085 AP: 0.5086
Acc: 0.5036 AUC: 0.5025 Pr: 0.5035 Re: 0.5040 F1: 0.5037 AUPR: 0.5071 AP: 0.5072
Acc: 0.5042 AUC: 0.5027 Pr: 0.5041 Re: 0.5036 F1: 0.5038 AUPR: 0.5084 AP: 0.5083
Acc: 0.5033 AUC: 0.5029 Pr: 0.5032 Re: 0.5044 F1: 0.5038 AUPR: 0.5092 AP: 0.5090
Acc: 0.5040 AUC: 0.5046 Pr: 0.5039 Re: 0.5044 F1: 0.5042 AUPR: 0.5074 AP: 0.5075
Acc: 0.5036 AUC: 0.5013 Pr: 0.5034 Re: 0.5050 F1: 0.5042 AUPR: 0.5081 AP: 0.5080
Acc: 0.5053 AUC: 0.5024 Pr: 0.5052 Re: 0.5063 F1: 0.5057 AUPR: 0.5070 AP: 0.5070
Acc: 0.5044 AUC: 0.5040 Pr: 0.5043 Re: 0.5059 F1: 0.5051 AUPR: 0.5089 AP: 0.5089
Acc: 0.5042 AUC: 0.5026 Pr: 0.5041 Re: 0.5051 F1: 0.5046 AUPR: 0.5086 AP: 0.5086
Acc: 0.5041 AUC: 0.5021 Pr: 0.5039 Re: 0.5064 F1: 0.5052 AUPR: 0.5086 AP: 0.5085
Acc: 0.5046 AUC: 0.5027 Pr: 0.5044 Re: 0.5070 F1: 0.5057 AUPR: 0.5070 AP: 0.5071
Acc: 0.5039 AUC: 0.5031 Pr: 0.5037 Re: 0.5060 F1: 0.5049 AUPR: 0.5088 AP: 0.5088
Acc: 0.5039 AUC: 0.5022 Pr: 0.5038 Re: 0.5051 F1: 0.5045 AUPR: 0.5066 AP: 0.5065
Acc: 0.5041 AUC: 0.5033 Pr: 0.5040 Re: 0.5050 F1: 0.5045 AUPR: 0.5064 AP: 0.5065
Acc: 0.5042 AUC: 0.5026 Pr: 0.5040 Re: 0.5056 F1: 0.5048 AUPR: 0.5066 AP: 0.5066
Acc: 0.5041 AUC: 0.5035 Pr: 0.5040 Re: 0.5061 F1: 0.5050 AUPR: 0.5077 AP: 0.5078
Acc: 0.5035 AUC: 0.5030 Pr: 0.5034 Re: 0.5051 F1: 0.5043 AUPR: 0.5083 AP: 0.5085
Acc: 0.5052 AUC: 0.5035 Pr: 0.5050 Re: 0.5063 F1: 0.5057 AUPR: 0.5078 AP: 0.5079
Acc: 0.5039 AUC: 0.5019 Pr: 0.5038 Re: 0.5053 F1: 0.5045 AUPR: 0.5071 AP: 0.5071
Acc: 0.5035 AUC: 0.5031 Pr: 0.5033 Re: 0.5048 F1: 0.5041 AUPR: 0.5071 AP: 0.5072
Acc: 0.5047 AUC: 0.5028 Pr: 0.5045 Re: 0.5074 F1: 0.5060 AUPR: 0.5083 AP: 0.5082
Acc: 0.5039 AUC: 0.5040 Pr: 0.5038 Re: 0.5052 F1: 0.5045 AUPR: 0.5116 AP: 0.5115
Acc: 0.5045 AUC: 0.5033 Pr: 0.5044 Re: 0.5059 F1: 0.5052 AUPR: 0.5087 AP: 0.5086
Acc: 0.5040 AUC: 0.5024 Pr: 0.5039 Re: 0.5049 F1: 0.5044 AUPR: 0.5053 AP: 0.5055
Acc: 0.5039 AUC: 0.5024 Pr: 0.5038 Re: 0.5057 F1: 0.5048 AUPR: 0.5092 AP: 0.5092
Acc: 0.5035 AUC: 0.5028 Pr: 0.5034 Re: 0.5048 F1: 0.5041 AUPR: 0.5083 AP: 0.5082
Acc: 0.5047 AUC: 0.5034 Pr: 0.5045 Re: 0.5051 F1: 0.5048 AUPR: 0.5103 AP: 0.5101
Acc: 0.5047 AUC: 0.5032 Pr: 0.5046 Re: 0.5063 F1: 0.5054 AUPR: 0.5072 AP: 0.5072
Acc: 0.5044 AUC: 0.5028 Pr: 0.5042 Re: 0.5060 F1: 0.5051 AUPR: 0.5085 AP: 0.5084
Acc: 0.5052 AUC: 0.5025 Pr: 0.5050 Re: 0.5069 F1: 0.5060 AUPR: 0.5071 AP: 0.5071
Acc: 0.5040 AUC: 0.5021 Pr: 0.5039 Re: 0.5047 F1: 0.5043 AUPR: 0.5092 AP: 0.5090
Acc: 0.5038 AUC: 0.5031 Pr: 0.5036 Re: 0.5055 F1: 0.5046 AUPR: 0.5074 AP: 0.5075
Acc: 0.5041 AUC: 0.5036 Pr: 0.5040 Re: 0.5051 F1: 0.5045 AUPR: 0.5074 AP: 0.5074
Acc: 0.5042 AUC: 0.5033 Pr: 0.5041 Re: 0.5053 F1: 0.5047 AUPR: 0.5081 AP: 0.5081
Acc: 0.5043 AUC: 0.5030 Pr: 0.5041 Re: 0.5057 F1: 0.5049 AUPR: 0.5083 AP: 0.5084
Acc: 0.5034 AUC: 0.5020 Pr: 0.5033 Re: 0.5047 F1: 0.5040 AUPR: 0.5051 AP: 0.5051
Acc: 0.5040 AUC: 0.5035 Pr: 0.5039 Re: 0.5059 F1: 0.5049 AUPR: 0.5077 AP: 0.5079
Acc: 0.5043 AUC: 0.5030 Pr: 0.5042 Re: 0.5063 F1: 0.5052 AUPR: 0.5084 AP: 0.5083
Acc: 0.5037 AUC: 0.5026 Pr: 0.5036 Re: 0.5053 F1: 0.5045 AUPR: 0.5080 AP: 0.5079
Acc: 0.5038 AUC: 0.5015 Pr: 0.5037 Re: 0.5052 F1: 0.5044 AUPR: 0.5064 AP: 0.5064
Acc: 0.5039 AUC: 0.5011 Pr: 0.5038 Re: 0.5058 F1: 0.5048 AUPR: 0.5051 AP: 0.5052
Acc: 0.5038 AUC: 0.5044 Pr: 0.5037 Re: 0.5062 F1: 0.5049 AUPR: 0.5105 AP: 0.5104
Acc: 0.5039 AUC: 0.5029 Pr: 0.5038 Re: 0.5053 F1: 0.5045 AUPR: 0.5071 AP: 0.5072
Acc: 0.5033 AUC: 0.5013 Pr: 0.5032 Re: 0.5057 F1: 0.5044 AUPR: 0.5046 AP: 0.5047
Acc: 0.5045 AUC: 0.5024 Pr: 0.5044 Re: 0.5055 F1: 0.5049 AUPR: 0.5055 AP: 0.5055
Acc: 0.5035 AUC: 0.5029 Pr: 0.5033 Re: 0.5039 F1: 0.5036 AUPR: 0.5087 AP: 0.5086
Acc: 0.5041 AUC: 0.5024 Pr: 0.5039 Re: 0.5066 F1: 0.5053 AUPR: 0.5052 AP: 0.5054
Acc: 0.5038 AUC: 0.5026 Pr: 0.5036 Re: 0.5051 F1: 0.5044 AUPR: 0.5078 AP: 0.5076
Acc: 0.5035 AUC: 0.5013 Pr: 0.5034 Re: 0.5053 F1: 0.5044 AUPR: 0.5056 AP: 0.5058
Acc: 0.5035 AUC: 0.5019 Pr: 0.5034 Re: 0.5046 F1: 0.5040 AUPR: 0.5073 AP: 0.5073
Acc: 0.5039 AUC: 0.5029 Pr: 0.5038 Re: 0.5054 F1: 0.5046 AUPR: 0.5082 AP: 0.5081
Acc: 0.5036 AUC: 0.5024 Pr: 0.5034 Re: 0.5045 F1: 0.5040 AUPR: 0.5072 AP: 0.5073
Acc: 0.5040 AUC: 0.5033 Pr: 0.5038 Re: 0.5056 F1: 0.5047 AUPR: 0.5066 AP: 0.5067
Acc: 0.5041 AUC: 0.5022 Pr: 0.5039 Re: 0.5062 F1: 0.5050 AUPR: 0.5092 AP: 0.5091
Acc: 0.5038 AUC: 0.5028 Pr: 0.5037 Re: 0.5057 F1: 0.5047 AUPR: 0.5084 AP: 0.5084
Acc: 0.5038 AUC: 0.5026 Pr: 0.5036 Re: 0.5052 F1: 0.5044 AUPR: 0.5080 AP: 0.5079
Acc: 0.5045 AUC: 0.5023 Pr: 0.5044 Re: 0.5053 F1: 0.5049 AUPR: 0.5073 AP: 0.5073
Acc: 0.5035 AUC: 0.5033 Pr: 0.5034 Re: 0.5047 F1: 0.5041 AUPR: 0.5093 AP: 0.5091
Acc: 0.5041 AUC: 0.5040 Pr: 0.5040 Re: 0.5054 F1: 0.5047 AUPR: 0.5107 AP: 0.5106
Acc: 0.5041 AUC: 0.5032 Pr: 0.5039 Re: 0.5061 F1: 0.5050 AUPR: 0.5082 AP: 0.5082
Acc: 0.5042 AUC: 0.5017 Pr: 0.5040 Re: 0.5059 F1: 0.5050 AUPR: 0.5065 AP: 0.5064
Acc: 0.5036 AUC: 0.5018 Pr: 0.5034 Re: 0.5050 F1: 0.5042 AUPR: 0.5066 AP: 0.5068
Acc: 0.5035 AUC: 0.5022 Pr: 0.5034 Re: 0.5044 F1: 0.5039 AUPR: 0.5056 AP: 0.5056
Acc: 0.5042 AUC: 0.5017 Pr: 0.5041 Re: 0.5052 F1: 0.5047 AUPR: 0.5071 AP: 0.5072
Acc: 0.5042 AUC: 0.5023 Pr: 0.5040 Re: 0.5062 F1: 0.5051 AUPR: 0.5069 AP: 0.5070
Acc: 0.5036 AUC: 0.5033 Pr: 0.5035 Re: 0.5049 F1: 0.5042 AUPR: 0.5090 AP: 0.5090
Acc: 0.5044 AUC: 0.5033 Pr: 0.5043 Re: 0.5053 F1: 0.5048 AUPR: 0.5079 AP: 0.5080
Acc: 0.5041 AUC: 0.5028 Pr: 0.5040 Re: 0.5046 F1: 0.5043 AUPR: 0.5073 AP: 0.5074
Acc: 0.5039 AUC: 0.5023 Pr: 0.5038 Re: 0.5052 F1: 0.5045 AUPR: 0.5077 AP: 0.5078
Acc: 0.5053 AUC: 0.5018 Pr: 0.5052 Re: 0.5066 F1: 0.5059 AUPR: 0.5074 AP: 0.5073
Acc: 0.5051 AUC: 0.5025 Pr: 0.5049 Re: 0.5066 F1: 0.5058 AUPR: 0.5078 AP: 0.5078
Acc: 0.5045 AUC: 0.5027 Pr: 0.5043 Re: 0.5060 F1: 0.5052 AUPR: 0.5084 AP: 0.5084
Acc: 0.5044 AUC: 0.5018 Pr: 0.5043 Re: 0.5054 F1: 0.5049 AUPR: 0.5072 AP: 0.5072
Acc: 0.5041 AUC: 0.5027 Pr: 0.5040 Re: 0.5049 F1: 0.5044 AUPR: 0.5062 AP: 0.5063
Acc: 0.5043 AUC: 0.5028 Pr: 0.5041 Re: 0.5044 F1: 0.5043 AUPR: 0.5071 AP: 0.5073
Acc: 0.5038 AUC: 0.5029 Pr: 0.5036 Re: 0.5065 F1: 0.5051 AUPR: 0.5090 AP: 0.5090
Acc: 0.5041 AUC: 0.5026 Pr: 0.5039 Re: 0.5049 F1: 0.5044 AUPR: 0.5065 AP: 0.5066
Acc: 0.5039 AUC: 0.5022 Pr: 0.5038 Re: 0.5048 F1: 0.5043 AUPR: 0.5078 AP: 0.5078
Acc: 0.5036 AUC: 0.5017 Pr: 0.5034 Re: 0.5052 F1: 0.5043 AUPR: 0.5067 AP: 0.5069
Acc: 0.5049 AUC: 0.5027 Pr: 0.5048 Re: 0.5066 F1: 0.5057 AUPR: 0.5057 AP: 0.5058
Acc: 0.5045 AUC: 0.5024 Pr: 0.5043 Re: 0.5074 F1: 0.5058 AUPR: 0.5069 AP: 0.5069
Acc: 0.5042 AUC: 0.5010 Pr: 0.5040 Re: 0.5064 F1: 0.5052 AUPR: 0.5056 AP: 0.5056
Acc: 0.5034 AUC: 0.5021 Pr: 0.5033 Re: 0.5049 F1: 0.5041 AUPR: 0.5083 AP: 0.5082
Acc: 0.5033 AUC: 0.5033 Pr: 0.5031 Re: 0.5050 F1: 0.5041 AUPR: 0.5070 AP: 0.5070
Acc: 0.5036 AUC: 0.5017 Pr: 0.5035 Re: 0.5054 F1: 0.5045 AUPR: 0.5068 AP: 0.5068
Acc: 0.5040 AUC: 0.5020 Pr: 0.5039 Re: 0.5057 F1: 0.5048 AUPR: 0.5075 AP: 0.5074
Acc: 0.5041 AUC: 0.5025 Pr: 0.5039 Re: 0.5053 F1: 0.5046 AUPR: 0.5057 AP: 0.5058
Acc: 0.5027 AUC: 0.5028 Pr: 0.5026 Re: 0.5042 F1: 0.5034 AUPR: 0.5090 AP: 0.5090
Acc: 0.5033 AUC: 0.5026 Pr: 0.5031 Re: 0.5055 F1: 0.5043 AUPR: 0.5066 AP: 0.5066
Acc: 0.5049 AUC: 0.5038 Pr: 0.5048 Re: 0.5065 F1: 0.5056 AUPR: 0.5085 AP: 0.5085
Acc: 0.5036 AUC: 0.5018 Pr: 0.5035 Re: 0.5049 F1: 0.5042 AUPR: 0.5068 AP: 0.5069
Acc: 0.5038 AUC: 0.5035 Pr: 0.5037 Re: 0.5054 F1: 0.5046 AUPR: 0.5082 AP: 0.5082
Acc: 0.5046 AUC: 0.5047 Pr: 0.5045 Re: 0.5056 F1: 0.5050 AUPR: 0.5105 AP: 0.5105
Acc: 0.5034 AUC: 0.5011 Pr: 0.5033 Re: 0.5050 F1: 0.5041 AUPR: 0.5058 AP: 0.5059
Acc: 0.5049 AUC: 0.5036 Pr: 0.5048 Re: 0.5070 F1: 0.5059 AUPR: 0.5094 AP: 0.5094
Acc: 0.5040 AUC: 0.5037 Pr: 0.5039 Re: 0.5056 F1: 0.5048 AUPR: 0.5108 AP: 0.5108
Acc: 0.5028 AUC: 0.5029 Pr: 0.5026 Re: 0.5046 F1: 0.5036 AUPR: 0.5063 AP: 0.5064
Acc: 0.5040 AUC: 0.5032 Pr: 0.5039 Re: 0.5059 F1: 0.5049 AUPR: 0.5100 AP: 0.5099
Acc: 0.5040 AUC: 0.5037 Pr: 0.5039 Re: 0.5057 F1: 0.5048 AUPR: 0.5082 AP: 0.5082
Acc: 0.5042 AUC: 0.5019 Pr: 0.5041 Re: 0.5061 F1: 0.5051 AUPR: 0.5073 AP: 0.5072
Acc: 0.5041 AUC: 0.5028 Pr: 0.5040 Re: 0.5053 F1: 0.5047 AUPR: 0.5064 AP: 0.5066
Acc: 0.5041 AUC: 0.5027 Pr: 0.5040 Re: 0.5054 F1: 0.5047 AUPR: 0.5106 AP: 0.5104
Acc: 0.5041 AUC: 0.5043 Pr: 0.5039 Re: 0.5054 F1: 0.5047 AUPR: 0.5099 AP: 0.5099
Acc: 0.5028 AUC: 0.5023 Pr: 0.5027 Re: 0.5042 F1: 0.5035 AUPR: 0.5072 AP: 0.5071
Acc: 0.5038 AUC: 0.5031 Pr: 0.5037 Re: 0.5066 F1: 0.5051 AUPR: 0.5073 AP: 0.5073
Acc: 0.5038 AUC: 0.5025 Pr: 0.5037 Re: 0.5049 F1: 0.5043 AUPR: 0.5101 AP: 0.5100
Acc: 0.5040 AUC: 0.5028 Pr: 0.5038 Re: 0.5061 F1: 0.5050 AUPR: 0.5089 AP: 0.5089
Acc: 0.5033 AUC: 0.5021 Pr: 0.5031 Re: 0.5045 F1: 0.5038 AUPR: 0.5073 AP: 0.5072
Acc: 0.5033 AUC: 0.5017 Pr: 0.5031 Re: 0.5042 F1: 0.5037 AUPR: 0.5058 AP: 0.5059
Acc: 0.5048 AUC: 0.5034 Pr: 0.5047 Re: 0.5060 F1: 0.5054 AUPR: 0.5108 AP: 0.5107
Acc: 0.5042 AUC: 0.5024 Pr: 0.5041 Re: 0.5052 F1: 0.5047 AUPR: 0.5072 AP: 0.5071
Acc: 0.5036 AUC: 0.5024 Pr: 0.5035 Re: 0.5049 F1: 0.5042 AUPR: 0.5074 AP: 0.5074
Acc: 0.5044 AUC: 0.5028 Pr: 0.5043 Re: 0.5050 F1: 0.5047 AUPR: 0.5072 AP: 0.5072
Acc: 0.5038 AUC: 0.5031 Pr: 0.5037 Re: 0.5052 F1: 0.5045 AUPR: 0.5093 AP: 0.5094
Acc: 0.5040 AUC: 0.5025 Pr: 0.5038 Re: 0.5053 F1: 0.5046 AUPR: 0.5080 AP: 0.5080
Acc: 0.5039 AUC: 0.5033 Pr: 0.5037 Re: 0.5060 F1: 0.5049 AUPR: 0.5082 AP: 0.5082
Acc: 0.5051 AUC: 0.5028 Pr: 0.5049 Re: 0.5071 F1: 0.5060 AUPR: 0.5083 AP: 0.5082
Acc: 0.5042 AUC: 0.5034 Pr: 0.5040 Re: 0.5058 F1: 0.5049 AUPR: 0.5085 AP: 0.5086
Acc: 0.5045 AUC: 0.5034 Pr: 0.5043 Re: 0.5057 F1: 0.5050 AUPR: 0.5068 AP: 0.5070
Acc: 0.5048 AUC: 0.5023 Pr: 0.5047 Re: 0.5067 F1: 0.5057 AUPR: 0.5061 AP: 0.5061
Acc: 0.5039 AUC: 0.5032 Pr: 0.5037 Re: 0.5055 F1: 0.5046 AUPR: 0.5104 AP: 0.5103
Acc: 0.5048 AUC: 0.5018 Pr: 0.5046 Re: 0.5058 F1: 0.5052 AUPR: 0.5052 AP: 0.5052
Acc: 0.5036 AUC: 0.5036 Pr: 0.5035 Re: 0.5059 F1: 0.5047 AUPR: 0.5080 AP: 0.5080
Acc: 0.5039 AUC: 0.5018 Pr: 0.5038 Re: 0.5045 F1: 0.5042 AUPR: 0.5075 AP: 0.5075
Acc: 0.5039 AUC: 0.5031 Pr: 0.5038 Re: 0.5054 F1: 0.5046 AUPR: 0.5091 AP: 0.5090
Acc: 0.5046 AUC: 0.5025 Pr: 0.5045 Re: 0.5065 F1: 0.5055 AUPR: 0.5073 AP: 0.5072
Acc: 0.5044 AUC: 0.5036 Pr: 0.5043 Re: 0.5046 F1: 0.5044 AUPR: 0.5070 AP: 0.5071
Acc: 0.5042 AUC: 0.5015 Pr: 0.5041 Re: 0.5053 F1: 0.5047 AUPR: 0.5065 AP: 0.5064
Acc: 0.5043 AUC: 0.5033 Pr: 0.5042 Re: 0.5066 F1: 0.5054 AUPR: 0.5071 AP: 0.5072
Acc: 0.5048 AUC: 0.5027 Pr: 0.5047 Re: 0.5065 F1: 0.5056 AUPR: 0.5087 AP: 0.5085
Acc: 0.5051 AUC: 0.5015 Pr: 0.5050 Re: 0.5056 F1: 0.5053 AUPR: 0.5072 AP: 0.5072
Acc: 0.5037 AUC: 0.5025 Pr: 0.5036 Re: 0.5053 F1: 0.5045 AUPR: 0.5078 AP: 0.5078
Acc: 0.5047 AUC: 0.5042 Pr: 0.5046 Re: 0.5060 F1: 0.5053 AUPR: 0.5098 AP: 0.5096
Acc: 0.5039 AUC: 0.5023 Pr: 0.5038 Re: 0.5056 F1: 0.5047 AUPR: 0.5082 AP: 0.5080
Acc: 0.5046 AUC: 0.5020 Pr: 0.5045 Re: 0.5047 F1: 0.5046 AUPR: 0.5066 AP: 0.5066
Acc: 0.5042 AUC: 0.5013 Pr: 0.5041 Re: 0.5055 F1: 0.5048 AUPR: 0.5068 AP: 0.5067
Acc: 0.5042 AUC: 0.5015 Pr: 0.5041 Re: 0.5048 F1: 0.5045 AUPR: 0.5061 AP: 0.5061
Acc: 0.5046 AUC: 0.5031 Pr: 0.5044 Re: 0.5051 F1: 0.5048 AUPR: 0.5097 AP: 0.5096
Acc: 0.5041 AUC: 0.5035 Pr: 0.5040 Re: 0.5061 F1: 0.5050 AUPR: 0.5079 AP: 0.5079
Acc: 0.5037 AUC: 0.5035 Pr: 0.5036 Re: 0.5055 F1: 0.5045 AUPR: 0.5085 AP: 0.5084
Acc: 0.5036 AUC: 0.5019 Pr: 0.5035 Re: 0.5051 F1: 0.5043 AUPR: 0.5080 AP: 0.5079
Acc: 0.5036 AUC: 0.5024 Pr: 0.5035 Re: 0.5050 F1: 0.5042 AUPR: 0.5088 AP: 0.5087
Acc: 0.5046 AUC: 0.5030 Pr: 0.5045 Re: 0.5053 F1: 0.5049 AUPR: 0.5078 AP: 0.5077
Acc: 0.5033 AUC: 0.5024 Pr: 0.5032 Re: 0.5046 F1: 0.5039 AUPR: 0.5080 AP: 0.5081
Acc: 0.5050 AUC: 0.5017 Pr: 0.5048 Re: 0.5058 F1: 0.5053 AUPR: 0.5067 AP: 0.5066
Acc: 0.5042 AUC: 0.5025 Pr: 0.5041 Re: 0.5057 F1: 0.5049 AUPR: 0.5095 AP: 0.5095
Acc: 0.5047 AUC: 0.5031 Pr: 0.5046 Re: 0.5058 F1: 0.5052 AUPR: 0.5070 AP: 0.5070
Acc: 0.5035 AUC: 0.5035 Pr: 0.5034 Re: 0.5046 F1: 0.5040 AUPR: 0.5076 AP: 0.5076
Acc: 0.5034 AUC: 0.5026 Pr: 0.5032 Re: 0.5051 F1: 0.5042 AUPR: 0.5078 AP: 0.5077
Acc: 0.5041 AUC: 0.5027 Pr: 0.5040 Re: 0.5060 F1: 0.5050 AUPR: 0.5079 AP: 0.5078
Acc: 0.5033 AUC: 0.5029 Pr: 0.5032 Re: 0.5041 F1: 0.5036 AUPR: 0.5080 AP: 0.5080
Acc: 0.5040 AUC: 0.5019 Pr: 0.5039 Re: 0.5060 F1: 0.5049 AUPR: 0.5085 AP: 0.5084
Acc: 0.5037 AUC: 0.5026 Pr: 0.5036 Re: 0.5044 F1: 0.5040 AUPR: 0.5082 AP: 0.5081
Acc: 0.5049 AUC: 0.5026 Pr: 0.5047 Re: 0.5062 F1: 0.5055 AUPR: 0.5085 AP: 0.5084
Acc: 0.5041 AUC: 0.5019 Pr: 0.5039 Re: 0.5052 F1: 0.5046 AUPR: 0.5059 AP: 0.5060
Acc: 0.5038 AUC: 0.5028 Pr: 0.5036 Re: 0.5063 F1: 0.5050 AUPR: 0.5078 AP: 0.5079
Acc: 0.5036 AUC: 0.5031 Pr: 0.5035 Re: 0.5049 F1: 0.5042 AUPR: 0.5100 AP: 0.5099
Acc: 0.5045 AUC: 0.5033 Pr: 0.5044 Re: 0.5060 F1: 0.5052 AUPR: 0.5101 AP: 0.5100
Acc: 0.5044 AUC: 0.5023 Pr: 0.5042 Re: 0.5056 F1: 0.5049 AUPR: 0.5077 AP: 0.5078
Acc: 0.5041 AUC: 0.5031 Pr: 0.5040 Re: 0.5054 F1: 0.5047 AUPR: 0.5079 AP: 0.5079
Acc: 0.5037 AUC: 0.5024 Pr: 0.5036 Re: 0.5048 F1: 0.5042 AUPR: 0.5075 AP: 0.5075
Acc: 0.5033 AUC: 0.5027 Pr: 0.5032 Re: 0.5050 F1: 0.5041 AUPR: 0.5069 AP: 0.5070
Acc: 0.5044 AUC: 0.5009 Pr: 0.5043 Re: 0.5046 F1: 0.5045 AUPR: 0.5058 AP: 0.5058
Acc: 0.5045 AUC: 0.5032 Pr: 0.5044 Re: 0.5059 F1: 0.5051 AUPR: 0.5083 AP: 0.5084
Acc: 0.5036 AUC: 0.5033 Pr: 0.5035 Re: 0.5051 F1: 0.5043 AUPR: 0.5087 AP: 0.5087
Acc: 0.5045 AUC: 0.5038 Pr: 0.5044 Re: 0.5059 F1: 0.5052 AUPR: 0.5092 AP: 0.5090
Acc: 0.5043 AUC: 0.5028 Pr: 0.5042 Re: 0.5059 F1: 0.5051 AUPR: 0.5080 AP: 0.5080
Acc: 0.5039 AUC: 0.5020 Pr: 0.5038 Re: 0.5051 F1: 0.5044 AUPR: 0.5076 AP: 0.5076
Acc: 0.5034 AUC: 0.5031 Pr: 0.5033 Re: 0.5045 F1: 0.5039 AUPR: 0.5085 AP: 0.5085
Acc: 0.5039 AUC: 0.5022 Pr: 0.5038 Re: 0.5055 F1: 0.5047 AUPR: 0.5063 AP: 0.5065
Acc: 0.5034 AUC: 0.5038 Pr: 0.5033 Re: 0.5039 F1: 0.5036 AUPR: 0.5110 AP: 0.5109
Acc: 0.5040 AUC: 0.5021 Pr: 0.5039 Re: 0.5051 F1: 0.5045 AUPR: 0.5053 AP: 0.5054
Acc: 0.5035 AUC: 0.5025 Pr: 0.5033 Re: 0.5044 F1: 0.5039 AUPR: 0.5073 AP: 0.5073
Acc: 0.5039 AUC: 0.5028 Pr: 0.5038 Re: 0.5042 F1: 0.5040 AUPR: 0.5089 AP: 0.5088
Acc: 0.5034 AUC: 0.5027 Pr: 0.5032 Re: 0.5044 F1: 0.5038 AUPR: 0.5087 AP: 0.5088
Acc: 0.5034 AUC: 0.5019 Pr: 0.5033 Re: 0.5054 F1: 0.5043 AUPR: 0.5071 AP: 0.5071
Acc: 0.5042 AUC: 0.5025 Pr: 0.5041 Re: 0.5058 F1: 0.5049 AUPR: 0.5062 AP: 0.5061
Acc: 0.5043 AUC: 0.5019 Pr: 0.5041 Re: 0.5057 F1: 0.5049 AUPR: 0.5070 AP: 0.5071
Acc: 0.5043 AUC: 0.5026 Pr: 0.5042 Re: 0.5063 F1: 0.5053 AUPR: 0.5073 AP: 0.5073
Acc: 0.5041 AUC: 0.5027 Pr: 0.5039 Re: 0.5056 F1: 0.5047 AUPR: 0.5094 AP: 0.5093
Acc: 0.5038 AUC: 0.5024 Pr: 0.5036 Re: 0.5054 F1: 0.5045 AUPR: 0.5080 AP: 0.5079
Acc: 0.5043 AUC: 0.5024 Pr: 0.5042 Re: 0.5045 F1: 0.5043 AUPR: 0.5069 AP: 0.5070
Acc: 0.5030 AUC: 0.5029 Pr: 0.5028 Re: 0.5039 F1: 0.5034 AUPR: 0.5077 AP: 0.5078
Acc: 0.5038 AUC: 0.5019 Pr: 0.5036 Re: 0.5048 F1: 0.5042 AUPR: 0.5063 AP: 0.5063
Acc: 0.5037 AUC: 0.5015 Pr: 0.5036 Re: 0.5043 F1: 0.5040 AUPR: 0.5060 AP: 0.5060
Acc: 0.5047 AUC: 0.5024 Pr: 0.5046 Re: 0.5061 F1: 0.5053 AUPR: 0.5056 AP: 0.5056
Acc: 0.5041 AUC: 0.5031 Pr: 0.5040 Re: 0.5053 F1: 0.5046 AUPR: 0.5075 AP: 0.5075
Acc: 0.5032 AUC: 0.5040 Pr: 0.5031 Re: 0.5042 F1: 0.5036 AUPR: 0.5088 AP: 0.5089
Acc: 0.5039 AUC: 0.5035 Pr: 0.5038 Re: 0.5051 F1: 0.5044 AUPR: 0.5087 AP: 0.5087
Acc: 0.5040 AUC: 0.5012 Pr: 0.5039 Re: 0.5051 F1: 0.5045 AUPR: 0.5051 AP: 0.5051
Acc: 0.5040 AUC: 0.5033 Pr: 0.5039 Re: 0.5056 F1: 0.5048 AUPR: 0.5089 AP: 0.5088
Acc: 0.5042 AUC: 0.5026 Pr: 0.5041 Re: 0.5051 F1: 0.5046 AUPR: 0.5062 AP: 0.5064
Acc: 0.5038 AUC: 0.5026 Pr: 0.5036 Re: 0.5050 F1: 0.5043 AUPR: 0.5090 AP: 0.5089
Acc: 0.5044 AUC: 0.5031 Pr: 0.5043 Re: 0.5055 F1: 0.5049 AUPR: 0.5084 AP: 0.5083
Acc: 0.5044 AUC: 0.5030 Pr: 0.5043 Re: 0.5051 F1: 0.5047 AUPR: 0.5096 AP: 0.5097
Acc: 0.5029 AUC: 0.5027 Pr: 0.5028 Re: 0.5042 F1: 0.5035 AUPR: 0.5065 AP: 0.5065
Acc: 0.5035 AUC: 0.5039 Pr: 0.5033 Re: 0.5045 F1: 0.5039 AUPR: 0.5113 AP: 0.5111
Acc: 0.5036 AUC: 0.5007 Pr: 0.5034 Re: 0.5046 F1: 0.5040 AUPR: 0.5054 AP: 0.5054
Acc: 0.5042 AUC: 0.5027 Pr: 0.5040 Re: 0.5054 F1: 0.5047 AUPR: 0.5068 AP: 0.5068
Acc: 0.5035 AUC: 0.5019 Pr: 0.5033 Re: 0.5048 F1: 0.5041 AUPR: 0.5067 AP: 0.5066
Acc: 0.5035 AUC: 0.5033 Pr: 0.5033 Re: 0.5049 F1: 0.5041 AUPR: 0.5103 AP: 0.5102
Acc: 0.5038 AUC: 0.5023 Pr: 0.5036 Re: 0.5048 F1: 0.5042 AUPR: 0.5074 AP: 0.5074
Acc: 0.5030 AUC: 0.5027 Pr: 0.5029 Re: 0.5043 F1: 0.5036 AUPR: 0.5084 AP: 0.5083
Acc: 0.5027 AUC: 0.5030 Pr: 0.5026 Re: 0.5045 F1: 0.5035 AUPR: 0.5064 AP: 0.5066
Acc: 0.5041 AUC: 0.5029 Pr: 0.5039 Re: 0.5046 F1: 0.5042 AUPR: 0.5085 AP: 0.5085
Acc: 0.5036 AUC: 0.5023 Pr: 0.5034 Re: 0.5049 F1: 0.5042 AUPR: 0.5080 AP: 0.5080
Acc: 0.5041 AUC: 0.5019 Pr: 0.5040 Re: 0.5058 F1: 0.5049 AUPR: 0.5075 AP: 0.5075
Acc: 0.5038 AUC: 0.5018 Pr: 0.5036 Re: 0.5060 F1: 0.5048 AUPR: 0.5075 AP: 0.5076
Acc: 0.5036 AUC: 0.5022 Pr: 0.5034 Re: 0.5054 F1: 0.5044 AUPR: 0.5062 AP: 0.5062
Acc: 0.5037 AUC: 0.5017 Pr: 0.5036 Re: 0.5042 F1: 0.5039 AUPR: 0.5060 AP: 0.5058
Acc: 0.5039 AUC: 0.5032 Pr: 0.5037 Re: 0.5045 F1: 0.5041 AUPR: 0.5083 AP: 0.5083
Acc: 0.5038 AUC: 0.5023 Pr: 0.5037 Re: 0.5049 F1: 0.5043 AUPR: 0.5064 AP: 0.5064
Acc: 0.5041 AUC: 0.5021 Pr: 0.5039 Re: 0.5043 F1: 0.5041 AUPR: 0.5064 AP: 0.5064
Acc: 0.5052 AUC: 0.5039 Pr: 0.5051 Re: 0.5056 F1: 0.5053 AUPR: 0.5108 AP: 0.5106
Acc: 0.5035 AUC: 0.5028 Pr: 0.5033 Re: 0.5049 F1: 0.5041 AUPR: 0.5078 AP: 0.5078
Acc: 0.5047 AUC: 0.5023 Pr: 0.5046 Re: 0.5061 F1: 0.5053 AUPR: 0.5064 AP: 0.5065
Acc: 0.5044 AUC: 0.5024 Pr: 0.5043 Re: 0.5058 F1: 0.5051 AUPR: 0.5095 AP: 0.5094
Acc: 0.5036 AUC: 0.5022 Pr: 0.5035 Re: 0.5049 F1: 0.5042 AUPR: 0.5066 AP: 0.5067
Acc: 0.5055 AUC: 0.5022 Pr: 0.5054 Re: 0.5059 F1: 0.5056 AUPR: 0.5067 AP: 0.5068
Acc: 0.5027 AUC: 0.5035 Pr: 0.5026 Re: 0.5034 F1: 0.5030 AUPR: 0.5088 AP: 0.5088
Acc: 0.5047 AUC: 0.5030 Pr: 0.5045 Re: 0.5060 F1: 0.5053 AUPR: 0.5080 AP: 0.5081
Acc: 0.5040 AUC: 0.5014 Pr: 0.5038 Re: 0.5044 F1: 0.5041 AUPR: 0.5060 AP: 0.5061
Acc: 0.5035 AUC: 0.5019 Pr: 0.5034 Re: 0.5048 F1: 0.5041 AUPR: 0.5069 AP: 0.5068
Acc: 0.5047 AUC: 0.5028 Pr: 0.5046 Re: 0.5056 F1: 0.5051 AUPR: 0.5085 AP: 0.5085
Acc: 0.5029 AUC: 0.5030 Pr: 0.5028 Re: 0.5047 F1: 0.5038 AUPR: 0.5093 AP: 0.5093
Acc: 0.5045 AUC: 0.5031 Pr: 0.5044 Re: 0.5058 F1: 0.5051 AUPR: 0.5078 AP: 0.5077
Acc: 0.5046 AUC: 0.5026 Pr: 0.5044 Re: 0.5060 F1: 0.5052 AUPR: 0.5083 AP: 0.5083
Acc: 0.5032 AUC: 0.5026 Pr: 0.5031 Re: 0.5044 F1: 0.5037 AUPR: 0.5078 AP: 0.5079
Acc: 0.5035 AUC: 0.5035 Pr: 0.5034 Re: 0.5054 F1: 0.5044 AUPR: 0.5093 AP: 0.5093
Acc: 0.5047 AUC: 0.5029 Pr: 0.5045 Re: 0.5063 F1: 0.5054 AUPR: 0.5092 AP: 0.5091