add type HAS_EDGE to relations.
ppi
Graph(num_nodes=9846, num_edges=78144,
      ndata_schemes={}
      edata_schemes={})
Acc: 0.4998 AUC: 0.4978 Pr: 0.4987 Re: 0.8167 F1: 0.6192 AUPR: 0.4915 AP: 0.4917
Acc: 0.4987 AUC: 0.4958 Pr: 0.4979 Re: 0.7828 F1: 0.6087 AUPR: 0.4950 AP: 0.4952
Acc: 0.4905 AUC: 0.4883 Pr: 0.4924 Re: 0.7439 F1: 0.5926 AUPR: 0.4909 AP: 0.4911
Acc: 0.5038 AUC: 0.5041 Pr: 0.5013 Re: 0.7101 F1: 0.5877 AUPR: 0.4963 AP: 0.4965
Acc: 0.4931 AUC: 0.4929 Pr: 0.4934 Re: 0.6634 F1: 0.5659 AUPR: 0.4896 AP: 0.4898
Acc: 0.4950 AUC: 0.5059 Pr: 0.4944 Re: 0.6115 F1: 0.5467 AUPR: 0.5040 AP: 0.5042
Acc: 0.5013 AUC: 0.4962 Pr: 0.4995 Re: 0.5521 F1: 0.5245 AUPR: 0.4894 AP: 0.4897
Acc: 0.4939 AUC: 0.4910 Pr: 0.4921 Re: 0.5007 F1: 0.4963 AUPR: 0.4901 AP: 0.4904
Acc: 0.4934 AUC: 0.4954 Pr: 0.4907 Re: 0.4500 F1: 0.4694 AUPR: 0.4941 AP: 0.4943
Acc: 0.4993 AUC: 0.4936 Pr: 0.4970 Re: 0.4325 F1: 0.4625 AUPR: 0.4901 AP: 0.4903
Acc: 0.4860 AUC: 0.4789 Pr: 0.4813 Re: 0.4111 F1: 0.4435 AUPR: 0.4775 AP: 0.4777
Acc: 0.5065 AUC: 0.5002 Pr: 0.5053 Re: 0.4417 F1: 0.4713 AUPR: 0.4949 AP: 0.4952
Acc: 0.4984 AUC: 0.4950 Pr: 0.4962 Re: 0.4589 F1: 0.4769 AUPR: 0.4897 AP: 0.4900
Acc: 0.4996 AUC: 0.5001 Pr: 0.4977 Re: 0.5038 F1: 0.5007 AUPR: 0.4989 AP: 0.4992
Acc: 0.4920 AUC: 0.4881 Pr: 0.4912 Re: 0.5577 F1: 0.5223 AUPR: 0.4893 AP: 0.4895
Acc: 0.5001 AUC: 0.5091 Pr: 0.4986 Re: 0.6326 F1: 0.5577 AUPR: 0.5091 AP: 0.5094
Acc: 0.4960 AUC: 0.4955 Pr: 0.4956 Re: 0.6706 F1: 0.5700 AUPR: 0.4939 AP: 0.4942
Acc: 0.5035 AUC: 0.5041 Pr: 0.5011 Re: 0.7161 F1: 0.5896 AUPR: 0.5055 AP: 0.5057
Acc: 0.4999 AUC: 0.4994 Pr: 0.4986 Re: 0.7188 F1: 0.5888 AUPR: 0.4986 AP: 0.4989
Acc: 0.4942 AUC: 0.4936 Pr: 0.4945 Re: 0.6984 F1: 0.5790 AUPR: 0.4941 AP: 0.4944
Acc: 0.4981 AUC: 0.4924 Pr: 0.4971 Re: 0.6652 F1: 0.5690 AUPR: 0.4939 AP: 0.4942
Acc: 0.4987 AUC: 0.4993 Pr: 0.4973 Re: 0.6012 F1: 0.5443 AUPR: 0.4995 AP: 0.4997
Acc: 0.4913 AUC: 0.4886 Pr: 0.4902 Re: 0.5352 F1: 0.5117 AUPR: 0.4902 AP: 0.4904
Acc: 0.4965 AUC: 0.4970 Pr: 0.4947 Re: 0.5004 F1: 0.4975 AUPR: 0.4979 AP: 0.4982
Acc: 0.4997 AUC: 0.5019 Pr: 0.4978 Re: 0.5112 F1: 0.5044 AUPR: 0.5042 AP: 0.5044
Acc: 0.4987 AUC: 0.5023 Pr: 0.4972 Re: 0.5682 F1: 0.5303 AUPR: 0.4982 AP: 0.4984
Acc: 0.5001 AUC: 0.5052 Pr: 0.4986 Re: 0.6557 F1: 0.5665 AUPR: 0.5001 AP: 0.5003
Acc: 0.5058 AUC: 0.5073 Pr: 0.5028 Re: 0.6995 F1: 0.5851 AUPR: 0.5019 AP: 0.5022
Acc: 0.5013 AUC: 0.5025 Pr: 0.4996 Re: 0.6773 F1: 0.5750 AUPR: 0.5027 AP: 0.5030
Acc: 0.5050 AUC: 0.5134 Pr: 0.5025 Re: 0.6279 F1: 0.5583 AUPR: 0.5088 AP: 0.5090
Acc: 0.5004 AUC: 0.5053 Pr: 0.4987 Re: 0.5718 F1: 0.5328 AUPR: 0.5005 AP: 0.5008
Acc: 0.5042 AUC: 0.5075 Pr: 0.5021 Re: 0.5518 F1: 0.5258 AUPR: 0.5057 AP: 0.5059
Acc: 0.5121 AUC: 0.5135 Pr: 0.5086 Re: 0.6005 F1: 0.5508 AUPR: 0.5020 AP: 0.5022
Acc: 0.5107 AUC: 0.5085 Pr: 0.5063 Re: 0.7123 F1: 0.5919 AUPR: 0.4994 AP: 0.4996
Acc: 0.5111 AUC: 0.5156 Pr: 0.5064 Re: 0.7228 F1: 0.5956 AUPR: 0.5113 AP: 0.5114
Acc: 0.4966 AUC: 0.5020 Pr: 0.4959 Re: 0.6315 F1: 0.5555 AUPR: 0.5004 AP: 0.5006
Acc: 0.5096 AUC: 0.5152 Pr: 0.5076 Re: 0.5186 F1: 0.5130 AUPR: 0.5075 AP: 0.5078
Acc: 0.5095 AUC: 0.5154 Pr: 0.5066 Re: 0.5835 F1: 0.5423 AUPR: 0.5070 AP: 0.5072
Acc: 0.5155 AUC: 0.5198 Pr: 0.5094 Re: 0.7392 F1: 0.6032 AUPR: 0.5071 AP: 0.5073
Acc: 0.5140 AUC: 0.5194 Pr: 0.5088 Re: 0.6979 F1: 0.5886 AUPR: 0.5094 AP: 0.5097
Acc: 0.5073 AUC: 0.5122 Pr: 0.5048 Re: 0.5684 F1: 0.5347 AUPR: 0.5064 AP: 0.5066
Acc: 0.5098 AUC: 0.5145 Pr: 0.5064 Re: 0.6295 F1: 0.5613 AUPR: 0.5057 AP: 0.5060
Acc: 0.5205 AUC: 0.5279 Pr: 0.5130 Re: 0.7325 F1: 0.6034 AUPR: 0.5138 AP: 0.5140
Acc: 0.5101 AUC: 0.5183 Pr: 0.5079 Re: 0.5292 F1: 0.5183 AUPR: 0.5085 AP: 0.5087
Acc: 0.5205 AUC: 0.5289 Pr: 0.5137 Re: 0.6986 F1: 0.5921 AUPR: 0.5175 AP: 0.5178
Acc: 0.5106 AUC: 0.5188 Pr: 0.5068 Re: 0.6569 F1: 0.5721 AUPR: 0.5111 AP: 0.5113
Acc: 0.5154 AUC: 0.5213 Pr: 0.5126 Re: 0.5516 F1: 0.5314 AUPR: 0.5106 AP: 0.5109
Acc: 0.5209 AUC: 0.5257 Pr: 0.5114 Re: 0.8573 F1: 0.6406 AUPR: 0.5135 AP: 0.5136
Acc: 0.5027 AUC: 0.5161 Pr: 0.5110 Re: 0.0366 F1: 0.0683 AUPR: 0.5102 AP: 0.5104
Acc: 0.5190 AUC: 0.5301 Pr: 0.5090 Re: 0.9668 F1: 0.6669 AUPR: 0.5191 AP: 0.5193
Acc: 0.5241 AUC: 0.5315 Pr: 0.5133 Re: 0.8591 F1: 0.6427 AUPR: 0.5150 AP: 0.5152
Acc: 0.5082 AUC: 0.5268 Pr: 0.5163 Re: 0.1993 F1: 0.2876 AUPR: 0.5139 AP: 0.5142
Acc: 0.5102 AUC: 0.5283 Pr: 0.5146 Re: 0.2931 F1: 0.3735 AUPR: 0.5149 AP: 0.5152
Acc: 0.5246 AUC: 0.5343 Pr: 0.5144 Re: 0.8146 F1: 0.6306 AUPR: 0.5172 AP: 0.5175
Acc: 0.5211 AUC: 0.5366 Pr: 0.5111 Re: 0.8909 F1: 0.6495 AUPR: 0.5218 AP: 0.5220
Acc: 0.5217 AUC: 0.5344 Pr: 0.5169 Re: 0.6079 F1: 0.5587 AUPR: 0.5230 AP: 0.5232
Acc: 0.5203 AUC: 0.5315 Pr: 0.5313 Re: 0.3140 F1: 0.3947 AUPR: 0.5262 AP: 0.5264
Acc: 0.5220 AUC: 0.5319 Pr: 0.5203 Re: 0.5166 F1: 0.5185 AUPR: 0.5186 AP: 0.5188
Acc: 0.5266 AUC: 0.5416 Pr: 0.5157 Re: 0.8158 F1: 0.6319 AUPR: 0.5264 AP: 0.5266
Acc: 0.5348 AUC: 0.5393 Pr: 0.5243 Re: 0.7125 F1: 0.6041 AUPR: 0.5253 AP: 0.5255
Acc: 0.5174 AUC: 0.5335 Pr: 0.5205 Re: 0.3952 F1: 0.4493 AUPR: 0.5236 AP: 0.5238
Acc: 0.5368 AUC: 0.5464 Pr: 0.5292 Re: 0.6349 F1: 0.5772 AUPR: 0.5302 AP: 0.5304
Acc: 0.5343 AUC: 0.5466 Pr: 0.5241 Re: 0.7067 F1: 0.6019 AUPR: 0.5258 AP: 0.5261
Acc: 0.5203 AUC: 0.5364 Pr: 0.5312 Re: 0.3149 F1: 0.3954 AUPR: 0.5241 AP: 0.5243
Acc: 0.5368 AUC: 0.5525 Pr: 0.5211 Re: 0.8665 F1: 0.6508 AUPR: 0.5296 AP: 0.5298
Acc: 0.5241 AUC: 0.5398 Pr: 0.5351 Re: 0.3407 F1: 0.4163 AUPR: 0.5265 AP: 0.5268
Acc: 0.5311 AUC: 0.5438 Pr: 0.5360 Re: 0.4363 F1: 0.4810 AUPR: 0.5288 AP: 0.5291
Acc: 0.5398 AUC: 0.5517 Pr: 0.5268 Re: 0.7471 F1: 0.6179 AUPR: 0.5297 AP: 0.5299
Acc: 0.5371 AUC: 0.5475 Pr: 0.5288 Re: 0.6488 F1: 0.5827 AUPR: 0.5246 AP: 0.5248
Acc: 0.5276 AUC: 0.5457 Pr: 0.5319 Re: 0.4302 F1: 0.4757 AUPR: 0.5275 AP: 0.5277
Acc: 0.5282 AUC: 0.5394 Pr: 0.5286 Re: 0.4877 F1: 0.5073 AUPR: 0.5216 AP: 0.5219
Acc: 0.5385 AUC: 0.5480 Pr: 0.5291 Re: 0.6672 F1: 0.5902 AUPR: 0.5269 AP: 0.5271
Acc: 0.5360 AUC: 0.5471 Pr: 0.5281 Re: 0.6423 F1: 0.5796 AUPR: 0.5254 AP: 0.5256
Acc: 0.5253 AUC: 0.5364 Pr: 0.5266 Re: 0.4636 F1: 0.4931 AUPR: 0.5204 AP: 0.5207
Acc: 0.5323 AUC: 0.5397 Pr: 0.5312 Re: 0.5200 F1: 0.5255 AUPR: 0.5222 AP: 0.5224
Acc: 0.5352 AUC: 0.5431 Pr: 0.5266 Re: 0.6616 F1: 0.5864 AUPR: 0.5240 AP: 0.5242
Acc: 0.5322 AUC: 0.5390 Pr: 0.5300 Re: 0.5373 F1: 0.5336 AUPR: 0.5197 AP: 0.5200
Acc: 0.5297 AUC: 0.5358 Pr: 0.5296 Re: 0.4998 F1: 0.5143 AUPR: 0.5194 AP: 0.5196
Acc: 0.5364 AUC: 0.5419 Pr: 0.5278 Re: 0.6589 F1: 0.5861 AUPR: 0.5250 AP: 0.5252
Acc: 0.5277 AUC: 0.5332 Pr: 0.5275 Re: 0.4980 F1: 0.5123 AUPR: 0.5216 AP: 0.5219
Acc: 0.5311 AUC: 0.5360 Pr: 0.5278 Re: 0.5563 F1: 0.5417 AUPR: 0.5234 AP: 0.5237
Acc: 0.5340 AUC: 0.5395 Pr: 0.5273 Re: 0.6230 F1: 0.5711 AUPR: 0.5307 AP: 0.5310
Acc: 0.5277 AUC: 0.5334 Pr: 0.5273 Re: 0.5011 F1: 0.5139 AUPR: 0.5240 AP: 0.5243
Acc: 0.5310 AUC: 0.5346 Pr: 0.5274 Re: 0.5622 F1: 0.5442 AUPR: 0.5231 AP: 0.5234
Acc: 0.5321 AUC: 0.5369 Pr: 0.5264 Re: 0.6035 F1: 0.5623 AUPR: 0.5270 AP: 0.5272
Acc: 0.5300 AUC: 0.5357 Pr: 0.5263 Re: 0.5633 F1: 0.5442 AUPR: 0.5258 AP: 0.5261
Acc: 0.5258 AUC: 0.5327 Pr: 0.5237 Re: 0.5314 F1: 0.5275 AUPR: 0.5265 AP: 0.5267
Acc: 0.5291 AUC: 0.5324 Pr: 0.5265 Re: 0.5424 F1: 0.5343 AUPR: 0.5254 AP: 0.5255
Acc: 0.5315 AUC: 0.5353 Pr: 0.5271 Re: 0.5788 F1: 0.5517 AUPR: 0.5248 AP: 0.5249
Acc: 0.5295 AUC: 0.5344 Pr: 0.5253 Re: 0.5761 F1: 0.5495 AUPR: 0.5230 AP: 0.5232
Acc: 0.5268 AUC: 0.5318 Pr: 0.5240 Re: 0.5460 F1: 0.5348 AUPR: 0.5254 AP: 0.5256
Acc: 0.5276 AUC: 0.5289 Pr: 0.5253 Re: 0.5355 F1: 0.5303 AUPR: 0.5223 AP: 0.5224
Acc: 0.5276 AUC: 0.5280 Pr: 0.5251 Re: 0.5399 F1: 0.5324 AUPR: 0.5204 AP: 0.5206
Acc: 0.5339 AUC: 0.5362 Pr: 0.5296 Re: 0.5750 F1: 0.5513 AUPR: 0.5228 AP: 0.5231
Acc: 0.5339 AUC: 0.5373 Pr: 0.5294 Re: 0.5772 F1: 0.5523 AUPR: 0.5215 AP: 0.5218
Acc: 0.5345 AUC: 0.5369 Pr: 0.5296 Re: 0.5855 F1: 0.5562 AUPR: 0.5233 AP: 0.5234
Acc: 0.5336 AUC: 0.5359 Pr: 0.5295 Re: 0.5711 F1: 0.5496 AUPR: 0.5219 AP: 0.5220
Acc: 0.5330 AUC: 0.5345 Pr: 0.5294 Re: 0.5619 F1: 0.5452 AUPR: 0.5200 AP: 0.5202
Acc: 0.5304 AUC: 0.5355 Pr: 0.5269 Re: 0.5597 F1: 0.5428 AUPR: 0.5220 AP: 0.5223
Acc: 0.5314 AUC: 0.5321 Pr: 0.5273 Re: 0.5720 F1: 0.5488 AUPR: 0.5186 AP: 0.5187
Acc: 0.5347 AUC: 0.5338 Pr: 0.5299 Re: 0.5835 F1: 0.5554 AUPR: 0.5165 AP: 0.5168
Acc: 0.5307 AUC: 0.5340 Pr: 0.5268 Re: 0.5691 F1: 0.5471 AUPR: 0.5217 AP: 0.5220
Acc: 0.5314 AUC: 0.5341 Pr: 0.5280 Re: 0.5588 F1: 0.5430 AUPR: 0.5213 AP: 0.5217
Acc: 0.5319 AUC: 0.5343 Pr: 0.5278 Re: 0.5707 F1: 0.5484 AUPR: 0.5237 AP: 0.5239
Acc: 0.5341 AUC: 0.5363 Pr: 0.5289 Re: 0.5909 F1: 0.5582 AUPR: 0.5252 AP: 0.5255
Acc: 0.5331 AUC: 0.5359 Pr: 0.5279 Re: 0.5929 F1: 0.5585 AUPR: 0.5264 AP: 0.5267
Acc: 0.5328 AUC: 0.5361 Pr: 0.5280 Re: 0.5839 F1: 0.5546 AUPR: 0.5276 AP: 0.5279
Acc: 0.5304 AUC: 0.5353 Pr: 0.5262 Re: 0.5747 F1: 0.5494 AUPR: 0.5274 AP: 0.5275
Acc: 0.5315 AUC: 0.5356 Pr: 0.5275 Re: 0.5709 F1: 0.5483 AUPR: 0.5255 AP: 0.5258
Acc: 0.5325 AUC: 0.5352 Pr: 0.5284 Re: 0.5711 F1: 0.5490 AUPR: 0.5252 AP: 0.5255
Acc: 0.5292 AUC: 0.5320 Pr: 0.5254 Re: 0.5673 F1: 0.5455 AUPR: 0.5203 AP: 0.5205
Acc: 0.5332 AUC: 0.5341 Pr: 0.5291 Re: 0.5716 F1: 0.5495 AUPR: 0.5232 AP: 0.5234
Acc: 0.5319 AUC: 0.5329 Pr: 0.5278 Re: 0.5707 F1: 0.5484 AUPR: 0.5220 AP: 0.5223
Acc: 0.5345 AUC: 0.5378 Pr: 0.5297 Re: 0.5848 F1: 0.5559 AUPR: 0.5255 AP: 0.5259
Acc: 0.5349 AUC: 0.5392 Pr: 0.5299 Re: 0.5866 F1: 0.5568 AUPR: 0.5275 AP: 0.5277
Acc: 0.5369 AUC: 0.5391 Pr: 0.5318 Re: 0.5866 F1: 0.5579 AUPR: 0.5279 AP: 0.5280
Acc: 0.5349 AUC: 0.5377 Pr: 0.5300 Re: 0.5846 F1: 0.5560 AUPR: 0.5263 AP: 0.5266
Acc: 0.5357 AUC: 0.5389 Pr: 0.5308 Re: 0.5839 F1: 0.5561 AUPR: 0.5318 AP: 0.5318
Acc: 0.5350 AUC: 0.5370 Pr: 0.5303 Re: 0.5812 F1: 0.5546 AUPR: 0.5244 AP: 0.5247
Acc: 0.5348 AUC: 0.5369 Pr: 0.5302 Re: 0.5792 F1: 0.5536 AUPR: 0.5247 AP: 0.5251
Acc: 0.5347 AUC: 0.5371 Pr: 0.5301 Re: 0.5790 F1: 0.5535 AUPR: 0.5278 AP: 0.5280
Acc: 0.5339 AUC: 0.5340 Pr: 0.5293 Re: 0.5806 F1: 0.5537 AUPR: 0.5245 AP: 0.5248
Acc: 0.5355 AUC: 0.5362 Pr: 0.5308 Re: 0.5817 F1: 0.5551 AUPR: 0.5289 AP: 0.5290
Acc: 0.5326 AUC: 0.5321 Pr: 0.5285 Re: 0.5729 F1: 0.5498 AUPR: 0.5229 AP: 0.5232
Acc: 0.5330 AUC: 0.5331 Pr: 0.5291 Re: 0.5680 F1: 0.5478 AUPR: 0.5230 AP: 0.5233
Acc: 0.5316 AUC: 0.5317 Pr: 0.5281 Re: 0.5606 F1: 0.5439 AUPR: 0.5225 AP: 0.5225
Acc: 0.5294 AUC: 0.5311 Pr: 0.5262 Re: 0.5543 F1: 0.5399 AUPR: 0.5205 AP: 0.5208
Acc: 0.5317 AUC: 0.5323 Pr: 0.5286 Re: 0.5539 F1: 0.5409 AUPR: 0.5238 AP: 0.5239
Acc: 0.5306 AUC: 0.5322 Pr: 0.5272 Re: 0.5595 F1: 0.5428 AUPR: 0.5243 AP: 0.5244
Acc: 0.5323 AUC: 0.5340 Pr: 0.5284 Re: 0.5682 F1: 0.5476 AUPR: 0.5248 AP: 0.5249
Acc: 0.5353 AUC: 0.5337 Pr: 0.5306 Re: 0.5810 F1: 0.5547 AUPR: 0.5221 AP: 0.5222
Acc: 0.5347 AUC: 0.5344 Pr: 0.5298 Re: 0.5846 F1: 0.5559 AUPR: 0.5260 AP: 0.5263
Acc: 0.5341 AUC: 0.5356 Pr: 0.5291 Re: 0.5877 F1: 0.5569 AUPR: 0.5263 AP: 0.5266
Acc: 0.5362 AUC: 0.5360 Pr: 0.5314 Re: 0.5835 F1: 0.5562 AUPR: 0.5261 AP: 0.5263
Acc: 0.5351 AUC: 0.5345 Pr: 0.5304 Re: 0.5815 F1: 0.5548 AUPR: 0.5227 AP: 0.5227
Acc: 0.5341 AUC: 0.5357 Pr: 0.5295 Re: 0.5794 F1: 0.5534 AUPR: 0.5289 AP: 0.5289
Acc: 0.5332 AUC: 0.5338 Pr: 0.5288 Re: 0.5761 F1: 0.5515 AUPR: 0.5247 AP: 0.5247
Acc: 0.5343 AUC: 0.5340 Pr: 0.5302 Re: 0.5711 F1: 0.5499 AUPR: 0.5248 AP: 0.5251
Acc: 0.5330 AUC: 0.5345 Pr: 0.5289 Re: 0.5702 F1: 0.5488 AUPR: 0.5246 AP: 0.5247
Acc: 0.5344 AUC: 0.5326 Pr: 0.5304 Re: 0.5705 F1: 0.5497 AUPR: 0.5243 AP: 0.5244
Acc: 0.5331 AUC: 0.5337 Pr: 0.5293 Re: 0.5664 F1: 0.5472 AUPR: 0.5261 AP: 0.5262
Acc: 0.5322 AUC: 0.5346 Pr: 0.5284 Re: 0.5660 F1: 0.5465 AUPR: 0.5263 AP: 0.5265
Acc: 0.5324 AUC: 0.5333 Pr: 0.5287 Re: 0.5651 F1: 0.5463 AUPR: 0.5240 AP: 0.5240
Acc: 0.5324 AUC: 0.5332 Pr: 0.5284 Re: 0.5700 F1: 0.5484 AUPR: 0.5250 AP: 0.5251
Acc: 0.5324 AUC: 0.5330 Pr: 0.5282 Re: 0.5743 F1: 0.5503 AUPR: 0.5242 AP: 0.5244
Acc: 0.5330 AUC: 0.5341 Pr: 0.5285 Re: 0.5776 F1: 0.5520 AUPR: 0.5238 AP: 0.5239
Acc: 0.5331 AUC: 0.5347 Pr: 0.5284 Re: 0.5819 F1: 0.5539 AUPR: 0.5253 AP: 0.5253
Acc: 0.5348 AUC: 0.5363 Pr: 0.5301 Re: 0.5812 F1: 0.5545 AUPR: 0.5302 AP: 0.5302
Acc: 0.5339 AUC: 0.5342 Pr: 0.5293 Re: 0.5803 F1: 0.5536 AUPR: 0.5250 AP: 0.5249
Acc: 0.5316 AUC: 0.5346 Pr: 0.5273 Re: 0.5756 F1: 0.5504 AUPR: 0.5271 AP: 0.5271
Acc: 0.5343 AUC: 0.5347 Pr: 0.5299 Re: 0.5765 F1: 0.5522 AUPR: 0.5276 AP: 0.5277
Acc: 0.5302 AUC: 0.5357 Pr: 0.5260 Re: 0.5734 F1: 0.5487 AUPR: 0.5270 AP: 0.5270
Acc: 0.5334 AUC: 0.5351 Pr: 0.5292 Re: 0.5736 F1: 0.5505 AUPR: 0.5237 AP: 0.5236
Acc: 0.5334 AUC: 0.5342 Pr: 0.5290 Re: 0.5770 F1: 0.5520 AUPR: 0.5277 AP: 0.5277
Acc: 0.5336 AUC: 0.5340 Pr: 0.5293 Re: 0.5752 F1: 0.5513 AUPR: 0.5221 AP: 0.5225
Acc: 0.5328 AUC: 0.5338 Pr: 0.5285 Re: 0.5745 F1: 0.5505 AUPR: 0.5259 AP: 0.5259
Acc: 0.5321 AUC: 0.5333 Pr: 0.5280 Re: 0.5707 F1: 0.5485 AUPR: 0.5219 AP: 0.5222
Acc: 0.5330 AUC: 0.5325 Pr: 0.5289 Re: 0.5714 F1: 0.5493 AUPR: 0.5221 AP: 0.5225
Acc: 0.5323 AUC: 0.5318 Pr: 0.5283 Re: 0.5698 F1: 0.5483 AUPR: 0.5247 AP: 0.5248
Acc: 0.5311 AUC: 0.5328 Pr: 0.5273 Re: 0.5649 F1: 0.5455 AUPR: 0.5258 AP: 0.5255
Acc: 0.5324 AUC: 0.5316 Pr: 0.5288 Re: 0.5628 F1: 0.5453 AUPR: 0.5200 AP: 0.5205
Acc: 0.5331 AUC: 0.5333 Pr: 0.5294 Re: 0.5635 F1: 0.5459 AUPR: 0.5271 AP: 0.5274
Acc: 0.5306 AUC: 0.5333 Pr: 0.5272 Re: 0.5588 F1: 0.5425 AUPR: 0.5249 AP: 0.5254
Acc: 0.5330 AUC: 0.5342 Pr: 0.5291 Re: 0.5664 F1: 0.5471 AUPR: 0.5234 AP: 0.5239
Acc: 0.5332 AUC: 0.5325 Pr: 0.5291 Re: 0.5718 F1: 0.5496 AUPR: 0.5199 AP: 0.5201
Acc: 0.5329 AUC: 0.5324 Pr: 0.5287 Re: 0.5727 F1: 0.5498 AUPR: 0.5213 AP: 0.5215
Acc: 0.5323 AUC: 0.5322 Pr: 0.5279 Re: 0.5768 F1: 0.5513 AUPR: 0.5257 AP: 0.5256
Acc: 0.5332 AUC: 0.5335 Pr: 0.5286 Re: 0.5801 F1: 0.5532 AUPR: 0.5225 AP: 0.5227
Acc: 0.5317 AUC: 0.5342 Pr: 0.5272 Re: 0.5803 F1: 0.5525 AUPR: 0.5249 AP: 0.5248
Acc: 0.5314 AUC: 0.5338 Pr: 0.5270 Re: 0.5783 F1: 0.5515 AUPR: 0.5228 AP: 0.5227
Acc: 0.5329 AUC: 0.5317 Pr: 0.5283 Re: 0.5797 F1: 0.5528 AUPR: 0.5193 AP: 0.5192
Acc: 0.5334 AUC: 0.5336 Pr: 0.5289 Re: 0.5783 F1: 0.5525 AUPR: 0.5242 AP: 0.5241
Acc: 0.5336 AUC: 0.5328 Pr: 0.5294 Re: 0.5738 F1: 0.5507 AUPR: 0.5213 AP: 0.5213
Acc: 0.5329 AUC: 0.5327 Pr: 0.5286 Re: 0.5738 F1: 0.5503 AUPR: 0.5228 AP: 0.5231
Acc: 0.5306 AUC: 0.5331 Pr: 0.5268 Re: 0.5675 F1: 0.5464 AUPR: 0.5209 AP: 0.5205
Acc: 0.5325 AUC: 0.5320 Pr: 0.5286 Re: 0.5678 F1: 0.5475 AUPR: 0.5214 AP: 0.5216
Acc: 0.5294 AUC: 0.5303 Pr: 0.5258 Re: 0.5631 F1: 0.5438 AUPR: 0.5211 AP: 0.5213
Acc: 0.5319 AUC: 0.5323 Pr: 0.5281 Re: 0.5653 F1: 0.5461 AUPR: 0.5236 AP: 0.5235
Acc: 0.5297 AUC: 0.5311 Pr: 0.5260 Re: 0.5644 F1: 0.5445 AUPR: 0.5213 AP: 0.5211
Acc: 0.5317 AUC: 0.5321 Pr: 0.5278 Re: 0.5687 F1: 0.5475 AUPR: 0.5224 AP: 0.5228
Acc: 0.5311 AUC: 0.5339 Pr: 0.5272 Re: 0.5684 F1: 0.5470 AUPR: 0.5260 AP: 0.5256
Acc: 0.5296 AUC: 0.5322 Pr: 0.5258 Re: 0.5664 F1: 0.5454 AUPR: 0.5202 AP: 0.5212
Acc: 0.5322 AUC: 0.5321 Pr: 0.5281 Re: 0.5707 F1: 0.5486 AUPR: 0.5205 AP: 0.5212
Acc: 0.5309 AUC: 0.5319 Pr: 0.5268 Re: 0.5723 F1: 0.5486 AUPR: 0.5208 AP: 0.5212
Acc: 0.5320 AUC: 0.5322 Pr: 0.5279 Re: 0.5702 F1: 0.5483 AUPR: 0.5228 AP: 0.5224
Acc: 0.5312 AUC: 0.5320 Pr: 0.5271 Re: 0.5709 F1: 0.5482 AUPR: 0.5219 AP: 0.5217
Acc: 0.5314 AUC: 0.5327 Pr: 0.5274 Re: 0.5700 F1: 0.5479 AUPR: 0.5241 AP: 0.5237
Acc: 0.5305 AUC: 0.5320 Pr: 0.5264 Re: 0.5727 F1: 0.5486 AUPR: 0.5236 AP: 0.5232
Acc: 0.5325 AUC: 0.5325 Pr: 0.5284 Re: 0.5725 F1: 0.5495 AUPR: 0.5264 AP: 0.5260
Acc: 0.5322 AUC: 0.5330 Pr: 0.5280 Re: 0.5725 F1: 0.5494 AUPR: 0.5248 AP: 0.5244
Acc: 0.5315 AUC: 0.5340 Pr: 0.5276 Re: 0.5682 F1: 0.5472 AUPR: 0.5238 AP: 0.5239
Acc: 0.5321 AUC: 0.5335 Pr: 0.5280 Re: 0.5707 F1: 0.5485 AUPR: 0.5233 AP: 0.5231
Acc: 0.5324 AUC: 0.5315 Pr: 0.5283 Re: 0.5714 F1: 0.5490 AUPR: 0.5237 AP: 0.5237
Acc: 0.5339 AUC: 0.5331 Pr: 0.5297 Re: 0.5720 F1: 0.5501 AUPR: 0.5248 AP: 0.5247
Acc: 0.5317 AUC: 0.5312 Pr: 0.5278 Re: 0.5696 F1: 0.5479 AUPR: 0.5234 AP: 0.5229
Acc: 0.5315 AUC: 0.5317 Pr: 0.5274 Re: 0.5720 F1: 0.5488 AUPR: 0.5198 AP: 0.5202
Acc: 0.5292 AUC: 0.5321 Pr: 0.5252 Re: 0.5696 F1: 0.5465 AUPR: 0.5217 AP: 0.5221
Acc: 0.5304 AUC: 0.5318 Pr: 0.5264 Re: 0.5711 F1: 0.5478 AUPR: 0.5223 AP: 0.5224
Acc: 0.5331 AUC: 0.5322 Pr: 0.5289 Re: 0.5727 F1: 0.5499 AUPR: 0.5256 AP: 0.5250
Acc: 0.5312 AUC: 0.5337 Pr: 0.5270 Re: 0.5729 F1: 0.5490 AUPR: 0.5245 AP: 0.5241
Acc: 0.5335 AUC: 0.5337 Pr: 0.5293 Re: 0.5734 F1: 0.5505 AUPR: 0.5227 AP: 0.5228
Acc: 0.5311 AUC: 0.5338 Pr: 0.5270 Re: 0.5720 F1: 0.5486 AUPR: 0.5235 AP: 0.5238
Acc: 0.5303 AUC: 0.5319 Pr: 0.5263 Re: 0.5700 F1: 0.5473 AUPR: 0.5224 AP: 0.5227
Acc: 0.5345 AUC: 0.5346 Pr: 0.5304 Re: 0.5720 F1: 0.5504 AUPR: 0.5268 AP: 0.5265
Acc: 0.5316 AUC: 0.5321 Pr: 0.5275 Re: 0.5718 F1: 0.5488 AUPR: 0.5214 AP: 0.5217
Acc: 0.5312 AUC: 0.5326 Pr: 0.5270 Re: 0.5732 F1: 0.5491 AUPR: 0.5220 AP: 0.5228
Acc: 0.5324 AUC: 0.5328 Pr: 0.5282 Re: 0.5738 F1: 0.5501 AUPR: 0.5231 AP: 0.5233
Acc: 0.5305 AUC: 0.5347 Pr: 0.5264 Re: 0.5720 F1: 0.5483 AUPR: 0.5285 AP: 0.5284
Acc: 0.5309 AUC: 0.5325 Pr: 0.5267 Re: 0.5727 F1: 0.5488 AUPR: 0.5215 AP: 0.5217
Acc: 0.5290 AUC: 0.5319 Pr: 0.5249 Re: 0.5723 F1: 0.5476 AUPR: 0.5221 AP: 0.5223
Acc: 0.5340 AUC: 0.5346 Pr: 0.5296 Re: 0.5754 F1: 0.5516 AUPR: 0.5278 AP: 0.5269
Acc: 0.5339 AUC: 0.5332 Pr: 0.5296 Re: 0.5747 F1: 0.5512 AUPR: 0.5257 AP: 0.5268
Acc: 0.5310 AUC: 0.5332 Pr: 0.5269 Re: 0.5714 F1: 0.5482 AUPR: 0.5257 AP: 0.5248
Acc: 0.5317 AUC: 0.5315 Pr: 0.5277 Re: 0.5711 F1: 0.5486 AUPR: 0.5215 AP: 0.5221
Acc: 0.5336 AUC: 0.5375 Pr: 0.5284 Re: 0.5920 F1: 0.5584 AUPR: 0.5309 AP: 0.5304
Acc: 0.5351 AUC: 0.5369 Pr: 0.5314 Re: 0.5637 F1: 0.5471 AUPR: 0.5262 AP: 0.5261
Acc: 0.5328 AUC: 0.5314 Pr: 0.5311 Re: 0.5285 F1: 0.5298 AUPR: 0.5175 AP: 0.5182
Acc: 0.5330 AUC: 0.5346 Pr: 0.5279 Re: 0.5904 F1: 0.5574 AUPR: 0.5237 AP: 0.5230
Acc: 0.5311 AUC: 0.5293 Pr: 0.5267 Re: 0.5776 F1: 0.5510 AUPR: 0.5204 AP: 0.5199
Acc: 0.5307 AUC: 0.5406 Pr: 0.5249 Re: 0.6111 F1: 0.5647 AUPR: 0.5264 AP: 0.5269
Acc: 0.5193 AUC: 0.5267 Pr: 0.5247 Re: 0.3719 F1: 0.4353 AUPR: 0.5148 AP: 0.5151
Acc: 0.5287 AUC: 0.5535 Pr: 0.5149 Re: 0.9307 F1: 0.6630 AUPR: 0.5281 AP: 0.5278
Acc: 0.5324 AUC: 0.5319 Pr: 0.5238 Re: 0.6744 F1: 0.5896 AUPR: 0.5119 AP: 0.5122
Acc: 0.4992 AUC: 0.5051 Pr: 0.4867 Re: 0.0983 F1: 0.1636 AUPR: 0.4939 AP: 0.4941
Acc: 0.5061 AUC: 0.5190 Pr: 0.5073 Re: 0.2971 F1: 0.3748 AUPR: 0.5046 AP: 0.5048
Acc: 0.5382 AUC: 0.5422 Pr: 0.5246 Re: 0.7792 F1: 0.6270 AUPR: 0.5164 AP: 0.5166
Acc: 0.5429 AUC: 0.5412 Pr: 0.5250 Re: 0.8662 F1: 0.6537 AUPR: 0.5160 AP: 0.5162
Acc: 0.5304 AUC: 0.5379 Pr: 0.5202 Re: 0.7377 F1: 0.6101 AUPR: 0.5154 AP: 0.5157
Acc: 0.5120 AUC: 0.5276 Pr: 0.5110 Re: 0.4702 F1: 0.4897 AUPR: 0.5093 AP: 0.5095
Acc: 0.5143 AUC: 0.5266 Pr: 0.5170 Re: 0.3790 F1: 0.4374 AUPR: 0.5113 AP: 0.5116
Acc: 0.5267 AUC: 0.5371 Pr: 0.5227 Re: 0.5732 F1: 0.5468 AUPR: 0.5205 AP: 0.5207
Acc: 0.5298 AUC: 0.5380 Pr: 0.5196 Re: 0.7435 F1: 0.6117 AUPR: 0.5200 AP: 0.5202
Acc: 0.5347 AUC: 0.5395 Pr: 0.5238 Re: 0.7222 F1: 0.6072 AUPR: 0.5216 AP: 0.5218
Acc: 0.5250 AUC: 0.5367 Pr: 0.5221 Re: 0.5489 F1: 0.5352 AUPR: 0.5201 AP: 0.5203
Acc: 0.5203 AUC: 0.5312 Pr: 0.5235 Re: 0.4125 F1: 0.4614 AUPR: 0.5153 AP: 0.5155
Acc: 0.5277 AUC: 0.5362 Pr: 0.5286 Re: 0.4787 F1: 0.5024 AUPR: 0.5172 AP: 0.5175
Acc: 0.5329 AUC: 0.5406 Pr: 0.5269 Re: 0.6079 F1: 0.5646 AUPR: 0.5216 AP: 0.5218
Acc: 0.5363 AUC: 0.5422 Pr: 0.5269 Re: 0.6762 F1: 0.5923 AUPR: 0.5207 AP: 0.5209
Acc: 0.5380 AUC: 0.5443 Pr: 0.5294 Re: 0.6528 F1: 0.5847 AUPR: 0.5214 AP: 0.5217
Acc: 0.5344 AUC: 0.5425 Pr: 0.5305 Re: 0.5675 F1: 0.5484 AUPR: 0.5214 AP: 0.5217
Acc: 0.5354 AUC: 0.5440 Pr: 0.5353 Re: 0.5110 F1: 0.5228 AUPR: 0.5240 AP: 0.5242
Acc: 0.5282 AUC: 0.5417 Pr: 0.5278 Re: 0.5004 F1: 0.5138 AUPR: 0.5212 AP: 0.5215
Acc: 0.5367 AUC: 0.5458 Pr: 0.5329 Re: 0.5646 F1: 0.5483 AUPR: 0.5244 AP: 0.5247
Acc: 0.5399 AUC: 0.5456 Pr: 0.5333 Re: 0.6115 F1: 0.5697 AUPR: 0.5231 AP: 0.5234
Acc: 0.5430 AUC: 0.5485 Pr: 0.5348 Re: 0.6349 F1: 0.5805 AUPR: 0.5267 AP: 0.5269
Acc: 0.5415 AUC: 0.5472 Pr: 0.5352 Re: 0.6046 F1: 0.5678 AUPR: 0.5274 AP: 0.5276
Acc: 0.5389 AUC: 0.5470 Pr: 0.5357 Re: 0.5572 F1: 0.5463 AUPR: 0.5272 AP: 0.5274
Acc: 0.5339 AUC: 0.5445 Pr: 0.5321 Re: 0.5319 F1: 0.5320 AUPR: 0.5242 AP: 0.5245
Acc: 0.5373 AUC: 0.5457 Pr: 0.5346 Re: 0.5498 F1: 0.5421 AUPR: 0.5248 AP: 0.5250
Acc: 0.5373 AUC: 0.5437 Pr: 0.5331 Re: 0.5729 F1: 0.5523 AUPR: 0.5265 AP: 0.5267
Acc: 0.5409 AUC: 0.5463 Pr: 0.5348 Re: 0.6026 F1: 0.5666 AUPR: 0.5277 AP: 0.5280
Acc: 0.5398 AUC: 0.5460 Pr: 0.5338 Re: 0.6010 F1: 0.5654 AUPR: 0.5271 AP: 0.5274
Acc: 0.5383 AUC: 0.5449 Pr: 0.5335 Re: 0.5828 F1: 0.5571 AUPR: 0.5281 AP: 0.5283
Acc: 0.5393 AUC: 0.5464 Pr: 0.5357 Re: 0.5642 F1: 0.5496 AUPR: 0.5305 AP: 0.5307
Acc: 0.5341 AUC: 0.5445 Pr: 0.5314 Re: 0.5476 F1: 0.5393 AUPR: 0.5317 AP: 0.5319
Acc: 0.5380 AUC: 0.5477 Pr: 0.5342 Re: 0.5660 F1: 0.5496 AUPR: 0.5320 AP: 0.5322
Acc: 0.5400 AUC: 0.5479 Pr: 0.5351 Re: 0.5835 F1: 0.5582 AUPR: 0.5334 AP: 0.5337
Acc: 0.5385 AUC: 0.5478 Pr: 0.5331 Re: 0.5909 F1: 0.5605 AUPR: 0.5331 AP: 0.5333
Acc: 0.5410 AUC: 0.5484 Pr: 0.5348 Re: 0.6028 F1: 0.5668 AUPR: 0.5336 AP: 0.5338
Acc: 0.5393 AUC: 0.5481 Pr: 0.5335 Re: 0.5981 F1: 0.5640 AUPR: 0.5371 AP: 0.5374
Acc: 0.5381 AUC: 0.5471 Pr: 0.5327 Re: 0.5922 F1: 0.5609 AUPR: 0.5365 AP: 0.5366
Acc: 0.5379 AUC: 0.5462 Pr: 0.5332 Re: 0.5810 F1: 0.5561 AUPR: 0.5295 AP: 0.5298
Acc: 0.5381 AUC: 0.5468 Pr: 0.5341 Re: 0.5700 F1: 0.5515 AUPR: 0.5340 AP: 0.5343
Acc: 0.5376 AUC: 0.5451 Pr: 0.5337 Re: 0.5662 F1: 0.5495 AUPR: 0.5301 AP: 0.5304
Acc: 0.5377 AUC: 0.5423 Pr: 0.5340 Re: 0.5646 F1: 0.5489 AUPR: 0.5280 AP: 0.5281
Acc: 0.5388 AUC: 0.5488 Pr: 0.5347 Re: 0.5711 F1: 0.5523 AUPR: 0.5369 AP: 0.5371
Acc: 0.5381 AUC: 0.5456 Pr: 0.5335 Re: 0.5794 F1: 0.5555 AUPR: 0.5315 AP: 0.5318
Acc: 0.5390 AUC: 0.5478 Pr: 0.5341 Re: 0.5833 F1: 0.5576 AUPR: 0.5359 AP: 0.5361
Acc: 0.5377 AUC: 0.5458 Pr: 0.5328 Re: 0.5828 F1: 0.5567 AUPR: 0.5311 AP: 0.5314
Acc: 0.5362 AUC: 0.5471 Pr: 0.5314 Re: 0.5828 F1: 0.5559 AUPR: 0.5353 AP: 0.5356
Acc: 0.5386 AUC: 0.5487 Pr: 0.5340 Re: 0.5781 F1: 0.5552 AUPR: 0.5361 AP: 0.5363
Acc: 0.5361 AUC: 0.5453 Pr: 0.5321 Re: 0.5696 F1: 0.5502 AUPR: 0.5319 AP: 0.5321
Acc: 0.5385 AUC: 0.5443 Pr: 0.5341 Re: 0.5745 F1: 0.5536 AUPR: 0.5320 AP: 0.5321
Acc: 0.5389 AUC: 0.5481 Pr: 0.5345 Re: 0.5754 F1: 0.5542 AUPR: 0.5368 AP: 0.5370
Acc: 0.5372 AUC: 0.5473 Pr: 0.5328 Re: 0.5768 F1: 0.5539 AUPR: 0.5343 AP: 0.5345
Acc: 0.5369 AUC: 0.5459 Pr: 0.5324 Re: 0.5776 F1: 0.5541 AUPR: 0.5301 AP: 0.5303
Acc: 0.5407 AUC: 0.5481 Pr: 0.5353 Re: 0.5904 F1: 0.5615 AUPR: 0.5341 AP: 0.5343
Acc: 0.5372 AUC: 0.5488 Pr: 0.5322 Re: 0.5866 F1: 0.5581 AUPR: 0.5360 AP: 0.5361
Acc: 0.5362 AUC: 0.5484 Pr: 0.5310 Re: 0.5898 F1: 0.5589 AUPR: 0.5326 AP: 0.5328
Acc: 0.5409 AUC: 0.5488 Pr: 0.5348 Re: 0.6014 F1: 0.5662 AUPR: 0.5393 AP: 0.5393
Acc: 0.5385 AUC: 0.5504 Pr: 0.5327 Re: 0.5974 F1: 0.5632 AUPR: 0.5395 AP: 0.5396
Acc: 0.5400 AUC: 0.5479 Pr: 0.5344 Re: 0.5945 F1: 0.5628 AUPR: 0.5313 AP: 0.5315
Acc: 0.5368 AUC: 0.5473 Pr: 0.5316 Re: 0.5891 F1: 0.5589 AUPR: 0.5334 AP: 0.5337
Acc: 0.5396 AUC: 0.5488 Pr: 0.5341 Re: 0.5920 F1: 0.5616 AUPR: 0.5367 AP: 0.5369
Acc: 0.5405 AUC: 0.5494 Pr: 0.5351 Re: 0.5909 F1: 0.5616 AUPR: 0.5387 AP: 0.5387
Acc: 0.5363 AUC: 0.5462 Pr: 0.5316 Re: 0.5819 F1: 0.5556 AUPR: 0.5299 AP: 0.5302
Acc: 0.5374 AUC: 0.5490 Pr: 0.5326 Re: 0.5835 F1: 0.5569 AUPR: 0.5381 AP: 0.5384
Acc: 0.5368 AUC: 0.5474 Pr: 0.5321 Re: 0.5797 F1: 0.5549 AUPR: 0.5356 AP: 0.5359
Acc: 0.5397 AUC: 0.5489 Pr: 0.5350 Re: 0.5799 F1: 0.5565 AUPR: 0.5357 AP: 0.5361
Acc: 0.5389 AUC: 0.5477 Pr: 0.5344 Re: 0.5772 F1: 0.5550 AUPR: 0.5358 AP: 0.5359
Acc: 0.5393 AUC: 0.5467 Pr: 0.5345 Re: 0.5821 F1: 0.5573 AUPR: 0.5325 AP: 0.5327
Acc: 0.5386 AUC: 0.5482 Pr: 0.5339 Re: 0.5803 F1: 0.5561 AUPR: 0.5364 AP: 0.5366
Acc: 0.5377 AUC: 0.5470 Pr: 0.5333 Re: 0.5754 F1: 0.5535 AUPR: 0.5362 AP: 0.5363
Acc: 0.5388 AUC: 0.5489 Pr: 0.5339 Re: 0.5830 F1: 0.5574 AUPR: 0.5352 AP: 0.5353
Acc: 0.5400 AUC: 0.5474 Pr: 0.5349 Re: 0.5860 F1: 0.5593 AUPR: 0.5347 AP: 0.5347
Acc: 0.5409 AUC: 0.5498 Pr: 0.5356 Re: 0.5886 F1: 0.5609 AUPR: 0.5349 AP: 0.5350
Acc: 0.5386 AUC: 0.5475 Pr: 0.5336 Re: 0.5848 F1: 0.5580 AUPR: 0.5334 AP: 0.5335
Acc: 0.5377 AUC: 0.5490 Pr: 0.5327 Re: 0.5842 F1: 0.5573 AUPR: 0.5370 AP: 0.5373
Acc: 0.5407 AUC: 0.5509 Pr: 0.5354 Re: 0.5882 F1: 0.5606 AUPR: 0.5410 AP: 0.5412
Acc: 0.5381 AUC: 0.5468 Pr: 0.5330 Re: 0.5877 F1: 0.5590 AUPR: 0.5323 AP: 0.5324
Acc: 0.5366 AUC: 0.5477 Pr: 0.5315 Re: 0.5873 F1: 0.5580 AUPR: 0.5334 AP: 0.5336
Acc: 0.5371 AUC: 0.5490 Pr: 0.5320 Re: 0.5875 F1: 0.5584 AUPR: 0.5380 AP: 0.5381
Acc: 0.5410 AUC: 0.5499 Pr: 0.5356 Re: 0.5911 F1: 0.5620 AUPR: 0.5377 AP: 0.5379
Acc: 0.5381 AUC: 0.5486 Pr: 0.5332 Re: 0.5839 F1: 0.5574 AUPR: 0.5349 AP: 0.5351
Acc: 0.5400 AUC: 0.5487 Pr: 0.5347 Re: 0.5902 F1: 0.5611 AUPR: 0.5326 AP: 0.5329
Acc: 0.5383 AUC: 0.5490 Pr: 0.5333 Re: 0.5864 F1: 0.5586 AUPR: 0.5368 AP: 0.5368
Acc: 0.5379 AUC: 0.5472 Pr: 0.5327 Re: 0.5889 F1: 0.5594 AUPR: 0.5376 AP: 0.5376
Acc: 0.5348 AUC: 0.5491 Pr: 0.5298 Re: 0.5864 F1: 0.5567 AUPR: 0.5351 AP: 0.5352
Acc: 0.5379 AUC: 0.5502 Pr: 0.5327 Re: 0.5891 F1: 0.5595 AUPR: 0.5368 AP: 0.5369
Acc: 0.5380 AUC: 0.5472 Pr: 0.5329 Re: 0.5875 F1: 0.5589 AUPR: 0.5340 AP: 0.5341
Acc: 0.5380 AUC: 0.5495 Pr: 0.5332 Re: 0.5824 F1: 0.5567 AUPR: 0.5371 AP: 0.5372
Acc: 0.5389 AUC: 0.5489 Pr: 0.5341 Re: 0.5824 F1: 0.5572 AUPR: 0.5355 AP: 0.5357
Acc: 0.5379 AUC: 0.5481 Pr: 0.5331 Re: 0.5812 F1: 0.5562 AUPR: 0.5346 AP: 0.5347
Acc: 0.5377 AUC: 0.5474 Pr: 0.5330 Re: 0.5794 F1: 0.5553 AUPR: 0.5332 AP: 0.5334
Acc: 0.5372 AUC: 0.5475 Pr: 0.5328 Re: 0.5763 F1: 0.5537 AUPR: 0.5338 AP: 0.5342
Acc: 0.5399 AUC: 0.5482 Pr: 0.5354 Re: 0.5776 F1: 0.5557 AUPR: 0.5386 AP: 0.5387
Acc: 0.5388 AUC: 0.5477 Pr: 0.5342 Re: 0.5781 F1: 0.5553 AUPR: 0.5339 AP: 0.5341
Acc: 0.5387 AUC: 0.5483 Pr: 0.5342 Re: 0.5763 F1: 0.5545 AUPR: 0.5380 AP: 0.5382
Acc: 0.5390 AUC: 0.5485 Pr: 0.5343 Re: 0.5803 F1: 0.5564 AUPR: 0.5346 AP: 0.5346
Acc: 0.5381 AUC: 0.5475 Pr: 0.5335 Re: 0.5797 F1: 0.5556 AUPR: 0.5328 AP: 0.5329
Acc: 0.5373 AUC: 0.5473 Pr: 0.5329 Re: 0.5754 F1: 0.5534 AUPR: 0.5317 AP: 0.5319
Acc: 0.5395 AUC: 0.5474 Pr: 0.5346 Re: 0.5824 F1: 0.5575 AUPR: 0.5326 AP: 0.5330
Acc: 0.5393 AUC: 0.5484 Pr: 0.5345 Re: 0.5817 F1: 0.5571 AUPR: 0.5377 AP: 0.5376
Acc: 0.5401 AUC: 0.5491 Pr: 0.5351 Re: 0.5848 F1: 0.5589 AUPR: 0.5377 AP: 0.5378
Acc: 0.5390 AUC: 0.5489 Pr: 0.5340 Re: 0.5846 F1: 0.5582 AUPR: 0.5384 AP: 0.5385
Acc: 0.5396 AUC: 0.5501 Pr: 0.5345 Re: 0.5864 F1: 0.5592 AUPR: 0.5386 AP: 0.5387
Acc: 0.5386 AUC: 0.5490 Pr: 0.5335 Re: 0.5868 F1: 0.5589 AUPR: 0.5377 AP: 0.5377
Acc: 0.5396 AUC: 0.5489 Pr: 0.5343 Re: 0.5895 F1: 0.5605 AUPR: 0.5368 AP: 0.5370
Acc: 0.5360 AUC: 0.5468 Pr: 0.5309 Re: 0.5877 F1: 0.5579 AUPR: 0.5353 AP: 0.5354
Acc: 0.5414 AUC: 0.5484 Pr: 0.5358 Re: 0.5936 F1: 0.5632 AUPR: 0.5336 AP: 0.5336
Acc: 0.5404 AUC: 0.5501 Pr: 0.5348 Re: 0.5934 F1: 0.5626 AUPR: 0.5364 AP: 0.5365
Acc: 0.5379 AUC: 0.5479 Pr: 0.5325 Re: 0.5927 F1: 0.5610 AUPR: 0.5342 AP: 0.5344
Acc: 0.5410 AUC: 0.5494 Pr: 0.5353 Re: 0.5958 F1: 0.5639 AUPR: 0.5361 AP: 0.5363
Acc: 0.5385 AUC: 0.5485 Pr: 0.5332 Re: 0.5895 F1: 0.5599 AUPR: 0.5343 AP: 0.5346
Acc: 0.5372 AUC: 0.5491 Pr: 0.5320 Re: 0.5902 F1: 0.5596 AUPR: 0.5349 AP: 0.5349
Acc: 0.5388 AUC: 0.5482 Pr: 0.5334 Re: 0.5916 F1: 0.5610 AUPR: 0.5323 AP: 0.5324
Acc: 0.5405 AUC: 0.5494 Pr: 0.5351 Re: 0.5902 F1: 0.5613 AUPR: 0.5347 AP: 0.5350
Acc: 0.5393 AUC: 0.5487 Pr: 0.5339 Re: 0.5920 F1: 0.5615 AUPR: 0.5380 AP: 0.5379
Acc: 0.5385 AUC: 0.5485 Pr: 0.5333 Re: 0.5871 F1: 0.5589 AUPR: 0.5392 AP: 0.5392
Acc: 0.5407 AUC: 0.5477 Pr: 0.5355 Re: 0.5868 F1: 0.5600 AUPR: 0.5353 AP: 0.5353
Acc: 0.5390 AUC: 0.5485 Pr: 0.5341 Re: 0.5842 F1: 0.5580 AUPR: 0.5362 AP: 0.5362
Acc: 0.5388 AUC: 0.5488 Pr: 0.5341 Re: 0.5797 F1: 0.5560 AUPR: 0.5355 AP: 0.5357
Acc: 0.5404 AUC: 0.5487 Pr: 0.5354 Re: 0.5830 F1: 0.5582 AUPR: 0.5407 AP: 0.5405
Acc: 0.5380 AUC: 0.5472 Pr: 0.5332 Re: 0.5828 F1: 0.5569 AUPR: 0.5356 AP: 0.5355
Acc: 0.5366 AUC: 0.5479 Pr: 0.5320 Re: 0.5788 F1: 0.5544 AUPR: 0.5332 AP: 0.5332
Acc: 0.5367 AUC: 0.5487 Pr: 0.5319 Re: 0.5819 F1: 0.5558 AUPR: 0.5367 AP: 0.5369
Acc: 0.5391 AUC: 0.5490 Pr: 0.5342 Re: 0.5844 F1: 0.5581 AUPR: 0.5393 AP: 0.5392
Acc: 0.5404 AUC: 0.5489 Pr: 0.5352 Re: 0.5875 F1: 0.5601 AUPR: 0.5366 AP: 0.5366
Acc: 0.5397 AUC: 0.5474 Pr: 0.5346 Re: 0.5862 F1: 0.5592 AUPR: 0.5318 AP: 0.5321
Acc: 0.5408 AUC: 0.5484 Pr: 0.5358 Re: 0.5846 F1: 0.5591 AUPR: 0.5384 AP: 0.5386
Acc: 0.5359 AUC: 0.5472 Pr: 0.5313 Re: 0.5797 F1: 0.5544 AUPR: 0.5385 AP: 0.5383
Acc: 0.5357 AUC: 0.5486 Pr: 0.5311 Re: 0.5788 F1: 0.5539 AUPR: 0.5345 AP: 0.5345
Acc: 0.5391 AUC: 0.5476 Pr: 0.5343 Re: 0.5817 F1: 0.5570 AUPR: 0.5368 AP: 0.5368
Acc: 0.5362 AUC: 0.5471 Pr: 0.5317 Re: 0.5772 F1: 0.5535 AUPR: 0.5345 AP: 0.5345
Acc: 0.5387 AUC: 0.5470 Pr: 0.5340 Re: 0.5799 F1: 0.5560 AUPR: 0.5365 AP: 0.5367
Acc: 0.5407 AUC: 0.5502 Pr: 0.5356 Re: 0.5857 F1: 0.5595 AUPR: 0.5354 AP: 0.5354
Acc: 0.5390 AUC: 0.5493 Pr: 0.5340 Re: 0.5853 F1: 0.5585 AUPR: 0.5368 AP: 0.5368
Acc: 0.5381 AUC: 0.5468 Pr: 0.5331 Re: 0.5851 F1: 0.5579 AUPR: 0.5337 AP: 0.5338
Acc: 0.5382 AUC: 0.5495 Pr: 0.5333 Re: 0.5844 F1: 0.5577 AUPR: 0.5352 AP: 0.5355
Acc: 0.5372 AUC: 0.5487 Pr: 0.5324 Re: 0.5826 F1: 0.5564 AUPR: 0.5327 AP: 0.5330
Acc: 0.5388 AUC: 0.5475 Pr: 0.5336 Re: 0.5880 F1: 0.5595 AUPR: 0.5326 AP: 0.5329
Acc: 0.5362 AUC: 0.5509 Pr: 0.5314 Re: 0.5837 F1: 0.5563 AUPR: 0.5391 AP: 0.5392
Acc: 0.5358 AUC: 0.5494 Pr: 0.5309 Re: 0.5839 F1: 0.5562 AUPR: 0.5354 AP: 0.5361
Acc: 0.5380 AUC: 0.5494 Pr: 0.5330 Re: 0.5855 F1: 0.5580 AUPR: 0.5386 AP: 0.5388
Acc: 0.5378 AUC: 0.5488 Pr: 0.5327 Re: 0.5866 F1: 0.5584 AUPR: 0.5351 AP: 0.5351
Acc: 0.5361 AUC: 0.5475 Pr: 0.5313 Re: 0.5833 F1: 0.5561 AUPR: 0.5349 AP: 0.5350
Acc: 0.5391 AUC: 0.5492 Pr: 0.5341 Re: 0.5857 F1: 0.5587 AUPR: 0.5394 AP: 0.5394
Acc: 0.5376 AUC: 0.5496 Pr: 0.5325 Re: 0.5864 F1: 0.5582 AUPR: 0.5376 AP: 0.5378
Acc: 0.5399 AUC: 0.5487 Pr: 0.5347 Re: 0.5880 F1: 0.5601 AUPR: 0.5362 AP: 0.5363
Acc: 0.5368 AUC: 0.5484 Pr: 0.5319 Re: 0.5842 F1: 0.5568 AUPR: 0.5372 AP: 0.5372
Acc: 0.5392 AUC: 0.5508 Pr: 0.5341 Re: 0.5868 F1: 0.5592 AUPR: 0.5392 AP: 0.5395
Acc: 0.5386 AUC: 0.5519 Pr: 0.5335 Re: 0.5860 F1: 0.5585 AUPR: 0.5369 AP: 0.5373
Acc: 0.5367 AUC: 0.5478 Pr: 0.5318 Re: 0.5833 F1: 0.5564 AUPR: 0.5312 AP: 0.5316
Acc: 0.5368 AUC: 0.5486 Pr: 0.5320 Re: 0.5824 F1: 0.5560 AUPR: 0.5336 AP: 0.5340
Acc: 0.5354 AUC: 0.5455 Pr: 0.5308 Re: 0.5806 F1: 0.5546 AUPR: 0.5295 AP: 0.5296
Acc: 0.5387 AUC: 0.5470 Pr: 0.5339 Re: 0.5810 F1: 0.5565 AUPR: 0.5315 AP: 0.5319
Acc: 0.5366 AUC: 0.5487 Pr: 0.5319 Re: 0.5806 F1: 0.5552 AUPR: 0.5382 AP: 0.5380
Acc: 0.5368 AUC: 0.5488 Pr: 0.5320 Re: 0.5815 F1: 0.5557 AUPR: 0.5404 AP: 0.5402
Acc: 0.5377 AUC: 0.5475 Pr: 0.5328 Re: 0.5826 F1: 0.5566 AUPR: 0.5360 AP: 0.5360
Acc: 0.5395 AUC: 0.5472 Pr: 0.5345 Re: 0.5839 F1: 0.5581 AUPR: 0.5370 AP: 0.5368
Acc: 0.5382 AUC: 0.5494 Pr: 0.5335 Re: 0.5803 F1: 0.5559 AUPR: 0.5361 AP: 0.5361
Acc: 0.5369 AUC: 0.5492 Pr: 0.5321 Re: 0.5824 F1: 0.5561 AUPR: 0.5378 AP: 0.5379
Acc: 0.5387 AUC: 0.5480 Pr: 0.5338 Re: 0.5826 F1: 0.5571 AUPR: 0.5362 AP: 0.5361
Acc: 0.5379 AUC: 0.5485 Pr: 0.5332 Re: 0.5797 F1: 0.5555 AUPR: 0.5339 AP: 0.5340
Acc: 0.5383 AUC: 0.5476 Pr: 0.5336 Re: 0.5806 F1: 0.5561 AUPR: 0.5321 AP: 0.5323
Acc: 0.5382 AUC: 0.5482 Pr: 0.5335 Re: 0.5808 F1: 0.5561 AUPR: 0.5344 AP: 0.5346
Acc: 0.5400 AUC: 0.5490 Pr: 0.5353 Re: 0.5799 F1: 0.5567 AUPR: 0.5362 AP: 0.5367
Acc: 0.5387 AUC: 0.5483 Pr: 0.5341 Re: 0.5776 F1: 0.5550 AUPR: 0.5344 AP: 0.5344
Acc: 0.5388 AUC: 0.5479 Pr: 0.5340 Re: 0.5810 F1: 0.5565 AUPR: 0.5327 AP: 0.5332
Acc: 0.5382 AUC: 0.5490 Pr: 0.5334 Re: 0.5819 F1: 0.5566 AUPR: 0.5405 AP: 0.5404
Acc: 0.5368 AUC: 0.5494 Pr: 0.5322 Re: 0.5779 F1: 0.5541 AUPR: 0.5356 AP: 0.5355
Acc: 0.5399 AUC: 0.5491 Pr: 0.5349 Re: 0.5844 F1: 0.5586 AUPR: 0.5384 AP: 0.5382
Acc: 0.5389 AUC: 0.5481 Pr: 0.5340 Re: 0.5833 F1: 0.5575 AUPR: 0.5339 AP: 0.5339
Acc: 0.5377 AUC: 0.5469 Pr: 0.5329 Re: 0.5808 F1: 0.5558 AUPR: 0.5335 AP: 0.5334
Acc: 0.5370 AUC: 0.5482 Pr: 0.5322 Re: 0.5826 F1: 0.5562 AUPR: 0.5366 AP: 0.5365
Acc: 0.5367 AUC: 0.5473 Pr: 0.5318 Re: 0.5830 F1: 0.5563 AUPR: 0.5331 AP: 0.5335
Acc: 0.5371 AUC: 0.5485 Pr: 0.5321 Re: 0.5851 F1: 0.5573 AUPR: 0.5359 AP: 0.5358
Acc: 0.5343 AUC: 0.5494 Pr: 0.5297 Re: 0.5803 F1: 0.5539 AUPR: 0.5385 AP: 0.5387
Acc: 0.5397 AUC: 0.5489 Pr: 0.5345 Re: 0.5882 F1: 0.5600 AUPR: 0.5387 AP: 0.5385
Acc: 0.5406 AUC: 0.5504 Pr: 0.5352 Re: 0.5907 F1: 0.5616 AUPR: 0.5398 AP: 0.5400
Acc: 0.5385 AUC: 0.5488 Pr: 0.5333 Re: 0.5880 F1: 0.5593 AUPR: 0.5365 AP: 0.5362
Acc: 0.5386 AUC: 0.5506 Pr: 0.5334 Re: 0.5882 F1: 0.5594 AUPR: 0.5358 AP: 0.5361
Acc: 0.5390 AUC: 0.5508 Pr: 0.5336 Re: 0.5913 F1: 0.5610 AUPR: 0.5397 AP: 0.5395
Acc: 0.5383 AUC: 0.5495 Pr: 0.5330 Re: 0.5900 F1: 0.5601 AUPR: 0.5330 AP: 0.5332
Acc: 0.5406 AUC: 0.5498 Pr: 0.5350 Re: 0.5934 F1: 0.5627 AUPR: 0.5358 AP: 0.5356
Acc: 0.5360 AUC: 0.5485 Pr: 0.5310 Re: 0.5860 F1: 0.5571 AUPR: 0.5345 AP: 0.5344
Acc: 0.5380 AUC: 0.5489 Pr: 0.5328 Re: 0.5882 F1: 0.5591 AUPR: 0.5337 AP: 0.5338
Acc: 0.5354 AUC: 0.5489 Pr: 0.5305 Re: 0.5851 F1: 0.5565 AUPR: 0.5388 AP: 0.5385
Acc: 0.5364 AUC: 0.5480 Pr: 0.5315 Re: 0.5848 F1: 0.5569 AUPR: 0.5349 AP: 0.5352
Acc: 0.5387 AUC: 0.5486 Pr: 0.5335 Re: 0.5877 F1: 0.5593 AUPR: 0.5384 AP: 0.5383
Acc: 0.5398 AUC: 0.5485 Pr: 0.5345 Re: 0.5886 F1: 0.5603 AUPR: 0.5362 AP: 0.5362
Acc: 0.5398 AUC: 0.5502 Pr: 0.5347 Re: 0.5866 F1: 0.5594 AUPR: 0.5373 AP: 0.5372
Acc: 0.5363 AUC: 0.5469 Pr: 0.5315 Re: 0.5833 F1: 0.5562 AUPR: 0.5331 AP: 0.5328
Acc: 0.5406 AUC: 0.5502 Pr: 0.5354 Re: 0.5873 F1: 0.5601 AUPR: 0.5397 AP: 0.5396
Acc: 0.5371 AUC: 0.5499 Pr: 0.5323 Re: 0.5830 F1: 0.5565 AUPR: 0.5364 AP: 0.5363
Acc: 0.5359 AUC: 0.5507 Pr: 0.5310 Re: 0.5846 F1: 0.5565 AUPR: 0.5412 AP: 0.5413
Acc: 0.5393 AUC: 0.5484 Pr: 0.5343 Re: 0.5860 F1: 0.5589 AUPR: 0.5373 AP: 0.5371
Acc: 0.5386 AUC: 0.5499 Pr: 0.5337 Re: 0.5830 F1: 0.5573 AUPR: 0.5410 AP: 0.5409
Acc: 0.5369 AUC: 0.5478 Pr: 0.5321 Re: 0.5826 F1: 0.5562 AUPR: 0.5400 AP: 0.5398
Acc: 0.5351 AUC: 0.5472 Pr: 0.5304 Re: 0.5812 F1: 0.5547 AUPR: 0.5362 AP: 0.5361
Acc: 0.5374 AUC: 0.5498 Pr: 0.5327 Re: 0.5810 F1: 0.5558 AUPR: 0.5405 AP: 0.5404
Acc: 0.5379 AUC: 0.5482 Pr: 0.5331 Re: 0.5821 F1: 0.5565 AUPR: 0.5366 AP: 0.5364
Acc: 0.5385 AUC: 0.5500 Pr: 0.5335 Re: 0.5846 F1: 0.5579 AUPR: 0.5380 AP: 0.5383
Acc: 0.5369 AUC: 0.5500 Pr: 0.5321 Re: 0.5826 F1: 0.5562 AUPR: 0.5428 AP: 0.5424
Acc: 0.5351 AUC: 0.5501 Pr: 0.5303 Re: 0.5830 F1: 0.5554 AUPR: 0.5390 AP: 0.5391
Acc: 0.5352 AUC: 0.5481 Pr: 0.5305 Re: 0.5819 F1: 0.5550 AUPR: 0.5362 AP: 0.5360
Acc: 0.5373 AUC: 0.5477 Pr: 0.5324 Re: 0.5848 F1: 0.5574 AUPR: 0.5331 AP: 0.5332
Acc: 0.5397 AUC: 0.5483 Pr: 0.5345 Re: 0.5873 F1: 0.5597 AUPR: 0.5385 AP: 0.5382
Acc: 0.5392 AUC: 0.5493 Pr: 0.5343 Re: 0.5844 F1: 0.5582 AUPR: 0.5405 AP: 0.5405
Acc: 0.5392 AUC: 0.5494 Pr: 0.5343 Re: 0.5842 F1: 0.5581 AUPR: 0.5371 AP: 0.5370
Acc: 0.5391 AUC: 0.5515 Pr: 0.5340 Re: 0.5866 F1: 0.5591 AUPR: 0.5436 AP: 0.5435
Acc: 0.5364 AUC: 0.5479 Pr: 0.5317 Re: 0.5817 F1: 0.5556 AUPR: 0.5363 AP: 0.5360
Acc: 0.5369 AUC: 0.5490 Pr: 0.5320 Re: 0.5842 F1: 0.5569 AUPR: 0.5386 AP: 0.5391
Acc: 0.5373 AUC: 0.5502 Pr: 0.5324 Re: 0.5839 F1: 0.5570 AUPR: 0.5407 AP: 0.5405
Acc: 0.5382 AUC: 0.5497 Pr: 0.5333 Re: 0.5848 F1: 0.5579 AUPR: 0.5379 AP: 0.5379
Acc: 0.5372 AUC: 0.5495 Pr: 0.5324 Re: 0.5824 F1: 0.5563 AUPR: 0.5376 AP: 0.5378
Acc: 0.5354 AUC: 0.5470 Pr: 0.5309 Re: 0.5781 F1: 0.5535 AUPR: 0.5324 AP: 0.5321
Acc: 0.5389 AUC: 0.5483 Pr: 0.5339 Re: 0.5851 F1: 0.5583 AUPR: 0.5345 AP: 0.5344
Acc: 0.5382 AUC: 0.5497 Pr: 0.5333 Re: 0.5842 F1: 0.5576 AUPR: 0.5383 AP: 0.5381
Acc: 0.5362 AUC: 0.5488 Pr: 0.5316 Re: 0.5792 F1: 0.5544 AUPR: 0.5400 AP: 0.5397
Acc: 0.5388 AUC: 0.5473 Pr: 0.5337 Re: 0.5868 F1: 0.5590 AUPR: 0.5333 AP: 0.5332
Acc: 0.5381 AUC: 0.5504 Pr: 0.5331 Re: 0.5851 F1: 0.5579 AUPR: 0.5394 AP: 0.5391
Acc: 0.5350 AUC: 0.5489 Pr: 0.5302 Re: 0.5826 F1: 0.5552 AUPR: 0.5374 AP: 0.5378
Acc: 0.5380 AUC: 0.5483 Pr: 0.5332 Re: 0.5819 F1: 0.5565 AUPR: 0.5353 AP: 0.5353
Acc: 0.5374 AUC: 0.5489 Pr: 0.5327 Re: 0.5819 F1: 0.5562 AUPR: 0.5360 AP: 0.5357
Acc: 0.5376 AUC: 0.5494 Pr: 0.5325 Re: 0.5862 F1: 0.5581 AUPR: 0.5386 AP: 0.5382
Acc: 0.5379 AUC: 0.5489 Pr: 0.5330 Re: 0.5833 F1: 0.5570 AUPR: 0.5370 AP: 0.5368
Acc: 0.5363 AUC: 0.5494 Pr: 0.5315 Re: 0.5835 F1: 0.5563 AUPR: 0.5364 AP: 0.5362
Acc: 0.5376 AUC: 0.5495 Pr: 0.5325 Re: 0.5873 F1: 0.5585 AUPR: 0.5379 AP: 0.5377
Acc: 0.5379 AUC: 0.5505 Pr: 0.5329 Re: 0.5851 F1: 0.5578 AUPR: 0.5401 AP: 0.5398
Acc: 0.5371 AUC: 0.5505 Pr: 0.5322 Re: 0.5848 F1: 0.5573 AUPR: 0.5375 AP: 0.5377
Acc: 0.5377 AUC: 0.5485 Pr: 0.5326 Re: 0.5868 F1: 0.5584 AUPR: 0.5357 AP: 0.5356
Acc: 0.5355 AUC: 0.5495 Pr: 0.5307 Re: 0.5846 F1: 0.5563 AUPR: 0.5364 AP: 0.5361
Acc: 0.5357 AUC: 0.5488 Pr: 0.5308 Re: 0.5833 F1: 0.5558 AUPR: 0.5359 AP: 0.5359
Acc: 0.5379 AUC: 0.5476 Pr: 0.5329 Re: 0.5855 F1: 0.5580 AUPR: 0.5346 AP: 0.5346
Acc: 0.5397 AUC: 0.5506 Pr: 0.5346 Re: 0.5860 F1: 0.5591 AUPR: 0.5397 AP: 0.5394
Acc: 0.5376 AUC: 0.5491 Pr: 0.5325 Re: 0.5871 F1: 0.5584 AUPR: 0.5385 AP: 0.5386
Acc: 0.5364 AUC: 0.5490 Pr: 0.5316 Re: 0.5828 F1: 0.5560 AUPR: 0.5393 AP: 0.5391
Acc: 0.5374 AUC: 0.5505 Pr: 0.5326 Re: 0.5835 F1: 0.5569 AUPR: 0.5387 AP: 0.5389
Acc: 0.5387 AUC: 0.5497 Pr: 0.5334 Re: 0.5889 F1: 0.5598 AUPR: 0.5372 AP: 0.5373
Acc: 0.5396 AUC: 0.5505 Pr: 0.5342 Re: 0.5909 F1: 0.5611 AUPR: 0.5378 AP: 0.5378
Acc: 0.5370 AUC: 0.5496 Pr: 0.5319 Re: 0.5880 F1: 0.5585 AUPR: 0.5377 AP: 0.5377
Acc: 0.5407 AUC: 0.5497 Pr: 0.5351 Re: 0.5931 F1: 0.5626 AUPR: 0.5370 AP: 0.5367
Acc: 0.5367 AUC: 0.5484 Pr: 0.5315 Re: 0.5886 F1: 0.5586 AUPR: 0.5309 AP: 0.5318
Acc: 0.5372 AUC: 0.5487 Pr: 0.5320 Re: 0.5889 F1: 0.5590 AUPR: 0.5348 AP: 0.5347
Acc: 0.5377 AUC: 0.5504 Pr: 0.5324 Re: 0.5904 F1: 0.5599 AUPR: 0.5411 AP: 0.5413
Acc: 0.5366 AUC: 0.5502 Pr: 0.5313 Re: 0.5902 F1: 0.5592 AUPR: 0.5385 AP: 0.5382
Acc: 0.5363 AUC: 0.5477 Pr: 0.5313 Re: 0.5868 F1: 0.5577 AUPR: 0.5316 AP: 0.5316
Acc: 0.5396 AUC: 0.5487 Pr: 0.5342 Re: 0.5904 F1: 0.5609 AUPR: 0.5343 AP: 0.5343
Acc: 0.5382 AUC: 0.5491 Pr: 0.5329 Re: 0.5909 F1: 0.5604 AUPR: 0.5354 AP: 0.5352
Acc: 0.5400 AUC: 0.5496 Pr: 0.5347 Re: 0.5902 F1: 0.5611 AUPR: 0.5360 AP: 0.5364
Acc: 0.5377 AUC: 0.5501 Pr: 0.5324 Re: 0.5895 F1: 0.5595 AUPR: 0.5368 AP: 0.5368
Acc: 0.5372 AUC: 0.5498 Pr: 0.5320 Re: 0.5889 F1: 0.5590 AUPR: 0.5379 AP: 0.5379
Acc: 0.5383 AUC: 0.5496 Pr: 0.5331 Re: 0.5891 F1: 0.5597 AUPR: 0.5340 AP: 0.5341
Acc: 0.5369 AUC: 0.5495 Pr: 0.5318 Re: 0.5868 F1: 0.5580 AUPR: 0.5405 AP: 0.5405
Acc: 0.5369 AUC: 0.5490 Pr: 0.5319 Re: 0.5860 F1: 0.5576 AUPR: 0.5359 AP: 0.5360
Acc: 0.5396 AUC: 0.5502 Pr: 0.5342 Re: 0.5907 F1: 0.5610 AUPR: 0.5424 AP: 0.5422
Acc: 0.5389 AUC: 0.5507 Pr: 0.5335 Re: 0.5907 F1: 0.5607 AUPR: 0.5407 AP: 0.5402
Acc: 0.5372 AUC: 0.5499 Pr: 0.5322 Re: 0.5857 F1: 0.5577 AUPR: 0.5362 AP: 0.5364
Acc: 0.5373 AUC: 0.5494 Pr: 0.5322 Re: 0.5875 F1: 0.5585 AUPR: 0.5342 AP: 0.5344
Acc: 0.5379 AUC: 0.5496 Pr: 0.5328 Re: 0.5864 F1: 0.5583 AUPR: 0.5367 AP: 0.5373
Acc: 0.5373 AUC: 0.5503 Pr: 0.5323 Re: 0.5860 F1: 0.5578 AUPR: 0.5386 AP: 0.5383
Acc: 0.5390 AUC: 0.5506 Pr: 0.5338 Re: 0.5886 F1: 0.5599 AUPR: 0.5401 AP: 0.5398
Acc: 0.5369 AUC: 0.5503 Pr: 0.5320 Re: 0.5846 F1: 0.5570 AUPR: 0.5387 AP: 0.5388
Acc: 0.5374 AUC: 0.5486 Pr: 0.5325 Re: 0.5853 F1: 0.5576 AUPR: 0.5373 AP: 0.5373
Acc: 0.5387 AUC: 0.5498 Pr: 0.5335 Re: 0.5877 F1: 0.5593 AUPR: 0.5347 AP: 0.5346
Acc: 0.5383 AUC: 0.5500 Pr: 0.5331 Re: 0.5884 F1: 0.5594 AUPR: 0.5381 AP: 0.5379
Acc: 0.5387 AUC: 0.5483 Pr: 0.5336 Re: 0.5855 F1: 0.5584 AUPR: 0.5351 AP: 0.5351
Acc: 0.5395 AUC: 0.5496 Pr: 0.5344 Re: 0.5860 F1: 0.5590 AUPR: 0.5352 AP: 0.5350
Acc: 0.5369 AUC: 0.5500 Pr: 0.5320 Re: 0.5837 F1: 0.5567 AUPR: 0.5385 AP: 0.5383
Acc: 0.5351 AUC: 0.5487 Pr: 0.5304 Re: 0.5821 F1: 0.5550 AUPR: 0.5349 AP: 0.5347
Acc: 0.5374 AUC: 0.5500 Pr: 0.5325 Re: 0.5842 F1: 0.5571 AUPR: 0.5402 AP: 0.5400
Acc: 0.5369 AUC: 0.5502 Pr: 0.5320 Re: 0.5842 F1: 0.5569 AUPR: 0.5386 AP: 0.5388
Acc: 0.5386 AUC: 0.5506 Pr: 0.5336 Re: 0.5853 F1: 0.5582 AUPR: 0.5375 AP: 0.5376
Acc: 0.5372 AUC: 0.5494 Pr: 0.5323 Re: 0.5844 F1: 0.5571 AUPR: 0.5370 AP: 0.5372
Acc: 0.5371 AUC: 0.5490 Pr: 0.5321 Re: 0.5866 F1: 0.5580 AUPR: 0.5390 AP: 0.5390
Acc: 0.5376 AUC: 0.5491 Pr: 0.5325 Re: 0.5857 F1: 0.5579 AUPR: 0.5396 AP: 0.5391
Acc: 0.5374 AUC: 0.5505 Pr: 0.5323 Re: 0.5877 F1: 0.5587 AUPR: 0.5412 AP: 0.5409
Acc: 0.5369 AUC: 0.5488 Pr: 0.5322 Re: 0.5803 F1: 0.5552 AUPR: 0.5368 AP: 0.5364
Acc: 0.5402 AUC: 0.5480 Pr: 0.5352 Re: 0.5855 F1: 0.5592 AUPR: 0.5380 AP: 0.5376
Acc: 0.5379 AUC: 0.5499 Pr: 0.5329 Re: 0.5848 F1: 0.5577 AUPR: 0.5388 AP: 0.5387
Acc: 0.5378 AUC: 0.5484 Pr: 0.5329 Re: 0.5835 F1: 0.5570 AUPR: 0.5337 AP: 0.5335
Acc: 0.5377 AUC: 0.5495 Pr: 0.5329 Re: 0.5824 F1: 0.5565 AUPR: 0.5378 AP: 0.5378
Acc: 0.5355 AUC: 0.5478 Pr: 0.5309 Re: 0.5810 F1: 0.5548 AUPR: 0.5319 AP: 0.5318
Acc: 0.5355 AUC: 0.5484 Pr: 0.5309 Re: 0.5797 F1: 0.5542 AUPR: 0.5364 AP: 0.5363
Acc: 0.5380 AUC: 0.5491 Pr: 0.5331 Re: 0.5830 F1: 0.5570 AUPR: 0.5376 AP: 0.5373
Acc: 0.5390 AUC: 0.5500 Pr: 0.5340 Re: 0.5853 F1: 0.5585 AUPR: 0.5377 AP: 0.5376
Acc: 0.5385 AUC: 0.5505 Pr: 0.5335 Re: 0.5842 F1: 0.5577 AUPR: 0.5381 AP: 0.5384
Acc: 0.5361 AUC: 0.5486 Pr: 0.5313 Re: 0.5828 F1: 0.5559 AUPR: 0.5340 AP: 0.5340
Acc: 0.5359 AUC: 0.5493 Pr: 0.5311 Re: 0.5828 F1: 0.5557 AUPR: 0.5382 AP: 0.5379
Acc: 0.5362 AUC: 0.5477 Pr: 0.5314 Re: 0.5821 F1: 0.5556 AUPR: 0.5336 AP: 0.5338
Acc: 0.5369 AUC: 0.5505 Pr: 0.5320 Re: 0.5846 F1: 0.5570 AUPR: 0.5400 AP: 0.5402
Acc: 0.5344 AUC: 0.5504 Pr: 0.5298 Re: 0.5808 F1: 0.5541 AUPR: 0.5371 AP: 0.5369
Acc: 0.5348 AUC: 0.5477 Pr: 0.5301 Re: 0.5806 F1: 0.5542 AUPR: 0.5315 AP: 0.5313
Acc: 0.5377 AUC: 0.5500 Pr: 0.5327 Re: 0.5851 F1: 0.5576 AUPR: 0.5379 AP: 0.5380
Acc: 0.5372 AUC: 0.5494 Pr: 0.5323 Re: 0.5844 F1: 0.5571 AUPR: 0.5364 AP: 0.5367
Acc: 0.5377 AUC: 0.5484 Pr: 0.5326 Re: 0.5860 F1: 0.5580 AUPR: 0.5358 AP: 0.5360
Acc: 0.5369 AUC: 0.5493 Pr: 0.5320 Re: 0.5830 F1: 0.5564 AUPR: 0.5419 AP: 0.5414
Acc: 0.5364 AUC: 0.5504 Pr: 0.5316 Re: 0.5835 F1: 0.5563 AUPR: 0.5354 AP: 0.5354
Acc: 0.5358 AUC: 0.5493 Pr: 0.5309 Re: 0.5835 F1: 0.5560 AUPR: 0.5393 AP: 0.5390
Acc: 0.5360 AUC: 0.5495 Pr: 0.5311 Re: 0.5851 F1: 0.5568 AUPR: 0.5402 AP: 0.5396
Acc: 0.5369 AUC: 0.5501 Pr: 0.5319 Re: 0.5855 F1: 0.5574 AUPR: 0.5382 AP: 0.5383
Acc: 0.5381 AUC: 0.5495 Pr: 0.5331 Re: 0.5853 F1: 0.5580 AUPR: 0.5356 AP: 0.5353
Acc: 0.5362 AUC: 0.5487 Pr: 0.5314 Re: 0.5830 F1: 0.5560 AUPR: 0.5375 AP: 0.5376
Acc: 0.5373 AUC: 0.5486 Pr: 0.5323 Re: 0.5860 F1: 0.5578 AUPR: 0.5363 AP: 0.5361
Acc: 0.5392 AUC: 0.5504 Pr: 0.5342 Re: 0.5846 F1: 0.5583 AUPR: 0.5389 AP: 0.5387
Acc: 0.5376 AUC: 0.5511 Pr: 0.5325 Re: 0.5868 F1: 0.5583 AUPR: 0.5392 AP: 0.5389
Acc: 0.5387 AUC: 0.5477 Pr: 0.5336 Re: 0.5857 F1: 0.5585 AUPR: 0.5367 AP: 0.5362
Acc: 0.5377 AUC: 0.5510 Pr: 0.5326 Re: 0.5860 F1: 0.5580 AUPR: 0.5386 AP: 0.5393
Acc: 0.5357 AUC: 0.5485 Pr: 0.5308 Re: 0.5833 F1: 0.5558 AUPR: 0.5400 AP: 0.5393
Acc: 0.5406 AUC: 0.5504 Pr: 0.5354 Re: 0.5877 F1: 0.5603 AUPR: 0.5368 AP: 0.5367
Acc: 0.5387 AUC: 0.5500 Pr: 0.5334 Re: 0.5889 F1: 0.5598 AUPR: 0.5366 AP: 0.5371
Acc: 0.5389 AUC: 0.5508 Pr: 0.5339 Re: 0.5851 F1: 0.5583 AUPR: 0.5437 AP: 0.5431
Acc: 0.5392 AUC: 0.5515 Pr: 0.5340 Re: 0.5882 F1: 0.5598 AUPR: 0.5374 AP: 0.5374
Acc: 0.5385 AUC: 0.5499 Pr: 0.5333 Re: 0.5880 F1: 0.5593 AUPR: 0.5397 AP: 0.5394
Acc: 0.5398 AUC: 0.5502 Pr: 0.5345 Re: 0.5893 F1: 0.5606 AUPR: 0.5361 AP: 0.5361
Acc: 0.5374 AUC: 0.5493 Pr: 0.5324 Re: 0.5862 F1: 0.5580 AUPR: 0.5347 AP: 0.5346
Acc: 0.5376 AUC: 0.5495 Pr: 0.5325 Re: 0.5862 F1: 0.5581 AUPR: 0.5363 AP: 0.5359
Acc: 0.5400 AUC: 0.5486 Pr: 0.5348 Re: 0.5875 F1: 0.5599 AUPR: 0.5330 AP: 0.5329
Acc: 0.5358 AUC: 0.5494 Pr: 0.5309 Re: 0.5844 F1: 0.5564 AUPR: 0.5382 AP: 0.5378
Acc: 0.5372 AUC: 0.5507 Pr: 0.5321 Re: 0.5871 F1: 0.5583 AUPR: 0.5367 AP: 0.5364
Acc: 0.5371 AUC: 0.5494 Pr: 0.5322 Re: 0.5848 F1: 0.5573 AUPR: 0.5335 AP: 0.5336
Acc: 0.5372 AUC: 0.5478 Pr: 0.5323 Re: 0.5842 F1: 0.5570 AUPR: 0.5343 AP: 0.5342
Acc: 0.5364 AUC: 0.5495 Pr: 0.5316 Re: 0.5833 F1: 0.5562 AUPR: 0.5402 AP: 0.5396
Acc: 0.5377 AUC: 0.5496 Pr: 0.5325 Re: 0.5882 F1: 0.5590 AUPR: 0.5374 AP: 0.5371
Acc: 0.5381 AUC: 0.5496 Pr: 0.5331 Re: 0.5862 F1: 0.5584 AUPR: 0.5393 AP: 0.5391
Acc: 0.5383 AUC: 0.5488 Pr: 0.5333 Re: 0.5862 F1: 0.5585 AUPR: 0.5342 AP: 0.5338
Acc: 0.5368 AUC: 0.5510 Pr: 0.5318 Re: 0.5855 F1: 0.5574 AUPR: 0.5404 AP: 0.5399
Acc: 0.5390 AUC: 0.5478 Pr: 0.5338 Re: 0.5875 F1: 0.5594 AUPR: 0.5336 AP: 0.5332
Acc: 0.5380 AUC: 0.5492 Pr: 0.5328 Re: 0.5880 F1: 0.5591 AUPR: 0.5368 AP: 0.5364
Acc: 0.5393 AUC: 0.5495 Pr: 0.5342 Re: 0.5871 F1: 0.5594 AUPR: 0.5393 AP: 0.5387
Acc: 0.5368 AUC: 0.5502 Pr: 0.5318 Re: 0.5853 F1: 0.5573 AUPR: 0.5366 AP: 0.5368
Acc: 0.5395 AUC: 0.5511 Pr: 0.5344 Re: 0.5862 F1: 0.5591 AUPR: 0.5393 AP: 0.5397
Acc: 0.5385 AUC: 0.5502 Pr: 0.5332 Re: 0.5891 F1: 0.5598 AUPR: 0.5397 AP: 0.5395
Acc: 0.5363 AUC: 0.5489 Pr: 0.5314 Re: 0.5857 F1: 0.5572 AUPR: 0.5367 AP: 0.5364
Acc: 0.5371 AUC: 0.5512 Pr: 0.5321 Re: 0.5855 F1: 0.5575 AUPR: 0.5398 AP: 0.5395
Acc: 0.5348 AUC: 0.5502 Pr: 0.5299 Re: 0.5846 F1: 0.5559 AUPR: 0.5390 AP: 0.5386
Acc: 0.5387 AUC: 0.5488 Pr: 0.5334 Re: 0.5889 F1: 0.5598 AUPR: 0.5329 AP: 0.5332
Acc: 0.5374 AUC: 0.5478 Pr: 0.5325 Re: 0.5842 F1: 0.5571 AUPR: 0.5355 AP: 0.5352
Acc: 0.5388 AUC: 0.5498 Pr: 0.5336 Re: 0.5880 F1: 0.5595 AUPR: 0.5411 AP: 0.5403
Acc: 0.5379 AUC: 0.5506 Pr: 0.5328 Re: 0.5873 F1: 0.5587 AUPR: 0.5348 AP: 0.5354
Acc: 0.5367 AUC: 0.5501 Pr: 0.5316 Re: 0.5868 F1: 0.5579 AUPR: 0.5386 AP: 0.5384
Acc: 0.5361 AUC: 0.5504 Pr: 0.5312 Re: 0.5853 F1: 0.5569 AUPR: 0.5418 AP: 0.5415
Acc: 0.5395 AUC: 0.5493 Pr: 0.5342 Re: 0.5884 F1: 0.5600 AUPR: 0.5363 AP: 0.5363
Acc: 0.5397 AUC: 0.5501 Pr: 0.5344 Re: 0.5898 F1: 0.5607 AUPR: 0.5358 AP: 0.5362
Acc: 0.5383 AUC: 0.5490 Pr: 0.5333 Re: 0.5866 F1: 0.5587 AUPR: 0.5384 AP: 0.5387
Acc: 0.5389 AUC: 0.5488 Pr: 0.5337 Re: 0.5884 F1: 0.5597 AUPR: 0.5305 AP: 0.5305
Acc: 0.5367 AUC: 0.5489 Pr: 0.5317 Re: 0.5862 F1: 0.5576 AUPR: 0.5388 AP: 0.5385
Acc: 0.5357 AUC: 0.5489 Pr: 0.5308 Re: 0.5833 F1: 0.5558 AUPR: 0.5328 AP: 0.5327
Acc: 0.5351 AUC: 0.5491 Pr: 0.5303 Re: 0.5833 F1: 0.5555 AUPR: 0.5379 AP: 0.5379
Acc: 0.5369 AUC: 0.5487 Pr: 0.5319 Re: 0.5853 F1: 0.5573 AUPR: 0.5320 AP: 0.5321
Acc: 0.5373 AUC: 0.5494 Pr: 0.5325 Re: 0.5830 F1: 0.5566 AUPR: 0.5377 AP: 0.5377
Acc: 0.5397 AUC: 0.5496 Pr: 0.5345 Re: 0.5877 F1: 0.5599 AUPR: 0.5367 AP: 0.5378
Acc: 0.5366 AUC: 0.5499 Pr: 0.5316 Re: 0.5846 F1: 0.5569 AUPR: 0.5362 AP: 0.5357
Acc: 0.5388 AUC: 0.5494 Pr: 0.5337 Re: 0.5866 F1: 0.5589 AUPR: 0.5354 AP: 0.5353
Acc: 0.5372 AUC: 0.5497 Pr: 0.5323 Re: 0.5846 F1: 0.5572 AUPR: 0.5359 AP: 0.5357
Acc: 0.5376 AUC: 0.5508 Pr: 0.5325 Re: 0.5857 F1: 0.5579 AUPR: 0.5419 AP: 0.5415
Acc: 0.5369 AUC: 0.5509 Pr: 0.5319 Re: 0.5851 F1: 0.5572 AUPR: 0.5400 AP: 0.5396
Acc: 0.5360 AUC: 0.5499 Pr: 0.5311 Re: 0.5846 F1: 0.5566 AUPR: 0.5381 AP: 0.5379
Acc: 0.5364 AUC: 0.5494 Pr: 0.5315 Re: 0.5853 F1: 0.5571 AUPR: 0.5361 AP: 0.5362
Acc: 0.5381 AUC: 0.5491 Pr: 0.5330 Re: 0.5864 F1: 0.5585 AUPR: 0.5326 AP: 0.5326
Acc: 0.5366 AUC: 0.5482 Pr: 0.5316 Re: 0.5848 F1: 0.5570 AUPR: 0.5345 AP: 0.5346
Acc: 0.5381 AUC: 0.5495 Pr: 0.5330 Re: 0.5880 F1: 0.5591 AUPR: 0.5355 AP: 0.5353
Acc: 0.5350 AUC: 0.5491 Pr: 0.5301 Re: 0.5844 F1: 0.5559 AUPR: 0.5342 AP: 0.5343
Acc: 0.5386 AUC: 0.5502 Pr: 0.5334 Re: 0.5880 F1: 0.5594 AUPR: 0.5404 AP: 0.5401
Acc: 0.5364 AUC: 0.5499 Pr: 0.5313 Re: 0.5893 F1: 0.5588 AUPR: 0.5368 AP: 0.5363
Acc: 0.5363 AUC: 0.5498 Pr: 0.5313 Re: 0.5862 F1: 0.5574 AUPR: 0.5400 AP: 0.5394
Acc: 0.5388 AUC: 0.5510 Pr: 0.5337 Re: 0.5864 F1: 0.5588 AUPR: 0.5409 AP: 0.5408
Acc: 0.5372 AUC: 0.5485 Pr: 0.5321 Re: 0.5875 F1: 0.5584 AUPR: 0.5359 AP: 0.5354
Acc: 0.5366 AUC: 0.5498 Pr: 0.5316 Re: 0.5857 F1: 0.5573 AUPR: 0.5372 AP: 0.5372
Acc: 0.5359 AUC: 0.5502 Pr: 0.5309 Re: 0.5860 F1: 0.5571 AUPR: 0.5403 AP: 0.5397
Acc: 0.5367 AUC: 0.5499 Pr: 0.5317 Re: 0.5853 F1: 0.5572 AUPR: 0.5392 AP: 0.5384
Acc: 0.5380 AUC: 0.5491 Pr: 0.5328 Re: 0.5889 F1: 0.5594 AUPR: 0.5364 AP: 0.5365
Acc: 0.5378 AUC: 0.5485 Pr: 0.5327 Re: 0.5868 F1: 0.5585 AUPR: 0.5342 AP: 0.5340
Acc: 0.5385 AUC: 0.5488 Pr: 0.5333 Re: 0.5873 F1: 0.5590 AUPR: 0.5373 AP: 0.5368
Acc: 0.5371 AUC: 0.5502 Pr: 0.5321 Re: 0.5862 F1: 0.5578 AUPR: 0.5364 AP: 0.5365
Acc: 0.5376 AUC: 0.5483 Pr: 0.5324 Re: 0.5884 F1: 0.5590 AUPR: 0.5354 AP: 0.5351
Acc: 0.5376 AUC: 0.5496 Pr: 0.5325 Re: 0.5866 F1: 0.5582 AUPR: 0.5352 AP: 0.5353
Acc: 0.5364 AUC: 0.5492 Pr: 0.5315 Re: 0.5857 F1: 0.5573 AUPR: 0.5344 AP: 0.5351
Acc: 0.5383 AUC: 0.5502 Pr: 0.5331 Re: 0.5891 F1: 0.5597 AUPR: 0.5395 AP: 0.5391
Acc: 0.5371 AUC: 0.5497 Pr: 0.5320 Re: 0.5877 F1: 0.5585 AUPR: 0.5410 AP: 0.5413
Acc: 0.5382 AUC: 0.5496 Pr: 0.5331 Re: 0.5873 F1: 0.5589 AUPR: 0.5369 AP: 0.5366
Acc: 0.5358 AUC: 0.5491 Pr: 0.5308 Re: 0.5853 F1: 0.5567 AUPR: 0.5374 AP: 0.5372
Acc: 0.5363 AUC: 0.5487 Pr: 0.5313 Re: 0.5871 F1: 0.5578 AUPR: 0.5329 AP: 0.5335
Acc: 0.5367 AUC: 0.5479 Pr: 0.5318 Re: 0.5835 F1: 0.5564 AUPR: 0.5336 AP: 0.5330
Acc: 0.5366 AUC: 0.5498 Pr: 0.5316 Re: 0.5851 F1: 0.5571 AUPR: 0.5357 AP: 0.5354
Acc: 0.5370 AUC: 0.5481 Pr: 0.5321 Re: 0.5835 F1: 0.5566 AUPR: 0.5326 AP: 0.5323
Acc: 0.5367 AUC: 0.5507 Pr: 0.5318 Re: 0.5830 F1: 0.5563 AUPR: 0.5415 AP: 0.5413
Acc: 0.5378 AUC: 0.5493 Pr: 0.5327 Re: 0.5860 F1: 0.5581 AUPR: 0.5383 AP: 0.5378
Acc: 0.5371 AUC: 0.5504 Pr: 0.5322 Re: 0.5839 F1: 0.5569 AUPR: 0.5379 AP: 0.5378
Acc: 0.5368 AUC: 0.5508 Pr: 0.5318 Re: 0.5860 F1: 0.5575 AUPR: 0.5391 AP: 0.5387
Acc: 0.5391 AUC: 0.5520 Pr: 0.5339 Re: 0.5877 F1: 0.5596 AUPR: 0.5394 AP: 0.5393
Acc: 0.5364 AUC: 0.5501 Pr: 0.5315 Re: 0.5848 F1: 0.5569 AUPR: 0.5367 AP: 0.5370
Acc: 0.5392 AUC: 0.5500 Pr: 0.5342 Re: 0.5846 F1: 0.5583 AUPR: 0.5356 AP: 0.5354
Acc: 0.5370 AUC: 0.5502 Pr: 0.5323 Re: 0.5810 F1: 0.5556 AUPR: 0.5396 AP: 0.5395
Acc: 0.5370 AUC: 0.5485 Pr: 0.5321 Re: 0.5839 F1: 0.5568 AUPR: 0.5364 AP: 0.5360
Acc: 0.5347 AUC: 0.5501 Pr: 0.5299 Re: 0.5824 F1: 0.5549 AUPR: 0.5383 AP: 0.5382
Acc: 0.5374 AUC: 0.5508 Pr: 0.5325 Re: 0.5842 F1: 0.5571 AUPR: 0.5411 AP: 0.5414
Acc: 0.5383 AUC: 0.5495 Pr: 0.5332 Re: 0.5873 F1: 0.5589 AUPR: 0.5387 AP: 0.5379
Acc: 0.5364 AUC: 0.5509 Pr: 0.5315 Re: 0.5851 F1: 0.5570 AUPR: 0.5408 AP: 0.5399
Acc: 0.5393 AUC: 0.5494 Pr: 0.5343 Re: 0.5853 F1: 0.5586 AUPR: 0.5376 AP: 0.5372
Acc: 0.5370 AUC: 0.5486 Pr: 0.5321 Re: 0.5848 F1: 0.5572 AUPR: 0.5330 AP: 0.5329
Acc: 0.5370 AUC: 0.5499 Pr: 0.5322 Re: 0.5821 F1: 0.5561 AUPR: 0.5350 AP: 0.5347
Acc: 0.5369 AUC: 0.5483 Pr: 0.5320 Re: 0.5835 F1: 0.5566 AUPR: 0.5361 AP: 0.5358
Acc: 0.5372 AUC: 0.5499 Pr: 0.5323 Re: 0.5842 F1: 0.5570 AUPR: 0.5387 AP: 0.5381
Acc: 0.5378 AUC: 0.5518 Pr: 0.5328 Re: 0.5855 F1: 0.5579 AUPR: 0.5404 AP: 0.5399
Acc: 0.5345 AUC: 0.5479 Pr: 0.5298 Re: 0.5821 F1: 0.5547 AUPR: 0.5327 AP: 0.5328
Acc: 0.5361 AUC: 0.5472 Pr: 0.5311 Re: 0.5855 F1: 0.5570 AUPR: 0.5328 AP: 0.5327
Acc: 0.5371 AUC: 0.5500 Pr: 0.5321 Re: 0.5851 F1: 0.5573 AUPR: 0.5366 AP: 0.5360
Acc: 0.5397 AUC: 0.5508 Pr: 0.5344 Re: 0.5886 F1: 0.5602 AUPR: 0.5395 AP: 0.5390
Acc: 0.5374 AUC: 0.5505 Pr: 0.5325 Re: 0.5848 F1: 0.5574 AUPR: 0.5358 AP: 0.5359
Acc: 0.5383 AUC: 0.5492 Pr: 0.5332 Re: 0.5877 F1: 0.5591 AUPR: 0.5349 AP: 0.5350
Acc: 0.5388 AUC: 0.5479 Pr: 0.5337 Re: 0.5866 F1: 0.5589 AUPR: 0.5360 AP: 0.5355
Acc: 0.5364 AUC: 0.5496 Pr: 0.5316 Re: 0.5839 F1: 0.5565 AUPR: 0.5392 AP: 0.5390
Acc: 0.5362 AUC: 0.5496 Pr: 0.5314 Re: 0.5828 F1: 0.5559 AUPR: 0.5372 AP: 0.5370
Acc: 0.5355 AUC: 0.5484 Pr: 0.5307 Re: 0.5839 F1: 0.5560 AUPR: 0.5352 AP: 0.5344
Acc: 0.5372 AUC: 0.5514 Pr: 0.5320 Re: 0.5889 F1: 0.5590 AUPR: 0.5402 AP: 0.5399
Acc: 0.5395 AUC: 0.5501 Pr: 0.5343 Re: 0.5871 F1: 0.5595 AUPR: 0.5373 AP: 0.5368
Acc: 0.5351 AUC: 0.5510 Pr: 0.5303 Re: 0.5828 F1: 0.5553 AUPR: 0.5395 AP: 0.5393
Acc: 0.5363 AUC: 0.5496 Pr: 0.5315 Re: 0.5833 F1: 0.5562 AUPR: 0.5384 AP: 0.5378
Acc: 0.5366 AUC: 0.5498 Pr: 0.5315 Re: 0.5862 F1: 0.5575 AUPR: 0.5371 AP: 0.5369
Acc: 0.5367 AUC: 0.5507 Pr: 0.5318 Re: 0.5837 F1: 0.5565 AUPR: 0.5366 AP: 0.5364
Acc: 0.5377 AUC: 0.5504 Pr: 0.5326 Re: 0.5860 F1: 0.5580 AUPR: 0.5380 AP: 0.5377
Acc: 0.5385 AUC: 0.5491 Pr: 0.5334 Re: 0.5862 F1: 0.5585 AUPR: 0.5340 AP: 0.5338
Acc: 0.5362 AUC: 0.5473 Pr: 0.5313 Re: 0.5844 F1: 0.5566 AUPR: 0.5322 AP: 0.5320
Acc: 0.5386 AUC: 0.5520 Pr: 0.5335 Re: 0.5860 F1: 0.5585 AUPR: 0.5401 AP: 0.5395
Acc: 0.5350 AUC: 0.5491 Pr: 0.5302 Re: 0.5828 F1: 0.5553 AUPR: 0.5366 AP: 0.5361
Acc: 0.5361 AUC: 0.5494 Pr: 0.5313 Re: 0.5826 F1: 0.5558 AUPR: 0.5367 AP: 0.5373
Acc: 0.5385 AUC: 0.5489 Pr: 0.5335 Re: 0.5848 F1: 0.5580 AUPR: 0.5353 AP: 0.5349
Acc: 0.5373 AUC: 0.5487 Pr: 0.5325 Re: 0.5821 F1: 0.5562 AUPR: 0.5373 AP: 0.5375
Acc: 0.5369 AUC: 0.5491 Pr: 0.5319 Re: 0.5848 F1: 0.5571 AUPR: 0.5377 AP: 0.5376
Acc: 0.5364 AUC: 0.5492 Pr: 0.5317 Re: 0.5824 F1: 0.5559 AUPR: 0.5358 AP: 0.5355
Acc: 0.5378 AUC: 0.5510 Pr: 0.5327 Re: 0.5864 F1: 0.5583 AUPR: 0.5398 AP: 0.5402
Acc: 0.5349 AUC: 0.5486 Pr: 0.5302 Re: 0.5810 F1: 0.5544 AUPR: 0.5358 AP: 0.5358
Acc: 0.5379 AUC: 0.5489 Pr: 0.5329 Re: 0.5853 F1: 0.5579 AUPR: 0.5365 AP: 0.5358
Acc: 0.5379 AUC: 0.5503 Pr: 0.5328 Re: 0.5873 F1: 0.5587 AUPR: 0.5370 AP: 0.5371
Acc: 0.5368 AUC: 0.5492 Pr: 0.5319 Re: 0.5844 F1: 0.5569 AUPR: 0.5393 AP: 0.5387
Acc: 0.5378 AUC: 0.5488 Pr: 0.5328 Re: 0.5857 F1: 0.5580 AUPR: 0.5337 AP: 0.5337
Acc: 0.5364 AUC: 0.5492 Pr: 0.5315 Re: 0.5851 F1: 0.5570 AUPR: 0.5350 AP: 0.5350
Acc: 0.5373 AUC: 0.5488 Pr: 0.5324 Re: 0.5837 F1: 0.5569 AUPR: 0.5337 AP: 0.5338
Acc: 0.5366 AUC: 0.5491 Pr: 0.5318 Re: 0.5824 F1: 0.5559 AUPR: 0.5344 AP: 0.5344
Acc: 0.5374 AUC: 0.5483 Pr: 0.5324 Re: 0.5864 F1: 0.5581 AUPR: 0.5331 AP: 0.5327
Acc: 0.5373 AUC: 0.5495 Pr: 0.5324 Re: 0.5844 F1: 0.5572 AUPR: 0.5363 AP: 0.5359
Acc: 0.5334 AUC: 0.5513 Pr: 0.5289 Re: 0.5799 F1: 0.5532 AUPR: 0.5372 AP: 0.5371
Acc: 0.5380 AUC: 0.5516 Pr: 0.5330 Re: 0.5853 F1: 0.5579 AUPR: 0.5383 AP: 0.5379
Acc: 0.5367 AUC: 0.5499 Pr: 0.5318 Re: 0.5835 F1: 0.5564 AUPR: 0.5385 AP: 0.5383
Acc: 0.5368 AUC: 0.5521 Pr: 0.5319 Re: 0.5837 F1: 0.5566 AUPR: 0.5408 AP: 0.5410
Acc: 0.5345 AUC: 0.5490 Pr: 0.5298 Re: 0.5824 F1: 0.5548 AUPR: 0.5394 AP: 0.5387
Acc: 0.5364 AUC: 0.5498 Pr: 0.5315 Re: 0.5842 F1: 0.5566 AUPR: 0.5375 AP: 0.5374
Acc: 0.5371 AUC: 0.5500 Pr: 0.5322 Re: 0.5837 F1: 0.5568 AUPR: 0.5385 AP: 0.5380
Acc: 0.5358 AUC: 0.5514 Pr: 0.5310 Re: 0.5828 F1: 0.5557 AUPR: 0.5412 AP: 0.5409
Acc: 0.5364 AUC: 0.5484 Pr: 0.5316 Re: 0.5826 F1: 0.5559 AUPR: 0.5370 AP: 0.5365
Acc: 0.5366 AUC: 0.5506 Pr: 0.5317 Re: 0.5835 F1: 0.5564 AUPR: 0.5368 AP: 0.5365
Acc: 0.5366 AUC: 0.5499 Pr: 0.5318 Re: 0.5817 F1: 0.5556 AUPR: 0.5363 AP: 0.5363
Acc: 0.5383 AUC: 0.5508 Pr: 0.5333 Re: 0.5862 F1: 0.5585 AUPR: 0.5383 AP: 0.5383
Acc: 0.5370 AUC: 0.5489 Pr: 0.5321 Re: 0.5837 F1: 0.5567 AUPR: 0.5334 AP: 0.5341
Acc: 0.5369 AUC: 0.5516 Pr: 0.5320 Re: 0.5842 F1: 0.5569 AUPR: 0.5425 AP: 0.5415
Acc: 0.5361 AUC: 0.5482 Pr: 0.5313 Re: 0.5826 F1: 0.5558 AUPR: 0.5371 AP: 0.5364
Acc: 0.5373 AUC: 0.5494 Pr: 0.5324 Re: 0.5842 F1: 0.5571 AUPR: 0.5355 AP: 0.5351
Acc: 0.5382 AUC: 0.5515 Pr: 0.5333 Re: 0.5842 F1: 0.5576 AUPR: 0.5407 AP: 0.5404
Acc: 0.5379 AUC: 0.5504 Pr: 0.5329 Re: 0.5851 F1: 0.5578 AUPR: 0.5357 AP: 0.5356
Acc: 0.5368 AUC: 0.5507 Pr: 0.5318 Re: 0.5860 F1: 0.5575 AUPR: 0.5383 AP: 0.5380
Acc: 0.5385 AUC: 0.5498 Pr: 0.5335 Re: 0.5844 F1: 0.5578 AUPR: 0.5387 AP: 0.5385
Acc: 0.5381 AUC: 0.5498 Pr: 0.5330 Re: 0.5877 F1: 0.5590 AUPR: 0.5355 AP: 0.5354
Acc: 0.5368 AUC: 0.5498 Pr: 0.5320 Re: 0.5817 F1: 0.5557 AUPR: 0.5353 AP: 0.5360
Acc: 0.5357 AUC: 0.5503 Pr: 0.5307 Re: 0.5860 F1: 0.5570 AUPR: 0.5371 AP: 0.5371
Acc: 0.5376 AUC: 0.5487 Pr: 0.5325 Re: 0.5862 F1: 0.5581 AUPR: 0.5355 AP: 0.5354
Acc: 0.5388 AUC: 0.5489 Pr: 0.5336 Re: 0.5877 F1: 0.5594 AUPR: 0.5357 AP: 0.5353
Acc: 0.5370 AUC: 0.5492 Pr: 0.5321 Re: 0.5848 F1: 0.5572 AUPR: 0.5362 AP: 0.5359
Acc: 0.5388 AUC: 0.5515 Pr: 0.5336 Re: 0.5882 F1: 0.5596 AUPR: 0.5380 AP: 0.5380
Acc: 0.5366 AUC: 0.5470 Pr: 0.5317 Re: 0.5837 F1: 0.5565 AUPR: 0.5309 AP: 0.5312
Acc: 0.5361 AUC: 0.5505 Pr: 0.5312 Re: 0.5842 F1: 0.5564 AUPR: 0.5408 AP: 0.5403
Acc: 0.5359 AUC: 0.5492 Pr: 0.5311 Re: 0.5828 F1: 0.5557 AUPR: 0.5356 AP: 0.5359
Acc: 0.5373 AUC: 0.5498 Pr: 0.5324 Re: 0.5851 F1: 0.5575 AUPR: 0.5371 AP: 0.5367
Acc: 0.5343 AUC: 0.5488 Pr: 0.5296 Re: 0.5817 F1: 0.5544 AUPR: 0.5394 AP: 0.5392
Acc: 0.5387 AUC: 0.5514 Pr: 0.5335 Re: 0.5873 F1: 0.5591 AUPR: 0.5403 AP: 0.5396
Acc: 0.5369 AUC: 0.5489 Pr: 0.5320 Re: 0.5844 F1: 0.5569 AUPR: 0.5368 AP: 0.5364
Acc: 0.5388 AUC: 0.5496 Pr: 0.5337 Re: 0.5864 F1: 0.5588 AUPR: 0.5386 AP: 0.5384
Acc: 0.5353 AUC: 0.5498 Pr: 0.5305 Re: 0.5833 F1: 0.5556 AUPR: 0.5403 AP: 0.5401
Acc: 0.5362 AUC: 0.5487 Pr: 0.5314 Re: 0.5835 F1: 0.5562 AUPR: 0.5350 AP: 0.5350
Acc: 0.5368 AUC: 0.5488 Pr: 0.5318 Re: 0.5855 F1: 0.5574 AUPR: 0.5363 AP: 0.5361
Acc: 0.5374 AUC: 0.5504 Pr: 0.5325 Re: 0.5848 F1: 0.5574 AUPR: 0.5390 AP: 0.5393
Acc: 0.5353 AUC: 0.5501 Pr: 0.5304 Re: 0.5853 F1: 0.5565 AUPR: 0.5369 AP: 0.5364
Acc: 0.5380 AUC: 0.5496 Pr: 0.5330 Re: 0.5857 F1: 0.5581 AUPR: 0.5345 AP: 0.5342
Acc: 0.5372 AUC: 0.5493 Pr: 0.5322 Re: 0.5868 F1: 0.5582 AUPR: 0.5367 AP: 0.5359
Acc: 0.5379 AUC: 0.5510 Pr: 0.5329 Re: 0.5857 F1: 0.5581 AUPR: 0.5398 AP: 0.5400
Acc: 0.5372 AUC: 0.5496 Pr: 0.5324 Re: 0.5828 F1: 0.5565 AUPR: 0.5373 AP: 0.5372
Acc: 0.5405 AUC: 0.5509 Pr: 0.5353 Re: 0.5871 F1: 0.5600 AUPR: 0.5378 AP: 0.5373
Acc: 0.5374 AUC: 0.5501 Pr: 0.5326 Re: 0.5835 F1: 0.5569 AUPR: 0.5364 AP: 0.5359
Acc: 0.5362 AUC: 0.5481 Pr: 0.5314 Re: 0.5837 F1: 0.5563 AUPR: 0.5366 AP: 0.5371
Acc: 0.5377 AUC: 0.5496 Pr: 0.5327 Re: 0.5853 F1: 0.5577 AUPR: 0.5379 AP: 0.5373
Acc: 0.5382 AUC: 0.5498 Pr: 0.5332 Re: 0.5864 F1: 0.5585 AUPR: 0.5389 AP: 0.5382
Acc: 0.5360 AUC: 0.5504 Pr: 0.5312 Re: 0.5833 F1: 0.5560 AUPR: 0.5405 AP: 0.5400
Acc: 0.5357 AUC: 0.5492 Pr: 0.5307 Re: 0.5864 F1: 0.5571 AUPR: 0.5334 AP: 0.5335
Acc: 0.5371 AUC: 0.5506 Pr: 0.5321 Re: 0.5862 F1: 0.5578 AUPR: 0.5387 AP: 0.5390
Acc: 0.5373 AUC: 0.5496 Pr: 0.5323 Re: 0.5866 F1: 0.5581 AUPR: 0.5390 AP: 0.5385
Acc: 0.5381 AUC: 0.5508 Pr: 0.5330 Re: 0.5868 F1: 0.5586 AUPR: 0.5400 AP: 0.5395
Acc: 0.5353 AUC: 0.5502 Pr: 0.5305 Re: 0.5828 F1: 0.5554 AUPR: 0.5384 AP: 0.5381
Acc: 0.5369 AUC: 0.5503 Pr: 0.5320 Re: 0.5846 F1: 0.5570 AUPR: 0.5397 AP: 0.5393
Acc: 0.5388 AUC: 0.5486 Pr: 0.5337 Re: 0.5866 F1: 0.5589 AUPR: 0.5351 AP: 0.5348
Acc: 0.5361 AUC: 0.5491 Pr: 0.5312 Re: 0.5853 F1: 0.5569 AUPR: 0.5366 AP: 0.5362
Acc: 0.5386 AUC: 0.5503 Pr: 0.5332 Re: 0.5907 F1: 0.5605 AUPR: 0.5377 AP: 0.5372
Acc: 0.5383 AUC: 0.5487 Pr: 0.5333 Re: 0.5855 F1: 0.5582 AUPR: 0.5352 AP: 0.5350
Acc: 0.5380 AUC: 0.5505 Pr: 0.5328 Re: 0.5882 F1: 0.5591 AUPR: 0.5370 AP: 0.5364
Acc: 0.5385 AUC: 0.5488 Pr: 0.5334 Re: 0.5866 F1: 0.5587 AUPR: 0.5350 AP: 0.5347
Acc: 0.5376 AUC: 0.5495 Pr: 0.5325 Re: 0.5866 F1: 0.5582 AUPR: 0.5382 AP: 0.5375
Acc: 0.5345 AUC: 0.5484 Pr: 0.5298 Re: 0.5824 F1: 0.5548 AUPR: 0.5362 AP: 0.5360
Acc: 0.5372 AUC: 0.5495 Pr: 0.5322 Re: 0.5862 F1: 0.5579 AUPR: 0.5347 AP: 0.5346
Acc: 0.5328 AUC: 0.5485 Pr: 0.5282 Re: 0.5792 F1: 0.5526 AUPR: 0.5389 AP: 0.5390
Acc: 0.5377 AUC: 0.5496 Pr: 0.5327 Re: 0.5853 F1: 0.5577 AUPR: 0.5399 AP: 0.5401
Acc: 0.5355 AUC: 0.5495 Pr: 0.5306 Re: 0.5862 F1: 0.5570 AUPR: 0.5357 AP: 0.5350
Acc: 0.5381 AUC: 0.5484 Pr: 0.5331 Re: 0.5860 F1: 0.5583 AUPR: 0.5390 AP: 0.5393
Acc: 0.5370 AUC: 0.5511 Pr: 0.5320 Re: 0.5862 F1: 0.5578 AUPR: 0.5400 AP: 0.5396
Acc: 0.5364 AUC: 0.5476 Pr: 0.5315 Re: 0.5846 F1: 0.5568 AUPR: 0.5343 AP: 0.5338
Acc: 0.5366 AUC: 0.5501 Pr: 0.5316 Re: 0.5851 F1: 0.5571 AUPR: 0.5380 AP: 0.5384
Acc: 0.5352 AUC: 0.5478 Pr: 0.5304 Re: 0.5826 F1: 0.5553 AUPR: 0.5337 AP: 0.5333
Acc: 0.5393 AUC: 0.5488 Pr: 0.5342 Re: 0.5866 F1: 0.5592 AUPR: 0.5357 AP: 0.5351
Acc: 0.5382 AUC: 0.5497 Pr: 0.5332 Re: 0.5857 F1: 0.5582 AUPR: 0.5346 AP: 0.5344
Acc: 0.5383 AUC: 0.5500 Pr: 0.5332 Re: 0.5875 F1: 0.5590 AUPR: 0.5365 AP: 0.5357
Acc: 0.5393 AUC: 0.5498 Pr: 0.5342 Re: 0.5866 F1: 0.5592 AUPR: 0.5364 AP: 0.5361
Acc: 0.5366 AUC: 0.5511 Pr: 0.5316 Re: 0.5844 F1: 0.5568 AUPR: 0.5405 AP: 0.5399
Acc: 0.5366 AUC: 0.5500 Pr: 0.5318 Re: 0.5815 F1: 0.5555 AUPR: 0.5396 AP: 0.5385
Acc: 0.5363 AUC: 0.5506 Pr: 0.5315 Re: 0.5830 F1: 0.5561 AUPR: 0.5361 AP: 0.5364
Acc: 0.5377 AUC: 0.5495 Pr: 0.5327 Re: 0.5848 F1: 0.5576 AUPR: 0.5357 AP: 0.5357
Acc: 0.5359 AUC: 0.5484 Pr: 0.5311 Re: 0.5833 F1: 0.5559 AUPR: 0.5350 AP: 0.5348
Acc: 0.5355 AUC: 0.5497 Pr: 0.5307 Re: 0.5833 F1: 0.5558 AUPR: 0.5384 AP: 0.5383
Acc: 0.5372 AUC: 0.5491 Pr: 0.5322 Re: 0.5860 F1: 0.5578 AUPR: 0.5399 AP: 0.5394
Acc: 0.5380 AUC: 0.5492 Pr: 0.5330 Re: 0.5851 F1: 0.5578 AUPR: 0.5355 AP: 0.5356
Acc: 0.5378 AUC: 0.5483 Pr: 0.5327 Re: 0.5875 F1: 0.5587 AUPR: 0.5335 AP: 0.5331
Acc: 0.5374 AUC: 0.5503 Pr: 0.5324 Re: 0.5857 F1: 0.5578 AUPR: 0.5374 AP: 0.5370
Acc: 0.5378 AUC: 0.5510 Pr: 0.5327 Re: 0.5864 F1: 0.5583 AUPR: 0.5399 AP: 0.5394
Acc: 0.5371 AUC: 0.5491 Pr: 0.5321 Re: 0.5853 F1: 0.5574 AUPR: 0.5368 AP: 0.5366
Acc: 0.5388 AUC: 0.5510 Pr: 0.5336 Re: 0.5877 F1: 0.5594 AUPR: 0.5376 AP: 0.5384
Acc: 0.5388 AUC: 0.5502 Pr: 0.5336 Re: 0.5884 F1: 0.5597 AUPR: 0.5377 AP: 0.5373
Acc: 0.5369 AUC: 0.5499 Pr: 0.5319 Re: 0.5857 F1: 0.5575 AUPR: 0.5391 AP: 0.5388
Acc: 0.5364 AUC: 0.5494 Pr: 0.5314 Re: 0.5860 F1: 0.5574 AUPR: 0.5369 AP: 0.5364
Acc: 0.5345 AUC: 0.5492 Pr: 0.5298 Re: 0.5824 F1: 0.5548 AUPR: 0.5390 AP: 0.5391
Acc: 0.5367 AUC: 0.5507 Pr: 0.5318 Re: 0.5835 F1: 0.5564 AUPR: 0.5372 AP: 0.5368
Acc: 0.5362 AUC: 0.5506 Pr: 0.5314 Re: 0.5828 F1: 0.5559 AUPR: 0.5393 AP: 0.5390
Acc: 0.5399 AUC: 0.5493 Pr: 0.5348 Re: 0.5871 F1: 0.5597 AUPR: 0.5352 AP: 0.5347
Acc: 0.5380 AUC: 0.5494 Pr: 0.5330 Re: 0.5857 F1: 0.5581 AUPR: 0.5404 AP: 0.5395
Acc: 0.5381 AUC: 0.5502 Pr: 0.5330 Re: 0.5875 F1: 0.5589 AUPR: 0.5372 AP: 0.5368
Acc: 0.5369 AUC: 0.5491 Pr: 0.5319 Re: 0.5848 F1: 0.5571 AUPR: 0.5368 AP: 0.5364
Acc: 0.5361 AUC: 0.5503 Pr: 0.5311 Re: 0.5860 F1: 0.5572 AUPR: 0.5403 AP: 0.5398
Acc: 0.5358 AUC: 0.5490 Pr: 0.5311 Re: 0.5812 F1: 0.5550 AUPR: 0.5348 AP: 0.5344
Acc: 0.5380 AUC: 0.5498 Pr: 0.5329 Re: 0.5873 F1: 0.5588 AUPR: 0.5388 AP: 0.5382
Acc: 0.5362 AUC: 0.5483 Pr: 0.5314 Re: 0.5826 F1: 0.5558 AUPR: 0.5340 AP: 0.5336
Acc: 0.5358 AUC: 0.5495 Pr: 0.5309 Re: 0.5839 F1: 0.5562 AUPR: 0.5357 AP: 0.5353
Acc: 0.5369 AUC: 0.5489 Pr: 0.5319 Re: 0.5851 F1: 0.5572 AUPR: 0.5360 AP: 0.5359
Acc: 0.5376 AUC: 0.5495 Pr: 0.5326 Re: 0.5855 F1: 0.5578 AUPR: 0.5366 AP: 0.5359
Acc: 0.5364 AUC: 0.5523 Pr: 0.5315 Re: 0.5848 F1: 0.5569 AUPR: 0.5409 AP: 0.5405
Acc: 0.5386 AUC: 0.5498 Pr: 0.5336 Re: 0.5846 F1: 0.5579 AUPR: 0.5367 AP: 0.5365
Acc: 0.5362 AUC: 0.5513 Pr: 0.5313 Re: 0.5842 F1: 0.5565 AUPR: 0.5390 AP: 0.5387
Acc: 0.5396 AUC: 0.5488 Pr: 0.5345 Re: 0.5866 F1: 0.5593 AUPR: 0.5331 AP: 0.5335
Acc: 0.5362 AUC: 0.5492 Pr: 0.5313 Re: 0.5855 F1: 0.5571 AUPR: 0.5339 AP: 0.5338
Acc: 0.5361 AUC: 0.5483 Pr: 0.5311 Re: 0.5871 F1: 0.5577 AUPR: 0.5367 AP: 0.5364
Acc: 0.5389 AUC: 0.5497 Pr: 0.5338 Re: 0.5862 F1: 0.5588 AUPR: 0.5357 AP: 0.5352
Acc: 0.5366 AUC: 0.5485 Pr: 0.5316 Re: 0.5851 F1: 0.5571 AUPR: 0.5382 AP: 0.5374
Acc: 0.5364 AUC: 0.5497 Pr: 0.5316 Re: 0.5828 F1: 0.5560 AUPR: 0.5395 AP: 0.5388
Acc: 0.5372 AUC: 0.5492 Pr: 0.5324 Re: 0.5835 F1: 0.5567 AUPR: 0.5383 AP: 0.5375
Acc: 0.5373 AUC: 0.5472 Pr: 0.5323 Re: 0.5857 F1: 0.5578 AUPR: 0.5331 AP: 0.5335
Acc: 0.5360 AUC: 0.5497 Pr: 0.5312 Re: 0.5826 F1: 0.5557 AUPR: 0.5378 AP: 0.5372
Acc: 0.5352 AUC: 0.5495 Pr: 0.5304 Re: 0.5833 F1: 0.5556 AUPR: 0.5345 AP: 0.5341
Acc: 0.5351 AUC: 0.5498 Pr: 0.5302 Re: 0.5844 F1: 0.5560 AUPR: 0.5333 AP: 0.5342
Acc: 0.5377 AUC: 0.5509 Pr: 0.5326 Re: 0.5868 F1: 0.5584 AUPR: 0.5445 AP: 0.5437
Acc: 0.5380 AUC: 0.5496 Pr: 0.5330 Re: 0.5848 F1: 0.5577 AUPR: 0.5372 AP: 0.5367
Acc: 0.5369 AUC: 0.5492 Pr: 0.5319 Re: 0.5855 F1: 0.5574 AUPR: 0.5348 AP: 0.5344
Acc: 0.5366 AUC: 0.5494 Pr: 0.5318 Re: 0.5824 F1: 0.5559 AUPR: 0.5348 AP: 0.5348
Acc: 0.5374 AUC: 0.5500 Pr: 0.5323 Re: 0.5873 F1: 0.5585 AUPR: 0.5393 AP: 0.5385
Acc: 0.5386 AUC: 0.5490 Pr: 0.5335 Re: 0.5860 F1: 0.5585 AUPR: 0.5341 AP: 0.5339
Acc: 0.5373 AUC: 0.5482 Pr: 0.5323 Re: 0.5866 F1: 0.5581 AUPR: 0.5418 AP: 0.5410
Acc: 0.5389 AUC: 0.5497 Pr: 0.5339 Re: 0.5857 F1: 0.5586 AUPR: 0.5369 AP: 0.5365
Acc: 0.5383 AUC: 0.5500 Pr: 0.5333 Re: 0.5851 F1: 0.5580 AUPR: 0.5369 AP: 0.5364
Acc: 0.5373 AUC: 0.5502 Pr: 0.5322 Re: 0.5884 F1: 0.5589 AUPR: 0.5390 AP: 0.5388
Acc: 0.5359 AUC: 0.5497 Pr: 0.5310 Re: 0.5851 F1: 0.5567 AUPR: 0.5384 AP: 0.5376
Acc: 0.5363 AUC: 0.5499 Pr: 0.5314 Re: 0.5855 F1: 0.5571 AUPR: 0.5366 AP: 0.5362
Acc: 0.5381 AUC: 0.5510 Pr: 0.5330 Re: 0.5864 F1: 0.5585 AUPR: 0.5399 AP: 0.5394
Acc: 0.5349 AUC: 0.5495 Pr: 0.5301 Re: 0.5837 F1: 0.5556 AUPR: 0.5368 AP: 0.5365
Acc: 0.5371 AUC: 0.5515 Pr: 0.5321 Re: 0.5855 F1: 0.5575 AUPR: 0.5396 AP: 0.5393
Acc: 0.5379 AUC: 0.5474 Pr: 0.5330 Re: 0.5842 F1: 0.5574 AUPR: 0.5340 AP: 0.5338
Acc: 0.5395 AUC: 0.5503 Pr: 0.5342 Re: 0.5889 F1: 0.5602 AUPR: 0.5381 AP: 0.5374
Acc: 0.5361 AUC: 0.5510 Pr: 0.5313 Re: 0.5835 F1: 0.5561 AUPR: 0.5368 AP: 0.5364
Acc: 0.5368 AUC: 0.5503 Pr: 0.5318 Re: 0.5853 F1: 0.5573 AUPR: 0.5398 AP: 0.5389
Acc: 0.5376 AUC: 0.5497 Pr: 0.5326 Re: 0.5842 F1: 0.5572 AUPR: 0.5369 AP: 0.5366
Acc: 0.5377 AUC: 0.5487 Pr: 0.5326 Re: 0.5866 F1: 0.5583 AUPR: 0.5367 AP: 0.5359
Acc: 0.5372 AUC: 0.5504 Pr: 0.5322 Re: 0.5862 F1: 0.5579 AUPR: 0.5386 AP: 0.5392
Acc: 0.5370 AUC: 0.5503 Pr: 0.5320 Re: 0.5862 F1: 0.5578 AUPR: 0.5378 AP: 0.5374
Acc: 0.5383 AUC: 0.5514 Pr: 0.5333 Re: 0.5866 F1: 0.5587 AUPR: 0.5438 AP: 0.5431
Acc: 0.5361 AUC: 0.5487 Pr: 0.5312 Re: 0.5844 F1: 0.5565 AUPR: 0.5349 AP: 0.5343
Acc: 0.5377 AUC: 0.5504 Pr: 0.5326 Re: 0.5860 F1: 0.5580 AUPR: 0.5395 AP: 0.5390
Acc: 0.5367 AUC: 0.5515 Pr: 0.5317 Re: 0.5862 F1: 0.5576 AUPR: 0.5393 AP: 0.5390
Acc: 0.5370 AUC: 0.5498 Pr: 0.5320 Re: 0.5857 F1: 0.5576 AUPR: 0.5388 AP: 0.5377
Acc: 0.5350 AUC: 0.5490 Pr: 0.5302 Re: 0.5826 F1: 0.5552 AUPR: 0.5358 AP: 0.5356
Acc: 0.5377 AUC: 0.5490 Pr: 0.5327 Re: 0.5851 F1: 0.5576 AUPR: 0.5386 AP: 0.5378
Acc: 0.5351 AUC: 0.5486 Pr: 0.5303 Re: 0.5842 F1: 0.5559 AUPR: 0.5389 AP: 0.5385
Acc: 0.5379 AUC: 0.5508 Pr: 0.5328 Re: 0.5862 F1: 0.5582 AUPR: 0.5413 AP: 0.5408
Acc: 0.5360 AUC: 0.5485 Pr: 0.5311 Re: 0.5839 F1: 0.5563 AUPR: 0.5345 AP: 0.5347
Acc: 0.5378 AUC: 0.5503 Pr: 0.5326 Re: 0.5880 F1: 0.5589 AUPR: 0.5414 AP: 0.5404
Acc: 0.5377 AUC: 0.5506 Pr: 0.5326 Re: 0.5871 F1: 0.5585 AUPR: 0.5361 AP: 0.5359
Acc: 0.5378 AUC: 0.5488 Pr: 0.5326 Re: 0.5889 F1: 0.5593 AUPR: 0.5360 AP: 0.5357
Acc: 0.5385 AUC: 0.5499 Pr: 0.5333 Re: 0.5873 F1: 0.5590 AUPR: 0.5372 AP: 0.5372
Acc: 0.5357 AUC: 0.5490 Pr: 0.5309 Re: 0.5824 F1: 0.5554 AUPR: 0.5356 AP: 0.5361
Acc: 0.5369 AUC: 0.5488 Pr: 0.5319 Re: 0.5857 F1: 0.5575 AUPR: 0.5344 AP: 0.5338
Acc: 0.5371 AUC: 0.5497 Pr: 0.5320 Re: 0.5873 F1: 0.5583 AUPR: 0.5391 AP: 0.5381
Acc: 0.5358 AUC: 0.5504 Pr: 0.5309 Re: 0.5848 F1: 0.5565 AUPR: 0.5367 AP: 0.5366
Acc: 0.5359 AUC: 0.5494 Pr: 0.5308 Re: 0.5877 F1: 0.5578 AUPR: 0.5393 AP: 0.5385
Acc: 0.5381 AUC: 0.5475 Pr: 0.5330 Re: 0.5864 F1: 0.5585 AUPR: 0.5338 AP: 0.5330
Acc: 0.5359 AUC: 0.5492 Pr: 0.5310 Re: 0.5839 F1: 0.5562 AUPR: 0.5363 AP: 0.5358
Acc: 0.5391 AUC: 0.5507 Pr: 0.5339 Re: 0.5882 F1: 0.5597 AUPR: 0.5376 AP: 0.5383
Acc: 0.5364 AUC: 0.5509 Pr: 0.5315 Re: 0.5846 F1: 0.5568 AUPR: 0.5418 AP: 0.5411
Acc: 0.5381 AUC: 0.5518 Pr: 0.5330 Re: 0.5866 F1: 0.5585 AUPR: 0.5406 AP: 0.5401
Acc: 0.5377 AUC: 0.5491 Pr: 0.5328 Re: 0.5835 F1: 0.5570 AUPR: 0.5352 AP: 0.5345
Acc: 0.5389 AUC: 0.5496 Pr: 0.5337 Re: 0.5880 F1: 0.5595 AUPR: 0.5345 AP: 0.5342
Acc: 0.5358 AUC: 0.5507 Pr: 0.5309 Re: 0.5844 F1: 0.5564 AUPR: 0.5381 AP: 0.5380
Acc: 0.5349 AUC: 0.5477 Pr: 0.5301 Re: 0.5830 F1: 0.5553 AUPR: 0.5332 AP: 0.5330
Acc: 0.5389 AUC: 0.5499 Pr: 0.5337 Re: 0.5886 F1: 0.5598 AUPR: 0.5339 AP: 0.5340
Acc: 0.5380 AUC: 0.5509 Pr: 0.5328 Re: 0.5882 F1: 0.5591 AUPR: 0.5364 AP: 0.5366
Acc: 0.5378 AUC: 0.5491 Pr: 0.5329 Re: 0.5842 F1: 0.5573 AUPR: 0.5378 AP: 0.5373
Acc: 0.5358 AUC: 0.5504 Pr: 0.5310 Re: 0.5828 F1: 0.5557 AUPR: 0.5366 AP: 0.5373
Acc: 0.5344 AUC: 0.5491 Pr: 0.5296 Re: 0.5837 F1: 0.5554 AUPR: 0.5382 AP: 0.5376
Acc: 0.5388 AUC: 0.5499 Pr: 0.5337 Re: 0.5866 F1: 0.5589 AUPR: 0.5400 AP: 0.5395
Acc: 0.5367 AUC: 0.5490 Pr: 0.5317 Re: 0.5860 F1: 0.5575 AUPR: 0.5370 AP: 0.5365
Acc: 0.5387 AUC: 0.5493 Pr: 0.5334 Re: 0.5893 F1: 0.5600 AUPR: 0.5373 AP: 0.5366
Acc: 0.5376 AUC: 0.5495 Pr: 0.5325 Re: 0.5866 F1: 0.5582 AUPR: 0.5389 AP: 0.5379
Acc: 0.5377 AUC: 0.5507 Pr: 0.5325 Re: 0.5875 F1: 0.5587 AUPR: 0.5428 AP: 0.5419
Acc: 0.5339 AUC: 0.5502 Pr: 0.5292 Re: 0.5810 F1: 0.5539 AUPR: 0.5427 AP: 0.5417
Acc: 0.5381 AUC: 0.5497 Pr: 0.5330 Re: 0.5866 F1: 0.5585 AUPR: 0.5341 AP: 0.5340
Acc: 0.5376 AUC: 0.5485 Pr: 0.5326 Re: 0.5853 F1: 0.5577 AUPR: 0.5364 AP: 0.5356
Acc: 0.5358 AUC: 0.5504 Pr: 0.5308 Re: 0.5857 F1: 0.5569 AUPR: 0.5384 AP: 0.5377
Acc: 0.5364 AUC: 0.5481 Pr: 0.5315 Re: 0.5846 F1: 0.5568 AUPR: 0.5339 AP: 0.5334
Acc: 0.5363 AUC: 0.5499 Pr: 0.5315 Re: 0.5826 F1: 0.5559 AUPR: 0.5390 AP: 0.5381
Acc: 0.5362 AUC: 0.5498 Pr: 0.5313 Re: 0.5848 F1: 0.5568 AUPR: 0.5362 AP: 0.5358
Acc: 0.5354 AUC: 0.5498 Pr: 0.5306 Re: 0.5833 F1: 0.5557 AUPR: 0.5366 AP: 0.5368
Acc: 0.5380 AUC: 0.5510 Pr: 0.5329 Re: 0.5868 F1: 0.5586 AUPR: 0.5371 AP: 0.5378
Acc: 0.5369 AUC: 0.5492 Pr: 0.5319 Re: 0.5855 F1: 0.5574 AUPR: 0.5341 AP: 0.5340
Acc: 0.5372 AUC: 0.5497 Pr: 0.5323 Re: 0.5837 F1: 0.5568 AUPR: 0.5385 AP: 0.5384
Acc: 0.5387 AUC: 0.5517 Pr: 0.5335 Re: 0.5880 F1: 0.5594 AUPR: 0.5423 AP: 0.5415
Acc: 0.5355 AUC: 0.5499 Pr: 0.5307 Re: 0.5833 F1: 0.5558 AUPR: 0.5401 AP: 0.5394
Acc: 0.5353 AUC: 0.5500 Pr: 0.5305 Re: 0.5842 F1: 0.5560 AUPR: 0.5411 AP: 0.5405
Acc: 0.5359 AUC: 0.5497 Pr: 0.5311 Re: 0.5828 F1: 0.5557 AUPR: 0.5363 AP: 0.5362
Acc: 0.5363 AUC: 0.5502 Pr: 0.5314 Re: 0.5842 F1: 0.5566 AUPR: 0.5387 AP: 0.5381
Acc: 0.5385 AUC: 0.5508 Pr: 0.5334 Re: 0.5866 F1: 0.5587 AUPR: 0.5363 AP: 0.5357
Acc: 0.5385 AUC: 0.5493 Pr: 0.5333 Re: 0.5871 F1: 0.5589 AUPR: 0.5342 AP: 0.5341
Acc: 0.5373 AUC: 0.5492 Pr: 0.5323 Re: 0.5855 F1: 0.5577 AUPR: 0.5378 AP: 0.5376
Acc: 0.5377 AUC: 0.5492 Pr: 0.5326 Re: 0.5868 F1: 0.5584 AUPR: 0.5372 AP: 0.5362
Acc: 0.5388 AUC: 0.5497 Pr: 0.5338 Re: 0.5853 F1: 0.5583 AUPR: 0.5387 AP: 0.5381
Acc: 0.5380 AUC: 0.5496 Pr: 0.5329 Re: 0.5864 F1: 0.5584 AUPR: 0.5401 AP: 0.5391
Acc: 0.5370 AUC: 0.5474 Pr: 0.5319 Re: 0.5866 F1: 0.5580 AUPR: 0.5334 AP: 0.5329
Acc: 0.5391 AUC: 0.5504 Pr: 0.5340 Re: 0.5871 F1: 0.5593 AUPR: 0.5408 AP: 0.5402
Acc: 0.5377 AUC: 0.5493 Pr: 0.5328 Re: 0.5835 F1: 0.5570 AUPR: 0.5337 AP: 0.5334
Acc: 0.5374 AUC: 0.5486 Pr: 0.5324 Re: 0.5855 F1: 0.5577 AUPR: 0.5390 AP: 0.5383
Acc: 0.5372 AUC: 0.5501 Pr: 0.5321 Re: 0.5871 F1: 0.5583 AUPR: 0.5373 AP: 0.5369
Acc: 0.5376 AUC: 0.5495 Pr: 0.5325 Re: 0.5857 F1: 0.5579 AUPR: 0.5378 AP: 0.5372
Acc: 0.5396 AUC: 0.5511 Pr: 0.5343 Re: 0.5889 F1: 0.5603 AUPR: 0.5392 AP: 0.5390
Acc: 0.5371 AUC: 0.5491 Pr: 0.5322 Re: 0.5846 F1: 0.5572 AUPR: 0.5394 AP: 0.5386
Acc: 0.5388 AUC: 0.5498 Pr: 0.5336 Re: 0.5880 F1: 0.5595 AUPR: 0.5392 AP: 0.5383
Acc: 0.5380 AUC: 0.5487 Pr: 0.5329 Re: 0.5871 F1: 0.5587 AUPR: 0.5356 AP: 0.5351
Acc: 0.5376 AUC: 0.5508 Pr: 0.5325 Re: 0.5857 F1: 0.5579 AUPR: 0.5372 AP: 0.5374
Acc: 0.5378 AUC: 0.5500 Pr: 0.5328 Re: 0.5857 F1: 0.5580 AUPR: 0.5367 AP: 0.5362
Acc: 0.5362 AUC: 0.5502 Pr: 0.5313 Re: 0.5839 F1: 0.5564 AUPR: 0.5342 AP: 0.5350
Acc: 0.5367 AUC: 0.5505 Pr: 0.5317 Re: 0.5855 F1: 0.5573 AUPR: 0.5361 AP: 0.5355
Acc: 0.5371 AUC: 0.5497 Pr: 0.5321 Re: 0.5851 F1: 0.5573 AUPR: 0.5379 AP: 0.5379
Acc: 0.5361 AUC: 0.5497 Pr: 0.5313 Re: 0.5826 F1: 0.5558 AUPR: 0.5407 AP: 0.5397
Acc: 0.5358 AUC: 0.5493 Pr: 0.5310 Re: 0.5821 F1: 0.5554 AUPR: 0.5402 AP: 0.5396
Acc: 0.5371 AUC: 0.5482 Pr: 0.5322 Re: 0.5848 F1: 0.5573 AUPR: 0.5322 AP: 0.5322
Acc: 0.5345 AUC: 0.5496 Pr: 0.5297 Re: 0.5842 F1: 0.5556 AUPR: 0.5324 AP: 0.5324
Acc: 0.5360 AUC: 0.5496 Pr: 0.5311 Re: 0.5844 F1: 0.5565 AUPR: 0.5370 AP: 0.5369
Acc: 0.5361 AUC: 0.5484 Pr: 0.5312 Re: 0.5837 F1: 0.5562 AUPR: 0.5310 AP: 0.5306
Acc: 0.5350 AUC: 0.5499 Pr: 0.5302 Re: 0.5839 F1: 0.5557 AUPR: 0.5381 AP: 0.5372
Acc: 0.5350 AUC: 0.5493 Pr: 0.5302 Re: 0.5839 F1: 0.5557 AUPR: 0.5352 AP: 0.5345
Acc: 0.5372 AUC: 0.5513 Pr: 0.5322 Re: 0.5857 F1: 0.5577 AUPR: 0.5420 AP: 0.5413
Acc: 0.5378 AUC: 0.5505 Pr: 0.5327 Re: 0.5873 F1: 0.5587 AUPR: 0.5407 AP: 0.5403
Acc: 0.5366 AUC: 0.5504 Pr: 0.5316 Re: 0.5857 F1: 0.5573 AUPR: 0.5384 AP: 0.5383
Acc: 0.5378 AUC: 0.5507 Pr: 0.5327 Re: 0.5862 F1: 0.5582 AUPR: 0.5349 AP: 0.5349
Acc: 0.5368 AUC: 0.5504 Pr: 0.5318 Re: 0.5848 F1: 0.5571 AUPR: 0.5374 AP: 0.5369
Acc: 0.5351 AUC: 0.5508 Pr: 0.5303 Re: 0.5826 F1: 0.5552 AUPR: 0.5396 AP: 0.5392
Acc: 0.5374 AUC: 0.5485 Pr: 0.5324 Re: 0.5871 F1: 0.5584 AUPR: 0.5392 AP: 0.5383
Acc: 0.5368 AUC: 0.5496 Pr: 0.5317 Re: 0.5866 F1: 0.5578 AUPR: 0.5335 AP: 0.5342
Acc: 0.5380 AUC: 0.5503 Pr: 0.5330 Re: 0.5862 F1: 0.5583 AUPR: 0.5371 AP: 0.5367
Acc: 0.5379 AUC: 0.5506 Pr: 0.5328 Re: 0.5871 F1: 0.5586 AUPR: 0.5384 AP: 0.5385
Acc: 0.5385 AUC: 0.5508 Pr: 0.5332 Re: 0.5893 F1: 0.5599 AUPR: 0.5404 AP: 0.5399
Acc: 0.5364 AUC: 0.5507 Pr: 0.5315 Re: 0.5848 F1: 0.5569 AUPR: 0.5405 AP: 0.5400
Acc: 0.5357 AUC: 0.5514 Pr: 0.5307 Re: 0.5851 F1: 0.5566 AUPR: 0.5437 AP: 0.5432
Acc: 0.5374 AUC: 0.5504 Pr: 0.5323 Re: 0.5880 F1: 0.5588 AUPR: 0.5399 AP: 0.5394
Acc: 0.5371 AUC: 0.5487 Pr: 0.5322 Re: 0.5844 F1: 0.5571 AUPR: 0.5311 AP: 0.5308
Acc: 0.5374 AUC: 0.5505 Pr: 0.5325 Re: 0.5853 F1: 0.5576 AUPR: 0.5380 AP: 0.5373
Acc: 0.5366 AUC: 0.5487 Pr: 0.5316 Re: 0.5855 F1: 0.5572 AUPR: 0.5363 AP: 0.5360
Acc: 0.5369 AUC: 0.5500 Pr: 0.5319 Re: 0.5860 F1: 0.5576 AUPR: 0.5395 AP: 0.5386
Acc: 0.5393 AUC: 0.5511 Pr: 0.5342 Re: 0.5873 F1: 0.5595 AUPR: 0.5423 AP: 0.5417
Acc: 0.5367 AUC: 0.5485 Pr: 0.5318 Re: 0.5839 F1: 0.5566 AUPR: 0.5367 AP: 0.5358
Acc: 0.5373 AUC: 0.5499 Pr: 0.5324 Re: 0.5839 F1: 0.5570 AUPR: 0.5364 AP: 0.5358
Acc: 0.5368 AUC: 0.5504 Pr: 0.5318 Re: 0.5848 F1: 0.5571 AUPR: 0.5387 AP: 0.5384
Acc: 0.5369 AUC: 0.5521 Pr: 0.5320 Re: 0.5846 F1: 0.5570 AUPR: 0.5395 AP: 0.5390
Acc: 0.5359 AUC: 0.5500 Pr: 0.5310 Re: 0.5835 F1: 0.5560 AUPR: 0.5388 AP: 0.5382
Acc: 0.5381 AUC: 0.5499 Pr: 0.5332 Re: 0.5844 F1: 0.5576 AUPR: 0.5371 AP: 0.5368
Acc: 0.5373 AUC: 0.5499 Pr: 0.5322 Re: 0.5877 F1: 0.5586 AUPR: 0.5356 AP: 0.5352
Acc: 0.5355 AUC: 0.5511 Pr: 0.5307 Re: 0.5846 F1: 0.5563 AUPR: 0.5419 AP: 0.5425
Acc: 0.5373 AUC: 0.5505 Pr: 0.5322 Re: 0.5882 F1: 0.5588 AUPR: 0.5414 AP: 0.5407
Acc: 0.5368 AUC: 0.5499 Pr: 0.5318 Re: 0.5855 F1: 0.5574 AUPR: 0.5413 AP: 0.5405
Acc: 0.5383 AUC: 0.5500 Pr: 0.5332 Re: 0.5877 F1: 0.5591 AUPR: 0.5373 AP: 0.5368
Acc: 0.5405 AUC: 0.5502 Pr: 0.5350 Re: 0.5916 F1: 0.5619 AUPR: 0.5406 AP: 0.5399
Acc: 0.5364 AUC: 0.5486 Pr: 0.5315 Re: 0.5853 F1: 0.5571 AUPR: 0.5343 AP: 0.5339
Acc: 0.5388 AUC: 0.5485 Pr: 0.5337 Re: 0.5860 F1: 0.5586 AUPR: 0.5368 AP: 0.5362
Acc: 0.5406 AUC: 0.5496 Pr: 0.5354 Re: 0.5877 F1: 0.5603 AUPR: 0.5383 AP: 0.5378
Acc: 0.5381 AUC: 0.5515 Pr: 0.5333 Re: 0.5826 F1: 0.5568 AUPR: 0.5381 AP: 0.5380
Acc: 0.5374 AUC: 0.5487 Pr: 0.5324 Re: 0.5857 F1: 0.5578 AUPR: 0.5345 AP: 0.5344
Acc: 0.5366 AUC: 0.5497 Pr: 0.5315 Re: 0.5873 F1: 0.5580 AUPR: 0.5349 AP: 0.5355
Acc: 0.5381 AUC: 0.5519 Pr: 0.5329 Re: 0.5886 F1: 0.5594 AUPR: 0.5405 AP: 0.5401
Acc: 0.5383 AUC: 0.5502 Pr: 0.5332 Re: 0.5871 F1: 0.5589 AUPR: 0.5387 AP: 0.5393
Acc: 0.5379 AUC: 0.5505 Pr: 0.5329 Re: 0.5860 F1: 0.5581 AUPR: 0.5399 AP: 0.5393
Acc: 0.5382 AUC: 0.5503 Pr: 0.5333 Re: 0.5848 F1: 0.5579 AUPR: 0.5397 AP: 0.5388
Acc: 0.5371 AUC: 0.5504 Pr: 0.5322 Re: 0.5842 F1: 0.5570 AUPR: 0.5345 AP: 0.5339
Acc: 0.5358 AUC: 0.5476 Pr: 0.5309 Re: 0.5846 F1: 0.5564 AUPR: 0.5334 AP: 0.5333
Acc: 0.5379 AUC: 0.5507 Pr: 0.5328 Re: 0.5866 F1: 0.5584 AUPR: 0.5401 AP: 0.5389
Acc: 0.5382 AUC: 0.5483 Pr: 0.5333 Re: 0.5839 F1: 0.5575 AUPR: 0.5365 AP: 0.5358
Acc: 0.5354 AUC: 0.5495 Pr: 0.5307 Re: 0.5821 F1: 0.5552 AUPR: 0.5372 AP: 0.5368
Acc: 0.5374 AUC: 0.5522 Pr: 0.5324 Re: 0.5864 F1: 0.5581 AUPR: 0.5480 AP: 0.5468
Acc: 0.5367 AUC: 0.5499 Pr: 0.5318 Re: 0.5837 F1: 0.5565 AUPR: 0.5370 AP: 0.5372
Acc: 0.5401 AUC: 0.5502 Pr: 0.5347 Re: 0.5909 F1: 0.5614 AUPR: 0.5359 AP: 0.5359
Acc: 0.5379 AUC: 0.5508 Pr: 0.5327 Re: 0.5889 F1: 0.5594 AUPR: 0.5402 AP: 0.5395
Acc: 0.5378 AUC: 0.5503 Pr: 0.5327 Re: 0.5868 F1: 0.5585 AUPR: 0.5435 AP: 0.5425
Acc: 0.5344 AUC: 0.5495 Pr: 0.5297 Re: 0.5826 F1: 0.5549 AUPR: 0.5371 AP: 0.5362
Acc: 0.5370 AUC: 0.5494 Pr: 0.5320 Re: 0.5853 F1: 0.5574 AUPR: 0.5386 AP: 0.5383
Acc: 0.5377 AUC: 0.5509 Pr: 0.5326 Re: 0.5864 F1: 0.5582 AUPR: 0.5395 AP: 0.5391
Acc: 0.5379 AUC: 0.5496 Pr: 0.5328 Re: 0.5868 F1: 0.5585 AUPR: 0.5377 AP: 0.5377
Acc: 0.5389 AUC: 0.5503 Pr: 0.5337 Re: 0.5882 F1: 0.5596 AUPR: 0.5366 AP: 0.5378
Acc: 0.5367 AUC: 0.5471 Pr: 0.5318 Re: 0.5837 F1: 0.5565 AUPR: 0.5300 AP: 0.5310
Acc: 0.5370 AUC: 0.5491 Pr: 0.5321 Re: 0.5848 F1: 0.5572 AUPR: 0.5357 AP: 0.5353
Acc: 0.5391 AUC: 0.5513 Pr: 0.5340 Re: 0.5873 F1: 0.5594 AUPR: 0.5394 AP: 0.5387
Acc: 0.5372 AUC: 0.5498 Pr: 0.5321 Re: 0.5871 F1: 0.5583 AUPR: 0.5359 AP: 0.5362
Acc: 0.5364 AUC: 0.5502 Pr: 0.5316 Re: 0.5835 F1: 0.5563 AUPR: 0.5374 AP: 0.5370
Acc: 0.5379 AUC: 0.5495 Pr: 0.5329 Re: 0.5846 F1: 0.5576 AUPR: 0.5388 AP: 0.5379
Acc: 0.5377 AUC: 0.5502 Pr: 0.5326 Re: 0.5862 F1: 0.5581 AUPR: 0.5369 AP: 0.5368
Acc: 0.5388 AUC: 0.5494 Pr: 0.5336 Re: 0.5880 F1: 0.5595 AUPR: 0.5378 AP: 0.5368
Acc: 0.5385 AUC: 0.5499 Pr: 0.5333 Re: 0.5875 F1: 0.5591 AUPR: 0.5361 AP: 0.5359
Acc: 0.5380 AUC: 0.5508 Pr: 0.5330 Re: 0.5853 F1: 0.5579 AUPR: 0.5380 AP: 0.5374
Acc: 0.5372 AUC: 0.5486 Pr: 0.5323 Re: 0.5839 F1: 0.5569 AUPR: 0.5354 AP: 0.5354
Acc: 0.5388 AUC: 0.5499 Pr: 0.5337 Re: 0.5860 F1: 0.5586 AUPR: 0.5349 AP: 0.5346
Acc: 0.5345 AUC: 0.5485 Pr: 0.5297 Re: 0.5839 F1: 0.5555 AUPR: 0.5337 AP: 0.5342
Acc: 0.5397 AUC: 0.5498 Pr: 0.5345 Re: 0.5873 F1: 0.5597 AUPR: 0.5382 AP: 0.5379
Acc: 0.5370 AUC: 0.5503 Pr: 0.5321 Re: 0.5835 F1: 0.5566 AUPR: 0.5401 AP: 0.5399
Acc: 0.5388 AUC: 0.5508 Pr: 0.5336 Re: 0.5880 F1: 0.5595 AUPR: 0.5394 AP: 0.5391
Acc: 0.5381 AUC: 0.5483 Pr: 0.5330 Re: 0.5871 F1: 0.5587 AUPR: 0.5361 AP: 0.5351
Acc: 0.5368 AUC: 0.5498 Pr: 0.5318 Re: 0.5860 F1: 0.5575 AUPR: 0.5381 AP: 0.5377
Acc: 0.5389 AUC: 0.5511 Pr: 0.5338 Re: 0.5860 F1: 0.5587 AUPR: 0.5404 AP: 0.5399
Acc: 0.5367 AUC: 0.5482 Pr: 0.5316 Re: 0.5871 F1: 0.5580 AUPR: 0.5333 AP: 0.5330
Acc: 0.5372 AUC: 0.5504 Pr: 0.5322 Re: 0.5862 F1: 0.5579 AUPR: 0.5405 AP: 0.5396
Acc: 0.5383 AUC: 0.5488 Pr: 0.5332 Re: 0.5868 F1: 0.5588 AUPR: 0.5389 AP: 0.5380
Acc: 0.5381 AUC: 0.5509 Pr: 0.5330 Re: 0.5866 F1: 0.5585 AUPR: 0.5391 AP: 0.5389
Acc: 0.5395 AUC: 0.5491 Pr: 0.5342 Re: 0.5884 F1: 0.5600 AUPR: 0.5403 AP: 0.5394
Acc: 0.5366 AUC: 0.5495 Pr: 0.5317 Re: 0.5833 F1: 0.5563 AUPR: 0.5336 AP: 0.5344
Acc: 0.5354 AUC: 0.5508 Pr: 0.5306 Re: 0.5830 F1: 0.5556 AUPR: 0.5389 AP: 0.5384
Acc: 0.5377 AUC: 0.5490 Pr: 0.5326 Re: 0.5871 F1: 0.5585 AUPR: 0.5358 AP: 0.5353
Acc: 0.5360 AUC: 0.5483 Pr: 0.5313 Re: 0.5817 F1: 0.5553 AUPR: 0.5339 AP: 0.5335
Acc: 0.5354 AUC: 0.5496 Pr: 0.5306 Re: 0.5837 F1: 0.5559 AUPR: 0.5346 AP: 0.5349
Acc: 0.5379 AUC: 0.5499 Pr: 0.5327 Re: 0.5882 F1: 0.5591 AUPR: 0.5356 AP: 0.5351
Acc: 0.5377 AUC: 0.5496 Pr: 0.5326 Re: 0.5864 F1: 0.5582 AUPR: 0.5350 AP: 0.5348
Acc: 0.5377 AUC: 0.5486 Pr: 0.5327 Re: 0.5844 F1: 0.5574 AUPR: 0.5364 AP: 0.5358
Acc: 0.5388 AUC: 0.5506 Pr: 0.5336 Re: 0.5889 F1: 0.5598 AUPR: 0.5396 AP: 0.5391
Acc: 0.5380 AUC: 0.5520 Pr: 0.5328 Re: 0.5884 F1: 0.5592 AUPR: 0.5405 AP: 0.5399
Acc: 0.5372 AUC: 0.5475 Pr: 0.5322 Re: 0.5855 F1: 0.5576 AUPR: 0.5348 AP: 0.5339
Acc: 0.5367 AUC: 0.5517 Pr: 0.5317 Re: 0.5855 F1: 0.5573 AUPR: 0.5412 AP: 0.5408
Acc: 0.5349 AUC: 0.5492 Pr: 0.5301 Re: 0.5826 F1: 0.5551 AUPR: 0.5393 AP: 0.5391
Acc: 0.5366 AUC: 0.5499 Pr: 0.5316 Re: 0.5855 F1: 0.5572 AUPR: 0.5383 AP: 0.5374
Acc: 0.5390 AUC: 0.5491 Pr: 0.5338 Re: 0.5886 F1: 0.5599 AUPR: 0.5355 AP: 0.5350
Acc: 0.5392 AUC: 0.5516 Pr: 0.5338 Re: 0.5911 F1: 0.5610 AUPR: 0.5414 AP: 0.5411
Acc: 0.5371 AUC: 0.5494 Pr: 0.5322 Re: 0.5844 F1: 0.5571 AUPR: 0.5390 AP: 0.5381
Acc: 0.5367 AUC: 0.5490 Pr: 0.5316 Re: 0.5866 F1: 0.5578 AUPR: 0.5361 AP: 0.5356
Acc: 0.5378 AUC: 0.5487 Pr: 0.5328 Re: 0.5855 F1: 0.5579 AUPR: 0.5354 AP: 0.5347
Acc: 0.5395 AUC: 0.5496 Pr: 0.5343 Re: 0.5871 F1: 0.5595 AUPR: 0.5368 AP: 0.5360
Acc: 0.5393 AUC: 0.5496 Pr: 0.5341 Re: 0.5884 F1: 0.5600 AUPR: 0.5317 AP: 0.5326
Acc: 0.5370 AUC: 0.5496 Pr: 0.5319 Re: 0.5868 F1: 0.5580 AUPR: 0.5372 AP: 0.5369
Acc: 0.5381 AUC: 0.5482 Pr: 0.5330 Re: 0.5864 F1: 0.5585 AUPR: 0.5323 AP: 0.5325
Acc: 0.5367 AUC: 0.5517 Pr: 0.5316 Re: 0.5871 F1: 0.5580 AUPR: 0.5449 AP: 0.5438
Acc: 0.5364 AUC: 0.5508 Pr: 0.5314 Re: 0.5864 F1: 0.5576 AUPR: 0.5390 AP: 0.5384
Acc: 0.5368 AUC: 0.5493 Pr: 0.5319 Re: 0.5842 F1: 0.5568 AUPR: 0.5366 AP: 0.5364
Acc: 0.5372 AUC: 0.5518 Pr: 0.5322 Re: 0.5866 F1: 0.5581 AUPR: 0.5396 AP: 0.5390
Acc: 0.5396 AUC: 0.5501 Pr: 0.5344 Re: 0.5877 F1: 0.5598 AUPR: 0.5366 AP: 0.5358
Acc: 0.5377 AUC: 0.5489 Pr: 0.5326 Re: 0.5866 F1: 0.5583 AUPR: 0.5355 AP: 0.5349
Acc: 0.5367 AUC: 0.5478 Pr: 0.5319 Re: 0.5812 F1: 0.5555 AUPR: 0.5336 AP: 0.5340
