add type HAS_EDGE to relations.
twitter
feature dimension is 501
use 1 ego nets
Graph(num_nodes=4811, num_edges=342915,
      ndata_schemes={}
      edata_schemes={})
Acc: 0.5081 AUC: 0.5078 Pr: 0.5286 Re: 0.0952 F1: 0.1613 AUPR: 0.5060 AP: 0.5066
Acc: 0.5024 AUC: 0.5088 Pr: 0.4976 Re: 0.1075 F1: 0.1768 AUPR: 0.5037 AP: 0.5042
Acc: 0.4983 AUC: 0.4923 Pr: 0.4823 Re: 0.1260 F1: 0.1998 AUPR: 0.4885 AP: 0.4891
Acc: 0.4935 AUC: 0.4806 Pr: 0.4721 Re: 0.1610 F1: 0.2401 AUPR: 0.4892 AP: 0.4897
Acc: 0.4935 AUC: 0.4885 Pr: 0.4759 Re: 0.1883 F1: 0.2698 AUPR: 0.4898 AP: 0.4902
Acc: 0.4955 AUC: 0.4883 Pr: 0.4854 Re: 0.2479 F1: 0.3282 AUPR: 0.4885 AP: 0.4891
Acc: 0.5157 AUC: 0.5145 Pr: 0.5199 Re: 0.3354 F1: 0.4078 AUPR: 0.5095 AP: 0.5100
Acc: 0.4868 AUC: 0.4873 Pr: 0.4804 Re: 0.3976 F1: 0.4351 AUPR: 0.4854 AP: 0.4859
Acc: 0.4822 AUC: 0.4780 Pr: 0.4790 Re: 0.4748 F1: 0.4769 AUPR: 0.4836 AP: 0.4841
Acc: 0.4930 AUC: 0.4884 Pr: 0.4916 Re: 0.5905 F1: 0.5366 AUPR: 0.4910 AP: 0.4916
Acc: 0.5024 AUC: 0.4920 Pr: 0.4996 Re: 0.6826 F1: 0.5770 AUPR: 0.4940 AP: 0.4946
Acc: 0.5058 AUC: 0.4994 Pr: 0.5019 Re: 0.7587 F1: 0.6041 AUPR: 0.4904 AP: 0.4908
Acc: 0.4912 AUC: 0.4860 Pr: 0.4928 Re: 0.8066 F1: 0.6118 AUPR: 0.4869 AP: 0.4875
Acc: 0.4930 AUC: 0.4944 Pr: 0.4940 Re: 0.8282 F1: 0.6189 AUPR: 0.4886 AP: 0.4893
Acc: 0.5037 AUC: 0.5062 Pr: 0.5005 Re: 0.8261 F1: 0.6233 AUPR: 0.5064 AP: 0.5069
Acc: 0.5050 AUC: 0.4966 Pr: 0.5013 Re: 0.8122 F1: 0.6199 AUPR: 0.4951 AP: 0.4957
Acc: 0.5147 AUC: 0.5136 Pr: 0.5077 Re: 0.7783 F1: 0.6145 AUPR: 0.5002 AP: 0.5008
Acc: 0.4902 AUC: 0.4874 Pr: 0.4907 Re: 0.6775 F1: 0.5691 AUPR: 0.4882 AP: 0.4886
Acc: 0.4996 AUC: 0.5059 Pr: 0.4972 Re: 0.5967 F1: 0.5424 AUPR: 0.5044 AP: 0.5049
Acc: 0.5022 AUC: 0.5038 Pr: 0.4992 Re: 0.4892 F1: 0.4942 AUPR: 0.5000 AP: 0.5004
Acc: 0.4978 AUC: 0.4960 Pr: 0.4934 Re: 0.3837 F1: 0.4317 AUPR: 0.4965 AP: 0.4970
Acc: 0.4945 AUC: 0.4908 Pr: 0.4870 Re: 0.3169 F1: 0.3839 AUPR: 0.4865 AP: 0.4871
Acc: 0.5022 AUC: 0.5093 Pr: 0.4986 Re: 0.2803 F1: 0.3589 AUPR: 0.5097 AP: 0.5102
Acc: 0.4986 AUC: 0.4917 Pr: 0.4922 Re: 0.2762 F1: 0.3539 AUPR: 0.4860 AP: 0.4865
Acc: 0.4896 AUC: 0.4774 Pr: 0.4787 Re: 0.3009 F1: 0.3696 AUPR: 0.4817 AP: 0.4823
Acc: 0.4971 AUC: 0.4957 Pr: 0.4924 Re: 0.3848 F1: 0.4320 AUPR: 0.5008 AP: 0.5012
Acc: 0.4873 AUC: 0.4866 Pr: 0.4837 Re: 0.4650 F1: 0.4742 AUPR: 0.4819 AP: 0.4824
Acc: 0.5058 AUC: 0.5170 Pr: 0.5024 Re: 0.5952 F1: 0.5449 AUPR: 0.5164 AP: 0.5169
Acc: 0.4940 AUC: 0.4950 Pr: 0.4934 Re: 0.6708 F1: 0.5686 AUPR: 0.4909 AP: 0.4915
Acc: 0.5024 AUC: 0.4990 Pr: 0.4996 Re: 0.7227 F1: 0.5908 AUPR: 0.4977 AP: 0.4983
Acc: 0.4927 AUC: 0.4817 Pr: 0.4924 Re: 0.6703 F1: 0.5678 AUPR: 0.4823 AP: 0.4828
Acc: 0.4950 AUC: 0.4891 Pr: 0.4937 Re: 0.6286 F1: 0.5531 AUPR: 0.4824 AP: 0.4829
Acc: 0.5004 AUC: 0.5047 Pr: 0.4976 Re: 0.5381 F1: 0.5171 AUPR: 0.4948 AP: 0.4953
Acc: 0.4942 AUC: 0.4883 Pr: 0.4901 Re: 0.4342 F1: 0.4604 AUPR: 0.4884 AP: 0.4889
Acc: 0.4955 AUC: 0.4945 Pr: 0.4903 Re: 0.3771 F1: 0.4263 AUPR: 0.4968 AP: 0.4973
Acc: 0.5022 AUC: 0.4974 Pr: 0.4990 Re: 0.3961 F1: 0.4416 AUPR: 0.4997 AP: 0.5002
Acc: 0.5022 AUC: 0.5017 Pr: 0.4991 Re: 0.4331 F1: 0.4638 AUPR: 0.4977 AP: 0.4983
Acc: 0.4978 AUC: 0.4958 Pr: 0.4949 Re: 0.4995 F1: 0.4972 AUPR: 0.4928 AP: 0.4932
Acc: 0.5091 AUC: 0.5066 Pr: 0.5053 Re: 0.5849 F1: 0.5422 AUPR: 0.5038 AP: 0.5043
Acc: 0.4940 AUC: 0.4887 Pr: 0.4927 Re: 0.6044 F1: 0.5429 AUPR: 0.4901 AP: 0.4907
Acc: 0.4976 AUC: 0.4998 Pr: 0.4955 Re: 0.5916 F1: 0.5393 AUPR: 0.4954 AP: 0.4958
Acc: 0.5024 AUC: 0.4987 Pr: 0.4995 Re: 0.5195 F1: 0.5093 AUPR: 0.4907 AP: 0.4912
Acc: 0.5019 AUC: 0.5081 Pr: 0.4989 Re: 0.4707 F1: 0.4844 AUPR: 0.5049 AP: 0.5053
Acc: 0.5063 AUC: 0.5082 Pr: 0.5038 Re: 0.4434 F1: 0.4717 AUPR: 0.5042 AP: 0.5047
Acc: 0.4971 AUC: 0.4833 Pr: 0.4943 Re: 0.5103 F1: 0.5022 AUPR: 0.4833 AP: 0.4838
Acc: 0.5024 AUC: 0.5009 Pr: 0.4995 Re: 0.5581 F1: 0.5272 AUPR: 0.4999 AP: 0.5004
Acc: 0.4948 AUC: 0.4990 Pr: 0.4922 Re: 0.5226 F1: 0.5070 AUPR: 0.4983 AP: 0.4987
Acc: 0.4958 AUC: 0.4925 Pr: 0.4928 Re: 0.4918 F1: 0.4923 AUPR: 0.4913 AP: 0.4917
Acc: 0.4948 AUC: 0.4914 Pr: 0.4915 Re: 0.4738 F1: 0.4825 AUPR: 0.4884 AP: 0.4889
Acc: 0.5037 AUC: 0.4957 Pr: 0.5007 Re: 0.5360 F1: 0.5178 AUPR: 0.4881 AP: 0.4885
Acc: 0.4965 AUC: 0.4956 Pr: 0.4942 Re: 0.5448 F1: 0.5182 AUPR: 0.4849 AP: 0.4854
Acc: 0.5068 AUC: 0.5002 Pr: 0.5045 Re: 0.4285 F1: 0.4634 AUPR: 0.4939 AP: 0.4945
Acc: 0.5086 AUC: 0.4997 Pr: 0.5041 Re: 0.7001 F1: 0.5861 AUPR: 0.4938 AP: 0.4943
Acc: 0.5088 AUC: 0.5038 Pr: 0.5113 Re: 0.2675 F1: 0.3512 AUPR: 0.4941 AP: 0.4946
Acc: 0.5019 AUC: 0.4996 Pr: 0.4993 Re: 0.7469 F1: 0.5985 AUPR: 0.4934 AP: 0.4940
Acc: 0.5032 AUC: 0.4982 Pr: 0.5003 Re: 0.4239 F1: 0.4589 AUPR: 0.4887 AP: 0.4892
Acc: 0.5045 AUC: 0.5017 Pr: 0.5020 Re: 0.3930 F1: 0.4409 AUPR: 0.4938 AP: 0.4942
Acc: 0.4965 AUC: 0.4977 Pr: 0.4952 Re: 0.6641 F1: 0.5673 AUPR: 0.4888 AP: 0.4892
Acc: 0.5019 AUC: 0.4969 Pr: 0.4989 Re: 0.4542 F1: 0.4755 AUPR: 0.4932 AP: 0.4937
Acc: 0.5055 AUC: 0.4961 Pr: 0.5030 Re: 0.4367 F1: 0.4675 AUPR: 0.4865 AP: 0.4870
Acc: 0.4983 AUC: 0.4973 Pr: 0.4963 Re: 0.6147 F1: 0.5492 AUPR: 0.4878 AP: 0.4883
Acc: 0.5009 AUC: 0.4975 Pr: 0.4976 Re: 0.4192 F1: 0.4551 AUPR: 0.4887 AP: 0.4892
Acc: 0.4983 AUC: 0.4973 Pr: 0.4953 Re: 0.4851 F1: 0.4901 AUPR: 0.4925 AP: 0.4931
Acc: 0.5017 AUC: 0.4997 Pr: 0.4989 Re: 0.6070 F1: 0.5477 AUPR: 0.4930 AP: 0.4934
Acc: 0.5042 AUC: 0.5008 Pr: 0.5018 Re: 0.3642 F1: 0.4221 AUPR: 0.4940 AP: 0.4946
Acc: 0.4963 AUC: 0.4986 Pr: 0.4949 Re: 0.6507 F1: 0.5622 AUPR: 0.4951 AP: 0.4955
Acc: 0.4953 AUC: 0.4968 Pr: 0.4917 Re: 0.4588 F1: 0.4747 AUPR: 0.4909 AP: 0.4913
Acc: 0.5006 AUC: 0.5003 Pr: 0.4972 Re: 0.4162 F1: 0.4531 AUPR: 0.4930 AP: 0.4936
Acc: 0.4991 AUC: 0.4980 Pr: 0.4968 Re: 0.5916 F1: 0.5400 AUPR: 0.4907 AP: 0.4912
Acc: 0.4983 AUC: 0.5001 Pr: 0.4960 Re: 0.5674 F1: 0.5293 AUPR: 0.4913 AP: 0.4918
Acc: 0.5024 AUC: 0.5001 Pr: 0.4994 Re: 0.4300 F1: 0.4621 AUPR: 0.4951 AP: 0.4956
Acc: 0.5024 AUC: 0.5044 Pr: 0.4995 Re: 0.5159 F1: 0.5076 AUPR: 0.4953 AP: 0.4960
Acc: 0.5047 AUC: 0.5033 Pr: 0.5016 Re: 0.5669 F1: 0.5322 AUPR: 0.4976 AP: 0.4982
Acc: 0.5045 AUC: 0.5037 Pr: 0.5018 Re: 0.4352 F1: 0.4661 AUPR: 0.4954 AP: 0.4959
Acc: 0.5027 AUC: 0.5026 Pr: 0.4998 Re: 0.5417 F1: 0.5199 AUPR: 0.4972 AP: 0.4978
Acc: 0.5017 AUC: 0.5028 Pr: 0.4988 Re: 0.5319 F1: 0.5148 AUPR: 0.4983 AP: 0.4988
Acc: 0.5078 AUC: 0.5064 Pr: 0.5052 Re: 0.4712 F1: 0.4876 AUPR: 0.5009 AP: 0.5015
Acc: 0.5037 AUC: 0.5093 Pr: 0.5007 Re: 0.5782 F1: 0.5366 AUPR: 0.5024 AP: 0.5029
Acc: 0.5078 AUC: 0.5099 Pr: 0.5057 Re: 0.4352 F1: 0.4678 AUPR: 0.5030 AP: 0.5035
Acc: 0.5075 AUC: 0.5138 Pr: 0.5038 Re: 0.6116 F1: 0.5525 AUPR: 0.5071 AP: 0.5076
Acc: 0.5098 AUC: 0.5132 Pr: 0.5080 Re: 0.4419 F1: 0.4726 AUPR: 0.5053 AP: 0.5058
Acc: 0.5129 AUC: 0.5173 Pr: 0.5097 Re: 0.5273 F1: 0.5183 AUPR: 0.5115 AP: 0.5121
Acc: 0.5106 AUC: 0.5203 Pr: 0.5067 Re: 0.5849 F1: 0.5430 AUPR: 0.5141 AP: 0.5147
Acc: 0.5088 AUC: 0.5200 Pr: 0.5070 Re: 0.4275 F1: 0.4639 AUPR: 0.5147 AP: 0.5152
Acc: 0.5157 AUC: 0.5256 Pr: 0.5106 Re: 0.6183 F1: 0.5593 AUPR: 0.5178 AP: 0.5184
Acc: 0.5134 AUC: 0.5265 Pr: 0.5118 Re: 0.4573 F1: 0.4830 AUPR: 0.5220 AP: 0.5224
Acc: 0.5201 AUC: 0.5322 Pr: 0.5160 Re: 0.5561 F1: 0.5353 AUPR: 0.5237 AP: 0.5241
Acc: 0.5196 AUC: 0.5352 Pr: 0.5156 Re: 0.5540 F1: 0.5341 AUPR: 0.5257 AP: 0.5262
Acc: 0.5270 AUC: 0.5389 Pr: 0.5255 Re: 0.4974 F1: 0.5111 AUPR: 0.5282 AP: 0.5288
Acc: 0.5254 AUC: 0.5395 Pr: 0.5192 Re: 0.6106 F1: 0.5612 AUPR: 0.5228 AP: 0.5232
Acc: 0.5341 AUC: 0.5462 Pr: 0.5408 Re: 0.4156 F1: 0.4700 AUPR: 0.5369 AP: 0.5374
Acc: 0.5306 AUC: 0.5496 Pr: 0.5236 Re: 0.6163 F1: 0.5662 AUPR: 0.5423 AP: 0.5429
Acc: 0.5260 AUC: 0.5478 Pr: 0.5201 Re: 0.5977 F1: 0.5562 AUPR: 0.5362 AP: 0.5367
Acc: 0.5300 AUC: 0.5426 Pr: 0.5306 Re: 0.4733 F1: 0.5003 AUPR: 0.5266 AP: 0.5271
Acc: 0.5405 AUC: 0.5537 Pr: 0.5373 Re: 0.5453 F1: 0.5412 AUPR: 0.5405 AP: 0.5411
Acc: 0.5426 AUC: 0.5616 Pr: 0.5352 Re: 0.6065 F1: 0.5686 AUPR: 0.5450 AP: 0.5455
Acc: 0.5479 AUC: 0.5628 Pr: 0.5470 Re: 0.5273 F1: 0.5369 AUPR: 0.5583 AP: 0.5586
Acc: 0.5487 AUC: 0.5613 Pr: 0.5460 Re: 0.5468 F1: 0.5464 AUPR: 0.5566 AP: 0.5571
Acc: 0.5398 AUC: 0.5594 Pr: 0.5323 Re: 0.6096 F1: 0.5683 AUPR: 0.5457 AP: 0.5463
Acc: 0.5446 AUC: 0.5579 Pr: 0.5431 Re: 0.5283 F1: 0.5356 AUPR: 0.5491 AP: 0.5494
Acc: 0.5441 AUC: 0.5574 Pr: 0.5409 Re: 0.5478 F1: 0.5443 AUPR: 0.5425 AP: 0.5431
Acc: 0.5380 AUC: 0.5545 Pr: 0.5319 Re: 0.5874 F1: 0.5583 AUPR: 0.5361 AP: 0.5366
Acc: 0.5515 AUC: 0.5590 Pr: 0.5553 Re: 0.4907 F1: 0.5210 AUPR: 0.5496 AP: 0.5501
Acc: 0.5405 AUC: 0.5594 Pr: 0.5352 Re: 0.5756 F1: 0.5546 AUPR: 0.5464 AP: 0.5468
Acc: 0.5454 AUC: 0.5597 Pr: 0.5390 Re: 0.5895 F1: 0.5631 AUPR: 0.5438 AP: 0.5442
Acc: 0.5459 AUC: 0.5609 Pr: 0.5426 Re: 0.5509 F1: 0.5467 AUPR: 0.5428 AP: 0.5433
Acc: 0.5513 AUC: 0.5637 Pr: 0.5503 Re: 0.5314 F1: 0.5407 AUPR: 0.5481 AP: 0.5485
Acc: 0.5485 AUC: 0.5573 Pr: 0.5455 Re: 0.5494 F1: 0.5474 AUPR: 0.5413 AP: 0.5419
Acc: 0.5428 AUC: 0.5554 Pr: 0.5378 Re: 0.5715 F1: 0.5541 AUPR: 0.5382 AP: 0.5387
Acc: 0.5479 AUC: 0.5576 Pr: 0.5429 Re: 0.5730 F1: 0.5576 AUPR: 0.5440 AP: 0.5445
Acc: 0.5528 AUC: 0.5614 Pr: 0.5516 Re: 0.5360 F1: 0.5437 AUPR: 0.5479 AP: 0.5484
Acc: 0.5444 AUC: 0.5527 Pr: 0.5378 Re: 0.5931 F1: 0.5641 AUPR: 0.5288 AP: 0.5294
Acc: 0.5439 AUC: 0.5494 Pr: 0.5477 Re: 0.4727 F1: 0.5075 AUPR: 0.5467 AP: 0.5472
Acc: 0.5413 AUC: 0.5621 Pr: 0.5293 Re: 0.6980 F1: 0.6020 AUPR: 0.5512 AP: 0.5518
Acc: 0.5091 AUC: 0.5220 Pr: 0.5306 Re: 0.1070 F1: 0.1781 AUPR: 0.5165 AP: 0.5171
Acc: 0.5474 AUC: 0.5659 Pr: 0.5407 Re: 0.5947 F1: 0.5664 AUPR: 0.5565 AP: 0.5569
Acc: 0.5354 AUC: 0.5470 Pr: 0.5374 Re: 0.4691 F1: 0.5010 AUPR: 0.5448 AP: 0.5454
Acc: 0.5188 AUC: 0.5304 Pr: 0.5208 Re: 0.3987 F1: 0.4516 AUPR: 0.5347 AP: 0.5352
Acc: 0.5231 AUC: 0.5292 Pr: 0.5267 Re: 0.4012 F1: 0.4555 AUPR: 0.5295 AP: 0.5300
Acc: 0.5183 AUC: 0.5329 Pr: 0.5168 Re: 0.4758 F1: 0.4954 AUPR: 0.5333 AP: 0.5337
Acc: 0.5214 AUC: 0.5364 Pr: 0.5162 Re: 0.5916 F1: 0.5513 AUPR: 0.5351 AP: 0.5356
Acc: 0.5234 AUC: 0.5445 Pr: 0.5164 Re: 0.6461 F1: 0.5740 AUPR: 0.5413 AP: 0.5419
Acc: 0.5339 AUC: 0.5491 Pr: 0.5269 Re: 0.6091 F1: 0.5650 AUPR: 0.5383 AP: 0.5388
Acc: 0.5392 AUC: 0.5480 Pr: 0.5385 Re: 0.5113 F1: 0.5245 AUPR: 0.5459 AP: 0.5462
Acc: 0.5385 AUC: 0.5565 Pr: 0.5444 Re: 0.4388 F1: 0.4859 AUPR: 0.5471 AP: 0.5477
Acc: 0.5426 AUC: 0.5596 Pr: 0.5452 Re: 0.4810 F1: 0.5111 AUPR: 0.5552 AP: 0.5556
Acc: 0.5426 AUC: 0.5671 Pr: 0.5366 Re: 0.5844 F1: 0.5595 AUPR: 0.5579 AP: 0.5584
Acc: 0.5451 AUC: 0.5679 Pr: 0.5359 Re: 0.6332 F1: 0.5805 AUPR: 0.5605 AP: 0.5610
Acc: 0.5467 AUC: 0.5743 Pr: 0.5391 Re: 0.6060 F1: 0.5706 AUPR: 0.5634 AP: 0.5639
Acc: 0.5548 AUC: 0.5807 Pr: 0.5557 Re: 0.5206 F1: 0.5376 AUPR: 0.5707 AP: 0.5711
Acc: 0.5602 AUC: 0.5861 Pr: 0.5644 Re: 0.5051 F1: 0.5331 AUPR: 0.5765 AP: 0.5769
Acc: 0.5623 AUC: 0.5841 Pr: 0.5574 Re: 0.5792 F1: 0.5681 AUPR: 0.5733 AP: 0.5737
Acc: 0.5602 AUC: 0.5905 Pr: 0.5505 Re: 0.6276 F1: 0.5865 AUPR: 0.5774 AP: 0.5780
Acc: 0.5628 AUC: 0.5936 Pr: 0.5589 Re: 0.5710 F1: 0.5649 AUPR: 0.5831 AP: 0.5836
Acc: 0.5658 AUC: 0.5932 Pr: 0.5719 Re: 0.5031 F1: 0.5353 AUPR: 0.5776 AP: 0.5782
Acc: 0.5638 AUC: 0.5952 Pr: 0.5587 Re: 0.5828 F1: 0.5705 AUPR: 0.5824 AP: 0.5827
Acc: 0.5651 AUC: 0.5975 Pr: 0.5562 Re: 0.6183 F1: 0.5856 AUPR: 0.5864 AP: 0.5866
Acc: 0.5635 AUC: 0.5961 Pr: 0.5649 Re: 0.5303 F1: 0.5471 AUPR: 0.5783 AP: 0.5789
Acc: 0.5674 AUC: 0.5944 Pr: 0.5681 Re: 0.5406 F1: 0.5540 AUPR: 0.5777 AP: 0.5783
Acc: 0.5666 AUC: 0.5941 Pr: 0.5557 Re: 0.6394 F1: 0.5946 AUPR: 0.5756 AP: 0.5760
Acc: 0.5646 AUC: 0.5906 Pr: 0.5644 Re: 0.5432 F1: 0.5536 AUPR: 0.5769 AP: 0.5774
Acc: 0.5569 AUC: 0.5870 Pr: 0.5586 Re: 0.5175 F1: 0.5372 AUPR: 0.5707 AP: 0.5712
Acc: 0.5600 AUC: 0.5844 Pr: 0.5502 Re: 0.6281 F1: 0.5866 AUPR: 0.5715 AP: 0.5721
Acc: 0.5584 AUC: 0.5826 Pr: 0.5564 Re: 0.5504 F1: 0.5534 AUPR: 0.5643 AP: 0.5646
Acc: 0.5582 AUC: 0.5810 Pr: 0.5610 Re: 0.5108 F1: 0.5347 AUPR: 0.5672 AP: 0.5677
Acc: 0.5541 AUC: 0.5795 Pr: 0.5480 Re: 0.5869 F1: 0.5668 AUPR: 0.5647 AP: 0.5651
Acc: 0.5556 AUC: 0.5808 Pr: 0.5511 Re: 0.5715 F1: 0.5611 AUPR: 0.5660 AP: 0.5664
Acc: 0.5536 AUC: 0.5809 Pr: 0.5537 Re: 0.5252 F1: 0.5391 AUPR: 0.5618 AP: 0.5623
Acc: 0.5538 AUC: 0.5807 Pr: 0.5510 Re: 0.5530 F1: 0.5520 AUPR: 0.5666 AP: 0.5669
Acc: 0.5594 AUC: 0.5831 Pr: 0.5550 Re: 0.5736 F1: 0.5641 AUPR: 0.5636 AP: 0.5641
Acc: 0.5579 AUC: 0.5850 Pr: 0.5568 Re: 0.5422 F1: 0.5494 AUPR: 0.5704 AP: 0.5707
Acc: 0.5546 AUC: 0.5856 Pr: 0.5511 Re: 0.5607 F1: 0.5558 AUPR: 0.5720 AP: 0.5722
Acc: 0.5600 AUC: 0.5877 Pr: 0.5573 Re: 0.5581 F1: 0.5577 AUPR: 0.5740 AP: 0.5743
Acc: 0.5589 AUC: 0.5877 Pr: 0.5571 Re: 0.5494 F1: 0.5532 AUPR: 0.5729 AP: 0.5732
Acc: 0.5651 AUC: 0.5888 Pr: 0.5608 Re: 0.5761 F1: 0.5684 AUPR: 0.5721 AP: 0.5724
Acc: 0.5615 AUC: 0.5891 Pr: 0.5619 Re: 0.5345 F1: 0.5479 AUPR: 0.5691 AP: 0.5695
Acc: 0.5620 AUC: 0.5889 Pr: 0.5561 Re: 0.5890 F1: 0.5721 AUPR: 0.5714 AP: 0.5721
Acc: 0.5617 AUC: 0.5883 Pr: 0.5635 Re: 0.5247 F1: 0.5434 AUPR: 0.5750 AP: 0.5752
Acc: 0.5584 AUC: 0.5905 Pr: 0.5507 Re: 0.6065 F1: 0.5772 AUPR: 0.5758 AP: 0.5762
Acc: 0.5536 AUC: 0.5842 Pr: 0.5600 Re: 0.4753 F1: 0.5142 AUPR: 0.5665 AP: 0.5669
Acc: 0.5531 AUC: 0.5884 Pr: 0.5391 Re: 0.6955 F1: 0.6074 AUPR: 0.5730 AP: 0.5731
Acc: 0.5474 AUC: 0.5752 Pr: 0.5705 Re: 0.3621 F1: 0.4430 AUPR: 0.5663 AP: 0.5666
Acc: 0.5513 AUC: 0.5750 Pr: 0.5578 Re: 0.4691 F1: 0.5096 AUPR: 0.5662 AP: 0.5666
Acc: 0.5436 AUC: 0.5757 Pr: 0.5322 Re: 0.6764 F1: 0.5957 AUPR: 0.5628 AP: 0.5634
Acc: 0.5418 AUC: 0.5773 Pr: 0.5280 Re: 0.7361 F1: 0.6150 AUPR: 0.5631 AP: 0.5637
Acc: 0.5477 AUC: 0.5768 Pr: 0.5367 Re: 0.6584 F1: 0.5914 AUPR: 0.5620 AP: 0.5626
Acc: 0.5518 AUC: 0.5768 Pr: 0.5524 Re: 0.5180 F1: 0.5346 AUPR: 0.5615 AP: 0.5621
Acc: 0.5587 AUC: 0.5757 Pr: 0.5750 Re: 0.4300 F1: 0.4921 AUPR: 0.5621 AP: 0.5627
Acc: 0.5569 AUC: 0.5768 Pr: 0.5711 Re: 0.4357 F1: 0.4943 AUPR: 0.5627 AP: 0.5632
Acc: 0.5584 AUC: 0.5811 Pr: 0.5604 Re: 0.5175 F1: 0.5381 AUPR: 0.5686 AP: 0.5690
Acc: 0.5569 AUC: 0.5859 Pr: 0.5490 Re: 0.6075 F1: 0.5768 AUPR: 0.5719 AP: 0.5722
Acc: 0.5561 AUC: 0.5882 Pr: 0.5441 Re: 0.6595 F1: 0.5963 AUPR: 0.5731 AP: 0.5737
Acc: 0.5569 AUC: 0.5894 Pr: 0.5451 Re: 0.6559 F1: 0.5954 AUPR: 0.5714 AP: 0.5720
Acc: 0.5651 AUC: 0.5915 Pr: 0.5562 Re: 0.6183 F1: 0.5856 AUPR: 0.5738 AP: 0.5742
Acc: 0.5633 AUC: 0.5883 Pr: 0.5617 Re: 0.5525 F1: 0.5571 AUPR: 0.5713 AP: 0.5719
Acc: 0.5638 AUC: 0.5890 Pr: 0.5676 Re: 0.5139 F1: 0.5394 AUPR: 0.5720 AP: 0.5726
Acc: 0.5610 AUC: 0.5873 Pr: 0.5658 Re: 0.5021 F1: 0.5320 AUPR: 0.5729 AP: 0.5733
Acc: 0.5605 AUC: 0.5905 Pr: 0.5618 Re: 0.5257 F1: 0.5432 AUPR: 0.5758 AP: 0.5762
Acc: 0.5602 AUC: 0.5892 Pr: 0.5568 Re: 0.5648 F1: 0.5608 AUPR: 0.5719 AP: 0.5724
Acc: 0.5656 AUC: 0.5908 Pr: 0.5582 Re: 0.6044 F1: 0.5804 AUPR: 0.5758 AP: 0.5763
Acc: 0.5630 AUC: 0.5908 Pr: 0.5553 Re: 0.6070 F1: 0.5800 AUPR: 0.5713 AP: 0.5720
Acc: 0.5605 AUC: 0.5885 Pr: 0.5548 Re: 0.5859 F1: 0.5699 AUPR: 0.5681 AP: 0.5685
Acc: 0.5615 AUC: 0.5882 Pr: 0.5597 Re: 0.5525 F1: 0.5560 AUPR: 0.5757 AP: 0.5760
Acc: 0.5597 AUC: 0.5880 Pr: 0.5605 Re: 0.5288 F1: 0.5442 AUPR: 0.5751 AP: 0.5753
Acc: 0.5594 AUC: 0.5883 Pr: 0.5603 Re: 0.5278 F1: 0.5436 AUPR: 0.5702 AP: 0.5707
Acc: 0.5602 AUC: 0.5898 Pr: 0.5587 Re: 0.5484 F1: 0.5535 AUPR: 0.5699 AP: 0.5703
Acc: 0.5589 AUC: 0.5881 Pr: 0.5532 Re: 0.5854 F1: 0.5689 AUPR: 0.5680 AP: 0.5688
Acc: 0.5615 AUC: 0.5902 Pr: 0.5547 Re: 0.5977 F1: 0.5754 AUPR: 0.5721 AP: 0.5724
Acc: 0.5658 AUC: 0.5904 Pr: 0.5605 Re: 0.5859 F1: 0.5729 AUPR: 0.5771 AP: 0.5773
Acc: 0.5615 AUC: 0.5907 Pr: 0.5591 Re: 0.5571 F1: 0.5581 AUPR: 0.5747 AP: 0.5750
Acc: 0.5571 AUC: 0.5925 Pr: 0.5562 Re: 0.5396 F1: 0.5478 AUPR: 0.5762 AP: 0.5766
Acc: 0.5646 AUC: 0.5915 Pr: 0.5631 Re: 0.5535 F1: 0.5582 AUPR: 0.5727 AP: 0.5733
Acc: 0.5651 AUC: 0.5920 Pr: 0.5617 Re: 0.5689 F1: 0.5653 AUPR: 0.5768 AP: 0.5771
Acc: 0.5592 AUC: 0.5953 Pr: 0.5553 Re: 0.5679 F1: 0.5615 AUPR: 0.5816 AP: 0.5816
Acc: 0.5633 AUC: 0.5919 Pr: 0.5587 Re: 0.5777 F1: 0.5680 AUPR: 0.5751 AP: 0.5759
Acc: 0.5600 AUC: 0.5941 Pr: 0.5562 Re: 0.5674 F1: 0.5618 AUPR: 0.5859 AP: 0.5860
Acc: 0.5625 AUC: 0.5927 Pr: 0.5592 Re: 0.5664 F1: 0.5627 AUPR: 0.5732 AP: 0.5736
Acc: 0.5612 AUC: 0.5923 Pr: 0.5593 Re: 0.5530 F1: 0.5561 AUPR: 0.5809 AP: 0.5810
Acc: 0.5620 AUC: 0.5934 Pr: 0.5599 Re: 0.5550 F1: 0.5575 AUPR: 0.5775 AP: 0.5778
Acc: 0.5592 AUC: 0.5889 Pr: 0.5567 Re: 0.5556 F1: 0.5561 AUPR: 0.5747 AP: 0.5750
Acc: 0.5600 AUC: 0.5908 Pr: 0.5559 Re: 0.5700 F1: 0.5629 AUPR: 0.5747 AP: 0.5749
Acc: 0.5597 AUC: 0.5945 Pr: 0.5556 Re: 0.5710 F1: 0.5632 AUPR: 0.5820 AP: 0.5823
Acc: 0.5623 AUC: 0.5947 Pr: 0.5582 Re: 0.5725 F1: 0.5653 AUPR: 0.5818 AP: 0.5824
Acc: 0.5610 AUC: 0.5940 Pr: 0.5581 Re: 0.5607 F1: 0.5594 AUPR: 0.5879 AP: 0.5876
Acc: 0.5617 AUC: 0.5908 Pr: 0.5601 Re: 0.5509 F1: 0.5555 AUPR: 0.5744 AP: 0.5751
Acc: 0.5600 AUC: 0.5917 Pr: 0.5592 Re: 0.5422 F1: 0.5505 AUPR: 0.5827 AP: 0.5829
Acc: 0.5612 AUC: 0.5939 Pr: 0.5593 Re: 0.5535 F1: 0.5564 AUPR: 0.5777 AP: 0.5784
Acc: 0.5617 AUC: 0.5924 Pr: 0.5587 Re: 0.5628 F1: 0.5607 AUPR: 0.5827 AP: 0.5827
Acc: 0.5653 AUC: 0.5962 Pr: 0.5611 Re: 0.5766 F1: 0.5687 AUPR: 0.5830 AP: 0.5832
Acc: 0.5666 AUC: 0.5932 Pr: 0.5626 Re: 0.5756 F1: 0.5690 AUPR: 0.5776 AP: 0.5775
Acc: 0.5638 AUC: 0.5952 Pr: 0.5605 Re: 0.5674 F1: 0.5639 AUPR: 0.5848 AP: 0.5849
Acc: 0.5638 AUC: 0.5968 Pr: 0.5619 Re: 0.5556 F1: 0.5587 AUPR: 0.5836 AP: 0.5840
Acc: 0.5658 AUC: 0.5913 Pr: 0.5647 Re: 0.5525 F1: 0.5585 AUPR: 0.5760 AP: 0.5766
Acc: 0.5643 AUC: 0.5960 Pr: 0.5631 Re: 0.5509 F1: 0.5569 AUPR: 0.5878 AP: 0.5877
Acc: 0.5630 AUC: 0.5939 Pr: 0.5605 Re: 0.5597 F1: 0.5601 AUPR: 0.5845 AP: 0.5839
Acc: 0.5648 AUC: 0.5960 Pr: 0.5612 Re: 0.5705 F1: 0.5658 AUPR: 0.5813 AP: 0.5814
Acc: 0.5641 AUC: 0.5909 Pr: 0.5595 Re: 0.5782 F1: 0.5687 AUPR: 0.5724 AP: 0.5720
Acc: 0.5607 AUC: 0.5951 Pr: 0.5564 Re: 0.5730 F1: 0.5646 AUPR: 0.5767 AP: 0.5773
Acc: 0.5620 AUC: 0.5964 Pr: 0.5580 Re: 0.5715 F1: 0.5647 AUPR: 0.5857 AP: 0.5855
Acc: 0.5641 AUC: 0.5975 Pr: 0.5604 Re: 0.5705 F1: 0.5654 AUPR: 0.5884 AP: 0.5881
Acc: 0.5628 AUC: 0.5927 Pr: 0.5593 Re: 0.5679 F1: 0.5636 AUPR: 0.5847 AP: 0.5843
Acc: 0.5617 AUC: 0.5951 Pr: 0.5588 Re: 0.5622 F1: 0.5605 AUPR: 0.5845 AP: 0.5844
Acc: 0.5612 AUC: 0.5945 Pr: 0.5582 Re: 0.5628 F1: 0.5605 AUPR: 0.5812 AP: 0.5821
Acc: 0.5630 AUC: 0.5921 Pr: 0.5597 Re: 0.5669 F1: 0.5633 AUPR: 0.5721 AP: 0.5731
Acc: 0.5628 AUC: 0.5947 Pr: 0.5592 Re: 0.5684 F1: 0.5638 AUPR: 0.5781 AP: 0.5781
Acc: 0.5669 AUC: 0.5953 Pr: 0.5624 Re: 0.5797 F1: 0.5709 AUPR: 0.5812 AP: 0.5811
Acc: 0.5643 AUC: 0.5951 Pr: 0.5603 Re: 0.5736 F1: 0.5669 AUPR: 0.5805 AP: 0.5807
Acc: 0.5628 AUC: 0.5956 Pr: 0.5592 Re: 0.5689 F1: 0.5640 AUPR: 0.5897 AP: 0.5894
Acc: 0.5656 AUC: 0.5967 Pr: 0.5627 Re: 0.5653 F1: 0.5640 AUPR: 0.5868 AP: 0.5874
Acc: 0.5643 AUC: 0.5965 Pr: 0.5625 Re: 0.5556 F1: 0.5590 AUPR: 0.5803 AP: 0.5815
Acc: 0.5641 AUC: 0.5962 Pr: 0.5626 Re: 0.5525 F1: 0.5575 AUPR: 0.5775 AP: 0.5786
Acc: 0.5633 AUC: 0.5932 Pr: 0.5618 Re: 0.5520 F1: 0.5568 AUPR: 0.5821 AP: 0.5819
Acc: 0.5669 AUC: 0.5934 Pr: 0.5644 Re: 0.5638 F1: 0.5641 AUPR: 0.5790 AP: 0.5787
Acc: 0.5643 AUC: 0.5928 Pr: 0.5610 Re: 0.5674 F1: 0.5642 AUPR: 0.5764 AP: 0.5764
Acc: 0.5612 AUC: 0.5930 Pr: 0.5576 Re: 0.5679 F1: 0.5627 AUPR: 0.5798 AP: 0.5799
Acc: 0.5643 AUC: 0.5929 Pr: 0.5605 Re: 0.5720 F1: 0.5662 AUPR: 0.5786 AP: 0.5791
Acc: 0.5646 AUC: 0.5943 Pr: 0.5606 Re: 0.5736 F1: 0.5670 AUPR: 0.5817 AP: 0.5816
Acc: 0.5648 AUC: 0.5929 Pr: 0.5622 Re: 0.5622 F1: 0.5622 AUPR: 0.5767 AP: 0.5775
Acc: 0.5651 AUC: 0.5959 Pr: 0.5631 Re: 0.5581 F1: 0.5606 AUPR: 0.5824 AP: 0.5827
Acc: 0.5623 AUC: 0.5936 Pr: 0.5614 Re: 0.5458 F1: 0.5535 AUPR: 0.5801 AP: 0.5806
Acc: 0.5661 AUC: 0.5895 Pr: 0.5637 Re: 0.5622 F1: 0.5630 AUPR: 0.5785 AP: 0.5788
Acc: 0.5610 AUC: 0.5907 Pr: 0.5572 Re: 0.5689 F1: 0.5630 AUPR: 0.5806 AP: 0.5802
Acc: 0.5607 AUC: 0.5937 Pr: 0.5557 Re: 0.5797 F1: 0.5675 AUPR: 0.5819 AP: 0.5816
Acc: 0.5607 AUC: 0.5884 Pr: 0.5554 Re: 0.5828 F1: 0.5688 AUPR: 0.5727 AP: 0.5728
Acc: 0.5623 AUC: 0.5942 Pr: 0.5594 Re: 0.5622 F1: 0.5608 AUPR: 0.5878 AP: 0.5889
Acc: 0.5653 AUC: 0.5887 Pr: 0.5637 Re: 0.5550 F1: 0.5594 AUPR: 0.5776 AP: 0.5782
Acc: 0.5594 AUC: 0.5889 Pr: 0.5546 Re: 0.5777 F1: 0.5659 AUPR: 0.5779 AP: 0.5776
Acc: 0.5577 AUC: 0.5913 Pr: 0.5504 Re: 0.6013 F1: 0.5747 AUPR: 0.5755 AP: 0.5756
Acc: 0.5607 AUC: 0.5909 Pr: 0.5563 Re: 0.5741 F1: 0.5651 AUPR: 0.5816 AP: 0.5825
Acc: 0.5602 AUC: 0.5908 Pr: 0.5586 Re: 0.5489 F1: 0.5537 AUPR: 0.5840 AP: 0.5843
Acc: 0.5615 AUC: 0.5903 Pr: 0.5593 Re: 0.5556 F1: 0.5574 AUPR: 0.5856 AP: 0.5848
Acc: 0.5610 AUC: 0.5917 Pr: 0.5572 Re: 0.5684 F1: 0.5628 AUPR: 0.5822 AP: 0.5816
Acc: 0.5602 AUC: 0.5889 Pr: 0.5554 Re: 0.5777 F1: 0.5663 AUPR: 0.5779 AP: 0.5778
Acc: 0.5592 AUC: 0.5891 Pr: 0.5538 Re: 0.5828 F1: 0.5679 AUPR: 0.5722 AP: 0.5728
Acc: 0.5605 AUC: 0.5902 Pr: 0.5566 Re: 0.5689 F1: 0.5627 AUPR: 0.5779 AP: 0.5779
Acc: 0.5638 AUC: 0.5885 Pr: 0.5610 Re: 0.5633 F1: 0.5621 AUPR: 0.5710 AP: 0.5714
Acc: 0.5630 AUC: 0.5901 Pr: 0.5612 Re: 0.5540 F1: 0.5576 AUPR: 0.5794 AP: 0.5791
Acc: 0.5594 AUC: 0.5902 Pr: 0.5576 Re: 0.5504 F1: 0.5540 AUPR: 0.5825 AP: 0.5816
Acc: 0.5602 AUC: 0.5914 Pr: 0.5562 Re: 0.5700 F1: 0.5630 AUPR: 0.5776 AP: 0.5780
Acc: 0.5612 AUC: 0.5931 Pr: 0.5558 Re: 0.5844 F1: 0.5697 AUPR: 0.5779 AP: 0.5778
Acc: 0.5592 AUC: 0.5902 Pr: 0.5580 Re: 0.5442 F1: 0.5510 AUPR: 0.5756 AP: 0.5762
Acc: 0.5625 AUC: 0.5914 Pr: 0.5630 Re: 0.5355 F1: 0.5489 AUPR: 0.5779 AP: 0.5784
Acc: 0.5641 AUC: 0.5955 Pr: 0.5608 Re: 0.5669 F1: 0.5638 AUPR: 0.5813 AP: 0.5811
Acc: 0.5582 AUC: 0.5908 Pr: 0.5519 Re: 0.5905 F1: 0.5706 AUPR: 0.5746 AP: 0.5744
Acc: 0.5648 AUC: 0.5915 Pr: 0.5640 Re: 0.5484 F1: 0.5561 AUPR: 0.5783 AP: 0.5793
Acc: 0.5615 AUC: 0.5911 Pr: 0.5652 Re: 0.5103 F1: 0.5364 AUPR: 0.5808 AP: 0.5805
Acc: 0.5533 AUC: 0.5921 Pr: 0.5443 Re: 0.6229 F1: 0.5810 AUPR: 0.5785 AP: 0.5800
Acc: 0.5564 AUC: 0.5794 Pr: 0.5705 Re: 0.4352 F1: 0.4937 AUPR: 0.5700 AP: 0.5709
Acc: 0.5533 AUC: 0.5886 Pr: 0.5466 Re: 0.5947 F1: 0.5696 AUPR: 0.5710 AP: 0.5719
Acc: 0.5479 AUC: 0.5876 Pr: 0.5343 Re: 0.7052 F1: 0.6080 AUPR: 0.5692 AP: 0.5700
Acc: 0.5523 AUC: 0.5807 Pr: 0.5484 Re: 0.5628 F1: 0.5555 AUPR: 0.5692 AP: 0.5696
Acc: 0.5508 AUC: 0.5730 Pr: 0.5588 Re: 0.4568 F1: 0.5027 AUPR: 0.5690 AP: 0.5694
Acc: 0.5477 AUC: 0.5692 Pr: 0.5572 Re: 0.4388 F1: 0.4909 AUPR: 0.5575 AP: 0.5581
Acc: 0.5482 AUC: 0.5651 Pr: 0.5511 Re: 0.4907 F1: 0.5192 AUPR: 0.5540 AP: 0.5545
Acc: 0.5472 AUC: 0.5708 Pr: 0.5400 Re: 0.6003 F1: 0.5686 AUPR: 0.5584 AP: 0.5588
Acc: 0.5415 AUC: 0.5717 Pr: 0.5321 Re: 0.6445 F1: 0.5829 AUPR: 0.5608 AP: 0.5612
Acc: 0.5472 AUC: 0.5735 Pr: 0.5405 Re: 0.5936 F1: 0.5658 AUPR: 0.5592 AP: 0.5597
Acc: 0.5566 AUC: 0.5757 Pr: 0.5571 Re: 0.5267 F1: 0.5415 AUPR: 0.5617 AP: 0.5622
Acc: 0.5508 AUC: 0.5742 Pr: 0.5558 Re: 0.4789 F1: 0.5145 AUPR: 0.5580 AP: 0.5585
Acc: 0.5610 AUC: 0.5779 Pr: 0.5642 Re: 0.5129 F1: 0.5373 AUPR: 0.5613 AP: 0.5619
Acc: 0.5543 AUC: 0.5805 Pr: 0.5529 Re: 0.5406 F1: 0.5467 AUPR: 0.5603 AP: 0.5609
Acc: 0.5502 AUC: 0.5822 Pr: 0.5443 Re: 0.5849 F1: 0.5638 AUPR: 0.5642 AP: 0.5647
Acc: 0.5582 AUC: 0.5839 Pr: 0.5491 Re: 0.6214 F1: 0.5830 AUPR: 0.5654 AP: 0.5658
Acc: 0.5584 AUC: 0.5850 Pr: 0.5499 Re: 0.6152 F1: 0.5807 AUPR: 0.5661 AP: 0.5667
Acc: 0.5592 AUC: 0.5881 Pr: 0.5534 Re: 0.5864 F1: 0.5694 AUPR: 0.5695 AP: 0.5701
Acc: 0.5617 AUC: 0.5901 Pr: 0.5587 Re: 0.5628 F1: 0.5607 AUPR: 0.5705 AP: 0.5711
Acc: 0.5571 AUC: 0.5890 Pr: 0.5562 Re: 0.5396 F1: 0.5478 AUPR: 0.5687 AP: 0.5692
Acc: 0.5625 AUC: 0.5931 Pr: 0.5622 Re: 0.5417 F1: 0.5517 AUPR: 0.5741 AP: 0.5745
Acc: 0.5641 AUC: 0.5941 Pr: 0.5621 Re: 0.5561 F1: 0.5591 AUPR: 0.5764 AP: 0.5768
Acc: 0.5666 AUC: 0.5943 Pr: 0.5622 Re: 0.5792 F1: 0.5706 AUPR: 0.5728 AP: 0.5733
Acc: 0.5656 AUC: 0.5942 Pr: 0.5592 Re: 0.5952 F1: 0.5766 AUPR: 0.5762 AP: 0.5765
Acc: 0.5633 AUC: 0.5931 Pr: 0.5570 Re: 0.5931 F1: 0.5745 AUPR: 0.5713 AP: 0.5721
Acc: 0.5623 AUC: 0.5946 Pr: 0.5571 Re: 0.5823 F1: 0.5694 AUPR: 0.5725 AP: 0.5730
Acc: 0.5638 AUC: 0.5931 Pr: 0.5609 Re: 0.5638 F1: 0.5623 AUPR: 0.5743 AP: 0.5748
Acc: 0.5656 AUC: 0.5924 Pr: 0.5651 Re: 0.5468 F1: 0.5558 AUPR: 0.5752 AP: 0.5756
Acc: 0.5664 AUC: 0.5917 Pr: 0.5665 Re: 0.5432 F1: 0.5546 AUPR: 0.5733 AP: 0.5735
Acc: 0.5648 AUC: 0.5928 Pr: 0.5638 Re: 0.5504 F1: 0.5570 AUPR: 0.5772 AP: 0.5777
Acc: 0.5625 AUC: 0.5904 Pr: 0.5586 Re: 0.5710 F1: 0.5647 AUPR: 0.5698 AP: 0.5700
Acc: 0.5633 AUC: 0.5922 Pr: 0.5585 Re: 0.5792 F1: 0.5687 AUPR: 0.5775 AP: 0.5780
Acc: 0.5594 AUC: 0.5909 Pr: 0.5546 Re: 0.5772 F1: 0.5657 AUPR: 0.5760 AP: 0.5761
Acc: 0.5607 AUC: 0.5885 Pr: 0.5564 Re: 0.5736 F1: 0.5648 AUPR: 0.5701 AP: 0.5706
Acc: 0.5607 AUC: 0.5903 Pr: 0.5572 Re: 0.5658 F1: 0.5615 AUPR: 0.5752 AP: 0.5754
Acc: 0.5610 AUC: 0.5918 Pr: 0.5587 Re: 0.5561 F1: 0.5574 AUPR: 0.5800 AP: 0.5804
Acc: 0.5633 AUC: 0.5890 Pr: 0.5615 Re: 0.5540 F1: 0.5577 AUPR: 0.5689 AP: 0.5693
Acc: 0.5625 AUC: 0.5905 Pr: 0.5608 Re: 0.5525 F1: 0.5566 AUPR: 0.5741 AP: 0.5744
Acc: 0.5605 AUC: 0.5886 Pr: 0.5578 Re: 0.5581 F1: 0.5580 AUPR: 0.5716 AP: 0.5720
Acc: 0.5623 AUC: 0.5879 Pr: 0.5584 Re: 0.5705 F1: 0.5644 AUPR: 0.5661 AP: 0.5667
Acc: 0.5594 AUC: 0.5891 Pr: 0.5551 Re: 0.5730 F1: 0.5639 AUPR: 0.5790 AP: 0.5793
Acc: 0.5577 AUC: 0.5911 Pr: 0.5530 Re: 0.5741 F1: 0.5634 AUPR: 0.5841 AP: 0.5841
Acc: 0.5594 AUC: 0.5928 Pr: 0.5549 Re: 0.5741 F1: 0.5643 AUPR: 0.5787 AP: 0.5789
Acc: 0.5587 AUC: 0.5895 Pr: 0.5546 Re: 0.5694 F1: 0.5619 AUPR: 0.5733 AP: 0.5737
Acc: 0.5602 AUC: 0.5939 Pr: 0.5567 Re: 0.5658 F1: 0.5612 AUPR: 0.5781 AP: 0.5784
Acc: 0.5605 AUC: 0.5916 Pr: 0.5577 Re: 0.5597 F1: 0.5587 AUPR: 0.5736 AP: 0.5738
Acc: 0.5633 AUC: 0.5923 Pr: 0.5610 Re: 0.5581 F1: 0.5596 AUPR: 0.5764 AP: 0.5772
Acc: 0.5630 AUC: 0.5920 Pr: 0.5607 Re: 0.5581 F1: 0.5594 AUPR: 0.5854 AP: 0.5859
Acc: 0.5607 AUC: 0.5928 Pr: 0.5589 Re: 0.5514 F1: 0.5552 AUPR: 0.5785 AP: 0.5789
Acc: 0.5615 AUC: 0.5917 Pr: 0.5594 Re: 0.5545 F1: 0.5570 AUPR: 0.5736 AP: 0.5741
Acc: 0.5679 AUC: 0.5957 Pr: 0.5661 Re: 0.5597 F1: 0.5629 AUPR: 0.5836 AP: 0.5840
Acc: 0.5612 AUC: 0.5894 Pr: 0.5588 Re: 0.5571 F1: 0.5580 AUPR: 0.5787 AP: 0.5793
Acc: 0.5646 AUC: 0.5938 Pr: 0.5621 Re: 0.5612 F1: 0.5616 AUPR: 0.5819 AP: 0.5822
Acc: 0.5641 AUC: 0.5936 Pr: 0.5615 Re: 0.5612 F1: 0.5614 AUPR: 0.5868 AP: 0.5866
Acc: 0.5620 AUC: 0.5928 Pr: 0.5592 Re: 0.5612 F1: 0.5602 AUPR: 0.5749 AP: 0.5752
Acc: 0.5641 AUC: 0.5919 Pr: 0.5608 Re: 0.5674 F1: 0.5641 AUPR: 0.5767 AP: 0.5769
Acc: 0.5605 AUC: 0.5940 Pr: 0.5572 Re: 0.5638 F1: 0.5605 AUPR: 0.5788 AP: 0.5791
Acc: 0.5630 AUC: 0.5940 Pr: 0.5600 Re: 0.5638 F1: 0.5619 AUPR: 0.5875 AP: 0.5875
Acc: 0.5625 AUC: 0.5938 Pr: 0.5594 Re: 0.5643 F1: 0.5618 AUPR: 0.5745 AP: 0.5749
Acc: 0.5617 AUC: 0.5962 Pr: 0.5585 Re: 0.5648 F1: 0.5616 AUPR: 0.5804 AP: 0.5810
Acc: 0.5638 AUC: 0.5930 Pr: 0.5605 Re: 0.5674 F1: 0.5639 AUPR: 0.5826 AP: 0.5828
Acc: 0.5620 AUC: 0.5949 Pr: 0.5588 Re: 0.5648 F1: 0.5618 AUPR: 0.5843 AP: 0.5847
Acc: 0.5628 AUC: 0.5917 Pr: 0.5597 Re: 0.5643 F1: 0.5620 AUPR: 0.5729 AP: 0.5732
Acc: 0.5630 AUC: 0.5940 Pr: 0.5600 Re: 0.5638 F1: 0.5619 AUPR: 0.5860 AP: 0.5860
Acc: 0.5661 AUC: 0.5914 Pr: 0.5631 Re: 0.5669 F1: 0.5650 AUPR: 0.5777 AP: 0.5783
Acc: 0.5623 AUC: 0.5914 Pr: 0.5595 Re: 0.5607 F1: 0.5601 AUPR: 0.5714 AP: 0.5718
Acc: 0.5617 AUC: 0.5939 Pr: 0.5589 Re: 0.5612 F1: 0.5601 AUPR: 0.5800 AP: 0.5809
Acc: 0.5617 AUC: 0.5917 Pr: 0.5593 Re: 0.5576 F1: 0.5585 AUPR: 0.5679 AP: 0.5683
Acc: 0.5635 AUC: 0.5921 Pr: 0.5612 Re: 0.5592 F1: 0.5602 AUPR: 0.5848 AP: 0.5850
Acc: 0.5612 AUC: 0.5919 Pr: 0.5589 Re: 0.5561 F1: 0.5575 AUPR: 0.5773 AP: 0.5778
Acc: 0.5643 AUC: 0.5927 Pr: 0.5620 Re: 0.5597 F1: 0.5608 AUPR: 0.5762 AP: 0.5766
Acc: 0.5623 AUC: 0.5949 Pr: 0.5602 Re: 0.5556 F1: 0.5579 AUPR: 0.5799 AP: 0.5801
Acc: 0.5623 AUC: 0.5925 Pr: 0.5599 Re: 0.5576 F1: 0.5588 AUPR: 0.5709 AP: 0.5717
Acc: 0.5607 AUC: 0.5944 Pr: 0.5584 Re: 0.5561 F1: 0.5572 AUPR: 0.5794 AP: 0.5800
Acc: 0.5630 AUC: 0.5929 Pr: 0.5605 Re: 0.5597 F1: 0.5601 AUPR: 0.5793 AP: 0.5798
Acc: 0.5615 AUC: 0.5918 Pr: 0.5593 Re: 0.5556 F1: 0.5574 AUPR: 0.5763 AP: 0.5762
Acc: 0.5628 AUC: 0.5918 Pr: 0.5602 Re: 0.5602 F1: 0.5602 AUPR: 0.5807 AP: 0.5808
Acc: 0.5651 AUC: 0.5945 Pr: 0.5628 Re: 0.5602 F1: 0.5615 AUPR: 0.5850 AP: 0.5854
Acc: 0.5630 AUC: 0.5911 Pr: 0.5610 Re: 0.5561 F1: 0.5585 AUPR: 0.5759 AP: 0.5762
Acc: 0.5638 AUC: 0.5944 Pr: 0.5614 Re: 0.5597 F1: 0.5605 AUPR: 0.5797 AP: 0.5799
Acc: 0.5646 AUC: 0.5957 Pr: 0.5623 Re: 0.5597 F1: 0.5610 AUPR: 0.5801 AP: 0.5805
Acc: 0.5612 AUC: 0.5930 Pr: 0.5589 Re: 0.5561 F1: 0.5575 AUPR: 0.5738 AP: 0.5743
Acc: 0.5635 AUC: 0.5938 Pr: 0.5606 Re: 0.5638 F1: 0.5622 AUPR: 0.5837 AP: 0.5839
Acc: 0.5625 AUC: 0.5918 Pr: 0.5597 Re: 0.5617 F1: 0.5607 AUPR: 0.5828 AP: 0.5828
Acc: 0.5623 AUC: 0.5928 Pr: 0.5595 Re: 0.5607 F1: 0.5601 AUPR: 0.5755 AP: 0.5756
Acc: 0.5638 AUC: 0.5926 Pr: 0.5611 Re: 0.5622 F1: 0.5617 AUPR: 0.5788 AP: 0.5793
Acc: 0.5630 AUC: 0.5907 Pr: 0.5600 Re: 0.5638 F1: 0.5619 AUPR: 0.5764 AP: 0.5771
Acc: 0.5641 AUC: 0.5942 Pr: 0.5613 Re: 0.5633 F1: 0.5623 AUPR: 0.5774 AP: 0.5776
Acc: 0.5605 AUC: 0.5929 Pr: 0.5574 Re: 0.5617 F1: 0.5596 AUPR: 0.5801 AP: 0.5801
Acc: 0.5610 AUC: 0.5958 Pr: 0.5579 Re: 0.5628 F1: 0.5603 AUPR: 0.5829 AP: 0.5830
Acc: 0.5648 AUC: 0.5902 Pr: 0.5617 Re: 0.5669 F1: 0.5643 AUPR: 0.5723 AP: 0.5722
Acc: 0.5623 AUC: 0.5883 Pr: 0.5592 Re: 0.5638 F1: 0.5615 AUPR: 0.5686 AP: 0.5688
Acc: 0.5623 AUC: 0.5927 Pr: 0.5589 Re: 0.5658 F1: 0.5624 AUPR: 0.5742 AP: 0.5742
Acc: 0.5605 AUC: 0.5916 Pr: 0.5573 Re: 0.5633 F1: 0.5602 AUPR: 0.5766 AP: 0.5768
Acc: 0.5643 AUC: 0.5925 Pr: 0.5609 Re: 0.5689 F1: 0.5649 AUPR: 0.5807 AP: 0.5809
Acc: 0.5638 AUC: 0.5916 Pr: 0.5602 Re: 0.5694 F1: 0.5648 AUPR: 0.5795 AP: 0.5794
Acc: 0.5641 AUC: 0.5888 Pr: 0.5606 Re: 0.5684 F1: 0.5645 AUPR: 0.5759 AP: 0.5759
Acc: 0.5625 AUC: 0.5956 Pr: 0.5596 Re: 0.5628 F1: 0.5612 AUPR: 0.5823 AP: 0.5825
Acc: 0.5617 AUC: 0.5928 Pr: 0.5587 Re: 0.5633 F1: 0.5610 AUPR: 0.5782 AP: 0.5784
Acc: 0.5630 AUC: 0.5893 Pr: 0.5600 Re: 0.5643 F1: 0.5621 AUPR: 0.5732 AP: 0.5739
Acc: 0.5628 AUC: 0.5901 Pr: 0.5594 Re: 0.5669 F1: 0.5631 AUPR: 0.5744 AP: 0.5743
Acc: 0.5597 AUC: 0.5926 Pr: 0.5563 Re: 0.5638 F1: 0.5600 AUPR: 0.5839 AP: 0.5840
Acc: 0.5612 AUC: 0.5927 Pr: 0.5580 Re: 0.5643 F1: 0.5611 AUPR: 0.5707 AP: 0.5714
Acc: 0.5641 AUC: 0.5921 Pr: 0.5609 Re: 0.5658 F1: 0.5634 AUPR: 0.5808 AP: 0.5814
Acc: 0.5620 AUC: 0.5925 Pr: 0.5590 Re: 0.5633 F1: 0.5611 AUPR: 0.5855 AP: 0.5852
Acc: 0.5666 AUC: 0.5939 Pr: 0.5636 Re: 0.5679 F1: 0.5657 AUPR: 0.5776 AP: 0.5784
Acc: 0.5605 AUC: 0.5911 Pr: 0.5574 Re: 0.5622 F1: 0.5598 AUPR: 0.5691 AP: 0.5695
Acc: 0.5633 AUC: 0.5907 Pr: 0.5604 Re: 0.5633 F1: 0.5618 AUPR: 0.5782 AP: 0.5782
Acc: 0.5628 AUC: 0.5940 Pr: 0.5596 Re: 0.5648 F1: 0.5622 AUPR: 0.5832 AP: 0.5833
Acc: 0.5615 AUC: 0.5922 Pr: 0.5586 Re: 0.5617 F1: 0.5601 AUPR: 0.5737 AP: 0.5739
Acc: 0.5605 AUC: 0.5897 Pr: 0.5573 Re: 0.5633 F1: 0.5602 AUPR: 0.5749 AP: 0.5754
Acc: 0.5610 AUC: 0.5958 Pr: 0.5579 Re: 0.5622 F1: 0.5601 AUPR: 0.5842 AP: 0.5844
Acc: 0.5641 AUC: 0.5909 Pr: 0.5613 Re: 0.5633 F1: 0.5623 AUPR: 0.5757 AP: 0.5763
Acc: 0.5641 AUC: 0.5911 Pr: 0.5612 Re: 0.5638 F1: 0.5625 AUPR: 0.5747 AP: 0.5749
Acc: 0.5615 AUC: 0.5928 Pr: 0.5586 Re: 0.5617 F1: 0.5601 AUPR: 0.5808 AP: 0.5814
Acc: 0.5623 AUC: 0.5922 Pr: 0.5595 Re: 0.5612 F1: 0.5603 AUPR: 0.5809 AP: 0.5810
Acc: 0.5620 AUC: 0.5914 Pr: 0.5591 Re: 0.5617 F1: 0.5604 AUPR: 0.5810 AP: 0.5809
Acc: 0.5623 AUC: 0.5903 Pr: 0.5595 Re: 0.5612 F1: 0.5603 AUPR: 0.5732 AP: 0.5738
Acc: 0.5620 AUC: 0.5912 Pr: 0.5591 Re: 0.5622 F1: 0.5607 AUPR: 0.5743 AP: 0.5746
Acc: 0.5605 AUC: 0.5924 Pr: 0.5576 Re: 0.5602 F1: 0.5589 AUPR: 0.5810 AP: 0.5813
Acc: 0.5620 AUC: 0.5918 Pr: 0.5592 Re: 0.5612 F1: 0.5602 AUPR: 0.5716 AP: 0.5716
Acc: 0.5610 AUC: 0.5932 Pr: 0.5578 Re: 0.5633 F1: 0.5605 AUPR: 0.5749 AP: 0.5754
Acc: 0.5635 AUC: 0.5891 Pr: 0.5610 Re: 0.5607 F1: 0.5608 AUPR: 0.5710 AP: 0.5711
Acc: 0.5638 AUC: 0.5927 Pr: 0.5610 Re: 0.5628 F1: 0.5619 AUPR: 0.5776 AP: 0.5779
Acc: 0.5625 AUC: 0.5902 Pr: 0.5595 Re: 0.5633 F1: 0.5614 AUPR: 0.5735 AP: 0.5735
Acc: 0.5617 AUC: 0.5939 Pr: 0.5587 Re: 0.5628 F1: 0.5607 AUPR: 0.5809 AP: 0.5813
Acc: 0.5617 AUC: 0.5946 Pr: 0.5588 Re: 0.5622 F1: 0.5605 AUPR: 0.5787 AP: 0.5792
Acc: 0.5635 AUC: 0.5920 Pr: 0.5611 Re: 0.5602 F1: 0.5606 AUPR: 0.5775 AP: 0.5777
Acc: 0.5633 AUC: 0.5923 Pr: 0.5604 Re: 0.5633 F1: 0.5618 AUPR: 0.5776 AP: 0.5776
Acc: 0.5597 AUC: 0.5909 Pr: 0.5568 Re: 0.5597 F1: 0.5582 AUPR: 0.5786 AP: 0.5789
Acc: 0.5633 AUC: 0.5896 Pr: 0.5602 Re: 0.5648 F1: 0.5625 AUPR: 0.5714 AP: 0.5714
Acc: 0.5610 AUC: 0.5903 Pr: 0.5583 Re: 0.5592 F1: 0.5587 AUPR: 0.5759 AP: 0.5763
Acc: 0.5641 AUC: 0.5921 Pr: 0.5611 Re: 0.5643 F1: 0.5627 AUPR: 0.5848 AP: 0.5846
Acc: 0.5610 AUC: 0.5903 Pr: 0.5581 Re: 0.5607 F1: 0.5594 AUPR: 0.5770 AP: 0.5769
Acc: 0.5623 AUC: 0.5875 Pr: 0.5591 Re: 0.5648 F1: 0.5619 AUPR: 0.5646 AP: 0.5653
Acc: 0.5617 AUC: 0.5915 Pr: 0.5591 Re: 0.5597 F1: 0.5594 AUPR: 0.5812 AP: 0.5815
Acc: 0.5625 AUC: 0.5910 Pr: 0.5595 Re: 0.5638 F1: 0.5616 AUPR: 0.5785 AP: 0.5783
Acc: 0.5623 AUC: 0.5949 Pr: 0.5591 Re: 0.5643 F1: 0.5617 AUPR: 0.5829 AP: 0.5827
Acc: 0.5638 AUC: 0.5901 Pr: 0.5609 Re: 0.5638 F1: 0.5623 AUPR: 0.5718 AP: 0.5720
Acc: 0.5602 AUC: 0.5916 Pr: 0.5573 Re: 0.5602 F1: 0.5587 AUPR: 0.5725 AP: 0.5725
Acc: 0.5630 AUC: 0.5916 Pr: 0.5602 Re: 0.5628 F1: 0.5615 AUPR: 0.5739 AP: 0.5745
Acc: 0.5617 AUC: 0.5915 Pr: 0.5589 Re: 0.5617 F1: 0.5603 AUPR: 0.5780 AP: 0.5781
Acc: 0.5587 AUC: 0.5906 Pr: 0.5555 Re: 0.5612 F1: 0.5583 AUPR: 0.5741 AP: 0.5744
Acc: 0.5646 AUC: 0.5900 Pr: 0.5620 Re: 0.5617 F1: 0.5619 AUPR: 0.5782 AP: 0.5783
Acc: 0.5617 AUC: 0.5902 Pr: 0.5587 Re: 0.5628 F1: 0.5607 AUPR: 0.5705 AP: 0.5715
Acc: 0.5620 AUC: 0.5909 Pr: 0.5591 Re: 0.5617 F1: 0.5604 AUPR: 0.5745 AP: 0.5747
Acc: 0.5625 AUC: 0.5935 Pr: 0.5596 Re: 0.5628 F1: 0.5612 AUPR: 0.5879 AP: 0.5887
Acc: 0.5648 AUC: 0.5881 Pr: 0.5617 Re: 0.5664 F1: 0.5640 AUPR: 0.5777 AP: 0.5778
Acc: 0.5656 AUC: 0.5892 Pr: 0.5629 Re: 0.5638 F1: 0.5634 AUPR: 0.5715 AP: 0.5719
Acc: 0.5633 AUC: 0.5919 Pr: 0.5603 Re: 0.5643 F1: 0.5623 AUPR: 0.5724 AP: 0.5738
Acc: 0.5617 AUC: 0.5897 Pr: 0.5586 Re: 0.5638 F1: 0.5612 AUPR: 0.5760 AP: 0.5759
Acc: 0.5605 AUC: 0.5863 Pr: 0.5577 Re: 0.5592 F1: 0.5584 AUPR: 0.5741 AP: 0.5743
Acc: 0.5623 AUC: 0.5917 Pr: 0.5591 Re: 0.5643 F1: 0.5617 AUPR: 0.5850 AP: 0.5849
Acc: 0.5617 AUC: 0.5934 Pr: 0.5591 Re: 0.5597 F1: 0.5594 AUPR: 0.5826 AP: 0.5825
Acc: 0.5610 AUC: 0.5925 Pr: 0.5578 Re: 0.5638 F1: 0.5608 AUPR: 0.5811 AP: 0.5815
Acc: 0.5643 AUC: 0.5900 Pr: 0.5613 Re: 0.5653 F1: 0.5633 AUPR: 0.5718 AP: 0.5718
Acc: 0.5607 AUC: 0.5947 Pr: 0.5575 Re: 0.5633 F1: 0.5604 AUPR: 0.5788 AP: 0.5786
Acc: 0.5617 AUC: 0.5915 Pr: 0.5587 Re: 0.5633 F1: 0.5610 AUPR: 0.5762 AP: 0.5762
Acc: 0.5625 AUC: 0.5917 Pr: 0.5595 Re: 0.5638 F1: 0.5616 AUPR: 0.5762 AP: 0.5763
Acc: 0.5630 AUC: 0.5926 Pr: 0.5598 Re: 0.5658 F1: 0.5628 AUPR: 0.5835 AP: 0.5835
Acc: 0.5617 AUC: 0.5914 Pr: 0.5583 Re: 0.5664 F1: 0.5623 AUPR: 0.5756 AP: 0.5758
Acc: 0.5612 AUC: 0.5900 Pr: 0.5579 Re: 0.5653 F1: 0.5616 AUPR: 0.5648 AP: 0.5650
Acc: 0.5638 AUC: 0.5909 Pr: 0.5605 Re: 0.5669 F1: 0.5637 AUPR: 0.5759 AP: 0.5760
Acc: 0.5615 AUC: 0.5909 Pr: 0.5583 Re: 0.5643 F1: 0.5613 AUPR: 0.5799 AP: 0.5798
Acc: 0.5592 AUC: 0.5927 Pr: 0.5561 Re: 0.5612 F1: 0.5586 AUPR: 0.5769 AP: 0.5769
Acc: 0.5625 AUC: 0.5960 Pr: 0.5592 Re: 0.5664 F1: 0.5627 AUPR: 0.5825 AP: 0.5828
Acc: 0.5617 AUC: 0.5906 Pr: 0.5585 Re: 0.5648 F1: 0.5616 AUPR: 0.5766 AP: 0.5768
Acc: 0.5630 AUC: 0.5927 Pr: 0.5599 Re: 0.5648 F1: 0.5624 AUPR: 0.5807 AP: 0.5807
Acc: 0.5605 AUC: 0.5939 Pr: 0.5574 Re: 0.5617 F1: 0.5596 AUPR: 0.5769 AP: 0.5773
Acc: 0.5646 AUC: 0.5908 Pr: 0.5616 Re: 0.5648 F1: 0.5632 AUPR: 0.5727 AP: 0.5726
Acc: 0.5635 AUC: 0.5950 Pr: 0.5604 Re: 0.5658 F1: 0.5631 AUPR: 0.5822 AP: 0.5825
Acc: 0.5615 AUC: 0.5942 Pr: 0.5582 Re: 0.5653 F1: 0.5617 AUPR: 0.5808 AP: 0.5809
Acc: 0.5633 AUC: 0.5903 Pr: 0.5602 Re: 0.5648 F1: 0.5625 AUPR: 0.5769 AP: 0.5779
Acc: 0.5617 AUC: 0.5902 Pr: 0.5587 Re: 0.5633 F1: 0.5610 AUPR: 0.5702 AP: 0.5712
Acc: 0.5628 AUC: 0.5944 Pr: 0.5596 Re: 0.5648 F1: 0.5622 AUPR: 0.5832 AP: 0.5835
Acc: 0.5607 AUC: 0.5925 Pr: 0.5575 Re: 0.5633 F1: 0.5604 AUPR: 0.5726 AP: 0.5727
Acc: 0.5623 AUC: 0.5906 Pr: 0.5589 Re: 0.5664 F1: 0.5626 AUPR: 0.5711 AP: 0.5715
Acc: 0.5653 AUC: 0.5912 Pr: 0.5621 Re: 0.5684 F1: 0.5652 AUPR: 0.5704 AP: 0.5710
Acc: 0.5623 AUC: 0.5925 Pr: 0.5589 Re: 0.5658 F1: 0.5624 AUPR: 0.5875 AP: 0.5875
Acc: 0.5623 AUC: 0.5905 Pr: 0.5589 Re: 0.5658 F1: 0.5624 AUPR: 0.5759 AP: 0.5762
Acc: 0.5592 AUC: 0.5907 Pr: 0.5561 Re: 0.5612 F1: 0.5586 AUPR: 0.5776 AP: 0.5779
Acc: 0.5628 AUC: 0.5912 Pr: 0.5598 Re: 0.5638 F1: 0.5618 AUPR: 0.5709 AP: 0.5722
Acc: 0.5620 AUC: 0.5910 Pr: 0.5590 Re: 0.5628 F1: 0.5609 AUPR: 0.5762 AP: 0.5765
Acc: 0.5623 AUC: 0.5937 Pr: 0.5594 Re: 0.5622 F1: 0.5608 AUPR: 0.5856 AP: 0.5849
Acc: 0.5628 AUC: 0.5912 Pr: 0.5595 Re: 0.5664 F1: 0.5629 AUPR: 0.5780 AP: 0.5782
Acc: 0.5623 AUC: 0.5900 Pr: 0.5592 Re: 0.5638 F1: 0.5615 AUPR: 0.5731 AP: 0.5731
Acc: 0.5620 AUC: 0.5931 Pr: 0.5591 Re: 0.5617 F1: 0.5604 AUPR: 0.5747 AP: 0.5745
Acc: 0.5651 AUC: 0.5936 Pr: 0.5620 Re: 0.5669 F1: 0.5644 AUPR: 0.5814 AP: 0.5812
Acc: 0.5630 AUC: 0.5890 Pr: 0.5602 Re: 0.5628 F1: 0.5615 AUPR: 0.5637 AP: 0.5646
Acc: 0.5612 AUC: 0.5939 Pr: 0.5581 Re: 0.5633 F1: 0.5607 AUPR: 0.5814 AP: 0.5810
Acc: 0.5625 AUC: 0.5932 Pr: 0.5595 Re: 0.5633 F1: 0.5614 AUPR: 0.5773 AP: 0.5781
Acc: 0.5589 AUC: 0.5949 Pr: 0.5555 Re: 0.5638 F1: 0.5596 AUPR: 0.5802 AP: 0.5803
Acc: 0.5617 AUC: 0.5941 Pr: 0.5589 Re: 0.5617 F1: 0.5603 AUPR: 0.5825 AP: 0.5822
Acc: 0.5589 AUC: 0.5934 Pr: 0.5556 Re: 0.5628 F1: 0.5592 AUPR: 0.5803 AP: 0.5803
Acc: 0.5635 AUC: 0.5915 Pr: 0.5607 Re: 0.5628 F1: 0.5617 AUPR: 0.5684 AP: 0.5687
Acc: 0.5630 AUC: 0.5945 Pr: 0.5603 Re: 0.5612 F1: 0.5608 AUPR: 0.5806 AP: 0.5805
Acc: 0.5612 AUC: 0.5900 Pr: 0.5583 Re: 0.5612 F1: 0.5598 AUPR: 0.5742 AP: 0.5742
Acc: 0.5628 AUC: 0.5928 Pr: 0.5596 Re: 0.5648 F1: 0.5622 AUPR: 0.5773 AP: 0.5778
Acc: 0.5617 AUC: 0.5939 Pr: 0.5587 Re: 0.5628 F1: 0.5607 AUPR: 0.5777 AP: 0.5780
Acc: 0.5651 AUC: 0.5948 Pr: 0.5620 Re: 0.5669 F1: 0.5644 AUPR: 0.5787 AP: 0.5789
Acc: 0.5625 AUC: 0.5909 Pr: 0.5591 Re: 0.5669 F1: 0.5630 AUPR: 0.5781 AP: 0.5778
Acc: 0.5635 AUC: 0.5933 Pr: 0.5606 Re: 0.5643 F1: 0.5624 AUPR: 0.5819 AP: 0.5821
Acc: 0.5628 AUC: 0.5941 Pr: 0.5599 Re: 0.5628 F1: 0.5613 AUPR: 0.5820 AP: 0.5824
Acc: 0.5625 AUC: 0.5932 Pr: 0.5594 Re: 0.5643 F1: 0.5618 AUPR: 0.5779 AP: 0.5782
Acc: 0.5623 AUC: 0.5921 Pr: 0.5594 Re: 0.5622 F1: 0.5608 AUPR: 0.5762 AP: 0.5767
Acc: 0.5615 AUC: 0.5926 Pr: 0.5584 Re: 0.5633 F1: 0.5608 AUPR: 0.5743 AP: 0.5748
Acc: 0.5615 AUC: 0.5884 Pr: 0.5587 Re: 0.5607 F1: 0.5597 AUPR: 0.5824 AP: 0.5823
Acc: 0.5648 AUC: 0.5901 Pr: 0.5619 Re: 0.5653 F1: 0.5636 AUPR: 0.5688 AP: 0.5694
Acc: 0.5617 AUC: 0.5909 Pr: 0.5591 Re: 0.5597 F1: 0.5594 AUPR: 0.5751 AP: 0.5753
Acc: 0.5643 AUC: 0.5893 Pr: 0.5614 Re: 0.5643 F1: 0.5629 AUPR: 0.5690 AP: 0.5698
Acc: 0.5620 AUC: 0.5918 Pr: 0.5590 Re: 0.5628 F1: 0.5609 AUPR: 0.5790 AP: 0.5797
Acc: 0.5617 AUC: 0.5940 Pr: 0.5590 Re: 0.5602 F1: 0.5596 AUPR: 0.5877 AP: 0.5873
Acc: 0.5623 AUC: 0.5952 Pr: 0.5592 Re: 0.5633 F1: 0.5613 AUPR: 0.5833 AP: 0.5841
Acc: 0.5620 AUC: 0.5914 Pr: 0.5590 Re: 0.5628 F1: 0.5609 AUPR: 0.5778 AP: 0.5780
Acc: 0.5638 AUC: 0.5912 Pr: 0.5611 Re: 0.5622 F1: 0.5617 AUPR: 0.5767 AP: 0.5765
Acc: 0.5597 AUC: 0.5907 Pr: 0.5566 Re: 0.5617 F1: 0.5591 AUPR: 0.5802 AP: 0.5799
Acc: 0.5630 AUC: 0.5967 Pr: 0.5597 Re: 0.5664 F1: 0.5630 AUPR: 0.5783 AP: 0.5792
Acc: 0.5617 AUC: 0.5907 Pr: 0.5590 Re: 0.5607 F1: 0.5598 AUPR: 0.5708 AP: 0.5712
Acc: 0.5605 AUC: 0.5926 Pr: 0.5574 Re: 0.5622 F1: 0.5598 AUPR: 0.5774 AP: 0.5786
Acc: 0.5620 AUC: 0.5918 Pr: 0.5590 Re: 0.5628 F1: 0.5609 AUPR: 0.5778 AP: 0.5780
Acc: 0.5633 AUC: 0.5909 Pr: 0.5601 Re: 0.5658 F1: 0.5629 AUPR: 0.5738 AP: 0.5747
Acc: 0.5643 AUC: 0.5940 Pr: 0.5617 Re: 0.5622 F1: 0.5620 AUPR: 0.5802 AP: 0.5805
Acc: 0.5623 AUC: 0.5900 Pr: 0.5595 Re: 0.5612 F1: 0.5603 AUPR: 0.5786 AP: 0.5784
Acc: 0.5607 AUC: 0.5926 Pr: 0.5576 Re: 0.5628 F1: 0.5602 AUPR: 0.5756 AP: 0.5754
Acc: 0.5600 AUC: 0.5925 Pr: 0.5570 Re: 0.5602 F1: 0.5586 AUPR: 0.5813 AP: 0.5810
Acc: 0.5623 AUC: 0.5911 Pr: 0.5592 Re: 0.5633 F1: 0.5613 AUPR: 0.5735 AP: 0.5739
Acc: 0.5641 AUC: 0.5939 Pr: 0.5609 Re: 0.5658 F1: 0.5634 AUPR: 0.5822 AP: 0.5821
Acc: 0.5610 AUC: 0.5905 Pr: 0.5579 Re: 0.5622 F1: 0.5601 AUPR: 0.5779 AP: 0.5773
Acc: 0.5605 AUC: 0.5916 Pr: 0.5577 Re: 0.5597 F1: 0.5587 AUPR: 0.5745 AP: 0.5747
Acc: 0.5592 AUC: 0.5912 Pr: 0.5562 Re: 0.5597 F1: 0.5579 AUPR: 0.5747 AP: 0.5753
Acc: 0.5643 AUC: 0.5929 Pr: 0.5609 Re: 0.5684 F1: 0.5646 AUPR: 0.5815 AP: 0.5817
Acc: 0.5643 AUC: 0.5907 Pr: 0.5612 Re: 0.5664 F1: 0.5637 AUPR: 0.5762 AP: 0.5762
Acc: 0.5623 AUC: 0.5916 Pr: 0.5590 Re: 0.5653 F1: 0.5621 AUPR: 0.5789 AP: 0.5787
Acc: 0.5623 AUC: 0.5894 Pr: 0.5592 Re: 0.5638 F1: 0.5615 AUPR: 0.5690 AP: 0.5695
Acc: 0.5623 AUC: 0.5904 Pr: 0.5592 Re: 0.5638 F1: 0.5615 AUPR: 0.5781 AP: 0.5779
Acc: 0.5628 AUC: 0.5928 Pr: 0.5596 Re: 0.5653 F1: 0.5624 AUPR: 0.5771 AP: 0.5772
Acc: 0.5635 AUC: 0.5933 Pr: 0.5606 Re: 0.5638 F1: 0.5622 AUPR: 0.5806 AP: 0.5809
Acc: 0.5617 AUC: 0.5935 Pr: 0.5584 Re: 0.5653 F1: 0.5619 AUPR: 0.5857 AP: 0.5857
Acc: 0.5628 AUC: 0.5923 Pr: 0.5594 Re: 0.5669 F1: 0.5631 AUPR: 0.5751 AP: 0.5753
Acc: 0.5602 AUC: 0.5945 Pr: 0.5570 Re: 0.5628 F1: 0.5599 AUPR: 0.5780 AP: 0.5781
Acc: 0.5643 AUC: 0.5905 Pr: 0.5611 Re: 0.5669 F1: 0.5640 AUPR: 0.5729 AP: 0.5737
Acc: 0.5625 AUC: 0.5946 Pr: 0.5595 Re: 0.5638 F1: 0.5616 AUPR: 0.5773 AP: 0.5782
Acc: 0.5617 AUC: 0.5935 Pr: 0.5589 Re: 0.5617 F1: 0.5603 AUPR: 0.5823 AP: 0.5819
Acc: 0.5630 AUC: 0.5934 Pr: 0.5603 Re: 0.5617 F1: 0.5610 AUPR: 0.5820 AP: 0.5820
Acc: 0.5620 AUC: 0.5882 Pr: 0.5593 Re: 0.5602 F1: 0.5598 AUPR: 0.5685 AP: 0.5696
Acc: 0.5620 AUC: 0.5909 Pr: 0.5591 Re: 0.5622 F1: 0.5607 AUPR: 0.5763 AP: 0.5765
Acc: 0.5615 AUC: 0.5900 Pr: 0.5587 Re: 0.5602 F1: 0.5595 AUPR: 0.5717 AP: 0.5722
Acc: 0.5628 AUC: 0.5900 Pr: 0.5598 Re: 0.5638 F1: 0.5618 AUPR: 0.5768 AP: 0.5780
Acc: 0.5623 AUC: 0.5930 Pr: 0.5592 Re: 0.5638 F1: 0.5615 AUPR: 0.5783 AP: 0.5782
Acc: 0.5630 AUC: 0.5888 Pr: 0.5605 Re: 0.5597 F1: 0.5601 AUPR: 0.5761 AP: 0.5765
Acc: 0.5643 AUC: 0.5904 Pr: 0.5619 Re: 0.5607 F1: 0.5613 AUPR: 0.5735 AP: 0.5736
Acc: 0.5653 AUC: 0.5906 Pr: 0.5627 Re: 0.5633 F1: 0.5630 AUPR: 0.5759 AP: 0.5759
Acc: 0.5623 AUC: 0.5928 Pr: 0.5600 Re: 0.5566 F1: 0.5583 AUPR: 0.5734 AP: 0.5740
Acc: 0.5635 AUC: 0.5938 Pr: 0.5609 Re: 0.5612 F1: 0.5611 AUPR: 0.5811 AP: 0.5812
Acc: 0.5610 AUC: 0.5924 Pr: 0.5584 Re: 0.5586 F1: 0.5585 AUPR: 0.5790 AP: 0.5784
Acc: 0.5651 AUC: 0.5886 Pr: 0.5625 Re: 0.5628 F1: 0.5626 AUPR: 0.5691 AP: 0.5691
Acc: 0.5612 AUC: 0.5928 Pr: 0.5588 Re: 0.5576 F1: 0.5582 AUPR: 0.5700 AP: 0.5708
Acc: 0.5600 AUC: 0.5925 Pr: 0.5573 Re: 0.5581 F1: 0.5577 AUPR: 0.5758 AP: 0.5768
Acc: 0.5615 AUC: 0.5910 Pr: 0.5592 Re: 0.5561 F1: 0.5576 AUPR: 0.5762 AP: 0.5762
Acc: 0.5630 AUC: 0.5959 Pr: 0.5608 Re: 0.5571 F1: 0.5590 AUPR: 0.5789 AP: 0.5794
Acc: 0.5623 AUC: 0.5901 Pr: 0.5598 Re: 0.5586 F1: 0.5592 AUPR: 0.5758 AP: 0.5771
Acc: 0.5635 AUC: 0.5887 Pr: 0.5613 Re: 0.5581 F1: 0.5597 AUPR: 0.5704 AP: 0.5714
Acc: 0.5641 AUC: 0.5904 Pr: 0.5619 Re: 0.5581 F1: 0.5600 AUPR: 0.5725 AP: 0.5726
Acc: 0.5628 AUC: 0.5902 Pr: 0.5604 Re: 0.5586 F1: 0.5595 AUPR: 0.5850 AP: 0.5843
Acc: 0.5597 AUC: 0.5904 Pr: 0.5572 Re: 0.5561 F1: 0.5566 AUPR: 0.5815 AP: 0.5812
Acc: 0.5641 AUC: 0.5920 Pr: 0.5618 Re: 0.5586 F1: 0.5602 AUPR: 0.5721 AP: 0.5733
Acc: 0.5617 AUC: 0.5954 Pr: 0.5590 Re: 0.5607 F1: 0.5598 AUPR: 0.5867 AP: 0.5864
Acc: 0.5625 AUC: 0.5893 Pr: 0.5597 Re: 0.5622 F1: 0.5609 AUPR: 0.5688 AP: 0.5693
Acc: 0.5651 AUC: 0.5912 Pr: 0.5629 Re: 0.5597 F1: 0.5613 AUPR: 0.5767 AP: 0.5773
Acc: 0.5610 AUC: 0.5899 Pr: 0.5585 Re: 0.5576 F1: 0.5580 AUPR: 0.5754 AP: 0.5755
Acc: 0.5643 AUC: 0.5903 Pr: 0.5615 Re: 0.5633 F1: 0.5624 AUPR: 0.5704 AP: 0.5707
Acc: 0.5635 AUC: 0.5909 Pr: 0.5609 Re: 0.5612 F1: 0.5611 AUPR: 0.5702 AP: 0.5707
Acc: 0.5646 AUC: 0.5927 Pr: 0.5621 Re: 0.5612 F1: 0.5616 AUPR: 0.5806 AP: 0.5803
Acc: 0.5658 AUC: 0.5894 Pr: 0.5631 Re: 0.5648 F1: 0.5639 AUPR: 0.5749 AP: 0.5752
Acc: 0.5615 AUC: 0.5930 Pr: 0.5592 Re: 0.5566 F1: 0.5579 AUPR: 0.5805 AP: 0.5815
Acc: 0.5646 AUC: 0.5926 Pr: 0.5621 Re: 0.5607 F1: 0.5614 AUPR: 0.5779 AP: 0.5780
Acc: 0.5623 AUC: 0.5946 Pr: 0.5599 Re: 0.5581 F1: 0.5590 AUPR: 0.5803 AP: 0.5802
Acc: 0.5653 AUC: 0.5901 Pr: 0.5632 Re: 0.5592 F1: 0.5612 AUPR: 0.5786 AP: 0.5785
Acc: 0.5620 AUC: 0.5922 Pr: 0.5596 Re: 0.5581 F1: 0.5588 AUPR: 0.5794 AP: 0.5795
Acc: 0.5615 AUC: 0.5902 Pr: 0.5591 Re: 0.5576 F1: 0.5583 AUPR: 0.5729 AP: 0.5728
Acc: 0.5656 AUC: 0.5914 Pr: 0.5630 Re: 0.5628 F1: 0.5629 AUPR: 0.5804 AP: 0.5805
Acc: 0.5612 AUC: 0.5885 Pr: 0.5587 Re: 0.5581 F1: 0.5584 AUPR: 0.5767 AP: 0.5761
Acc: 0.5633 AUC: 0.5922 Pr: 0.5608 Re: 0.5597 F1: 0.5602 AUPR: 0.5816 AP: 0.5821
Acc: 0.5617 AUC: 0.5918 Pr: 0.5595 Re: 0.5566 F1: 0.5580 AUPR: 0.5754 AP: 0.5754
Acc: 0.5625 AUC: 0.5906 Pr: 0.5597 Re: 0.5617 F1: 0.5607 AUPR: 0.5787 AP: 0.5787
Acc: 0.5638 AUC: 0.5931 Pr: 0.5610 Re: 0.5628 F1: 0.5619 AUPR: 0.5768 AP: 0.5770
Acc: 0.5648 AUC: 0.5953 Pr: 0.5626 Re: 0.5592 F1: 0.5609 AUPR: 0.5845 AP: 0.5841
Acc: 0.5633 AUC: 0.5899 Pr: 0.5606 Re: 0.5612 F1: 0.5609 AUPR: 0.5797 AP: 0.5796
Acc: 0.5617 AUC: 0.5910 Pr: 0.5593 Re: 0.5581 F1: 0.5587 AUPR: 0.5776 AP: 0.5775
Acc: 0.5612 AUC: 0.5919 Pr: 0.5588 Re: 0.5576 F1: 0.5582 AUPR: 0.5769 AP: 0.5773
Acc: 0.5592 AUC: 0.5914 Pr: 0.5568 Re: 0.5550 F1: 0.5559 AUPR: 0.5827 AP: 0.5829
Acc: 0.5630 AUC: 0.5904 Pr: 0.5608 Re: 0.5576 F1: 0.5592 AUPR: 0.5706 AP: 0.5717
Acc: 0.5592 AUC: 0.5891 Pr: 0.5566 Re: 0.5566 F1: 0.5566 AUPR: 0.5762 AP: 0.5758
Acc: 0.5625 AUC: 0.5930 Pr: 0.5599 Re: 0.5602 F1: 0.5600 AUPR: 0.5749 AP: 0.5758
Acc: 0.5641 AUC: 0.5906 Pr: 0.5613 Re: 0.5628 F1: 0.5620 AUPR: 0.5734 AP: 0.5740
Acc: 0.5628 AUC: 0.5924 Pr: 0.5602 Re: 0.5602 F1: 0.5602 AUPR: 0.5745 AP: 0.5750
Acc: 0.5600 AUC: 0.5929 Pr: 0.5571 Re: 0.5597 F1: 0.5584 AUPR: 0.5794 AP: 0.5792
Acc: 0.5638 AUC: 0.5917 Pr: 0.5615 Re: 0.5586 F1: 0.5601 AUPR: 0.5745 AP: 0.5747
Acc: 0.5643 AUC: 0.5904 Pr: 0.5618 Re: 0.5612 F1: 0.5615 AUPR: 0.5746 AP: 0.5747
Acc: 0.5633 AUC: 0.5874 Pr: 0.5608 Re: 0.5602 F1: 0.5605 AUPR: 0.5649 AP: 0.5655
Acc: 0.5620 AUC: 0.5901 Pr: 0.5596 Re: 0.5581 F1: 0.5588 AUPR: 0.5702 AP: 0.5710
Acc: 0.5610 AUC: 0.5926 Pr: 0.5590 Re: 0.5535 F1: 0.5562 AUPR: 0.5834 AP: 0.5829
Acc: 0.5620 AUC: 0.5950 Pr: 0.5593 Re: 0.5602 F1: 0.5598 AUPR: 0.5858 AP: 0.5855
Acc: 0.5638 AUC: 0.5880 Pr: 0.5612 Re: 0.5612 F1: 0.5612 AUPR: 0.5746 AP: 0.5747
Acc: 0.5658 AUC: 0.5901 Pr: 0.5635 Re: 0.5617 F1: 0.5626 AUPR: 0.5761 AP: 0.5760
Acc: 0.5625 AUC: 0.5887 Pr: 0.5603 Re: 0.5566 F1: 0.5585 AUPR: 0.5684 AP: 0.5689
Acc: 0.5602 AUC: 0.5897 Pr: 0.5577 Re: 0.5566 F1: 0.5572 AUPR: 0.5735 AP: 0.5744
Acc: 0.5630 AUC: 0.5923 Pr: 0.5605 Re: 0.5597 F1: 0.5601 AUPR: 0.5730 AP: 0.5731
Acc: 0.5617 AUC: 0.5912 Pr: 0.5592 Re: 0.5586 F1: 0.5589 AUPR: 0.5822 AP: 0.5827
Acc: 0.5623 AUC: 0.5934 Pr: 0.5595 Re: 0.5607 F1: 0.5601 AUPR: 0.5744 AP: 0.5748
Acc: 0.5633 AUC: 0.5957 Pr: 0.5610 Re: 0.5586 F1: 0.5598 AUPR: 0.5847 AP: 0.5844
Acc: 0.5600 AUC: 0.5938 Pr: 0.5574 Re: 0.5571 F1: 0.5572 AUPR: 0.5790 AP: 0.5795
Acc: 0.5623 AUC: 0.5854 Pr: 0.5597 Re: 0.5592 F1: 0.5594 AUPR: 0.5715 AP: 0.5715
Acc: 0.5610 AUC: 0.5912 Pr: 0.5588 Re: 0.5545 F1: 0.5567 AUPR: 0.5771 AP: 0.5767
Acc: 0.5620 AUC: 0.5930 Pr: 0.5593 Re: 0.5602 F1: 0.5598 AUPR: 0.5791 AP: 0.5792
Acc: 0.5633 AUC: 0.5917 Pr: 0.5610 Re: 0.5581 F1: 0.5596 AUPR: 0.5766 AP: 0.5766
Acc: 0.5617 AUC: 0.5891 Pr: 0.5590 Re: 0.5602 F1: 0.5596 AUPR: 0.5719 AP: 0.5730
Acc: 0.5605 AUC: 0.5923 Pr: 0.5581 Re: 0.5561 F1: 0.5571 AUPR: 0.5812 AP: 0.5810
Acc: 0.5630 AUC: 0.5930 Pr: 0.5608 Re: 0.5571 F1: 0.5590 AUPR: 0.5756 AP: 0.5763
Acc: 0.5623 AUC: 0.5953 Pr: 0.5599 Re: 0.5581 F1: 0.5590 AUPR: 0.5779 AP: 0.5781
Acc: 0.5633 AUC: 0.5891 Pr: 0.5606 Re: 0.5612 F1: 0.5609 AUPR: 0.5740 AP: 0.5734
Acc: 0.5620 AUC: 0.5928 Pr: 0.5595 Re: 0.5586 F1: 0.5591 AUPR: 0.5732 AP: 0.5744
Acc: 0.5623 AUC: 0.5924 Pr: 0.5595 Re: 0.5607 F1: 0.5601 AUPR: 0.5780 AP: 0.5787
Acc: 0.5623 AUC: 0.5883 Pr: 0.5598 Re: 0.5586 F1: 0.5592 AUPR: 0.5714 AP: 0.5727
Acc: 0.5623 AUC: 0.5925 Pr: 0.5597 Re: 0.5597 F1: 0.5597 AUPR: 0.5830 AP: 0.5829
Acc: 0.5623 AUC: 0.5934 Pr: 0.5596 Re: 0.5602 F1: 0.5599 AUPR: 0.5814 AP: 0.5812
Acc: 0.5648 AUC: 0.5899 Pr: 0.5626 Re: 0.5597 F1: 0.5611 AUPR: 0.5747 AP: 0.5754
Acc: 0.5620 AUC: 0.5905 Pr: 0.5596 Re: 0.5576 F1: 0.5586 AUPR: 0.5707 AP: 0.5715
Acc: 0.5641 AUC: 0.5846 Pr: 0.5618 Re: 0.5592 F1: 0.5605 AUPR: 0.5661 AP: 0.5670
Acc: 0.5630 AUC: 0.5902 Pr: 0.5603 Re: 0.5612 F1: 0.5608 AUPR: 0.5815 AP: 0.5810
Acc: 0.5620 AUC: 0.5930 Pr: 0.5597 Re: 0.5571 F1: 0.5584 AUPR: 0.5880 AP: 0.5880
Acc: 0.5610 AUC: 0.5905 Pr: 0.5584 Re: 0.5581 F1: 0.5583 AUPR: 0.5784 AP: 0.5781
Acc: 0.5615 AUC: 0.5912 Pr: 0.5588 Re: 0.5597 F1: 0.5592 AUPR: 0.5780 AP: 0.5777
Acc: 0.5635 AUC: 0.5900 Pr: 0.5608 Re: 0.5622 F1: 0.5615 AUPR: 0.5775 AP: 0.5772
Acc: 0.5651 AUC: 0.5930 Pr: 0.5624 Re: 0.5633 F1: 0.5628 AUPR: 0.5755 AP: 0.5754
Acc: 0.5612 AUC: 0.5872 Pr: 0.5587 Re: 0.5581 F1: 0.5584 AUPR: 0.5693 AP: 0.5693
Acc: 0.5602 AUC: 0.5899 Pr: 0.5577 Re: 0.5571 F1: 0.5574 AUPR: 0.5725 AP: 0.5731
Acc: 0.5641 AUC: 0.5914 Pr: 0.5617 Re: 0.5597 F1: 0.5607 AUPR: 0.5731 AP: 0.5739
Acc: 0.5625 AUC: 0.5896 Pr: 0.5601 Re: 0.5586 F1: 0.5594 AUPR: 0.5730 AP: 0.5725
Acc: 0.5605 AUC: 0.5900 Pr: 0.5578 Re: 0.5586 F1: 0.5582 AUPR: 0.5723 AP: 0.5724
Acc: 0.5612 AUC: 0.5891 Pr: 0.5585 Re: 0.5597 F1: 0.5591 AUPR: 0.5748 AP: 0.5756
Acc: 0.5628 AUC: 0.5909 Pr: 0.5602 Re: 0.5597 F1: 0.5600 AUPR: 0.5767 AP: 0.5769
Acc: 0.5610 AUC: 0.5904 Pr: 0.5582 Re: 0.5597 F1: 0.5590 AUPR: 0.5768 AP: 0.5763
Acc: 0.5641 AUC: 0.5894 Pr: 0.5614 Re: 0.5622 F1: 0.5618 AUPR: 0.5711 AP: 0.5711
Acc: 0.5607 AUC: 0.5869 Pr: 0.5580 Re: 0.5592 F1: 0.5586 AUPR: 0.5764 AP: 0.5761
Acc: 0.5630 AUC: 0.5910 Pr: 0.5606 Re: 0.5592 F1: 0.5599 AUPR: 0.5677 AP: 0.5680
Acc: 0.5607 AUC: 0.5881 Pr: 0.5582 Re: 0.5571 F1: 0.5577 AUPR: 0.5657 AP: 0.5657
Acc: 0.5638 AUC: 0.5915 Pr: 0.5610 Re: 0.5633 F1: 0.5621 AUPR: 0.5811 AP: 0.5807
Acc: 0.5620 AUC: 0.5914 Pr: 0.5592 Re: 0.5612 F1: 0.5602 AUPR: 0.5769 AP: 0.5768
Acc: 0.5610 AUC: 0.5917 Pr: 0.5582 Re: 0.5597 F1: 0.5590 AUPR: 0.5823 AP: 0.5820
Acc: 0.5610 AUC: 0.5906 Pr: 0.5583 Re: 0.5592 F1: 0.5587 AUPR: 0.5749 AP: 0.5745
Acc: 0.5602 AUC: 0.5944 Pr: 0.5573 Re: 0.5602 F1: 0.5587 AUPR: 0.5860 AP: 0.5855
Acc: 0.5625 AUC: 0.5910 Pr: 0.5600 Re: 0.5592 F1: 0.5596 AUPR: 0.5762 AP: 0.5763
Acc: 0.5635 AUC: 0.5923 Pr: 0.5606 Re: 0.5643 F1: 0.5624 AUPR: 0.5758 AP: 0.5768
Acc: 0.5633 AUC: 0.5915 Pr: 0.5603 Re: 0.5638 F1: 0.5621 AUPR: 0.5758 AP: 0.5769
Acc: 0.5630 AUC: 0.5913 Pr: 0.5602 Re: 0.5622 F1: 0.5612 AUPR: 0.5767 AP: 0.5770
Acc: 0.5623 AUC: 0.5912 Pr: 0.5592 Re: 0.5633 F1: 0.5613 AUPR: 0.5747 AP: 0.5750
Acc: 0.5623 AUC: 0.5887 Pr: 0.5595 Re: 0.5607 F1: 0.5601 AUPR: 0.5707 AP: 0.5718
Acc: 0.5633 AUC: 0.5877 Pr: 0.5603 Re: 0.5643 F1: 0.5623 AUPR: 0.5710 AP: 0.5708
Acc: 0.5633 AUC: 0.5927 Pr: 0.5602 Re: 0.5648 F1: 0.5625 AUPR: 0.5779 AP: 0.5781
Acc: 0.5607 AUC: 0.5925 Pr: 0.5579 Re: 0.5597 F1: 0.5588 AUPR: 0.5778 AP: 0.5779
Acc: 0.5630 AUC: 0.5901 Pr: 0.5600 Re: 0.5638 F1: 0.5619 AUPR: 0.5766 AP: 0.5765
Acc: 0.5638 AUC: 0.5890 Pr: 0.5610 Re: 0.5633 F1: 0.5621 AUPR: 0.5706 AP: 0.5710
Acc: 0.5610 AUC: 0.5904 Pr: 0.5581 Re: 0.5607 F1: 0.5594 AUPR: 0.5757 AP: 0.5752
Acc: 0.5625 AUC: 0.5867 Pr: 0.5595 Re: 0.5633 F1: 0.5614 AUPR: 0.5679 AP: 0.5685
Acc: 0.5630 AUC: 0.5893 Pr: 0.5602 Re: 0.5622 F1: 0.5612 AUPR: 0.5726 AP: 0.5731
Acc: 0.5600 AUC: 0.5948 Pr: 0.5570 Re: 0.5602 F1: 0.5586 AUPR: 0.5811 AP: 0.5816
Acc: 0.5610 AUC: 0.5902 Pr: 0.5584 Re: 0.5586 F1: 0.5585 AUPR: 0.5722 AP: 0.5724
Acc: 0.5584 AUC: 0.5917 Pr: 0.5557 Re: 0.5571 F1: 0.5564 AUPR: 0.5764 AP: 0.5766
Acc: 0.5605 AUC: 0.5925 Pr: 0.5577 Re: 0.5597 F1: 0.5587 AUPR: 0.5807 AP: 0.5808
Acc: 0.5607 AUC: 0.5911 Pr: 0.5578 Re: 0.5607 F1: 0.5593 AUPR: 0.5719 AP: 0.5733
Acc: 0.5638 AUC: 0.5891 Pr: 0.5610 Re: 0.5628 F1: 0.5619 AUPR: 0.5722 AP: 0.5723
Acc: 0.5615 AUC: 0.5924 Pr: 0.5583 Re: 0.5638 F1: 0.5610 AUPR: 0.5763 AP: 0.5761
Acc: 0.5620 AUC: 0.5918 Pr: 0.5590 Re: 0.5628 F1: 0.5609 AUPR: 0.5798 AP: 0.5801
Acc: 0.5643 AUC: 0.5907 Pr: 0.5618 Re: 0.5612 F1: 0.5615 AUPR: 0.5795 AP: 0.5796
Acc: 0.5628 AUC: 0.5902 Pr: 0.5598 Re: 0.5633 F1: 0.5615 AUPR: 0.5708 AP: 0.5716
Acc: 0.5602 AUC: 0.5925 Pr: 0.5573 Re: 0.5602 F1: 0.5587 AUPR: 0.5777 AP: 0.5777
Acc: 0.5625 AUC: 0.5925 Pr: 0.5596 Re: 0.5628 F1: 0.5612 AUPR: 0.5817 AP: 0.5825
Acc: 0.5656 AUC: 0.5919 Pr: 0.5627 Re: 0.5658 F1: 0.5642 AUPR: 0.5759 AP: 0.5757
Acc: 0.5635 AUC: 0.5896 Pr: 0.5609 Re: 0.5617 F1: 0.5613 AUPR: 0.5794 AP: 0.5790
Acc: 0.5620 AUC: 0.5927 Pr: 0.5592 Re: 0.5612 F1: 0.5602 AUPR: 0.5758 AP: 0.5757
Acc: 0.5612 AUC: 0.5890 Pr: 0.5586 Re: 0.5586 F1: 0.5586 AUPR: 0.5797 AP: 0.5790
Acc: 0.5610 AUC: 0.5938 Pr: 0.5579 Re: 0.5628 F1: 0.5603 AUPR: 0.5794 AP: 0.5794
Acc: 0.5589 AUC: 0.5909 Pr: 0.5561 Re: 0.5581 F1: 0.5571 AUPR: 0.5750 AP: 0.5749
Acc: 0.5612 AUC: 0.5907 Pr: 0.5582 Re: 0.5628 F1: 0.5605 AUPR: 0.5709 AP: 0.5709
Acc: 0.5643 AUC: 0.5930 Pr: 0.5616 Re: 0.5628 F1: 0.5622 AUPR: 0.5758 AP: 0.5765
Acc: 0.5641 AUC: 0.5924 Pr: 0.5609 Re: 0.5664 F1: 0.5636 AUPR: 0.5761 AP: 0.5759
Acc: 0.5610 AUC: 0.5902 Pr: 0.5579 Re: 0.5622 F1: 0.5601 AUPR: 0.5754 AP: 0.5760
Acc: 0.5620 AUC: 0.5886 Pr: 0.5592 Re: 0.5612 F1: 0.5602 AUPR: 0.5703 AP: 0.5708
Acc: 0.5623 AUC: 0.5919 Pr: 0.5594 Re: 0.5622 F1: 0.5608 AUPR: 0.5746 AP: 0.5745
Acc: 0.5620 AUC: 0.5901 Pr: 0.5591 Re: 0.5622 F1: 0.5607 AUPR: 0.5759 AP: 0.5758
Acc: 0.5641 AUC: 0.5935 Pr: 0.5613 Re: 0.5628 F1: 0.5620 AUPR: 0.5772 AP: 0.5773
Acc: 0.5615 AUC: 0.5936 Pr: 0.5587 Re: 0.5607 F1: 0.5597 AUPR: 0.5849 AP: 0.5846
Acc: 0.5625 AUC: 0.5889 Pr: 0.5595 Re: 0.5633 F1: 0.5614 AUPR: 0.5787 AP: 0.5783
Acc: 0.5597 AUC: 0.5942 Pr: 0.5568 Re: 0.5597 F1: 0.5582 AUPR: 0.5775 AP: 0.5776
Acc: 0.5610 AUC: 0.5907 Pr: 0.5579 Re: 0.5628 F1: 0.5603 AUPR: 0.5843 AP: 0.5841
Acc: 0.5623 AUC: 0.5910 Pr: 0.5594 Re: 0.5622 F1: 0.5608 AUPR: 0.5749 AP: 0.5746
Acc: 0.5615 AUC: 0.5942 Pr: 0.5584 Re: 0.5633 F1: 0.5608 AUPR: 0.5793 AP: 0.5801
Acc: 0.5615 AUC: 0.5901 Pr: 0.5585 Re: 0.5622 F1: 0.5604 AUPR: 0.5772 AP: 0.5776
Acc: 0.5630 AUC: 0.5882 Pr: 0.5600 Re: 0.5643 F1: 0.5621 AUPR: 0.5666 AP: 0.5673
Acc: 0.5630 AUC: 0.5932 Pr: 0.5599 Re: 0.5653 F1: 0.5626 AUPR: 0.5775 AP: 0.5779
Acc: 0.5612 AUC: 0.5899 Pr: 0.5583 Re: 0.5617 F1: 0.5600 AUPR: 0.5740 AP: 0.5744
Acc: 0.5623 AUC: 0.5931 Pr: 0.5597 Re: 0.5597 F1: 0.5597 AUPR: 0.5874 AP: 0.5872
Acc: 0.5625 AUC: 0.5918 Pr: 0.5595 Re: 0.5633 F1: 0.5614 AUPR: 0.5728 AP: 0.5738
Acc: 0.5630 AUC: 0.5890 Pr: 0.5600 Re: 0.5643 F1: 0.5621 AUPR: 0.5653 AP: 0.5663
Acc: 0.5610 AUC: 0.5940 Pr: 0.5579 Re: 0.5622 F1: 0.5601 AUPR: 0.5791 AP: 0.5798
Acc: 0.5628 AUC: 0.5899 Pr: 0.5600 Re: 0.5617 F1: 0.5609 AUPR: 0.5777 AP: 0.5779
Acc: 0.5623 AUC: 0.5929 Pr: 0.5594 Re: 0.5617 F1: 0.5606 AUPR: 0.5760 AP: 0.5775
Acc: 0.5617 AUC: 0.5910 Pr: 0.5589 Re: 0.5612 F1: 0.5601 AUPR: 0.5755 AP: 0.5761
Acc: 0.5628 AUC: 0.5885 Pr: 0.5598 Re: 0.5633 F1: 0.5615 AUPR: 0.5698 AP: 0.5700
Acc: 0.5620 AUC: 0.5895 Pr: 0.5594 Re: 0.5597 F1: 0.5595 AUPR: 0.5757 AP: 0.5756
Acc: 0.5602 AUC: 0.5949 Pr: 0.5571 Re: 0.5617 F1: 0.5594 AUPR: 0.5780 AP: 0.5784
Acc: 0.5625 AUC: 0.5884 Pr: 0.5597 Re: 0.5617 F1: 0.5607 AUPR: 0.5699 AP: 0.5699
Acc: 0.5625 AUC: 0.5893 Pr: 0.5597 Re: 0.5622 F1: 0.5609 AUPR: 0.5738 AP: 0.5741
Acc: 0.5600 AUC: 0.5900 Pr: 0.5570 Re: 0.5602 F1: 0.5586 AUPR: 0.5755 AP: 0.5752
Acc: 0.5597 AUC: 0.5896 Pr: 0.5567 Re: 0.5607 F1: 0.5587 AUPR: 0.5738 AP: 0.5742
Acc: 0.5617 AUC: 0.5947 Pr: 0.5591 Re: 0.5597 F1: 0.5594 AUPR: 0.5801 AP: 0.5799
Acc: 0.5658 AUC: 0.5927 Pr: 0.5631 Re: 0.5648 F1: 0.5639 AUPR: 0.5850 AP: 0.5845
Acc: 0.5612 AUC: 0.5886 Pr: 0.5580 Re: 0.5638 F1: 0.5609 AUPR: 0.5706 AP: 0.5710
Acc: 0.5623 AUC: 0.5873 Pr: 0.5594 Re: 0.5617 F1: 0.5606 AUPR: 0.5709 AP: 0.5720
Acc: 0.5635 AUC: 0.5886 Pr: 0.5607 Re: 0.5628 F1: 0.5617 AUPR: 0.5745 AP: 0.5749
Acc: 0.5641 AUC: 0.5918 Pr: 0.5613 Re: 0.5633 F1: 0.5623 AUPR: 0.5730 AP: 0.5743
Acc: 0.5615 AUC: 0.5926 Pr: 0.5586 Re: 0.5617 F1: 0.5601 AUPR: 0.5763 AP: 0.5760
Acc: 0.5612 AUC: 0.5915 Pr: 0.5584 Re: 0.5607 F1: 0.5595 AUPR: 0.5716 AP: 0.5719
Acc: 0.5607 AUC: 0.5912 Pr: 0.5578 Re: 0.5612 F1: 0.5595 AUPR: 0.5711 AP: 0.5715
Acc: 0.5630 AUC: 0.5912 Pr: 0.5602 Re: 0.5622 F1: 0.5612 AUPR: 0.5714 AP: 0.5723
Acc: 0.5643 AUC: 0.5901 Pr: 0.5615 Re: 0.5638 F1: 0.5626 AUPR: 0.5672 AP: 0.5679
Acc: 0.5625 AUC: 0.5901 Pr: 0.5595 Re: 0.5633 F1: 0.5614 AUPR: 0.5784 AP: 0.5794
Acc: 0.5615 AUC: 0.5929 Pr: 0.5588 Re: 0.5597 F1: 0.5592 AUPR: 0.5711 AP: 0.5721
Acc: 0.5612 AUC: 0.5967 Pr: 0.5583 Re: 0.5617 F1: 0.5600 AUPR: 0.5906 AP: 0.5906
Acc: 0.5617 AUC: 0.5928 Pr: 0.5593 Re: 0.5576 F1: 0.5585 AUPR: 0.5837 AP: 0.5841
Acc: 0.5641 AUC: 0.5861 Pr: 0.5612 Re: 0.5638 F1: 0.5625 AUPR: 0.5704 AP: 0.5701
Acc: 0.5633 AUC: 0.5892 Pr: 0.5606 Re: 0.5612 F1: 0.5609 AUPR: 0.5765 AP: 0.5765
Acc: 0.5605 AUC: 0.5897 Pr: 0.5578 Re: 0.5586 F1: 0.5582 AUPR: 0.5675 AP: 0.5687
Acc: 0.5630 AUC: 0.5892 Pr: 0.5599 Re: 0.5653 F1: 0.5626 AUPR: 0.5723 AP: 0.5728
Acc: 0.5607 AUC: 0.5894 Pr: 0.5582 Re: 0.5571 F1: 0.5577 AUPR: 0.5692 AP: 0.5703
Acc: 0.5630 AUC: 0.5956 Pr: 0.5600 Re: 0.5638 F1: 0.5619 AUPR: 0.5761 AP: 0.5773
Acc: 0.5630 AUC: 0.5914 Pr: 0.5602 Re: 0.5622 F1: 0.5612 AUPR: 0.5759 AP: 0.5757
Acc: 0.5620 AUC: 0.5901 Pr: 0.5595 Re: 0.5586 F1: 0.5591 AUPR: 0.5782 AP: 0.5779
Acc: 0.5600 AUC: 0.5925 Pr: 0.5572 Re: 0.5586 F1: 0.5579 AUPR: 0.5768 AP: 0.5768
Acc: 0.5628 AUC: 0.5896 Pr: 0.5602 Re: 0.5597 F1: 0.5600 AUPR: 0.5748 AP: 0.5748
Acc: 0.5615 AUC: 0.5931 Pr: 0.5586 Re: 0.5617 F1: 0.5601 AUPR: 0.5741 AP: 0.5746
Acc: 0.5620 AUC: 0.5897 Pr: 0.5591 Re: 0.5617 F1: 0.5604 AUPR: 0.5742 AP: 0.5741
Acc: 0.5602 AUC: 0.5934 Pr: 0.5570 Re: 0.5633 F1: 0.5601 AUPR: 0.5779 AP: 0.5788
Acc: 0.5620 AUC: 0.5875 Pr: 0.5594 Re: 0.5592 F1: 0.5593 AUPR: 0.5679 AP: 0.5681
Acc: 0.5620 AUC: 0.5928 Pr: 0.5593 Re: 0.5602 F1: 0.5598 AUPR: 0.5689 AP: 0.5700
Acc: 0.5630 AUC: 0.5913 Pr: 0.5602 Re: 0.5622 F1: 0.5612 AUPR: 0.5746 AP: 0.5745
Acc: 0.5610 AUC: 0.5878 Pr: 0.5584 Re: 0.5581 F1: 0.5583 AUPR: 0.5670 AP: 0.5677
Acc: 0.5635 AUC: 0.5919 Pr: 0.5609 Re: 0.5612 F1: 0.5611 AUPR: 0.5751 AP: 0.5749
Acc: 0.5628 AUC: 0.5901 Pr: 0.5602 Re: 0.5597 F1: 0.5600 AUPR: 0.5791 AP: 0.5787
Acc: 0.5615 AUC: 0.5922 Pr: 0.5587 Re: 0.5602 F1: 0.5595 AUPR: 0.5805 AP: 0.5804
Acc: 0.5661 AUC: 0.5931 Pr: 0.5637 Re: 0.5622 F1: 0.5630 AUPR: 0.5758 AP: 0.5766
Acc: 0.5623 AUC: 0.5902 Pr: 0.5595 Re: 0.5612 F1: 0.5603 AUPR: 0.5775 AP: 0.5774
Acc: 0.5620 AUC: 0.5912 Pr: 0.5594 Re: 0.5597 F1: 0.5595 AUPR: 0.5774 AP: 0.5771
Acc: 0.5602 AUC: 0.5949 Pr: 0.5574 Re: 0.5592 F1: 0.5583 AUPR: 0.5842 AP: 0.5842
Acc: 0.5633 AUC: 0.5905 Pr: 0.5605 Re: 0.5622 F1: 0.5614 AUPR: 0.5779 AP: 0.5784
Acc: 0.5592 AUC: 0.5944 Pr: 0.5566 Re: 0.5566 F1: 0.5566 AUPR: 0.5866 AP: 0.5858
Acc: 0.5620 AUC: 0.5888 Pr: 0.5593 Re: 0.5602 F1: 0.5598 AUPR: 0.5639 AP: 0.5644
Acc: 0.5638 AUC: 0.5953 Pr: 0.5614 Re: 0.5597 F1: 0.5605 AUPR: 0.5792 AP: 0.5793
Acc: 0.5635 AUC: 0.5916 Pr: 0.5603 Re: 0.5664 F1: 0.5633 AUPR: 0.5785 AP: 0.5783
Acc: 0.5628 AUC: 0.5952 Pr: 0.5602 Re: 0.5597 F1: 0.5600 AUPR: 0.5821 AP: 0.5818
Acc: 0.5610 AUC: 0.5929 Pr: 0.5581 Re: 0.5607 F1: 0.5594 AUPR: 0.5756 AP: 0.5758
Acc: 0.5617 AUC: 0.5932 Pr: 0.5592 Re: 0.5592 F1: 0.5592 AUPR: 0.5807 AP: 0.5813
Acc: 0.5617 AUC: 0.5957 Pr: 0.5587 Re: 0.5633 F1: 0.5610 AUPR: 0.5838 AP: 0.5846
Acc: 0.5617 AUC: 0.5875 Pr: 0.5590 Re: 0.5602 F1: 0.5596 AUPR: 0.5712 AP: 0.5719
Acc: 0.5612 AUC: 0.5912 Pr: 0.5581 Re: 0.5633 F1: 0.5607 AUPR: 0.5711 AP: 0.5719
Acc: 0.5600 AUC: 0.5868 Pr: 0.5571 Re: 0.5597 F1: 0.5584 AUPR: 0.5743 AP: 0.5740
Acc: 0.5623 AUC: 0.5903 Pr: 0.5595 Re: 0.5612 F1: 0.5603 AUPR: 0.5723 AP: 0.5724
Acc: 0.5638 AUC: 0.5926 Pr: 0.5610 Re: 0.5628 F1: 0.5619 AUPR: 0.5854 AP: 0.5848
Acc: 0.5620 AUC: 0.5921 Pr: 0.5592 Re: 0.5612 F1: 0.5602 AUPR: 0.5770 AP: 0.5770
Acc: 0.5620 AUC: 0.5879 Pr: 0.5593 Re: 0.5602 F1: 0.5598 AUPR: 0.5700 AP: 0.5696
Acc: 0.5620 AUC: 0.5915 Pr: 0.5591 Re: 0.5622 F1: 0.5607 AUPR: 0.5861 AP: 0.5860
Acc: 0.5638 AUC: 0.5900 Pr: 0.5608 Re: 0.5648 F1: 0.5628 AUPR: 0.5756 AP: 0.5754
Acc: 0.5648 AUC: 0.5881 Pr: 0.5623 Re: 0.5617 F1: 0.5620 AUPR: 0.5728 AP: 0.5727
Acc: 0.5630 AUC: 0.5905 Pr: 0.5606 Re: 0.5592 F1: 0.5599 AUPR: 0.5822 AP: 0.5826
Acc: 0.5620 AUC: 0.5884 Pr: 0.5591 Re: 0.5617 F1: 0.5604 AUPR: 0.5684 AP: 0.5687
Acc: 0.5620 AUC: 0.5883 Pr: 0.5592 Re: 0.5612 F1: 0.5602 AUPR: 0.5758 AP: 0.5760
Acc: 0.5635 AUC: 0.5919 Pr: 0.5606 Re: 0.5638 F1: 0.5622 AUPR: 0.5773 AP: 0.5771
Acc: 0.5658 AUC: 0.5870 Pr: 0.5629 Re: 0.5664 F1: 0.5646 AUPR: 0.5706 AP: 0.5701
Acc: 0.5615 AUC: 0.5914 Pr: 0.5586 Re: 0.5617 F1: 0.5601 AUPR: 0.5712 AP: 0.5722
Acc: 0.5638 AUC: 0.5930 Pr: 0.5610 Re: 0.5628 F1: 0.5619 AUPR: 0.5861 AP: 0.5856
Acc: 0.5638 AUC: 0.5897 Pr: 0.5610 Re: 0.5628 F1: 0.5619 AUPR: 0.5756 AP: 0.5751
Acc: 0.5612 AUC: 0.5898 Pr: 0.5585 Re: 0.5597 F1: 0.5591 AUPR: 0.5784 AP: 0.5782
Acc: 0.5623 AUC: 0.5909 Pr: 0.5594 Re: 0.5622 F1: 0.5608 AUPR: 0.5726 AP: 0.5735
Acc: 0.5638 AUC: 0.5921 Pr: 0.5611 Re: 0.5622 F1: 0.5617 AUPR: 0.5779 AP: 0.5780
Acc: 0.5602 AUC: 0.5913 Pr: 0.5574 Re: 0.5597 F1: 0.5585 AUPR: 0.5722 AP: 0.5726
Acc: 0.5628 AUC: 0.5908 Pr: 0.5602 Re: 0.5597 F1: 0.5600 AUPR: 0.5787 AP: 0.5784
Acc: 0.5594 AUC: 0.5921 Pr: 0.5569 Re: 0.5566 F1: 0.5567 AUPR: 0.5798 AP: 0.5804
Acc: 0.5651 AUC: 0.5931 Pr: 0.5625 Re: 0.5628 F1: 0.5626 AUPR: 0.5794 AP: 0.5796
Acc: 0.5625 AUC: 0.5899 Pr: 0.5596 Re: 0.5628 F1: 0.5612 AUPR: 0.5798 AP: 0.5801
Acc: 0.5641 AUC: 0.5899 Pr: 0.5613 Re: 0.5633 F1: 0.5623 AUPR: 0.5701 AP: 0.5703
Acc: 0.5602 AUC: 0.5908 Pr: 0.5571 Re: 0.5617 F1: 0.5594 AUPR: 0.5767 AP: 0.5773
Acc: 0.5612 AUC: 0.5884 Pr: 0.5585 Re: 0.5602 F1: 0.5593 AUPR: 0.5724 AP: 0.5725
Acc: 0.5648 AUC: 0.5891 Pr: 0.5619 Re: 0.5648 F1: 0.5634 AUPR: 0.5754 AP: 0.5749
Acc: 0.5617 AUC: 0.5928 Pr: 0.5588 Re: 0.5622 F1: 0.5605 AUPR: 0.5837 AP: 0.5829
Acc: 0.5612 AUC: 0.5908 Pr: 0.5583 Re: 0.5617 F1: 0.5600 AUPR: 0.5779 AP: 0.5787
Acc: 0.5607 AUC: 0.5866 Pr: 0.5578 Re: 0.5612 F1: 0.5595 AUPR: 0.5685 AP: 0.5688
Acc: 0.5641 AUC: 0.5899 Pr: 0.5609 Re: 0.5664 F1: 0.5636 AUPR: 0.5720 AP: 0.5727
Acc: 0.5607 AUC: 0.5899 Pr: 0.5581 Re: 0.5581 F1: 0.5581 AUPR: 0.5745 AP: 0.5743
Acc: 0.5641 AUC: 0.5917 Pr: 0.5611 Re: 0.5643 F1: 0.5627 AUPR: 0.5836 AP: 0.5837
Acc: 0.5620 AUC: 0.5877 Pr: 0.5594 Re: 0.5592 F1: 0.5593 AUPR: 0.5726 AP: 0.5724
Acc: 0.5605 AUC: 0.5948 Pr: 0.5579 Re: 0.5576 F1: 0.5578 AUPR: 0.5818 AP: 0.5824
Acc: 0.5607 AUC: 0.5938 Pr: 0.5581 Re: 0.5586 F1: 0.5584 AUPR: 0.5816 AP: 0.5818
Acc: 0.5623 AUC: 0.5917 Pr: 0.5595 Re: 0.5607 F1: 0.5601 AUPR: 0.5783 AP: 0.5783
Acc: 0.5625 AUC: 0.5897 Pr: 0.5597 Re: 0.5617 F1: 0.5607 AUPR: 0.5758 AP: 0.5757
Acc: 0.5669 AUC: 0.5915 Pr: 0.5639 Re: 0.5674 F1: 0.5656 AUPR: 0.5735 AP: 0.5746
Acc: 0.5610 AUC: 0.5892 Pr: 0.5579 Re: 0.5622 F1: 0.5601 AUPR: 0.5764 AP: 0.5763
Acc: 0.5612 AUC: 0.5936 Pr: 0.5585 Re: 0.5597 F1: 0.5591 AUPR: 0.5807 AP: 0.5815
Acc: 0.5612 AUC: 0.5907 Pr: 0.5583 Re: 0.5617 F1: 0.5600 AUPR: 0.5779 AP: 0.5772
Acc: 0.5615 AUC: 0.5868 Pr: 0.5586 Re: 0.5612 F1: 0.5599 AUPR: 0.5767 AP: 0.5768
Acc: 0.5607 AUC: 0.5902 Pr: 0.5579 Re: 0.5597 F1: 0.5588 AUPR: 0.5806 AP: 0.5814
Acc: 0.5630 AUC: 0.5937 Pr: 0.5602 Re: 0.5628 F1: 0.5615 AUPR: 0.5800 AP: 0.5804
Acc: 0.5625 AUC: 0.5896 Pr: 0.5595 Re: 0.5633 F1: 0.5614 AUPR: 0.5774 AP: 0.5773
Acc: 0.5612 AUC: 0.5935 Pr: 0.5583 Re: 0.5612 F1: 0.5598 AUPR: 0.5838 AP: 0.5857
Acc: 0.5615 AUC: 0.5900 Pr: 0.5584 Re: 0.5628 F1: 0.5606 AUPR: 0.5774 AP: 0.5782
Acc: 0.5643 AUC: 0.5878 Pr: 0.5616 Re: 0.5628 F1: 0.5622 AUPR: 0.5721 AP: 0.5718
Acc: 0.5620 AUC: 0.5923 Pr: 0.5594 Re: 0.5592 F1: 0.5593 AUPR: 0.5847 AP: 0.5846
Acc: 0.5612 AUC: 0.5872 Pr: 0.5583 Re: 0.5617 F1: 0.5600 AUPR: 0.5740 AP: 0.5740
Acc: 0.5600 AUC: 0.5909 Pr: 0.5573 Re: 0.5576 F1: 0.5575 AUPR: 0.5726 AP: 0.5736
Acc: 0.5638 AUC: 0.5896 Pr: 0.5610 Re: 0.5633 F1: 0.5621 AUPR: 0.5730 AP: 0.5739
Acc: 0.5635 AUC: 0.5930 Pr: 0.5606 Re: 0.5643 F1: 0.5624 AUPR: 0.5790 AP: 0.5786
Acc: 0.5600 AUC: 0.5910 Pr: 0.5570 Re: 0.5602 F1: 0.5586 AUPR: 0.5823 AP: 0.5820
Acc: 0.5610 AUC: 0.5933 Pr: 0.5581 Re: 0.5607 F1: 0.5594 AUPR: 0.5828 AP: 0.5827
Acc: 0.5625 AUC: 0.5902 Pr: 0.5593 Re: 0.5648 F1: 0.5621 AUPR: 0.5728 AP: 0.5722
Acc: 0.5607 AUC: 0.5930 Pr: 0.5578 Re: 0.5607 F1: 0.5593 AUPR: 0.5797 AP: 0.5805
Acc: 0.5630 AUC: 0.5938 Pr: 0.5598 Re: 0.5658 F1: 0.5628 AUPR: 0.5856 AP: 0.5853
Acc: 0.5617 AUC: 0.5931 Pr: 0.5589 Re: 0.5617 F1: 0.5603 AUPR: 0.5736 AP: 0.5741
Acc: 0.5617 AUC: 0.5910 Pr: 0.5591 Re: 0.5597 F1: 0.5594 AUPR: 0.5749 AP: 0.5754
Acc: 0.5617 AUC: 0.5938 Pr: 0.5590 Re: 0.5607 F1: 0.5598 AUPR: 0.5776 AP: 0.5781
Acc: 0.5612 AUC: 0.5915 Pr: 0.5586 Re: 0.5592 F1: 0.5589 AUPR: 0.5794 AP: 0.5801
Acc: 0.5607 AUC: 0.5877 Pr: 0.5579 Re: 0.5597 F1: 0.5588 AUPR: 0.5743 AP: 0.5745
Acc: 0.5617 AUC: 0.5911 Pr: 0.5589 Re: 0.5612 F1: 0.5601 AUPR: 0.5766 AP: 0.5774
Acc: 0.5623 AUC: 0.5880 Pr: 0.5593 Re: 0.5628 F1: 0.5610 AUPR: 0.5750 AP: 0.5754
Acc: 0.5633 AUC: 0.5907 Pr: 0.5603 Re: 0.5638 F1: 0.5621 AUPR: 0.5756 AP: 0.5753
Acc: 0.5633 AUC: 0.5908 Pr: 0.5604 Re: 0.5633 F1: 0.5618 AUPR: 0.5744 AP: 0.5744
Acc: 0.5600 AUC: 0.5940 Pr: 0.5569 Re: 0.5617 F1: 0.5593 AUPR: 0.5844 AP: 0.5839
Acc: 0.5610 AUC: 0.5930 Pr: 0.5581 Re: 0.5612 F1: 0.5596 AUPR: 0.5774 AP: 0.5775
Acc: 0.5623 AUC: 0.5876 Pr: 0.5594 Re: 0.5617 F1: 0.5606 AUPR: 0.5679 AP: 0.5686
Acc: 0.5612 AUC: 0.5961 Pr: 0.5582 Re: 0.5628 F1: 0.5605 AUPR: 0.5888 AP: 0.5885
Acc: 0.5630 AUC: 0.5918 Pr: 0.5601 Re: 0.5633 F1: 0.5617 AUPR: 0.5729 AP: 0.5737
Acc: 0.5625 AUC: 0.5911 Pr: 0.5597 Re: 0.5622 F1: 0.5609 AUPR: 0.5718 AP: 0.5726
Acc: 0.5641 AUC: 0.5875 Pr: 0.5611 Re: 0.5643 F1: 0.5627 AUPR: 0.5672 AP: 0.5677
Acc: 0.5615 AUC: 0.5915 Pr: 0.5584 Re: 0.5633 F1: 0.5608 AUPR: 0.5746 AP: 0.5752
Acc: 0.5623 AUC: 0.5898 Pr: 0.5593 Re: 0.5628 F1: 0.5610 AUPR: 0.5756 AP: 0.5751
Acc: 0.5617 AUC: 0.5925 Pr: 0.5589 Re: 0.5612 F1: 0.5601 AUPR: 0.5813 AP: 0.5817
Acc: 0.5630 AUC: 0.5912 Pr: 0.5600 Re: 0.5638 F1: 0.5619 AUPR: 0.5754 AP: 0.5759
Acc: 0.5638 AUC: 0.5934 Pr: 0.5608 Re: 0.5643 F1: 0.5626 AUPR: 0.5788 AP: 0.5790
Acc: 0.5641 AUC: 0.5886 Pr: 0.5616 Re: 0.5602 F1: 0.5609 AUPR: 0.5703 AP: 0.5709
Acc: 0.5623 AUC: 0.5907 Pr: 0.5591 Re: 0.5643 F1: 0.5617 AUPR: 0.5747 AP: 0.5751
Acc: 0.5612 AUC: 0.5886 Pr: 0.5585 Re: 0.5602 F1: 0.5593 AUPR: 0.5716 AP: 0.5717
Acc: 0.5612 AUC: 0.5869 Pr: 0.5586 Re: 0.5592 F1: 0.5589 AUPR: 0.5719 AP: 0.5727
Acc: 0.5589 AUC: 0.5911 Pr: 0.5557 Re: 0.5622 F1: 0.5589 AUPR: 0.5783 AP: 0.5784
Acc: 0.5617 AUC: 0.5928 Pr: 0.5586 Re: 0.5638 F1: 0.5612 AUPR: 0.5851 AP: 0.5846
Acc: 0.5635 AUC: 0.5943 Pr: 0.5608 Re: 0.5622 F1: 0.5615 AUPR: 0.5816 AP: 0.5810
Acc: 0.5635 AUC: 0.5925 Pr: 0.5606 Re: 0.5638 F1: 0.5622 AUPR: 0.5827 AP: 0.5827
Acc: 0.5630 AUC: 0.5924 Pr: 0.5603 Re: 0.5617 F1: 0.5610 AUPR: 0.5761 AP: 0.5763
Acc: 0.5605 AUC: 0.5926 Pr: 0.5575 Re: 0.5607 F1: 0.5591 AUPR: 0.5806 AP: 0.5802
Acc: 0.5569 AUC: 0.5901 Pr: 0.5538 Re: 0.5586 F1: 0.5562 AUPR: 0.5703 AP: 0.5706
Acc: 0.5638 AUC: 0.5906 Pr: 0.5605 Re: 0.5669 F1: 0.5637 AUPR: 0.5795 AP: 0.5799
Acc: 0.5648 AUC: 0.5893 Pr: 0.5617 Re: 0.5669 F1: 0.5643 AUPR: 0.5758 AP: 0.5758
Acc: 0.5623 AUC: 0.5957 Pr: 0.5593 Re: 0.5628 F1: 0.5610 AUPR: 0.5787 AP: 0.5794
Acc: 0.5646 AUC: 0.5900 Pr: 0.5616 Re: 0.5653 F1: 0.5634 AUPR: 0.5748 AP: 0.5756
Acc: 0.5620 AUC: 0.5866 Pr: 0.5591 Re: 0.5617 F1: 0.5604 AUPR: 0.5702 AP: 0.5704
Acc: 0.5612 AUC: 0.5905 Pr: 0.5583 Re: 0.5612 F1: 0.5598 AUPR: 0.5781 AP: 0.5777
Acc: 0.5623 AUC: 0.5884 Pr: 0.5595 Re: 0.5612 F1: 0.5603 AUPR: 0.5685 AP: 0.5686
Acc: 0.5653 AUC: 0.5937 Pr: 0.5627 Re: 0.5633 F1: 0.5630 AUPR: 0.5829 AP: 0.5824
Acc: 0.5592 AUC: 0.5922 Pr: 0.5564 Re: 0.5586 F1: 0.5575 AUPR: 0.5791 AP: 0.5787
Acc: 0.5633 AUC: 0.5890 Pr: 0.5603 Re: 0.5643 F1: 0.5623 AUPR: 0.5680 AP: 0.5684
Acc: 0.5648 AUC: 0.5873 Pr: 0.5622 Re: 0.5628 F1: 0.5625 AUPR: 0.5707 AP: 0.5702
Acc: 0.5641 AUC: 0.5902 Pr: 0.5613 Re: 0.5633 F1: 0.5623 AUPR: 0.5737 AP: 0.5739
Acc: 0.5600 AUC: 0.5923 Pr: 0.5569 Re: 0.5612 F1: 0.5591 AUPR: 0.5773 AP: 0.5779
Acc: 0.5589 AUC: 0.5885 Pr: 0.5560 Re: 0.5597 F1: 0.5578 AUPR: 0.5708 AP: 0.5705
Acc: 0.5617 AUC: 0.5921 Pr: 0.5587 Re: 0.5633 F1: 0.5610 AUPR: 0.5849 AP: 0.5841
Acc: 0.5633 AUC: 0.5857 Pr: 0.5607 Re: 0.5607 F1: 0.5607 AUPR: 0.5671 AP: 0.5679
Acc: 0.5610 AUC: 0.5913 Pr: 0.5583 Re: 0.5592 F1: 0.5587 AUPR: 0.5801 AP: 0.5801
Acc: 0.5607 AUC: 0.5921 Pr: 0.5577 Re: 0.5622 F1: 0.5599 AUPR: 0.5773 AP: 0.5776
Acc: 0.5628 AUC: 0.5902 Pr: 0.5599 Re: 0.5622 F1: 0.5611 AUPR: 0.5700 AP: 0.5708
Acc: 0.5612 AUC: 0.5882 Pr: 0.5581 Re: 0.5633 F1: 0.5607 AUPR: 0.5796 AP: 0.5795
Acc: 0.5646 AUC: 0.5940 Pr: 0.5614 Re: 0.5664 F1: 0.5639 AUPR: 0.5854 AP: 0.5849
Acc: 0.5615 AUC: 0.5909 Pr: 0.5586 Re: 0.5617 F1: 0.5601 AUPR: 0.5746 AP: 0.5753
Acc: 0.5625 AUC: 0.5926 Pr: 0.5600 Re: 0.5592 F1: 0.5596 AUPR: 0.5814 AP: 0.5816
Acc: 0.5607 AUC: 0.5873 Pr: 0.5578 Re: 0.5612 F1: 0.5595 AUPR: 0.5683 AP: 0.5690
Acc: 0.5623 AUC: 0.5895 Pr: 0.5593 Re: 0.5628 F1: 0.5610 AUPR: 0.5696 AP: 0.5701
Acc: 0.5628 AUC: 0.5906 Pr: 0.5598 Re: 0.5633 F1: 0.5615 AUPR: 0.5789 AP: 0.5786
Acc: 0.5648 AUC: 0.5936 Pr: 0.5619 Re: 0.5653 F1: 0.5636 AUPR: 0.5762 AP: 0.5761
Acc: 0.5600 AUC: 0.5922 Pr: 0.5569 Re: 0.5612 F1: 0.5591 AUPR: 0.5762 AP: 0.5760
Acc: 0.5651 AUC: 0.5938 Pr: 0.5622 Re: 0.5648 F1: 0.5635 AUPR: 0.5775 AP: 0.5770
Acc: 0.5630 AUC: 0.5903 Pr: 0.5602 Re: 0.5622 F1: 0.5612 AUPR: 0.5736 AP: 0.5737
Acc: 0.5646 AUC: 0.5918 Pr: 0.5617 Re: 0.5643 F1: 0.5630 AUPR: 0.5771 AP: 0.5773
Acc: 0.5615 AUC: 0.5907 Pr: 0.5586 Re: 0.5612 F1: 0.5599 AUPR: 0.5801 AP: 0.5796
Acc: 0.5630 AUC: 0.5891 Pr: 0.5601 Re: 0.5633 F1: 0.5617 AUPR: 0.5725 AP: 0.5724
Acc: 0.5620 AUC: 0.5866 Pr: 0.5593 Re: 0.5602 F1: 0.5598 AUPR: 0.5733 AP: 0.5726
Acc: 0.5600 AUC: 0.5908 Pr: 0.5571 Re: 0.5597 F1: 0.5584 AUPR: 0.5775 AP: 0.5770
Acc: 0.5600 AUC: 0.5897 Pr: 0.5570 Re: 0.5602 F1: 0.5586 AUPR: 0.5771 AP: 0.5780
Acc: 0.5620 AUC: 0.5879 Pr: 0.5588 Re: 0.5648 F1: 0.5618 AUPR: 0.5709 AP: 0.5706
Acc: 0.5635 AUC: 0.5916 Pr: 0.5607 Re: 0.5628 F1: 0.5617 AUPR: 0.5757 AP: 0.5755
Acc: 0.5615 AUC: 0.5937 Pr: 0.5584 Re: 0.5633 F1: 0.5608 AUPR: 0.5862 AP: 0.5857
Acc: 0.5625 AUC: 0.5921 Pr: 0.5598 Re: 0.5607 F1: 0.5603 AUPR: 0.5820 AP: 0.5814
Acc: 0.5628 AUC: 0.5934 Pr: 0.5597 Re: 0.5643 F1: 0.5620 AUPR: 0.5766 AP: 0.5772
Acc: 0.5684 AUC: 0.5891 Pr: 0.5656 Re: 0.5674 F1: 0.5665 AUPR: 0.5716 AP: 0.5713
Acc: 0.5607 AUC: 0.5928 Pr: 0.5579 Re: 0.5602 F1: 0.5590 AUPR: 0.5762 AP: 0.5770
Acc: 0.5641 AUC: 0.5899 Pr: 0.5611 Re: 0.5648 F1: 0.5629 AUPR: 0.5773 AP: 0.5771
Acc: 0.5648 AUC: 0.5871 Pr: 0.5617 Re: 0.5669 F1: 0.5643 AUPR: 0.5734 AP: 0.5737
Acc: 0.5620 AUC: 0.5897 Pr: 0.5587 Re: 0.5653 F1: 0.5620 AUPR: 0.5753 AP: 0.5749
Acc: 0.5641 AUC: 0.5942 Pr: 0.5614 Re: 0.5622 F1: 0.5618 AUPR: 0.5813 AP: 0.5814
Acc: 0.5592 AUC: 0.5899 Pr: 0.5565 Re: 0.5571 F1: 0.5568 AUPR: 0.5728 AP: 0.5728
Acc: 0.5623 AUC: 0.5908 Pr: 0.5592 Re: 0.5638 F1: 0.5615 AUPR: 0.5749 AP: 0.5758
Acc: 0.5648 AUC: 0.5923 Pr: 0.5617 Re: 0.5664 F1: 0.5640 AUPR: 0.5758 AP: 0.5766
Acc: 0.5607 AUC: 0.5888 Pr: 0.5579 Re: 0.5602 F1: 0.5590 AUPR: 0.5673 AP: 0.5677
Acc: 0.5643 AUC: 0.5908 Pr: 0.5613 Re: 0.5653 F1: 0.5633 AUPR: 0.5833 AP: 0.5834
Acc: 0.5589 AUC: 0.5903 Pr: 0.5559 Re: 0.5602 F1: 0.5580 AUPR: 0.5752 AP: 0.5751
Acc: 0.5620 AUC: 0.5933 Pr: 0.5593 Re: 0.5602 F1: 0.5598 AUPR: 0.5843 AP: 0.5840
Acc: 0.5617 AUC: 0.5927 Pr: 0.5589 Re: 0.5612 F1: 0.5601 AUPR: 0.5816 AP: 0.5814
Acc: 0.5651 AUC: 0.5924 Pr: 0.5623 Re: 0.5638 F1: 0.5631 AUPR: 0.5816 AP: 0.5812
Acc: 0.5612 AUC: 0.5919 Pr: 0.5582 Re: 0.5622 F1: 0.5602 AUPR: 0.5831 AP: 0.5827
Acc: 0.5607 AUC: 0.5889 Pr: 0.5579 Re: 0.5597 F1: 0.5588 AUPR: 0.5770 AP: 0.5769
Acc: 0.5646 AUC: 0.5912 Pr: 0.5616 Re: 0.5648 F1: 0.5632 AUPR: 0.5796 AP: 0.5803
Acc: 0.5610 AUC: 0.5887 Pr: 0.5583 Re: 0.5592 F1: 0.5587 AUPR: 0.5729 AP: 0.5736
Acc: 0.5638 AUC: 0.5873 Pr: 0.5604 Re: 0.5679 F1: 0.5641 AUPR: 0.5713 AP: 0.5708
Acc: 0.5633 AUC: 0.5920 Pr: 0.5607 Re: 0.5607 F1: 0.5607 AUPR: 0.5810 AP: 0.5806
Acc: 0.5615 AUC: 0.5971 Pr: 0.5584 Re: 0.5633 F1: 0.5608 AUPR: 0.5880 AP: 0.5881
Acc: 0.5620 AUC: 0.5896 Pr: 0.5592 Re: 0.5612 F1: 0.5602 AUPR: 0.5724 AP: 0.5727
Acc: 0.5597 AUC: 0.5943 Pr: 0.5566 Re: 0.5612 F1: 0.5589 AUPR: 0.5877 AP: 0.5875
Acc: 0.5633 AUC: 0.5936 Pr: 0.5601 Re: 0.5653 F1: 0.5627 AUPR: 0.5843 AP: 0.5838
Acc: 0.5620 AUC: 0.5881 Pr: 0.5590 Re: 0.5628 F1: 0.5609 AUPR: 0.5754 AP: 0.5752
Acc: 0.5623 AUC: 0.5910 Pr: 0.5594 Re: 0.5617 F1: 0.5606 AUPR: 0.5839 AP: 0.5833
Acc: 0.5630 AUC: 0.5895 Pr: 0.5603 Re: 0.5617 F1: 0.5610 AUPR: 0.5750 AP: 0.5747
Acc: 0.5651 AUC: 0.5898 Pr: 0.5623 Re: 0.5643 F1: 0.5633 AUPR: 0.5792 AP: 0.5789
Acc: 0.5625 AUC: 0.5902 Pr: 0.5595 Re: 0.5633 F1: 0.5614 AUPR: 0.5661 AP: 0.5669
Acc: 0.5615 AUC: 0.5949 Pr: 0.5586 Re: 0.5612 F1: 0.5599 AUPR: 0.5837 AP: 0.5844
Acc: 0.5597 AUC: 0.5909 Pr: 0.5569 Re: 0.5592 F1: 0.5580 AUPR: 0.5764 AP: 0.5774
Acc: 0.5646 AUC: 0.5876 Pr: 0.5616 Re: 0.5653 F1: 0.5634 AUPR: 0.5716 AP: 0.5710
Acc: 0.5646 AUC: 0.5936 Pr: 0.5616 Re: 0.5648 F1: 0.5632 AUPR: 0.5808 AP: 0.5815
Acc: 0.5607 AUC: 0.5884 Pr: 0.5577 Re: 0.5622 F1: 0.5599 AUPR: 0.5694 AP: 0.5700
Acc: 0.5641 AUC: 0.5927 Pr: 0.5611 Re: 0.5648 F1: 0.5629 AUPR: 0.5782 AP: 0.5780
Acc: 0.5617 AUC: 0.5910 Pr: 0.5589 Re: 0.5617 F1: 0.5603 AUPR: 0.5795 AP: 0.5788
Acc: 0.5620 AUC: 0.5909 Pr: 0.5591 Re: 0.5622 F1: 0.5607 AUPR: 0.5736 AP: 0.5737
Acc: 0.5620 AUC: 0.5913 Pr: 0.5594 Re: 0.5597 F1: 0.5595 AUPR: 0.5758 AP: 0.5756
Acc: 0.5615 AUC: 0.5930 Pr: 0.5585 Re: 0.5622 F1: 0.5604 AUPR: 0.5849 AP: 0.5844
Acc: 0.5633 AUC: 0.5851 Pr: 0.5606 Re: 0.5612 F1: 0.5609 AUPR: 0.5715 AP: 0.5718
Acc: 0.5605 AUC: 0.5869 Pr: 0.5578 Re: 0.5586 F1: 0.5582 AUPR: 0.5776 AP: 0.5773
Acc: 0.5643 AUC: 0.5893 Pr: 0.5613 Re: 0.5653 F1: 0.5633 AUPR: 0.5741 AP: 0.5739
Acc: 0.5623 AUC: 0.5872 Pr: 0.5597 Re: 0.5597 F1: 0.5597 AUPR: 0.5722 AP: 0.5717
Acc: 0.5623 AUC: 0.5914 Pr: 0.5596 Re: 0.5602 F1: 0.5599 AUPR: 0.5728 AP: 0.5733
Acc: 0.5617 AUC: 0.5892 Pr: 0.5586 Re: 0.5643 F1: 0.5614 AUPR: 0.5728 AP: 0.5726
Acc: 0.5633 AUC: 0.5899 Pr: 0.5605 Re: 0.5628 F1: 0.5616 AUPR: 0.5750 AP: 0.5748
Acc: 0.5641 AUC: 0.5901 Pr: 0.5611 Re: 0.5643 F1: 0.5627 AUPR: 0.5739 AP: 0.5740
Acc: 0.5620 AUC: 0.5890 Pr: 0.5591 Re: 0.5617 F1: 0.5604 AUPR: 0.5765 AP: 0.5763
Acc: 0.5612 AUC: 0.5926 Pr: 0.5583 Re: 0.5612 F1: 0.5598 AUPR: 0.5829 AP: 0.5821
Acc: 0.5620 AUC: 0.5889 Pr: 0.5590 Re: 0.5633 F1: 0.5611 AUPR: 0.5681 AP: 0.5687
Acc: 0.5625 AUC: 0.5884 Pr: 0.5596 Re: 0.5628 F1: 0.5612 AUPR: 0.5709 AP: 0.5714
Acc: 0.5602 AUC: 0.5903 Pr: 0.5575 Re: 0.5586 F1: 0.5581 AUPR: 0.5755 AP: 0.5754
Acc: 0.5633 AUC: 0.5950 Pr: 0.5604 Re: 0.5633 F1: 0.5618 AUPR: 0.5828 AP: 0.5825
Acc: 0.5623 AUC: 0.5920 Pr: 0.5591 Re: 0.5648 F1: 0.5619 AUPR: 0.5854 AP: 0.5853
Acc: 0.5625 AUC: 0.5853 Pr: 0.5601 Re: 0.5586 F1: 0.5594 AUPR: 0.5623 AP: 0.5623
Acc: 0.5643 AUC: 0.5896 Pr: 0.5614 Re: 0.5643 F1: 0.5629 AUPR: 0.5744 AP: 0.5750
Acc: 0.5610 AUC: 0.5934 Pr: 0.5582 Re: 0.5597 F1: 0.5590 AUPR: 0.5850 AP: 0.5851
Acc: 0.5653 AUC: 0.5890 Pr: 0.5624 Re: 0.5658 F1: 0.5641 AUPR: 0.5740 AP: 0.5740
Acc: 0.5628 AUC: 0.5936 Pr: 0.5601 Re: 0.5607 F1: 0.5604 AUPR: 0.5819 AP: 0.5827
Acc: 0.5638 AUC: 0.5904 Pr: 0.5607 Re: 0.5658 F1: 0.5632 AUPR: 0.5759 AP: 0.5754
Acc: 0.5633 AUC: 0.5891 Pr: 0.5605 Re: 0.5622 F1: 0.5614 AUPR: 0.5787 AP: 0.5791
Acc: 0.5617 AUC: 0.5903 Pr: 0.5588 Re: 0.5622 F1: 0.5605 AUPR: 0.5802 AP: 0.5797
Acc: 0.5641 AUC: 0.5931 Pr: 0.5610 Re: 0.5653 F1: 0.5632 AUPR: 0.5821 AP: 0.5818
Acc: 0.5623 AUC: 0.5929 Pr: 0.5591 Re: 0.5643 F1: 0.5617 AUPR: 0.5781 AP: 0.5784
Acc: 0.5643 AUC: 0.5893 Pr: 0.5612 Re: 0.5664 F1: 0.5637 AUPR: 0.5786 AP: 0.5789
Acc: 0.5594 AUC: 0.5900 Pr: 0.5568 Re: 0.5571 F1: 0.5570 AUPR: 0.5734 AP: 0.5735
Acc: 0.5589 AUC: 0.5886 Pr: 0.5559 Re: 0.5602 F1: 0.5580 AUPR: 0.5734 AP: 0.5731
Acc: 0.5612 AUC: 0.5882 Pr: 0.5584 Re: 0.5607 F1: 0.5595 AUPR: 0.5778 AP: 0.5774
Acc: 0.5635 AUC: 0.5919 Pr: 0.5602 Re: 0.5674 F1: 0.5638 AUPR: 0.5789 AP: 0.5781
Acc: 0.5635 AUC: 0.5888 Pr: 0.5609 Re: 0.5617 F1: 0.5613 AUPR: 0.5696 AP: 0.5702
Acc: 0.5630 AUC: 0.5924 Pr: 0.5600 Re: 0.5638 F1: 0.5619 AUPR: 0.5821 AP: 0.5819
Acc: 0.5620 AUC: 0.5929 Pr: 0.5590 Re: 0.5633 F1: 0.5611 AUPR: 0.5775 AP: 0.5776
Acc: 0.5615 AUC: 0.5892 Pr: 0.5584 Re: 0.5633 F1: 0.5608 AUPR: 0.5745 AP: 0.5750
Acc: 0.5612 AUC: 0.5895 Pr: 0.5585 Re: 0.5602 F1: 0.5593 AUPR: 0.5746 AP: 0.5743
Acc: 0.5589 AUC: 0.5918 Pr: 0.5560 Re: 0.5592 F1: 0.5576 AUPR: 0.5839 AP: 0.5838
Acc: 0.5643 AUC: 0.5901 Pr: 0.5610 Re: 0.5674 F1: 0.5642 AUPR: 0.5745 AP: 0.5747
Acc: 0.5630 AUC: 0.5920 Pr: 0.5599 Re: 0.5648 F1: 0.5624 AUPR: 0.5755 AP: 0.5753
Acc: 0.5617 AUC: 0.5923 Pr: 0.5588 Re: 0.5622 F1: 0.5605 AUPR: 0.5786 AP: 0.5787
Acc: 0.5600 AUC: 0.5885 Pr: 0.5569 Re: 0.5612 F1: 0.5591 AUPR: 0.5706 AP: 0.5710
Acc: 0.5635 AUC: 0.5928 Pr: 0.5609 Re: 0.5617 F1: 0.5613 AUPR: 0.5777 AP: 0.5775
Acc: 0.5617 AUC: 0.5902 Pr: 0.5586 Re: 0.5638 F1: 0.5612 AUPR: 0.5716 AP: 0.5722
Acc: 0.5633 AUC: 0.5888 Pr: 0.5608 Re: 0.5597 F1: 0.5602 AUPR: 0.5661 AP: 0.5667
Acc: 0.5641 AUC: 0.5905 Pr: 0.5613 Re: 0.5633 F1: 0.5623 AUPR: 0.5749 AP: 0.5747
Acc: 0.5635 AUC: 0.5941 Pr: 0.5604 Re: 0.5653 F1: 0.5629 AUPR: 0.5833 AP: 0.5828
Acc: 0.5630 AUC: 0.5906 Pr: 0.5603 Re: 0.5617 F1: 0.5610 AUPR: 0.5743 AP: 0.5743
Acc: 0.5605 AUC: 0.5920 Pr: 0.5574 Re: 0.5617 F1: 0.5596 AUPR: 0.5748 AP: 0.5755
Acc: 0.5623 AUC: 0.5899 Pr: 0.5593 Re: 0.5628 F1: 0.5610 AUPR: 0.5751 AP: 0.5753
Acc: 0.5617 AUC: 0.5912 Pr: 0.5588 Re: 0.5622 F1: 0.5605 AUPR: 0.5823 AP: 0.5816
Acc: 0.5615 AUC: 0.5920 Pr: 0.5588 Re: 0.5597 F1: 0.5592 AUPR: 0.5722 AP: 0.5726
Acc: 0.5633 AUC: 0.5898 Pr: 0.5606 Re: 0.5617 F1: 0.5612 AUPR: 0.5811 AP: 0.5819
Acc: 0.5615 AUC: 0.5880 Pr: 0.5584 Re: 0.5628 F1: 0.5606 AUPR: 0.5671 AP: 0.5674
Acc: 0.5610 AUC: 0.5881 Pr: 0.5582 Re: 0.5597 F1: 0.5590 AUPR: 0.5741 AP: 0.5738
Acc: 0.5630 AUC: 0.5870 Pr: 0.5599 Re: 0.5648 F1: 0.5624 AUPR: 0.5648 AP: 0.5652
Acc: 0.5612 AUC: 0.5874 Pr: 0.5583 Re: 0.5612 F1: 0.5598 AUPR: 0.5658 AP: 0.5659
Acc: 0.5615 AUC: 0.5919 Pr: 0.5584 Re: 0.5633 F1: 0.5608 AUPR: 0.5756 AP: 0.5755
Acc: 0.5610 AUC: 0.5882 Pr: 0.5581 Re: 0.5607 F1: 0.5594 AUPR: 0.5743 AP: 0.5754
Acc: 0.5605 AUC: 0.5907 Pr: 0.5574 Re: 0.5622 F1: 0.5598 AUPR: 0.5717 AP: 0.5717
Acc: 0.5610 AUC: 0.5910 Pr: 0.5583 Re: 0.5592 F1: 0.5587 AUPR: 0.5781 AP: 0.5783
Acc: 0.5617 AUC: 0.5892 Pr: 0.5587 Re: 0.5628 F1: 0.5607 AUPR: 0.5784 AP: 0.5779
Acc: 0.5646 AUC: 0.5916 Pr: 0.5621 Re: 0.5612 F1: 0.5616 AUPR: 0.5781 AP: 0.5779
Acc: 0.5610 AUC: 0.5926 Pr: 0.5579 Re: 0.5628 F1: 0.5603 AUPR: 0.5853 AP: 0.5850
Acc: 0.5610 AUC: 0.5897 Pr: 0.5580 Re: 0.5617 F1: 0.5599 AUPR: 0.5725 AP: 0.5723
Acc: 0.5612 AUC: 0.5937 Pr: 0.5581 Re: 0.5633 F1: 0.5607 AUPR: 0.5821 AP: 0.5829
Acc: 0.5610 AUC: 0.5903 Pr: 0.5583 Re: 0.5592 F1: 0.5587 AUPR: 0.5779 AP: 0.5779
Acc: 0.5641 AUC: 0.5918 Pr: 0.5613 Re: 0.5628 F1: 0.5620 AUPR: 0.5789 AP: 0.5787
Acc: 0.5666 AUC: 0.5929 Pr: 0.5635 Re: 0.5684 F1: 0.5659 AUPR: 0.5858 AP: 0.5848
Acc: 0.5628 AUC: 0.5912 Pr: 0.5599 Re: 0.5622 F1: 0.5611 AUPR: 0.5728 AP: 0.5729
Acc: 0.5617 AUC: 0.5918 Pr: 0.5589 Re: 0.5612 F1: 0.5601 AUPR: 0.5799 AP: 0.5798
Acc: 0.5630 AUC: 0.5905 Pr: 0.5602 Re: 0.5628 F1: 0.5615 AUPR: 0.5762 AP: 0.5766
Acc: 0.5615 AUC: 0.5896 Pr: 0.5588 Re: 0.5597 F1: 0.5592 AUPR: 0.5758 AP: 0.5757
Acc: 0.5633 AUC: 0.5900 Pr: 0.5603 Re: 0.5643 F1: 0.5623 AUPR: 0.5675 AP: 0.5689
Acc: 0.5625 AUC: 0.5870 Pr: 0.5596 Re: 0.5628 F1: 0.5612 AUPR: 0.5719 AP: 0.5722
Acc: 0.5617 AUC: 0.5902 Pr: 0.5592 Re: 0.5586 F1: 0.5589 AUPR: 0.5806 AP: 0.5807
Acc: 0.5630 AUC: 0.5906 Pr: 0.5603 Re: 0.5617 F1: 0.5610 AUPR: 0.5794 AP: 0.5792
Acc: 0.5617 AUC: 0.5890 Pr: 0.5590 Re: 0.5602 F1: 0.5596 AUPR: 0.5714 AP: 0.5713
Acc: 0.5589 AUC: 0.5912 Pr: 0.5558 Re: 0.5612 F1: 0.5585 AUPR: 0.5839 AP: 0.5843
Acc: 0.5594 AUC: 0.5887 Pr: 0.5568 Re: 0.5576 F1: 0.5572 AUPR: 0.5708 AP: 0.5705
Acc: 0.5615 AUC: 0.5899 Pr: 0.5586 Re: 0.5617 F1: 0.5601 AUPR: 0.5708 AP: 0.5717
Acc: 0.5630 AUC: 0.5912 Pr: 0.5600 Re: 0.5643 F1: 0.5621 AUPR: 0.5796 AP: 0.5804
Acc: 0.5610 AUC: 0.5937 Pr: 0.5579 Re: 0.5622 F1: 0.5601 AUPR: 0.5797 AP: 0.5796
Acc: 0.5633 AUC: 0.5917 Pr: 0.5603 Re: 0.5638 F1: 0.5621 AUPR: 0.5802 AP: 0.5802
Acc: 0.5628 AUC: 0.5920 Pr: 0.5599 Re: 0.5622 F1: 0.5611 AUPR: 0.5778 AP: 0.5774
Acc: 0.5615 AUC: 0.5897 Pr: 0.5586 Re: 0.5612 F1: 0.5599 AUPR: 0.5688 AP: 0.5703
Acc: 0.5610 AUC: 0.5905 Pr: 0.5579 Re: 0.5622 F1: 0.5601 AUPR: 0.5772 AP: 0.5773
Acc: 0.5617 AUC: 0.5912 Pr: 0.5590 Re: 0.5607 F1: 0.5598 AUPR: 0.5758 AP: 0.5751
Acc: 0.5607 AUC: 0.5880 Pr: 0.5581 Re: 0.5581 F1: 0.5581 AUPR: 0.5666 AP: 0.5669
Acc: 0.5646 AUC: 0.5941 Pr: 0.5619 Re: 0.5628 F1: 0.5623 AUPR: 0.5755 AP: 0.5757
Acc: 0.5658 AUC: 0.5905 Pr: 0.5628 Re: 0.5674 F1: 0.5651 AUPR: 0.5734 AP: 0.5729
Acc: 0.5623 AUC: 0.5933 Pr: 0.5590 Re: 0.5653 F1: 0.5621 AUPR: 0.5770 AP: 0.5778
Acc: 0.5612 AUC: 0.5885 Pr: 0.5583 Re: 0.5617 F1: 0.5600 AUPR: 0.5674 AP: 0.5677
Acc: 0.5610 AUC: 0.5928 Pr: 0.5576 Re: 0.5648 F1: 0.5612 AUPR: 0.5815 AP: 0.5818
Acc: 0.5615 AUC: 0.5916 Pr: 0.5587 Re: 0.5607 F1: 0.5597 AUPR: 0.5770 AP: 0.5773
Acc: 0.5641 AUC: 0.5888 Pr: 0.5609 Re: 0.5658 F1: 0.5634 AUPR: 0.5758 AP: 0.5751
