add type HAS_EDGE to relations.
wikidata10k
Graph(num_nodes=47092, num_edges=728622,
      ndata_schemes={}
      edata_schemes={})
Acc: 0.4997 AUC: 0.4975 Pr: 0.5000 Re: 0.9887 F1: 0.6641 AUPR: 0.4992 AP: 0.4993
Acc: 0.5008 AUC: 0.4952 Pr: 0.5005 Re: 0.9854 F1: 0.6638 AUPR: 0.4977 AP: 0.4977
Acc: 0.5010 AUC: 0.5019 Pr: 0.5006 Re: 0.9814 F1: 0.6630 AUPR: 0.5012 AP: 0.5012
Acc: 0.4995 AUC: 0.4971 Pr: 0.4999 Re: 0.9721 F1: 0.6602 AUPR: 0.4989 AP: 0.4990
Acc: 0.4985 AUC: 0.4972 Pr: 0.4994 Re: 0.9609 F1: 0.6572 AUPR: 0.4970 AP: 0.4971
Acc: 0.4992 AUC: 0.5029 Pr: 0.4997 Re: 0.9434 F1: 0.6533 AUPR: 0.5025 AP: 0.5025
Acc: 0.4992 AUC: 0.4975 Pr: 0.4997 Re: 0.9191 F1: 0.6474 AUPR: 0.5002 AP: 0.5002
Acc: 0.5009 AUC: 0.4996 Pr: 0.5006 Re: 0.8839 F1: 0.6392 AUPR: 0.4982 AP: 0.4982
Acc: 0.5006 AUC: 0.5015 Pr: 0.5005 Re: 0.8263 F1: 0.6234 AUPR: 0.5017 AP: 0.5018
Acc: 0.4986 AUC: 0.4960 Pr: 0.4992 Re: 0.7383 F1: 0.5957 AUPR: 0.4971 AP: 0.4971
Acc: 0.4989 AUC: 0.4986 Pr: 0.4993 Re: 0.6283 F1: 0.5565 AUPR: 0.4975 AP: 0.4976
Acc: 0.4992 AUC: 0.4997 Pr: 0.4995 Re: 0.4967 F1: 0.4981 AUPR: 0.4984 AP: 0.4984
Acc: 0.4992 AUC: 0.5003 Pr: 0.4992 Re: 0.3571 F1: 0.4164 AUPR: 0.5002 AP: 0.5002
Acc: 0.4974 AUC: 0.4963 Pr: 0.4952 Re: 0.2437 F1: 0.3266 AUPR: 0.4967 AP: 0.4967
Acc: 0.4978 AUC: 0.4956 Pr: 0.4945 Re: 0.1748 F1: 0.2583 AUPR: 0.4964 AP: 0.4965
Acc: 0.4976 AUC: 0.4992 Pr: 0.4920 Re: 0.1325 F1: 0.2087 AUPR: 0.4980 AP: 0.4981
Acc: 0.4966 AUC: 0.4925 Pr: 0.4867 Re: 0.1174 F1: 0.1892 AUPR: 0.4938 AP: 0.4939
Acc: 0.4967 AUC: 0.4982 Pr: 0.4871 Re: 0.1165 F1: 0.1880 AUPR: 0.4958 AP: 0.4958
Acc: 0.4986 AUC: 0.5007 Pr: 0.4959 Re: 0.1376 F1: 0.2155 AUPR: 0.4983 AP: 0.4984
Acc: 0.4984 AUC: 0.4993 Pr: 0.4960 Re: 0.1712 F1: 0.2546 AUPR: 0.4969 AP: 0.4970
Acc: 0.4989 AUC: 0.4994 Pr: 0.4982 Re: 0.2449 F1: 0.3284 AUPR: 0.4981 AP: 0.4981
Acc: 0.5003 AUC: 0.4983 Pr: 0.5008 Re: 0.3483 F1: 0.4109 AUPR: 0.4981 AP: 0.4981
Acc: 0.4989 AUC: 0.4980 Pr: 0.4991 Re: 0.4667 F1: 0.4824 AUPR: 0.4969 AP: 0.4969
Acc: 0.4974 AUC: 0.4983 Pr: 0.4980 Re: 0.5885 F1: 0.5395 AUPR: 0.4999 AP: 0.4999
Acc: 0.4977 AUC: 0.4979 Pr: 0.4985 Re: 0.6783 F1: 0.5746 AUPR: 0.4992 AP: 0.4993
Acc: 0.4972 AUC: 0.4928 Pr: 0.4982 Re: 0.7338 F1: 0.5935 AUPR: 0.4948 AP: 0.4948
Acc: 0.4998 AUC: 0.4997 Pr: 0.5000 Re: 0.7566 F1: 0.6021 AUPR: 0.4993 AP: 0.4993
Acc: 0.5002 AUC: 0.4991 Pr: 0.5003 Re: 0.7396 F1: 0.5968 AUPR: 0.5010 AP: 0.5011
Acc: 0.5004 AUC: 0.5004 Pr: 0.5005 Re: 0.6959 F1: 0.5822 AUPR: 0.4998 AP: 0.4998
Acc: 0.5006 AUC: 0.5033 Pr: 0.5007 Re: 0.6175 F1: 0.5530 AUPR: 0.5039 AP: 0.5039
Acc: 0.4996 AUC: 0.4985 Pr: 0.4999 Re: 0.5207 F1: 0.5101 AUPR: 0.4980 AP: 0.4980
Acc: 0.4973 AUC: 0.4993 Pr: 0.4971 Re: 0.4253 F1: 0.4584 AUPR: 0.5003 AP: 0.5004
Acc: 0.5007 AUC: 0.5018 Pr: 0.5013 Re: 0.3507 F1: 0.4127 AUPR: 0.5022 AP: 0.5023
Acc: 0.4969 AUC: 0.4978 Pr: 0.4954 Re: 0.3067 F1: 0.3788 AUPR: 0.4968 AP: 0.4969
Acc: 0.4996 AUC: 0.4992 Pr: 0.4997 Re: 0.3002 F1: 0.3751 AUPR: 0.4987 AP: 0.4987
Acc: 0.4991 AUC: 0.4981 Pr: 0.4989 Re: 0.3270 F1: 0.3951 AUPR: 0.4976 AP: 0.4977
Acc: 0.4966 AUC: 0.4949 Pr: 0.4959 Re: 0.3783 F1: 0.4292 AUPR: 0.4964 AP: 0.4965
Acc: 0.5068 AUC: 0.5064 Pr: 0.5077 Re: 0.4660 F1: 0.4859 AUPR: 0.5041 AP: 0.5041
Acc: 0.5029 AUC: 0.5045 Pr: 0.5030 Re: 0.5360 F1: 0.5190 AUPR: 0.5010 AP: 0.5011
Acc: 0.4952 AUC: 0.4940 Pr: 0.4961 Re: 0.5714 F1: 0.5311 AUPR: 0.4950 AP: 0.4951
Acc: 0.5021 AUC: 0.5021 Pr: 0.5020 Re: 0.5997 F1: 0.5465 AUPR: 0.5008 AP: 0.5009
Acc: 0.4968 AUC: 0.4965 Pr: 0.4974 Re: 0.5681 F1: 0.5304 AUPR: 0.4968 AP: 0.4969
Acc: 0.5024 AUC: 0.5062 Pr: 0.5025 Re: 0.5231 F1: 0.5126 AUPR: 0.5035 AP: 0.5036
Acc: 0.5040 AUC: 0.5062 Pr: 0.5047 Re: 0.4586 F1: 0.4805 AUPR: 0.5055 AP: 0.5056
Acc: 0.4999 AUC: 0.5003 Pr: 0.5001 Re: 0.4130 F1: 0.4524 AUPR: 0.4989 AP: 0.4990
Acc: 0.4994 AUC: 0.5007 Pr: 0.4996 Re: 0.3859 F1: 0.4354 AUPR: 0.5009 AP: 0.5010
Acc: 0.4990 AUC: 0.5033 Pr: 0.4990 Re: 0.3893 F1: 0.4374 AUPR: 0.5035 AP: 0.5035
Acc: 0.5003 AUC: 0.4991 Pr: 0.5007 Re: 0.4327 F1: 0.4642 AUPR: 0.4992 AP: 0.4993
Acc: 0.5037 AUC: 0.5058 Pr: 0.5041 Re: 0.4763 F1: 0.4898 AUPR: 0.5057 AP: 0.5057
Acc: 0.5013 AUC: 0.5007 Pr: 0.5015 Re: 0.5189 F1: 0.5100 AUPR: 0.4979 AP: 0.4980
Acc: 0.5051 AUC: 0.5059 Pr: 0.5050 Re: 0.5376 F1: 0.5208 AUPR: 0.5055 AP: 0.5055
Acc: 0.5011 AUC: 0.5018 Pr: 0.5013 Re: 0.5173 F1: 0.5092 AUPR: 0.5031 AP: 0.5031
Acc: 0.4981 AUC: 0.4976 Pr: 0.4983 Re: 0.4733 F1: 0.4855 AUPR: 0.4999 AP: 0.5000
Acc: 0.5016 AUC: 0.5018 Pr: 0.5021 Re: 0.4351 F1: 0.4662 AUPR: 0.4996 AP: 0.4997
Acc: 0.5011 AUC: 0.5013 Pr: 0.5016 Re: 0.4215 F1: 0.4581 AUPR: 0.5014 AP: 0.5015
Acc: 0.5027 AUC: 0.5019 Pr: 0.5033 Re: 0.4378 F1: 0.4683 AUPR: 0.4998 AP: 0.4999
Acc: 0.4999 AUC: 0.5010 Pr: 0.5002 Re: 0.4625 F1: 0.4806 AUPR: 0.5008 AP: 0.5009
Acc: 0.5027 AUC: 0.5047 Pr: 0.5030 Re: 0.4956 F1: 0.4993 AUPR: 0.5027 AP: 0.5028
Acc: 0.4989 AUC: 0.4982 Pr: 0.4992 Re: 0.5074 F1: 0.5033 AUPR: 0.4981 AP: 0.4982
Acc: 0.5021 AUC: 0.5040 Pr: 0.5024 Re: 0.4870 F1: 0.4946 AUPR: 0.5058 AP: 0.5058
Acc: 0.5022 AUC: 0.5004 Pr: 0.5028 Re: 0.4448 F1: 0.4720 AUPR: 0.4997 AP: 0.4998
Acc: 0.5036 AUC: 0.5043 Pr: 0.5044 Re: 0.4432 F1: 0.4718 AUPR: 0.5028 AP: 0.5029
Acc: 0.5038 AUC: 0.5058 Pr: 0.5044 Re: 0.4631 F1: 0.4828 AUPR: 0.5026 AP: 0.5027
Acc: 0.5042 AUC: 0.5028 Pr: 0.5042 Re: 0.5248 F1: 0.5143 AUPR: 0.5010 AP: 0.5011
Acc: 0.5011 AUC: 0.5025 Pr: 0.5013 Re: 0.5224 F1: 0.5116 AUPR: 0.5002 AP: 0.5003
Acc: 0.5030 AUC: 0.5068 Pr: 0.5039 Re: 0.4150 F1: 0.4552 AUPR: 0.5037 AP: 0.5037
Acc: 0.5010 AUC: 0.5039 Pr: 0.5015 Re: 0.3912 F1: 0.4396 AUPR: 0.5016 AP: 0.5017
Acc: 0.5020 AUC: 0.5059 Pr: 0.5020 Re: 0.5664 F1: 0.5322 AUPR: 0.5044 AP: 0.5045
Acc: 0.5029 AUC: 0.5052 Pr: 0.5036 Re: 0.4497 F1: 0.4751 AUPR: 0.5040 AP: 0.5040
Acc: 0.5037 AUC: 0.5059 Pr: 0.5047 Re: 0.4285 F1: 0.4635 AUPR: 0.5039 AP: 0.5039
Acc: 0.5047 AUC: 0.5088 Pr: 0.5037 Re: 0.6686 F1: 0.5745 AUPR: 0.5063 AP: 0.5063
Acc: 0.4997 AUC: 0.5041 Pr: 0.4998 Re: 0.0587 F1: 0.1051 AUPR: 0.5030 AP: 0.5030
Acc: 0.5046 AUC: 0.5064 Pr: 0.5027 Re: 0.8927 F1: 0.6432 AUPR: 0.5040 AP: 0.5040
Acc: 0.5037 AUC: 0.5063 Pr: 0.5052 Re: 0.3827 F1: 0.4355 AUPR: 0.5039 AP: 0.5040
Acc: 0.5018 AUC: 0.5035 Pr: 0.5080 Re: 0.1265 F1: 0.2026 AUPR: 0.5020 AP: 0.5021
Acc: 0.5023 AUC: 0.5059 Pr: 0.5029 Re: 0.4480 F1: 0.4739 AUPR: 0.5044 AP: 0.5045
Acc: 0.5044 AUC: 0.5063 Pr: 0.5031 Re: 0.7528 F1: 0.6031 AUPR: 0.5046 AP: 0.5046
Acc: 0.5059 AUC: 0.5043 Pr: 0.5053 Re: 0.5859 F1: 0.5426 AUPR: 0.5023 AP: 0.5023
Acc: 0.5015 AUC: 0.5059 Pr: 0.5031 Re: 0.2834 F1: 0.3626 AUPR: 0.5048 AP: 0.5049
Acc: 0.5027 AUC: 0.5043 Pr: 0.5043 Re: 0.3455 F1: 0.4101 AUPR: 0.5021 AP: 0.5022
Acc: 0.5084 AUC: 0.5084 Pr: 0.5068 Re: 0.6472 F1: 0.5685 AUPR: 0.5056 AP: 0.5056
Acc: 0.5047 AUC: 0.5054 Pr: 0.5046 Re: 0.5309 F1: 0.5174 AUPR: 0.5031 AP: 0.5031
Acc: 0.5017 AUC: 0.5062 Pr: 0.5032 Re: 0.3008 F1: 0.3765 AUPR: 0.5034 AP: 0.5035
Acc: 0.5072 AUC: 0.5070 Pr: 0.5052 Re: 0.7245 F1: 0.5953 AUPR: 0.5039 AP: 0.5039
Acc: 0.4999 AUC: 0.5043 Pr: 0.5005 Re: 0.1078 F1: 0.1774 AUPR: 0.5013 AP: 0.5014
Acc: 0.5059 AUC: 0.5088 Pr: 0.5044 Re: 0.7097 F1: 0.5897 AUPR: 0.5052 AP: 0.5052
Acc: 0.5065 AUC: 0.5079 Pr: 0.5053 Re: 0.6452 F1: 0.5667 AUPR: 0.5050 AP: 0.5050
Acc: 0.5036 AUC: 0.5063 Pr: 0.5066 Re: 0.2950 F1: 0.3728 AUPR: 0.5037 AP: 0.5038
Acc: 0.5039 AUC: 0.5087 Pr: 0.5073 Re: 0.2867 F1: 0.3663 AUPR: 0.5053 AP: 0.5053
Acc: 0.5065 AUC: 0.5083 Pr: 0.5067 Re: 0.5154 F1: 0.5110 AUPR: 0.5049 AP: 0.5049
Acc: 0.5071 AUC: 0.5083 Pr: 0.5056 Re: 0.6599 F1: 0.5726 AUPR: 0.5056 AP: 0.5057
Acc: 0.5077 AUC: 0.5083 Pr: 0.5071 Re: 0.5623 F1: 0.5333 AUPR: 0.5049 AP: 0.5050
Acc: 0.5050 AUC: 0.5076 Pr: 0.5071 Re: 0.3733 F1: 0.4300 AUPR: 0.5040 AP: 0.5040
Acc: 0.5038 AUC: 0.5049 Pr: 0.5054 Re: 0.3736 F1: 0.4296 AUPR: 0.5021 AP: 0.5022
Acc: 0.5061 AUC: 0.5075 Pr: 0.5058 Re: 0.5543 F1: 0.5289 AUPR: 0.5035 AP: 0.5036
Acc: 0.5051 AUC: 0.5071 Pr: 0.5047 Re: 0.5723 F1: 0.5364 AUPR: 0.5039 AP: 0.5039
Acc: 0.5032 AUC: 0.5058 Pr: 0.5045 Re: 0.3831 F1: 0.4355 AUPR: 0.5033 AP: 0.5033
Acc: 0.5043 AUC: 0.5065 Pr: 0.5050 Re: 0.4520 F1: 0.4771 AUPR: 0.5041 AP: 0.5042
Acc: 0.5071 AUC: 0.5090 Pr: 0.5062 Re: 0.5923 F1: 0.5459 AUPR: 0.5056 AP: 0.5057
Acc: 0.5028 AUC: 0.5064 Pr: 0.5043 Re: 0.3498 F1: 0.4131 AUPR: 0.5030 AP: 0.5030
Acc: 0.5058 AUC: 0.5074 Pr: 0.5059 Re: 0.5156 F1: 0.5107 AUPR: 0.5040 AP: 0.5041
Acc: 0.5068 AUC: 0.5078 Pr: 0.5067 Re: 0.5326 F1: 0.5193 AUPR: 0.5049 AP: 0.5050
Acc: 0.5048 AUC: 0.5064 Pr: 0.5062 Re: 0.4068 F1: 0.4511 AUPR: 0.5035 AP: 0.5036
Acc: 0.5057 AUC: 0.5078 Pr: 0.5063 Re: 0.4770 F1: 0.4913 AUPR: 0.5055 AP: 0.5056
Acc: 0.5061 AUC: 0.5084 Pr: 0.5060 Re: 0.5292 F1: 0.5174 AUPR: 0.5063 AP: 0.5063
Acc: 0.5055 AUC: 0.5068 Pr: 0.5069 Re: 0.4170 F1: 0.4576 AUPR: 0.5029 AP: 0.5029
Acc: 0.5051 AUC: 0.5065 Pr: 0.5059 Re: 0.4571 F1: 0.4803 AUPR: 0.5030 AP: 0.5030
Acc: 0.5077 AUC: 0.5081 Pr: 0.5078 Re: 0.5211 F1: 0.5143 AUPR: 0.5046 AP: 0.5046
Acc: 0.5060 AUC: 0.5073 Pr: 0.5065 Re: 0.4822 F1: 0.4941 AUPR: 0.5056 AP: 0.5057
Acc: 0.5053 AUC: 0.5063 Pr: 0.5065 Re: 0.4373 F1: 0.4693 AUPR: 0.5048 AP: 0.5048
Acc: 0.5047 AUC: 0.5068 Pr: 0.5054 Re: 0.4588 F1: 0.4810 AUPR: 0.5051 AP: 0.5051
Acc: 0.5055 AUC: 0.5071 Pr: 0.5058 Re: 0.5038 F1: 0.5048 AUPR: 0.5061 AP: 0.5061
Acc: 0.5052 AUC: 0.5056 Pr: 0.5056 Re: 0.4888 F1: 0.4971 AUPR: 0.5034 AP: 0.5035
Acc: 0.5033 AUC: 0.5046 Pr: 0.5041 Re: 0.4430 F1: 0.4716 AUPR: 0.5026 AP: 0.5026
Acc: 0.5053 AUC: 0.5062 Pr: 0.5059 Re: 0.4695 F1: 0.4870 AUPR: 0.5045 AP: 0.5045
Acc: 0.5053 AUC: 0.5065 Pr: 0.5057 Re: 0.4886 F1: 0.4970 AUPR: 0.5035 AP: 0.5036
Acc: 0.5053 AUC: 0.5057 Pr: 0.5057 Re: 0.4865 F1: 0.4959 AUPR: 0.5037 AP: 0.5037
Acc: 0.5055 AUC: 0.5057 Pr: 0.5061 Re: 0.4782 F1: 0.4917 AUPR: 0.5036 AP: 0.5037
Acc: 0.5053 AUC: 0.5045 Pr: 0.5060 Re: 0.4649 F1: 0.4846 AUPR: 0.5041 AP: 0.5041
Acc: 0.5044 AUC: 0.5047 Pr: 0.5051 Re: 0.4579 F1: 0.4804 AUPR: 0.5033 AP: 0.5034
Acc: 0.5056 AUC: 0.5055 Pr: 0.5063 Re: 0.4648 F1: 0.4847 AUPR: 0.5033 AP: 0.5034
Acc: 0.5055 AUC: 0.5046 Pr: 0.5062 Re: 0.4703 F1: 0.4876 AUPR: 0.5012 AP: 0.5013
Acc: 0.5047 AUC: 0.5053 Pr: 0.5053 Re: 0.4778 F1: 0.4912 AUPR: 0.5030 AP: 0.5031
Acc: 0.5054 AUC: 0.5054 Pr: 0.5059 Re: 0.4862 F1: 0.4958 AUPR: 0.5034 AP: 0.5035
Acc: 0.5049 AUC: 0.5059 Pr: 0.5053 Re: 0.4889 F1: 0.4970 AUPR: 0.5039 AP: 0.5039
Acc: 0.5037 AUC: 0.5053 Pr: 0.5040 Re: 0.4876 F1: 0.4957 AUPR: 0.5039 AP: 0.5040
Acc: 0.5059 AUC: 0.5054 Pr: 0.5064 Re: 0.4824 F1: 0.4941 AUPR: 0.5032 AP: 0.5032
Acc: 0.5055 AUC: 0.5049 Pr: 0.5061 Re: 0.4728 F1: 0.4889 AUPR: 0.5036 AP: 0.5036
Acc: 0.5060 AUC: 0.5049 Pr: 0.5068 Re: 0.4664 F1: 0.4858 AUPR: 0.5034 AP: 0.5034
Acc: 0.5052 AUC: 0.5047 Pr: 0.5060 Re: 0.4643 F1: 0.4842 AUPR: 0.5028 AP: 0.5029
Acc: 0.5044 AUC: 0.5042 Pr: 0.5050 Re: 0.4676 F1: 0.4856 AUPR: 0.5031 AP: 0.5032
Acc: 0.5057 AUC: 0.5050 Pr: 0.5063 Re: 0.4750 F1: 0.4902 AUPR: 0.5037 AP: 0.5038
Acc: 0.5056 AUC: 0.5050 Pr: 0.5062 Re: 0.4799 F1: 0.4927 AUPR: 0.5040 AP: 0.5041
Acc: 0.5056 AUC: 0.5040 Pr: 0.5061 Re: 0.4844 F1: 0.4950 AUPR: 0.5023 AP: 0.5023
Acc: 0.5060 AUC: 0.5049 Pr: 0.5065 Re: 0.4888 F1: 0.4975 AUPR: 0.5030 AP: 0.5030
Acc: 0.5064 AUC: 0.5055 Pr: 0.5069 Re: 0.4881 F1: 0.4973 AUPR: 0.5047 AP: 0.5048
Acc: 0.5062 AUC: 0.5055 Pr: 0.5067 Re: 0.4878 F1: 0.4971 AUPR: 0.5033 AP: 0.5034
Acc: 0.5058 AUC: 0.5052 Pr: 0.5063 Re: 0.4862 F1: 0.4960 AUPR: 0.5029 AP: 0.5029
Acc: 0.5047 AUC: 0.5051 Pr: 0.5052 Re: 0.4818 F1: 0.4932 AUPR: 0.5031 AP: 0.5031
Acc: 0.5053 AUC: 0.5056 Pr: 0.5058 Re: 0.4801 F1: 0.4926 AUPR: 0.5038 AP: 0.5039
Acc: 0.5046 AUC: 0.5047 Pr: 0.5052 Re: 0.4768 F1: 0.4906 AUPR: 0.5023 AP: 0.5023
Acc: 0.5051 AUC: 0.5053 Pr: 0.5056 Re: 0.4775 F1: 0.4912 AUPR: 0.5038 AP: 0.5038
Acc: 0.5057 AUC: 0.5046 Pr: 0.5062 Re: 0.4802 F1: 0.4928 AUPR: 0.5025 AP: 0.5025
Acc: 0.5060 AUC: 0.5044 Pr: 0.5065 Re: 0.4818 F1: 0.4938 AUPR: 0.5038 AP: 0.5038
Acc: 0.5060 AUC: 0.5049 Pr: 0.5066 Re: 0.4833 F1: 0.4947 AUPR: 0.5041 AP: 0.5041
Acc: 0.5063 AUC: 0.5052 Pr: 0.5069 Re: 0.4826 F1: 0.4944 AUPR: 0.5034 AP: 0.5034
Acc: 0.5051 AUC: 0.5042 Pr: 0.5056 Re: 0.4818 F1: 0.4934 AUPR: 0.5024 AP: 0.5024
Acc: 0.5063 AUC: 0.5046 Pr: 0.5068 Re: 0.4820 F1: 0.4941 AUPR: 0.5029 AP: 0.5030
Acc: 0.5054 AUC: 0.5049 Pr: 0.5059 Re: 0.4804 F1: 0.4928 AUPR: 0.5035 AP: 0.5035
Acc: 0.5070 AUC: 0.5046 Pr: 0.5076 Re: 0.4808 F1: 0.4939 AUPR: 0.5036 AP: 0.5037
Acc: 0.5052 AUC: 0.5050 Pr: 0.5057 Re: 0.4778 F1: 0.4914 AUPR: 0.5029 AP: 0.5029
Acc: 0.5060 AUC: 0.5048 Pr: 0.5066 Re: 0.4796 F1: 0.4927 AUPR: 0.5038 AP: 0.5038
Acc: 0.5073 AUC: 0.5055 Pr: 0.5080 Re: 0.4796 F1: 0.4934 AUPR: 0.5036 AP: 0.5037
Acc: 0.5064 AUC: 0.5052 Pr: 0.5071 Re: 0.4780 F1: 0.4921 AUPR: 0.5048 AP: 0.5047
Acc: 0.5061 AUC: 0.5049 Pr: 0.5067 Re: 0.4770 F1: 0.4914 AUPR: 0.5030 AP: 0.5031
Acc: 0.5052 AUC: 0.5050 Pr: 0.5058 Re: 0.4770 F1: 0.4910 AUPR: 0.5031 AP: 0.5032
Acc: 0.5058 AUC: 0.5050 Pr: 0.5063 Re: 0.4782 F1: 0.4919 AUPR: 0.5028 AP: 0.5029
Acc: 0.5069 AUC: 0.5048 Pr: 0.5076 Re: 0.4818 F1: 0.4943 AUPR: 0.5034 AP: 0.5034
Acc: 0.5056 AUC: 0.5047 Pr: 0.5061 Re: 0.4815 F1: 0.4935 AUPR: 0.5038 AP: 0.5039
Acc: 0.5043 AUC: 0.5048 Pr: 0.5048 Re: 0.4800 F1: 0.4921 AUPR: 0.5033 AP: 0.5034
Acc: 0.5051 AUC: 0.5051 Pr: 0.5056 Re: 0.4821 F1: 0.4936 AUPR: 0.5036 AP: 0.5036
Acc: 0.5061 AUC: 0.5044 Pr: 0.5067 Re: 0.4826 F1: 0.4944 AUPR: 0.5027 AP: 0.5028
Acc: 0.5059 AUC: 0.5044 Pr: 0.5065 Re: 0.4823 F1: 0.4941 AUPR: 0.5027 AP: 0.5028
Acc: 0.5052 AUC: 0.5042 Pr: 0.5057 Re: 0.4824 F1: 0.4938 AUPR: 0.5020 AP: 0.5021
Acc: 0.5050 AUC: 0.5050 Pr: 0.5054 Re: 0.4828 F1: 0.4939 AUPR: 0.5035 AP: 0.5036
Acc: 0.5048 AUC: 0.5043 Pr: 0.5053 Re: 0.4776 F1: 0.4910 AUPR: 0.5018 AP: 0.5018
Acc: 0.5062 AUC: 0.5042 Pr: 0.5068 Re: 0.4802 F1: 0.4931 AUPR: 0.5023 AP: 0.5023
Acc: 0.5048 AUC: 0.5043 Pr: 0.5053 Re: 0.4777 F1: 0.4911 AUPR: 0.5030 AP: 0.5031
Acc: 0.5071 AUC: 0.5045 Pr: 0.5078 Re: 0.4822 F1: 0.4947 AUPR: 0.5035 AP: 0.5036
Acc: 0.5060 AUC: 0.5046 Pr: 0.5066 Re: 0.4821 F1: 0.4940 AUPR: 0.5039 AP: 0.5039
Acc: 0.5048 AUC: 0.5047 Pr: 0.5052 Re: 0.4817 F1: 0.4932 AUPR: 0.5036 AP: 0.5037
Acc: 0.5039 AUC: 0.5044 Pr: 0.5043 Re: 0.4808 F1: 0.4923 AUPR: 0.5037 AP: 0.5038
Acc: 0.5056 AUC: 0.5052 Pr: 0.5061 Re: 0.4820 F1: 0.4938 AUPR: 0.5046 AP: 0.5047
Acc: 0.5050 AUC: 0.5047 Pr: 0.5055 Re: 0.4803 F1: 0.4926 AUPR: 0.5042 AP: 0.5042
Acc: 0.5063 AUC: 0.5051 Pr: 0.5069 Re: 0.4825 F1: 0.4944 AUPR: 0.5045 AP: 0.5045
Acc: 0.5055 AUC: 0.5040 Pr: 0.5061 Re: 0.4801 F1: 0.4927 AUPR: 0.5039 AP: 0.5040
Acc: 0.5051 AUC: 0.5045 Pr: 0.5057 Re: 0.4797 F1: 0.4923 AUPR: 0.5029 AP: 0.5030
Acc: 0.5058 AUC: 0.5045 Pr: 0.5064 Re: 0.4802 F1: 0.4929 AUPR: 0.5028 AP: 0.5028
Acc: 0.5059 AUC: 0.5044 Pr: 0.5065 Re: 0.4808 F1: 0.4933 AUPR: 0.5034 AP: 0.5034
Acc: 0.5061 AUC: 0.5049 Pr: 0.5067 Re: 0.4811 F1: 0.4936 AUPR: 0.5034 AP: 0.5033
Acc: 0.5059 AUC: 0.5047 Pr: 0.5065 Re: 0.4815 F1: 0.4937 AUPR: 0.5041 AP: 0.5041
Acc: 0.5051 AUC: 0.5044 Pr: 0.5056 Re: 0.4828 F1: 0.4939 AUPR: 0.5029 AP: 0.5029
Acc: 0.5064 AUC: 0.5043 Pr: 0.5069 Re: 0.4832 F1: 0.4948 AUPR: 0.5024 AP: 0.5025
Acc: 0.5045 AUC: 0.5042 Pr: 0.5050 Re: 0.4815 F1: 0.4930 AUPR: 0.5043 AP: 0.5042
Acc: 0.5057 AUC: 0.5048 Pr: 0.5063 Re: 0.4816 F1: 0.4936 AUPR: 0.5042 AP: 0.5043
Acc: 0.5049 AUC: 0.5048 Pr: 0.5054 Re: 0.4805 F1: 0.4926 AUPR: 0.5029 AP: 0.5029
Acc: 0.5058 AUC: 0.5048 Pr: 0.5064 Re: 0.4801 F1: 0.4929 AUPR: 0.5048 AP: 0.5048
Acc: 0.5056 AUC: 0.5045 Pr: 0.5062 Re: 0.4812 F1: 0.4934 AUPR: 0.5027 AP: 0.5027
Acc: 0.5045 AUC: 0.5038 Pr: 0.5050 Re: 0.4806 F1: 0.4925 AUPR: 0.5029 AP: 0.5028
Acc: 0.5058 AUC: 0.5046 Pr: 0.5064 Re: 0.4809 F1: 0.4933 AUPR: 0.5039 AP: 0.5040
Acc: 0.5054 AUC: 0.5050 Pr: 0.5059 Re: 0.4821 F1: 0.4937 AUPR: 0.5040 AP: 0.5040
Acc: 0.5050 AUC: 0.5041 Pr: 0.5055 Re: 0.4821 F1: 0.4935 AUPR: 0.5032 AP: 0.5032
Acc: 0.5060 AUC: 0.5049 Pr: 0.5066 Re: 0.4834 F1: 0.4947 AUPR: 0.5038 AP: 0.5037
Acc: 0.5057 AUC: 0.5046 Pr: 0.5062 Re: 0.4842 F1: 0.4950 AUPR: 0.5034 AP: 0.5035
Acc: 0.5055 AUC: 0.5043 Pr: 0.5060 Re: 0.4849 F1: 0.4952 AUPR: 0.5039 AP: 0.5039
Acc: 0.5051 AUC: 0.5041 Pr: 0.5056 Re: 0.4842 F1: 0.4947 AUPR: 0.5046 AP: 0.5046
Acc: 0.5052 AUC: 0.5045 Pr: 0.5057 Re: 0.4839 F1: 0.4946 AUPR: 0.5031 AP: 0.5031
Acc: 0.5052 AUC: 0.5047 Pr: 0.5057 Re: 0.4832 F1: 0.4942 AUPR: 0.5042 AP: 0.5042
Acc: 0.5049 AUC: 0.5040 Pr: 0.5054 Re: 0.4812 F1: 0.4930 AUPR: 0.5023 AP: 0.5024
Acc: 0.5045 AUC: 0.5031 Pr: 0.5049 Re: 0.4796 F1: 0.4920 AUPR: 0.5014 AP: 0.5014
Acc: 0.5044 AUC: 0.5043 Pr: 0.5049 Re: 0.4787 F1: 0.4914 AUPR: 0.5021 AP: 0.5021
Acc: 0.5046 AUC: 0.5045 Pr: 0.5051 Re: 0.4786 F1: 0.4915 AUPR: 0.5035 AP: 0.5036
Acc: 0.5047 AUC: 0.5035 Pr: 0.5053 Re: 0.4780 F1: 0.4913 AUPR: 0.5031 AP: 0.5032
Acc: 0.5053 AUC: 0.5047 Pr: 0.5058 Re: 0.4818 F1: 0.4935 AUPR: 0.5041 AP: 0.5040
Acc: 0.5049 AUC: 0.5035 Pr: 0.5054 Re: 0.4803 F1: 0.4926 AUPR: 0.5015 AP: 0.5015
Acc: 0.5038 AUC: 0.5036 Pr: 0.5042 Re: 0.4807 F1: 0.4922 AUPR: 0.5022 AP: 0.5023
Acc: 0.5042 AUC: 0.5043 Pr: 0.5046 Re: 0.4825 F1: 0.4933 AUPR: 0.5025 AP: 0.5026
Acc: 0.5047 AUC: 0.5040 Pr: 0.5052 Re: 0.4828 F1: 0.4938 AUPR: 0.5039 AP: 0.5039
Acc: 0.5046 AUC: 0.5041 Pr: 0.5050 Re: 0.4826 F1: 0.4936 AUPR: 0.5031 AP: 0.5031
Acc: 0.5049 AUC: 0.5043 Pr: 0.5054 Re: 0.4820 F1: 0.4934 AUPR: 0.5040 AP: 0.5039
Acc: 0.5048 AUC: 0.5069 Pr: 0.5047 Re: 0.5406 F1: 0.5220 AUPR: 0.5057 AP: 0.5057
Acc: 0.5005 AUC: 0.5017 Pr: 0.5012 Re: 0.3043 F1: 0.3787 AUPR: 0.5003 AP: 0.5004
Acc: 0.5093 AUC: 0.5089 Pr: 0.5067 Re: 0.7272 F1: 0.5972 AUPR: 0.5055 AP: 0.5055
Acc: 0.5039 AUC: 0.5046 Pr: 0.5055 Re: 0.3837 F1: 0.4363 AUPR: 0.5017 AP: 0.5018
Acc: 0.5015 AUC: 0.5048 Pr: 0.5027 Re: 0.3195 F1: 0.3907 AUPR: 0.5023 AP: 0.5023
Acc: 0.5070 AUC: 0.5090 Pr: 0.5064 Re: 0.5757 F1: 0.5388 AUPR: 0.5051 AP: 0.5051
Acc: 0.5079 AUC: 0.5101 Pr: 0.5065 Re: 0.6391 F1: 0.5651 AUPR: 0.5075 AP: 0.5076
Acc: 0.5084 AUC: 0.5098 Pr: 0.5079 Re: 0.5495 F1: 0.5279 AUPR: 0.5081 AP: 0.5081
Acc: 0.5042 AUC: 0.5075 Pr: 0.5055 Re: 0.4148 F1: 0.4556 AUPR: 0.5046 AP: 0.5047
Acc: 0.5048 AUC: 0.5094 Pr: 0.5064 Re: 0.4034 F1: 0.4490 AUPR: 0.5063 AP: 0.5063
Acc: 0.5052 AUC: 0.5077 Pr: 0.5057 Re: 0.4866 F1: 0.4960 AUPR: 0.5049 AP: 0.5050
Acc: 0.5076 AUC: 0.5088 Pr: 0.5071 Re: 0.5626 F1: 0.5334 AUPR: 0.5051 AP: 0.5051
Acc: 0.5072 AUC: 0.5078 Pr: 0.5067 Re: 0.5560 F1: 0.5302 AUPR: 0.5048 AP: 0.5048
Acc: 0.5063 AUC: 0.5077 Pr: 0.5068 Re: 0.4888 F1: 0.4976 AUPR: 0.5045 AP: 0.5046
Acc: 0.5052 AUC: 0.5062 Pr: 0.5065 Re: 0.4278 F1: 0.4638 AUPR: 0.5031 AP: 0.5032
Acc: 0.5049 AUC: 0.5052 Pr: 0.5059 Re: 0.4374 F1: 0.4692 AUPR: 0.5025 AP: 0.5025
Acc: 0.5065 AUC: 0.5061 Pr: 0.5070 Re: 0.4867 F1: 0.4966 AUPR: 0.5030 AP: 0.5030
Acc: 0.5068 AUC: 0.5069 Pr: 0.5069 Re: 0.5207 F1: 0.5137 AUPR: 0.5045 AP: 0.5045
Acc: 0.5075 AUC: 0.5077 Pr: 0.5074 Re: 0.5301 F1: 0.5185 AUPR: 0.5048 AP: 0.5048
Acc: 0.5063 AUC: 0.5064 Pr: 0.5063 Re: 0.5181 F1: 0.5121 AUPR: 0.5038 AP: 0.5038
Acc: 0.5068 AUC: 0.5055 Pr: 0.5075 Re: 0.4816 F1: 0.4942 AUPR: 0.5040 AP: 0.5041
Acc: 0.5061 AUC: 0.5060 Pr: 0.5068 Re: 0.4754 F1: 0.4906 AUPR: 0.5036 AP: 0.5037
Acc: 0.5071 AUC: 0.5062 Pr: 0.5078 Re: 0.4769 F1: 0.4918 AUPR: 0.5050 AP: 0.5050
Acc: 0.5062 AUC: 0.5071 Pr: 0.5066 Re: 0.4931 F1: 0.4998 AUPR: 0.5039 AP: 0.5040
Acc: 0.5060 AUC: 0.5070 Pr: 0.5064 Re: 0.4970 F1: 0.5017 AUPR: 0.5052 AP: 0.5051
Acc: 0.5062 AUC: 0.5072 Pr: 0.5066 Re: 0.4976 F1: 0.5020 AUPR: 0.5055 AP: 0.5055
Acc: 0.5059 AUC: 0.5071 Pr: 0.5062 Re: 0.4979 F1: 0.5020 AUPR: 0.5049 AP: 0.5049
Acc: 0.5067 AUC: 0.5070 Pr: 0.5071 Re: 0.4990 F1: 0.5030 AUPR: 0.5048 AP: 0.5048
Acc: 0.5053 AUC: 0.5059 Pr: 0.5056 Re: 0.4975 F1: 0.5015 AUPR: 0.5040 AP: 0.5040
Acc: 0.5056 AUC: 0.5065 Pr: 0.5059 Re: 0.4979 F1: 0.5018 AUPR: 0.5052 AP: 0.5052
Acc: 0.5054 AUC: 0.5068 Pr: 0.5058 Re: 0.4935 F1: 0.4996 AUPR: 0.5052 AP: 0.5052
Acc: 0.5055 AUC: 0.5062 Pr: 0.5060 Re: 0.4863 F1: 0.4959 AUPR: 0.5048 AP: 0.5047
Acc: 0.5048 AUC: 0.5057 Pr: 0.5053 Re: 0.4804 F1: 0.4925 AUPR: 0.5037 AP: 0.5038
Acc: 0.5066 AUC: 0.5055 Pr: 0.5072 Re: 0.4828 F1: 0.4947 AUPR: 0.5030 AP: 0.5030
Acc: 0.5061 AUC: 0.5060 Pr: 0.5066 Re: 0.4841 F1: 0.4951 AUPR: 0.5040 AP: 0.5040
Acc: 0.5078 AUC: 0.5066 Pr: 0.5083 Re: 0.4895 F1: 0.4987 AUPR: 0.5040 AP: 0.5040
Acc: 0.5052 AUC: 0.5061 Pr: 0.5056 Re: 0.4906 F1: 0.4980 AUPR: 0.5043 AP: 0.5043
Acc: 0.5062 AUC: 0.5062 Pr: 0.5066 Re: 0.4945 F1: 0.5005 AUPR: 0.5045 AP: 0.5046
Acc: 0.5072 AUC: 0.5064 Pr: 0.5076 Re: 0.4962 F1: 0.5018 AUPR: 0.5033 AP: 0.5032
Acc: 0.5057 AUC: 0.5055 Pr: 0.5061 Re: 0.4954 F1: 0.5007 AUPR: 0.5029 AP: 0.5028
Acc: 0.5051 AUC: 0.5066 Pr: 0.5055 Re: 0.4947 F1: 0.5000 AUPR: 0.5045 AP: 0.5045
Acc: 0.5063 AUC: 0.5062 Pr: 0.5067 Re: 0.4949 F1: 0.5007 AUPR: 0.5032 AP: 0.5032
Acc: 0.5065 AUC: 0.5062 Pr: 0.5070 Re: 0.4924 F1: 0.4996 AUPR: 0.5047 AP: 0.5046
Acc: 0.5054 AUC: 0.5061 Pr: 0.5058 Re: 0.4895 F1: 0.4975 AUPR: 0.5037 AP: 0.5038
Acc: 0.5065 AUC: 0.5066 Pr: 0.5070 Re: 0.4887 F1: 0.4977 AUPR: 0.5040 AP: 0.5040
Acc: 0.5057 AUC: 0.5056 Pr: 0.5062 Re: 0.4852 F1: 0.4955 AUPR: 0.5029 AP: 0.5030
Acc: 0.5057 AUC: 0.5058 Pr: 0.5062 Re: 0.4835 F1: 0.4946 AUPR: 0.5029 AP: 0.5029
Acc: 0.5057 AUC: 0.5058 Pr: 0.5063 Re: 0.4811 F1: 0.4934 AUPR: 0.5041 AP: 0.5040
Acc: 0.5059 AUC: 0.5066 Pr: 0.5065 Re: 0.4786 F1: 0.4921 AUPR: 0.5041 AP: 0.5041
Acc: 0.5068 AUC: 0.5060 Pr: 0.5075 Re: 0.4808 F1: 0.4938 AUPR: 0.5041 AP: 0.5041
Acc: 0.5065 AUC: 0.5067 Pr: 0.5071 Re: 0.4800 F1: 0.4932 AUPR: 0.5054 AP: 0.5054
Acc: 0.5054 AUC: 0.5066 Pr: 0.5060 Re: 0.4802 F1: 0.4928 AUPR: 0.5045 AP: 0.5046
Acc: 0.5061 AUC: 0.5059 Pr: 0.5067 Re: 0.4820 F1: 0.4940 AUPR: 0.5041 AP: 0.5040
Acc: 0.5046 AUC: 0.5062 Pr: 0.5051 Re: 0.4821 F1: 0.4933 AUPR: 0.5045 AP: 0.5044
Acc: 0.5069 AUC: 0.5061 Pr: 0.5075 Re: 0.4848 F1: 0.4959 AUPR: 0.5052 AP: 0.5050
Acc: 0.5050 AUC: 0.5057 Pr: 0.5054 Re: 0.4843 F1: 0.4947 AUPR: 0.5043 AP: 0.5042
Acc: 0.5068 AUC: 0.5068 Pr: 0.5073 Re: 0.4879 F1: 0.4974 AUPR: 0.5050 AP: 0.5052
Acc: 0.5054 AUC: 0.5061 Pr: 0.5059 Re: 0.4861 F1: 0.4958 AUPR: 0.5042 AP: 0.5041
Acc: 0.5073 AUC: 0.5069 Pr: 0.5078 Re: 0.4895 F1: 0.4985 AUPR: 0.5052 AP: 0.5052
Acc: 0.5055 AUC: 0.5065 Pr: 0.5059 Re: 0.4879 F1: 0.4968 AUPR: 0.5038 AP: 0.5038
Acc: 0.5050 AUC: 0.5064 Pr: 0.5054 Re: 0.4875 F1: 0.4963 AUPR: 0.5050 AP: 0.5050
Acc: 0.5062 AUC: 0.5060 Pr: 0.5067 Re: 0.4890 F1: 0.4977 AUPR: 0.5044 AP: 0.5044
Acc: 0.5054 AUC: 0.5062 Pr: 0.5059 Re: 0.4879 F1: 0.4967 AUPR: 0.5055 AP: 0.5054
Acc: 0.5053 AUC: 0.5066 Pr: 0.5058 Re: 0.4878 F1: 0.4966 AUPR: 0.5058 AP: 0.5057
Acc: 0.5059 AUC: 0.5060 Pr: 0.5064 Re: 0.4869 F1: 0.4964 AUPR: 0.5049 AP: 0.5048
Acc: 0.5057 AUC: 0.5055 Pr: 0.5062 Re: 0.4865 F1: 0.4961 AUPR: 0.5039 AP: 0.5040
Acc: 0.5065 AUC: 0.5064 Pr: 0.5070 Re: 0.4875 F1: 0.4970 AUPR: 0.5052 AP: 0.5052
Acc: 0.5067 AUC: 0.5066 Pr: 0.5071 Re: 0.4906 F1: 0.4987 AUPR: 0.5062 AP: 0.5060
Acc: 0.5052 AUC: 0.5069 Pr: 0.5056 Re: 0.4905 F1: 0.4979 AUPR: 0.5065 AP: 0.5063
Acc: 0.5053 AUC: 0.5063 Pr: 0.5057 Re: 0.4899 F1: 0.4977 AUPR: 0.5047 AP: 0.5048
Acc: 0.5057 AUC: 0.5064 Pr: 0.5062 Re: 0.4911 F1: 0.4985 AUPR: 0.5047 AP: 0.5048
Acc: 0.5061 AUC: 0.5066 Pr: 0.5065 Re: 0.4907 F1: 0.4985 AUPR: 0.5049 AP: 0.5047
Acc: 0.5072 AUC: 0.5066 Pr: 0.5077 Re: 0.4919 F1: 0.4997 AUPR: 0.5041 AP: 0.5042
Acc: 0.5060 AUC: 0.5062 Pr: 0.5064 Re: 0.4900 F1: 0.4981 AUPR: 0.5047 AP: 0.5046
Acc: 0.5066 AUC: 0.5067 Pr: 0.5070 Re: 0.4903 F1: 0.4985 AUPR: 0.5043 AP: 0.5042
Acc: 0.5057 AUC: 0.5062 Pr: 0.5062 Re: 0.4868 F1: 0.4963 AUPR: 0.5037 AP: 0.5036
Acc: 0.5062 AUC: 0.5067 Pr: 0.5067 Re: 0.4875 F1: 0.4969 AUPR: 0.5045 AP: 0.5045
Acc: 0.5053 AUC: 0.5062 Pr: 0.5057 Re: 0.4855 F1: 0.4954 AUPR: 0.5042 AP: 0.5043
Acc: 0.5049 AUC: 0.5054 Pr: 0.5053 Re: 0.4844 F1: 0.4946 AUPR: 0.5025 AP: 0.5024
Acc: 0.5047 AUC: 0.5058 Pr: 0.5051 Re: 0.4835 F1: 0.4941 AUPR: 0.5040 AP: 0.5042
Acc: 0.5053 AUC: 0.5062 Pr: 0.5058 Re: 0.4850 F1: 0.4952 AUPR: 0.5045 AP: 0.5045
Acc: 0.5063 AUC: 0.5066 Pr: 0.5068 Re: 0.4845 F1: 0.4954 AUPR: 0.5055 AP: 0.5054
Acc: 0.5055 AUC: 0.5059 Pr: 0.5060 Re: 0.4829 F1: 0.4942 AUPR: 0.5049 AP: 0.5047
Acc: 0.5064 AUC: 0.5058 Pr: 0.5070 Re: 0.4849 F1: 0.4957 AUPR: 0.5051 AP: 0.5052
Acc: 0.5063 AUC: 0.5062 Pr: 0.5069 Re: 0.4847 F1: 0.4955 AUPR: 0.5054 AP: 0.5051
Acc: 0.5054 AUC: 0.5062 Pr: 0.5059 Re: 0.4840 F1: 0.4947 AUPR: 0.5046 AP: 0.5047
Acc: 0.5055 AUC: 0.5060 Pr: 0.5060 Re: 0.4853 F1: 0.4954 AUPR: 0.5054 AP: 0.5052
Acc: 0.5060 AUC: 0.5071 Pr: 0.5065 Re: 0.4853 F1: 0.4957 AUPR: 0.5076 AP: 0.5074
Acc: 0.5066 AUC: 0.5060 Pr: 0.5072 Re: 0.4847 F1: 0.4957 AUPR: 0.5052 AP: 0.5051
Acc: 0.5046 AUC: 0.5068 Pr: 0.5050 Re: 0.4842 F1: 0.4944 AUPR: 0.5063 AP: 0.5060
Acc: 0.5055 AUC: 0.5054 Pr: 0.5059 Re: 0.4842 F1: 0.4948 AUPR: 0.5035 AP: 0.5033
Acc: 0.5063 AUC: 0.5055 Pr: 0.5069 Re: 0.4860 F1: 0.4962 AUPR: 0.5049 AP: 0.5047
Acc: 0.5053 AUC: 0.5064 Pr: 0.5058 Re: 0.4853 F1: 0.4953 AUPR: 0.5053 AP: 0.5056
Acc: 0.5065 AUC: 0.5063 Pr: 0.5070 Re: 0.4872 F1: 0.4969 AUPR: 0.5054 AP: 0.5053
Acc: 0.5055 AUC: 0.5058 Pr: 0.5060 Re: 0.4871 F1: 0.4964 AUPR: 0.5052 AP: 0.5049
Acc: 0.5056 AUC: 0.5061 Pr: 0.5060 Re: 0.4882 F1: 0.4969 AUPR: 0.5045 AP: 0.5043
Acc: 0.5062 AUC: 0.5061 Pr: 0.5067 Re: 0.4888 F1: 0.4976 AUPR: 0.5048 AP: 0.5047
Acc: 0.5053 AUC: 0.5066 Pr: 0.5057 Re: 0.4889 F1: 0.4971 AUPR: 0.5047 AP: 0.5051
Acc: 0.5067 AUC: 0.5068 Pr: 0.5072 Re: 0.4903 F1: 0.4986 AUPR: 0.5054 AP: 0.5054
Acc: 0.5063 AUC: 0.5058 Pr: 0.5068 Re: 0.4896 F1: 0.4981 AUPR: 0.5036 AP: 0.5036
Acc: 0.5062 AUC: 0.5066 Pr: 0.5067 Re: 0.4883 F1: 0.4973 AUPR: 0.5061 AP: 0.5058
Acc: 0.5061 AUC: 0.5067 Pr: 0.5066 Re: 0.4896 F1: 0.4980 AUPR: 0.5049 AP: 0.5048
Acc: 0.5061 AUC: 0.5055 Pr: 0.5066 Re: 0.4886 F1: 0.4975 AUPR: 0.5051 AP: 0.5047
Acc: 0.5055 AUC: 0.5067 Pr: 0.5060 Re: 0.4876 F1: 0.4966 AUPR: 0.5068 AP: 0.5066
Acc: 0.5055 AUC: 0.5067 Pr: 0.5059 Re: 0.4877 F1: 0.4967 AUPR: 0.5064 AP: 0.5062
Acc: 0.5062 AUC: 0.5055 Pr: 0.5067 Re: 0.4882 F1: 0.4973 AUPR: 0.5040 AP: 0.5042
Acc: 0.5059 AUC: 0.5066 Pr: 0.5063 Re: 0.4879 F1: 0.4969 AUPR: 0.5078 AP: 0.5073
Acc: 0.5056 AUC: 0.5056 Pr: 0.5060 Re: 0.4877 F1: 0.4967 AUPR: 0.5053 AP: 0.5049
Acc: 0.5060 AUC: 0.5065 Pr: 0.5065 Re: 0.4876 F1: 0.4969 AUPR: 0.5055 AP: 0.5051
Acc: 0.5063 AUC: 0.5067 Pr: 0.5068 Re: 0.4884 F1: 0.4974 AUPR: 0.5043 AP: 0.5043
Acc: 0.5052 AUC: 0.5062 Pr: 0.5056 Re: 0.4880 F1: 0.4966 AUPR: 0.5050 AP: 0.5049
Acc: 0.5066 AUC: 0.5060 Pr: 0.5071 Re: 0.4893 F1: 0.4981 AUPR: 0.5042 AP: 0.5041
Acc: 0.5064 AUC: 0.5064 Pr: 0.5069 Re: 0.4895 F1: 0.4981 AUPR: 0.5054 AP: 0.5050
Acc: 0.5053 AUC: 0.5065 Pr: 0.5058 Re: 0.4879 F1: 0.4967 AUPR: 0.5048 AP: 0.5049
Acc: 0.5063 AUC: 0.5058 Pr: 0.5068 Re: 0.4883 F1: 0.4973 AUPR: 0.5043 AP: 0.5047
Acc: 0.5061 AUC: 0.5060 Pr: 0.5065 Re: 0.4872 F1: 0.4967 AUPR: 0.5041 AP: 0.5042
Acc: 0.5068 AUC: 0.5060 Pr: 0.5073 Re: 0.4870 F1: 0.4970 AUPR: 0.5061 AP: 0.5058
Acc: 0.5064 AUC: 0.5057 Pr: 0.5069 Re: 0.4858 F1: 0.4961 AUPR: 0.5037 AP: 0.5036
Acc: 0.5063 AUC: 0.5064 Pr: 0.5068 Re: 0.4848 F1: 0.4956 AUPR: 0.5050 AP: 0.5054
Acc: 0.5063 AUC: 0.5069 Pr: 0.5068 Re: 0.4853 F1: 0.4958 AUPR: 0.5067 AP: 0.5063
Acc: 0.5054 AUC: 0.5055 Pr: 0.5059 Re: 0.4847 F1: 0.4951 AUPR: 0.5038 AP: 0.5043
Acc: 0.5058 AUC: 0.5062 Pr: 0.5063 Re: 0.4847 F1: 0.4952 AUPR: 0.5056 AP: 0.5050
Acc: 0.5060 AUC: 0.5056 Pr: 0.5065 Re: 0.4846 F1: 0.4953 AUPR: 0.5032 AP: 0.5038
Acc: 0.5066 AUC: 0.5064 Pr: 0.5071 Re: 0.4852 F1: 0.4959 AUPR: 0.5048 AP: 0.5045
Acc: 0.5059 AUC: 0.5056 Pr: 0.5064 Re: 0.4852 F1: 0.4956 AUPR: 0.5045 AP: 0.5044
Acc: 0.5065 AUC: 0.5062 Pr: 0.5071 Re: 0.4863 F1: 0.4965 AUPR: 0.5039 AP: 0.5046
Acc: 0.5066 AUC: 0.5059 Pr: 0.5071 Re: 0.4876 F1: 0.4971 AUPR: 0.5037 AP: 0.5039
Acc: 0.5063 AUC: 0.5060 Pr: 0.5068 Re: 0.4883 F1: 0.4974 AUPR: 0.5061 AP: 0.5054
Acc: 0.5058 AUC: 0.5062 Pr: 0.5062 Re: 0.4875 F1: 0.4967 AUPR: 0.5039 AP: 0.5046
Acc: 0.5059 AUC: 0.5066 Pr: 0.5064 Re: 0.4873 F1: 0.4966 AUPR: 0.5048 AP: 0.5048
Acc: 0.5069 AUC: 0.5059 Pr: 0.5074 Re: 0.4894 F1: 0.4982 AUPR: 0.5037 AP: 0.5043
Acc: 0.5066 AUC: 0.5055 Pr: 0.5071 Re: 0.4896 F1: 0.4982 AUPR: 0.5021 AP: 0.5029
Acc: 0.5078 AUC: 0.5066 Pr: 0.5084 Re: 0.4893 F1: 0.4987 AUPR: 0.5045 AP: 0.5045
Acc: 0.5056 AUC: 0.5060 Pr: 0.5060 Re: 0.4886 F1: 0.4972 AUPR: 0.5053 AP: 0.5053
Acc: 0.5072 AUC: 0.5070 Pr: 0.5078 Re: 0.4889 F1: 0.4981 AUPR: 0.5066 AP: 0.5062
Acc: 0.5058 AUC: 0.5065 Pr: 0.5063 Re: 0.4862 F1: 0.4961 AUPR: 0.5064 AP: 0.5055
Acc: 0.5073 AUC: 0.5060 Pr: 0.5078 Re: 0.4863 F1: 0.4968 AUPR: 0.5032 AP: 0.5034
Acc: 0.5050 AUC: 0.5057 Pr: 0.5055 Re: 0.4831 F1: 0.4941 AUPR: 0.5043 AP: 0.5041
Acc: 0.5059 AUC: 0.5062 Pr: 0.5065 Re: 0.4838 F1: 0.4949 AUPR: 0.5066 AP: 0.5060
Acc: 0.5058 AUC: 0.5056 Pr: 0.5063 Re: 0.4849 F1: 0.4953 AUPR: 0.5040 AP: 0.5045
Acc: 0.5058 AUC: 0.5057 Pr: 0.5064 Re: 0.4846 F1: 0.4952 AUPR: 0.5044 AP: 0.5047
Acc: 0.5073 AUC: 0.5064 Pr: 0.5078 Re: 0.4867 F1: 0.4971 AUPR: 0.5038 AP: 0.5042
Acc: 0.5067 AUC: 0.5065 Pr: 0.5072 Re: 0.4861 F1: 0.4965 AUPR: 0.5032 AP: 0.5039
Acc: 0.5052 AUC: 0.5061 Pr: 0.5056 Re: 0.4863 F1: 0.4958 AUPR: 0.5050 AP: 0.5046
Acc: 0.5059 AUC: 0.5057 Pr: 0.5064 Re: 0.4863 F1: 0.4962 AUPR: 0.5051 AP: 0.5045
Acc: 0.5061 AUC: 0.5064 Pr: 0.5066 Re: 0.4878 F1: 0.4970 AUPR: 0.5056 AP: 0.5059
Acc: 0.5066 AUC: 0.5061 Pr: 0.5070 Re: 0.4890 F1: 0.4979 AUPR: 0.5046 AP: 0.5043
Acc: 0.5067 AUC: 0.5058 Pr: 0.5072 Re: 0.4894 F1: 0.4981 AUPR: 0.5050 AP: 0.5052
Acc: 0.5070 AUC: 0.5070 Pr: 0.5075 Re: 0.4904 F1: 0.4988 AUPR: 0.5056 AP: 0.5055
Acc: 0.5068 AUC: 0.5064 Pr: 0.5073 Re: 0.4891 F1: 0.4980 AUPR: 0.5053 AP: 0.5058
Acc: 0.5062 AUC: 0.5062 Pr: 0.5067 Re: 0.4889 F1: 0.4976 AUPR: 0.5072 AP: 0.5056
Acc: 0.5075 AUC: 0.5074 Pr: 0.5080 Re: 0.4916 F1: 0.4997 AUPR: 0.5057 AP: 0.5063
Acc: 0.5066 AUC: 0.5058 Pr: 0.5071 Re: 0.4907 F1: 0.4987 AUPR: 0.5045 AP: 0.5045
Acc: 0.5059 AUC: 0.5062 Pr: 0.5063 Re: 0.4899 F1: 0.4979 AUPR: 0.5046 AP: 0.5046
Acc: 0.5062 AUC: 0.5057 Pr: 0.5067 Re: 0.4901 F1: 0.4982 AUPR: 0.5038 AP: 0.5046
Acc: 0.5067 AUC: 0.5063 Pr: 0.5072 Re: 0.4895 F1: 0.4982 AUPR: 0.5046 AP: 0.5042
Acc: 0.5068 AUC: 0.5071 Pr: 0.5073 Re: 0.4897 F1: 0.4983 AUPR: 0.5076 AP: 0.5069
Acc: 0.5056 AUC: 0.5062 Pr: 0.5060 Re: 0.4889 F1: 0.4973 AUPR: 0.5041 AP: 0.5048
Acc: 0.5056 AUC: 0.5057 Pr: 0.5061 Re: 0.4884 F1: 0.4971 AUPR: 0.5062 AP: 0.5060
Acc: 0.5068 AUC: 0.5065 Pr: 0.5073 Re: 0.4911 F1: 0.4991 AUPR: 0.5056 AP: 0.5054
Acc: 0.5059 AUC: 0.5053 Pr: 0.5064 Re: 0.4889 F1: 0.4975 AUPR: 0.5038 AP: 0.5037
Acc: 0.5063 AUC: 0.5065 Pr: 0.5067 Re: 0.4906 F1: 0.4986 AUPR: 0.5043 AP: 0.5044
Acc: 0.5052 AUC: 0.5058 Pr: 0.5057 Re: 0.4877 F1: 0.4965 AUPR: 0.5042 AP: 0.5044
Acc: 0.5066 AUC: 0.5058 Pr: 0.5071 Re: 0.4900 F1: 0.4984 AUPR: 0.5045 AP: 0.5046
Acc: 0.5048 AUC: 0.5052 Pr: 0.5052 Re: 0.4881 F1: 0.4965 AUPR: 0.5035 AP: 0.5035
Acc: 0.5066 AUC: 0.5062 Pr: 0.5071 Re: 0.4878 F1: 0.4973 AUPR: 0.5048 AP: 0.5055
Acc: 0.5076 AUC: 0.5062 Pr: 0.5081 Re: 0.4894 F1: 0.4986 AUPR: 0.5040 AP: 0.5042
Acc: 0.5064 AUC: 0.5069 Pr: 0.5069 Re: 0.4882 F1: 0.4974 AUPR: 0.5060 AP: 0.5056
Acc: 0.5062 AUC: 0.5065 Pr: 0.5067 Re: 0.4872 F1: 0.4967 AUPR: 0.5057 AP: 0.5055
Acc: 0.5086 AUC: 0.5086 Pr: 0.5082 Re: 0.5492 F1: 0.5279 AUPR: 0.5065 AP: 0.5065
Acc: 0.5074 AUC: 0.5090 Pr: 0.5068 Re: 0.5657 F1: 0.5346 AUPR: 0.5071 AP: 0.5067
Acc: 0.5064 AUC: 0.5088 Pr: 0.5060 Re: 0.5597 F1: 0.5315 AUPR: 0.5066 AP: 0.5063
Acc: 0.5071 AUC: 0.5084 Pr: 0.5068 Re: 0.5442 F1: 0.5248 AUPR: 0.5063 AP: 0.5063
Acc: 0.5055 AUC: 0.5082 Pr: 0.5055 Re: 0.5232 F1: 0.5142 AUPR: 0.5066 AP: 0.5064
Acc: 0.5054 AUC: 0.5076 Pr: 0.5057 Re: 0.5072 F1: 0.5064 AUPR: 0.5053 AP: 0.5053
Acc: 0.5066 AUC: 0.5070 Pr: 0.5070 Re: 0.4950 F1: 0.5009 AUPR: 0.5034 AP: 0.5036
Acc: 0.5058 AUC: 0.5077 Pr: 0.5063 Re: 0.4853 F1: 0.4956 AUPR: 0.5053 AP: 0.5051
Acc: 0.5062 AUC: 0.5074 Pr: 0.5068 Re: 0.4804 F1: 0.4933 AUPR: 0.5048 AP: 0.5047
Acc: 0.5060 AUC: 0.5074 Pr: 0.5065 Re: 0.4895 F1: 0.4978 AUPR: 0.5048 AP: 0.5048
Acc: 0.5073 AUC: 0.5074 Pr: 0.5076 Re: 0.5047 F1: 0.5061 AUPR: 0.5047 AP: 0.5049
Acc: 0.5077 AUC: 0.5080 Pr: 0.5078 Re: 0.5171 F1: 0.5124 AUPR: 0.5056 AP: 0.5056
Acc: 0.5086 AUC: 0.5080 Pr: 0.5085 Re: 0.5255 F1: 0.5169 AUPR: 0.5053 AP: 0.5052
Acc: 0.5065 AUC: 0.5075 Pr: 0.5066 Re: 0.5174 F1: 0.5119 AUPR: 0.5045 AP: 0.5048
Acc: 0.5086 AUC: 0.5072 Pr: 0.5088 Re: 0.5117 F1: 0.5102 AUPR: 0.5046 AP: 0.5050
Acc: 0.5062 AUC: 0.5070 Pr: 0.5065 Re: 0.5018 F1: 0.5042 AUPR: 0.5048 AP: 0.5045
Acc: 0.5075 AUC: 0.5071 Pr: 0.5080 Re: 0.4956 F1: 0.5017 AUPR: 0.5047 AP: 0.5048
Acc: 0.5067 AUC: 0.5067 Pr: 0.5072 Re: 0.4901 F1: 0.4985 AUPR: 0.5041 AP: 0.5041
Acc: 0.5066 AUC: 0.5063 Pr: 0.5071 Re: 0.4852 F1: 0.4959 AUPR: 0.5042 AP: 0.5038
Acc: 0.5078 AUC: 0.5065 Pr: 0.5083 Re: 0.4863 F1: 0.4971 AUPR: 0.5042 AP: 0.5040
Acc: 0.5055 AUC: 0.5063 Pr: 0.5060 Re: 0.4861 F1: 0.4959 AUPR: 0.5050 AP: 0.5046
Acc: 0.5073 AUC: 0.5071 Pr: 0.5078 Re: 0.4911 F1: 0.4993 AUPR: 0.5047 AP: 0.5042
Acc: 0.5071 AUC: 0.5066 Pr: 0.5075 Re: 0.4943 F1: 0.5008 AUPR: 0.5048 AP: 0.5052
Acc: 0.5069 AUC: 0.5064 Pr: 0.5073 Re: 0.4949 F1: 0.5010 AUPR: 0.5046 AP: 0.5044
Acc: 0.5078 AUC: 0.5064 Pr: 0.5082 Re: 0.4969 F1: 0.5025 AUPR: 0.5051 AP: 0.5046
Acc: 0.5071 AUC: 0.5062 Pr: 0.5074 Re: 0.4997 F1: 0.5035 AUPR: 0.5044 AP: 0.5042
Acc: 0.5057 AUC: 0.5065 Pr: 0.5061 Re: 0.4987 F1: 0.5024 AUPR: 0.5051 AP: 0.5048
Acc: 0.5068 AUC: 0.5066 Pr: 0.5072 Re: 0.5011 F1: 0.5041 AUPR: 0.5046 AP: 0.5047
Acc: 0.5073 AUC: 0.5068 Pr: 0.5076 Re: 0.5020 F1: 0.5048 AUPR: 0.5054 AP: 0.5053
Acc: 0.5062 AUC: 0.5065 Pr: 0.5065 Re: 0.5019 F1: 0.5042 AUPR: 0.5045 AP: 0.5041
Acc: 0.5076 AUC: 0.5071 Pr: 0.5079 Re: 0.5039 F1: 0.5059 AUPR: 0.5040 AP: 0.5046
Acc: 0.5066 AUC: 0.5070 Pr: 0.5069 Re: 0.5023 F1: 0.5046 AUPR: 0.5057 AP: 0.5054
Acc: 0.5073 AUC: 0.5065 Pr: 0.5077 Re: 0.5021 F1: 0.5049 AUPR: 0.5045 AP: 0.5052
Acc: 0.5079 AUC: 0.5068 Pr: 0.5082 Re: 0.5021 F1: 0.5052 AUPR: 0.5058 AP: 0.5055
Acc: 0.5065 AUC: 0.5067 Pr: 0.5068 Re: 0.5008 F1: 0.5038 AUPR: 0.5053 AP: 0.5045
Acc: 0.5069 AUC: 0.5067 Pr: 0.5073 Re: 0.5010 F1: 0.5041 AUPR: 0.5044 AP: 0.5046
Acc: 0.5065 AUC: 0.5060 Pr: 0.5069 Re: 0.4976 F1: 0.5022 AUPR: 0.5039 AP: 0.5044
Acc: 0.5058 AUC: 0.5055 Pr: 0.5062 Re: 0.4974 F1: 0.5018 AUPR: 0.5031 AP: 0.5030
Acc: 0.5069 AUC: 0.5065 Pr: 0.5073 Re: 0.4980 F1: 0.5026 AUPR: 0.5044 AP: 0.5046
Acc: 0.5064 AUC: 0.5066 Pr: 0.5068 Re: 0.4965 F1: 0.5016 AUPR: 0.5057 AP: 0.5054
Acc: 0.5055 AUC: 0.5059 Pr: 0.5059 Re: 0.4968 F1: 0.5013 AUPR: 0.5042 AP: 0.5036
Acc: 0.5075 AUC: 0.5061 Pr: 0.5079 Re: 0.4976 F1: 0.5027 AUPR: 0.5070 AP: 0.5061
Acc: 0.5064 AUC: 0.5064 Pr: 0.5068 Re: 0.4956 F1: 0.5011 AUPR: 0.5056 AP: 0.5049
Acc: 0.5069 AUC: 0.5066 Pr: 0.5073 Re: 0.4950 F1: 0.5011 AUPR: 0.5052 AP: 0.5048
Acc: 0.5071 AUC: 0.5059 Pr: 0.5075 Re: 0.4953 F1: 0.5013 AUPR: 0.5045 AP: 0.5044
Acc: 0.5071 AUC: 0.5063 Pr: 0.5075 Re: 0.4950 F1: 0.5012 AUPR: 0.5055 AP: 0.5049
Acc: 0.5071 AUC: 0.5063 Pr: 0.5075 Re: 0.4943 F1: 0.5008 AUPR: 0.5051 AP: 0.5046
Acc: 0.5065 AUC: 0.5061 Pr: 0.5069 Re: 0.4944 F1: 0.5006 AUPR: 0.5050 AP: 0.5043
Acc: 0.5065 AUC: 0.5066 Pr: 0.5069 Re: 0.4943 F1: 0.5005 AUPR: 0.5059 AP: 0.5053
Acc: 0.5063 AUC: 0.5061 Pr: 0.5067 Re: 0.4959 F1: 0.5012 AUPR: 0.5056 AP: 0.5043
Acc: 0.5060 AUC: 0.5062 Pr: 0.5064 Re: 0.4949 F1: 0.5006 AUPR: 0.5050 AP: 0.5047
Acc: 0.5057 AUC: 0.5058 Pr: 0.5060 Re: 0.4957 F1: 0.5008 AUPR: 0.5051 AP: 0.5048
Acc: 0.5061 AUC: 0.5058 Pr: 0.5065 Re: 0.4959 F1: 0.5011 AUPR: 0.5045 AP: 0.5040
Acc: 0.5069 AUC: 0.5070 Pr: 0.5073 Re: 0.4968 F1: 0.5020 AUPR: 0.5063 AP: 0.5054
Acc: 0.5063 AUC: 0.5060 Pr: 0.5067 Re: 0.4961 F1: 0.5013 AUPR: 0.5043 AP: 0.5040
Acc: 0.5067 AUC: 0.5061 Pr: 0.5071 Re: 0.4966 F1: 0.5018 AUPR: 0.5053 AP: 0.5048
Acc: 0.5073 AUC: 0.5060 Pr: 0.5076 Re: 0.4972 F1: 0.5024 AUPR: 0.5052 AP: 0.5047
Acc: 0.5063 AUC: 0.5056 Pr: 0.5066 Re: 0.4974 F1: 0.5020 AUPR: 0.5048 AP: 0.5043
Acc: 0.5059 AUC: 0.5065 Pr: 0.5063 Re: 0.4958 F1: 0.5010 AUPR: 0.5061 AP: 0.5049
Acc: 0.5055 AUC: 0.5057 Pr: 0.5059 Re: 0.4944 F1: 0.5001 AUPR: 0.5021 AP: 0.5024
Acc: 0.5065 AUC: 0.5055 Pr: 0.5069 Re: 0.4956 F1: 0.5012 AUPR: 0.5051 AP: 0.5037
Acc: 0.5070 AUC: 0.5061 Pr: 0.5074 Re: 0.4964 F1: 0.5018 AUPR: 0.5058 AP: 0.5045
Acc: 0.5061 AUC: 0.5059 Pr: 0.5065 Re: 0.4942 F1: 0.5003 AUPR: 0.5067 AP: 0.5056
Acc: 0.5066 AUC: 0.5056 Pr: 0.5070 Re: 0.4944 F1: 0.5006 AUPR: 0.5045 AP: 0.5034
Acc: 0.5073 AUC: 0.5061 Pr: 0.5077 Re: 0.4944 F1: 0.5010 AUPR: 0.5056 AP: 0.5044
Acc: 0.5065 AUC: 0.5060 Pr: 0.5069 Re: 0.4932 F1: 0.5000 AUPR: 0.5060 AP: 0.5054
Acc: 0.5059 AUC: 0.5054 Pr: 0.5063 Re: 0.4919 F1: 0.4990 AUPR: 0.5044 AP: 0.5032
Acc: 0.5066 AUC: 0.5060 Pr: 0.5070 Re: 0.4934 F1: 0.5001 AUPR: 0.5050 AP: 0.5038
Acc: 0.5056 AUC: 0.5055 Pr: 0.5060 Re: 0.4923 F1: 0.4990 AUPR: 0.5058 AP: 0.5045
Acc: 0.5064 AUC: 0.5062 Pr: 0.5068 Re: 0.4919 F1: 0.4993 AUPR: 0.5064 AP: 0.5041
Acc: 0.5070 AUC: 0.5063 Pr: 0.5075 Re: 0.4920 F1: 0.4996 AUPR: 0.5048 AP: 0.5040
Acc: 0.5058 AUC: 0.5050 Pr: 0.5063 Re: 0.4905 F1: 0.4983 AUPR: 0.5045 AP: 0.5033
Acc: 0.5057 AUC: 0.5055 Pr: 0.5061 Re: 0.4919 F1: 0.4989 AUPR: 0.5053 AP: 0.5043
Acc: 0.5076 AUC: 0.5069 Pr: 0.5081 Re: 0.4937 F1: 0.5008 AUPR: 0.5073 AP: 0.5057
Acc: 0.5074 AUC: 0.5063 Pr: 0.5079 Re: 0.4924 F1: 0.5000 AUPR: 0.5051 AP: 0.5042
Acc: 0.5061 AUC: 0.5063 Pr: 0.5065 Re: 0.4923 F1: 0.4993 AUPR: 0.5043 AP: 0.5035
Acc: 0.5057 AUC: 0.5049 Pr: 0.5061 Re: 0.4922 F1: 0.4990 AUPR: 0.5053 AP: 0.5039
Acc: 0.5070 AUC: 0.5063 Pr: 0.5075 Re: 0.4936 F1: 0.5004 AUPR: 0.5056 AP: 0.5047
Acc: 0.5072 AUC: 0.5062 Pr: 0.5076 Re: 0.4946 F1: 0.5010 AUPR: 0.5051 AP: 0.5044
Acc: 0.5074 AUC: 0.5068 Pr: 0.5079 Re: 0.4941 F1: 0.5009 AUPR: 0.5074 AP: 0.5061
Acc: 0.5065 AUC: 0.5064 Pr: 0.5069 Re: 0.4954 F1: 0.5011 AUPR: 0.5066 AP: 0.5053
Acc: 0.5074 AUC: 0.5062 Pr: 0.5078 Re: 0.4965 F1: 0.5021 AUPR: 0.5059 AP: 0.5044
Acc: 0.5067 AUC: 0.5064 Pr: 0.5071 Re: 0.4952 F1: 0.5011 AUPR: 0.5069 AP: 0.5047
Acc: 0.5060 AUC: 0.5063 Pr: 0.5064 Re: 0.4947 F1: 0.5005 AUPR: 0.5063 AP: 0.5052
Acc: 0.5065 AUC: 0.5059 Pr: 0.5069 Re: 0.4963 F1: 0.5016 AUPR: 0.5058 AP: 0.5047
Acc: 0.5073 AUC: 0.5058 Pr: 0.5077 Re: 0.4972 F1: 0.5024 AUPR: 0.5064 AP: 0.5042
Acc: 0.5060 AUC: 0.5056 Pr: 0.5064 Re: 0.4955 F1: 0.5009 AUPR: 0.5043 AP: 0.5035
Acc: 0.5066 AUC: 0.5060 Pr: 0.5070 Re: 0.4990 F1: 0.5030 AUPR: 0.5065 AP: 0.5046
Acc: 0.5064 AUC: 0.5061 Pr: 0.5067 Re: 0.4984 F1: 0.5025 AUPR: 0.5076 AP: 0.5055
Acc: 0.5065 AUC: 0.5066 Pr: 0.5069 Re: 0.4991 F1: 0.5030 AUPR: 0.5063 AP: 0.5046
Acc: 0.5060 AUC: 0.5061 Pr: 0.5063 Re: 0.4997 F1: 0.5030 AUPR: 0.5074 AP: 0.5051
Acc: 0.5070 AUC: 0.5064 Pr: 0.5073 Re: 0.5002 F1: 0.5037 AUPR: 0.5075 AP: 0.5053
Acc: 0.5063 AUC: 0.5059 Pr: 0.5066 Re: 0.5007 F1: 0.5036 AUPR: 0.5067 AP: 0.5051
Acc: 0.5063 AUC: 0.5061 Pr: 0.5066 Re: 0.5011 F1: 0.5038 AUPR: 0.5062 AP: 0.5045
Acc: 0.5061 AUC: 0.5064 Pr: 0.5065 Re: 0.4993 F1: 0.5029 AUPR: 0.5072 AP: 0.5052
Acc: 0.5056 AUC: 0.5062 Pr: 0.5059 Re: 0.4996 F1: 0.5028 AUPR: 0.5069 AP: 0.5045
Acc: 0.5063 AUC: 0.5069 Pr: 0.5067 Re: 0.4989 F1: 0.5027 AUPR: 0.5072 AP: 0.5057
Acc: 0.5068 AUC: 0.5061 Pr: 0.5071 Re: 0.4985 F1: 0.5028 AUPR: 0.5060 AP: 0.5044
Acc: 0.5059 AUC: 0.5063 Pr: 0.5062 Re: 0.4974 F1: 0.5018 AUPR: 0.5073 AP: 0.5050
Acc: 0.5074 AUC: 0.5056 Pr: 0.5078 Re: 0.4984 F1: 0.5030 AUPR: 0.5065 AP: 0.5043
Acc: 0.5070 AUC: 0.5058 Pr: 0.5074 Re: 0.4975 F1: 0.5024 AUPR: 0.5061 AP: 0.5043
Acc: 0.5063 AUC: 0.5059 Pr: 0.5066 Re: 0.4962 F1: 0.5013 AUPR: 0.5075 AP: 0.5051
Acc: 0.5060 AUC: 0.5066 Pr: 0.5064 Re: 0.4966 F1: 0.5015 AUPR: 0.5087 AP: 0.5059
Acc: 0.5068 AUC: 0.5063 Pr: 0.5072 Re: 0.4957 F1: 0.5013 AUPR: 0.5076 AP: 0.5053
Acc: 0.5053 AUC: 0.5060 Pr: 0.5056 Re: 0.4944 F1: 0.5000 AUPR: 0.5074 AP: 0.5051
Acc: 0.5069 AUC: 0.5059 Pr: 0.5073 Re: 0.4948 F1: 0.5010 AUPR: 0.5079 AP: 0.5053
Acc: 0.5062 AUC: 0.5059 Pr: 0.5066 Re: 0.4953 F1: 0.5009 AUPR: 0.5072 AP: 0.5047
Acc: 0.5072 AUC: 0.5062 Pr: 0.5076 Re: 0.4958 F1: 0.5016 AUPR: 0.5070 AP: 0.5047
Acc: 0.5062 AUC: 0.5064 Pr: 0.5066 Re: 0.4950 F1: 0.5007 AUPR: 0.5084 AP: 0.5053
Acc: 0.5061 AUC: 0.5062 Pr: 0.5065 Re: 0.4955 F1: 0.5009 AUPR: 0.5085 AP: 0.5052
Acc: 0.5060 AUC: 0.5061 Pr: 0.5064 Re: 0.4954 F1: 0.5009 AUPR: 0.5065 AP: 0.5039
Acc: 0.5057 AUC: 0.5054 Pr: 0.5061 Re: 0.4947 F1: 0.5003 AUPR: 0.5076 AP: 0.5041
Acc: 0.5068 AUC: 0.5065 Pr: 0.5072 Re: 0.4956 F1: 0.5013 AUPR: 0.5074 AP: 0.5048
Acc: 0.5060 AUC: 0.5056 Pr: 0.5064 Re: 0.4941 F1: 0.5002 AUPR: 0.5083 AP: 0.5055
Acc: 0.5061 AUC: 0.5058 Pr: 0.5065 Re: 0.4962 F1: 0.5013 AUPR: 0.5082 AP: 0.5046
Acc: 0.5061 AUC: 0.5061 Pr: 0.5065 Re: 0.4951 F1: 0.5008 AUPR: 0.5093 AP: 0.5058
Acc: 0.5071 AUC: 0.5064 Pr: 0.5075 Re: 0.4958 F1: 0.5016 AUPR: 0.5090 AP: 0.5058
Acc: 0.5061 AUC: 0.5062 Pr: 0.5065 Re: 0.4925 F1: 0.4994 AUPR: 0.5076 AP: 0.5044
Acc: 0.5065 AUC: 0.5062 Pr: 0.5069 Re: 0.4936 F1: 0.5002 AUPR: 0.5068 AP: 0.5042
Acc: 0.5060 AUC: 0.5053 Pr: 0.5065 Re: 0.4921 F1: 0.4992 AUPR: 0.5071 AP: 0.5037
Acc: 0.5070 AUC: 0.5064 Pr: 0.5074 Re: 0.4931 F1: 0.5002 AUPR: 0.5094 AP: 0.5054
Acc: 0.5065 AUC: 0.5065 Pr: 0.5069 Re: 0.4922 F1: 0.4994 AUPR: 0.5090 AP: 0.5052
Acc: 0.5051 AUC: 0.5058 Pr: 0.5055 Re: 0.4901 F1: 0.4977 AUPR: 0.5064 AP: 0.5037
Acc: 0.5064 AUC: 0.5057 Pr: 0.5068 Re: 0.4914 F1: 0.4990 AUPR: 0.5066 AP: 0.5035
Acc: 0.5067 AUC: 0.5056 Pr: 0.5072 Re: 0.4921 F1: 0.4995 AUPR: 0.5062 AP: 0.5035
Acc: 0.5068 AUC: 0.5059 Pr: 0.5072 Re: 0.4925 F1: 0.4998 AUPR: 0.5079 AP: 0.5039
Acc: 0.5073 AUC: 0.5056 Pr: 0.5078 Re: 0.4924 F1: 0.5000 AUPR: 0.5096 AP: 0.5052
Acc: 0.5064 AUC: 0.5061 Pr: 0.5068 Re: 0.4924 F1: 0.4995 AUPR: 0.5091 AP: 0.5052
Acc: 0.5055 AUC: 0.5046 Pr: 0.5059 Re: 0.4921 F1: 0.4989 AUPR: 0.5065 AP: 0.5026
Acc: 0.5066 AUC: 0.5060 Pr: 0.5071 Re: 0.4929 F1: 0.4999 AUPR: 0.5084 AP: 0.5040
Acc: 0.5069 AUC: 0.5066 Pr: 0.5073 Re: 0.4934 F1: 0.5003 AUPR: 0.5094 AP: 0.5053
Acc: 0.5045 AUC: 0.5056 Pr: 0.5049 Re: 0.4918 F1: 0.4982 AUPR: 0.5083 AP: 0.5039
Acc: 0.5062 AUC: 0.5063 Pr: 0.5066 Re: 0.4932 F1: 0.4998 AUPR: 0.5075 AP: 0.5037
Acc: 0.5063 AUC: 0.5061 Pr: 0.5067 Re: 0.4941 F1: 0.5003 AUPR: 0.5095 AP: 0.5047
Acc: 0.5066 AUC: 0.5060 Pr: 0.5070 Re: 0.4949 F1: 0.5009 AUPR: 0.5091 AP: 0.5044
Acc: 0.5060 AUC: 0.5061 Pr: 0.5064 Re: 0.4938 F1: 0.5000 AUPR: 0.5093 AP: 0.5047
Acc: 0.5063 AUC: 0.5067 Pr: 0.5067 Re: 0.4944 F1: 0.5005 AUPR: 0.5094 AP: 0.5047
Acc: 0.5053 AUC: 0.5051 Pr: 0.5057 Re: 0.4953 F1: 0.5004 AUPR: 0.5096 AP: 0.5046
Acc: 0.5066 AUC: 0.5058 Pr: 0.5069 Re: 0.4973 F1: 0.5020 AUPR: 0.5085 AP: 0.5040
Acc: 0.5066 AUC: 0.5063 Pr: 0.5070 Re: 0.4972 F1: 0.5020 AUPR: 0.5095 AP: 0.5045
Acc: 0.5060 AUC: 0.5060 Pr: 0.5064 Re: 0.4971 F1: 0.5017 AUPR: 0.5101 AP: 0.5050
Acc: 0.5062 AUC: 0.5061 Pr: 0.5066 Re: 0.4983 F1: 0.5024 AUPR: 0.5093 AP: 0.5043
Acc: 0.5078 AUC: 0.5069 Pr: 0.5081 Re: 0.5000 F1: 0.5040 AUPR: 0.5120 AP: 0.5065
Acc: 0.5061 AUC: 0.5059 Pr: 0.5064 Re: 0.4977 F1: 0.5020 AUPR: 0.5103 AP: 0.5047
Acc: 0.5060 AUC: 0.5067 Pr: 0.5064 Re: 0.4980 F1: 0.5022 AUPR: 0.5102 AP: 0.5052
Acc: 0.5057 AUC: 0.5065 Pr: 0.5061 Re: 0.4970 F1: 0.5015 AUPR: 0.5112 AP: 0.5055
Acc: 0.5064 AUC: 0.5059 Pr: 0.5067 Re: 0.4979 F1: 0.5023 AUPR: 0.5095 AP: 0.5047
Acc: 0.5071 AUC: 0.5063 Pr: 0.5074 Re: 0.4986 F1: 0.5030 AUPR: 0.5101 AP: 0.5043
Acc: 0.5063 AUC: 0.5062 Pr: 0.5067 Re: 0.4978 F1: 0.5022 AUPR: 0.5114 AP: 0.5049
Acc: 0.5055 AUC: 0.5055 Pr: 0.5059 Re: 0.4971 F1: 0.5014 AUPR: 0.5099 AP: 0.5042
Acc: 0.5057 AUC: 0.5055 Pr: 0.5060 Re: 0.4979 F1: 0.5020 AUPR: 0.5111 AP: 0.5046
Acc: 0.5058 AUC: 0.5056 Pr: 0.5062 Re: 0.4965 F1: 0.5013 AUPR: 0.5105 AP: 0.5045
Acc: 0.5070 AUC: 0.5059 Pr: 0.5074 Re: 0.4976 F1: 0.5024 AUPR: 0.5100 AP: 0.5043
Acc: 0.5065 AUC: 0.5064 Pr: 0.5068 Re: 0.4975 F1: 0.5021 AUPR: 0.5123 AP: 0.5057
Acc: 0.5060 AUC: 0.5063 Pr: 0.5064 Re: 0.4966 F1: 0.5014 AUPR: 0.5113 AP: 0.5051
Acc: 0.5057 AUC: 0.5064 Pr: 0.5060 Re: 0.4960 F1: 0.5009 AUPR: 0.5113 AP: 0.5055
Acc: 0.5057 AUC: 0.5065 Pr: 0.5061 Re: 0.4960 F1: 0.5010 AUPR: 0.5127 AP: 0.5061
Acc: 0.5065 AUC: 0.5056 Pr: 0.5069 Re: 0.4942 F1: 0.5005 AUPR: 0.5102 AP: 0.5043
Acc: 0.5061 AUC: 0.5058 Pr: 0.5065 Re: 0.4950 F1: 0.5007 AUPR: 0.5119 AP: 0.5050
Acc: 0.5061 AUC: 0.5059 Pr: 0.5065 Re: 0.4949 F1: 0.5007 AUPR: 0.5111 AP: 0.5049
Acc: 0.5057 AUC: 0.5066 Pr: 0.5061 Re: 0.4959 F1: 0.5010 AUPR: 0.5135 AP: 0.5065
Acc: 0.5064 AUC: 0.5059 Pr: 0.5068 Re: 0.4959 F1: 0.5013 AUPR: 0.5119 AP: 0.5047
Acc: 0.5053 AUC: 0.5064 Pr: 0.5057 Re: 0.4941 F1: 0.4998 AUPR: 0.5132 AP: 0.5060
Acc: 0.5064 AUC: 0.5059 Pr: 0.5068 Re: 0.4963 F1: 0.5015 AUPR: 0.5108 AP: 0.5039
Acc: 0.5063 AUC: 0.5060 Pr: 0.5067 Re: 0.4951 F1: 0.5008 AUPR: 0.5123 AP: 0.5051
Acc: 0.5052 AUC: 0.5051 Pr: 0.5055 Re: 0.4951 F1: 0.5003 AUPR: 0.5090 AP: 0.5029
Acc: 0.5064 AUC: 0.5069 Pr: 0.5068 Re: 0.4964 F1: 0.5015 AUPR: 0.5133 AP: 0.5065
Acc: 0.5068 AUC: 0.5056 Pr: 0.5072 Re: 0.4971 F1: 0.5021 AUPR: 0.5111 AP: 0.5043
Acc: 0.5062 AUC: 0.5062 Pr: 0.5066 Re: 0.4964 F1: 0.5014 AUPR: 0.5122 AP: 0.5045
Acc: 0.5055 AUC: 0.5060 Pr: 0.5058 Re: 0.4960 F1: 0.5009 AUPR: 0.5127 AP: 0.5051
Acc: 0.5062 AUC: 0.5060 Pr: 0.5066 Re: 0.4951 F1: 0.5008 AUPR: 0.5128 AP: 0.5055
Acc: 0.5071 AUC: 0.5064 Pr: 0.5075 Re: 0.4979 F1: 0.5026 AUPR: 0.5116 AP: 0.5047
Acc: 0.5071 AUC: 0.5060 Pr: 0.5075 Re: 0.4984 F1: 0.5029 AUPR: 0.5120 AP: 0.5047
Acc: 0.5067 AUC: 0.5066 Pr: 0.5071 Re: 0.4977 F1: 0.5023 AUPR: 0.5131 AP: 0.5055
Acc: 0.5055 AUC: 0.5061 Pr: 0.5058 Re: 0.4961 F1: 0.5009 AUPR: 0.5127 AP: 0.5050
Acc: 0.5056 AUC: 0.5057 Pr: 0.5059 Re: 0.4970 F1: 0.5014 AUPR: 0.5133 AP: 0.5051
Acc: 0.5050 AUC: 0.5050 Pr: 0.5053 Re: 0.4960 F1: 0.5006 AUPR: 0.5116 AP: 0.5039
Acc: 0.5055 AUC: 0.5059 Pr: 0.5059 Re: 0.4978 F1: 0.5018 AUPR: 0.5129 AP: 0.5048
Acc: 0.5057 AUC: 0.5062 Pr: 0.5060 Re: 0.4971 F1: 0.5015 AUPR: 0.5134 AP: 0.5053
Acc: 0.5068 AUC: 0.5067 Pr: 0.5072 Re: 0.4982 F1: 0.5027 AUPR: 0.5143 AP: 0.5058
Acc: 0.5066 AUC: 0.5057 Pr: 0.5070 Re: 0.4984 F1: 0.5027 AUPR: 0.5130 AP: 0.5047
Acc: 0.5053 AUC: 0.5062 Pr: 0.5056 Re: 0.4964 F1: 0.5010 AUPR: 0.5129 AP: 0.5050
Acc: 0.5058 AUC: 0.5058 Pr: 0.5062 Re: 0.4975 F1: 0.5018 AUPR: 0.5127 AP: 0.5048
Acc: 0.5058 AUC: 0.5054 Pr: 0.5062 Re: 0.4975 F1: 0.5018 AUPR: 0.5128 AP: 0.5045
Acc: 0.5059 AUC: 0.5063 Pr: 0.5063 Re: 0.4979 F1: 0.5020 AUPR: 0.5133 AP: 0.5049
Acc: 0.5069 AUC: 0.5060 Pr: 0.5073 Re: 0.4973 F1: 0.5023 AUPR: 0.5139 AP: 0.5050
Acc: 0.5061 AUC: 0.5064 Pr: 0.5064 Re: 0.4969 F1: 0.5016 AUPR: 0.5156 AP: 0.5063
Acc: 0.5053 AUC: 0.5060 Pr: 0.5056 Re: 0.4969 F1: 0.5012 AUPR: 0.5143 AP: 0.5052
Acc: 0.5070 AUC: 0.5064 Pr: 0.5073 Re: 0.4982 F1: 0.5027 AUPR: 0.5155 AP: 0.5062
Acc: 0.5053 AUC: 0.5064 Pr: 0.5057 Re: 0.4971 F1: 0.5013 AUPR: 0.5141 AP: 0.5052
Acc: 0.5059 AUC: 0.5055 Pr: 0.5062 Re: 0.4980 F1: 0.5021 AUPR: 0.5123 AP: 0.5036
Acc: 0.5062 AUC: 0.5059 Pr: 0.5065 Re: 0.4982 F1: 0.5023 AUPR: 0.5132 AP: 0.5042
Acc: 0.5062 AUC: 0.5061 Pr: 0.5065 Re: 0.4988 F1: 0.5026 AUPR: 0.5145 AP: 0.5050
Acc: 0.5050 AUC: 0.5061 Pr: 0.5053 Re: 0.4978 F1: 0.5015 AUPR: 0.5152 AP: 0.5058
Acc: 0.5060 AUC: 0.5070 Pr: 0.5064 Re: 0.4984 F1: 0.5023 AUPR: 0.5150 AP: 0.5055
Acc: 0.5066 AUC: 0.5071 Pr: 0.5070 Re: 0.4996 F1: 0.5033 AUPR: 0.5140 AP: 0.5050
Acc: 0.5055 AUC: 0.5060 Pr: 0.5058 Re: 0.4976 F1: 0.5017 AUPR: 0.5146 AP: 0.5048
Acc: 0.5061 AUC: 0.5059 Pr: 0.5065 Re: 0.4980 F1: 0.5022 AUPR: 0.5154 AP: 0.5053
Acc: 0.5058 AUC: 0.5065 Pr: 0.5062 Re: 0.4991 F1: 0.5026 AUPR: 0.5159 AP: 0.5059
Acc: 0.5058 AUC: 0.5062 Pr: 0.5061 Re: 0.4976 F1: 0.5018 AUPR: 0.5159 AP: 0.5058
Acc: 0.5066 AUC: 0.5068 Pr: 0.5070 Re: 0.4997 F1: 0.5033 AUPR: 0.5159 AP: 0.5056
Acc: 0.5063 AUC: 0.5065 Pr: 0.5067 Re: 0.4992 F1: 0.5029 AUPR: 0.5144 AP: 0.5046
Acc: 0.5061 AUC: 0.5068 Pr: 0.5064 Re: 0.5002 F1: 0.5033 AUPR: 0.5160 AP: 0.5062
Acc: 0.5055 AUC: 0.5062 Pr: 0.5059 Re: 0.4995 F1: 0.5027 AUPR: 0.5146 AP: 0.5047
Acc: 0.5054 AUC: 0.5068 Pr: 0.5057 Re: 0.4990 F1: 0.5023 AUPR: 0.5171 AP: 0.5066
Acc: 0.5061 AUC: 0.5068 Pr: 0.5064 Re: 0.5006 F1: 0.5035 AUPR: 0.5173 AP: 0.5064
Acc: 0.5056 AUC: 0.5061 Pr: 0.5059 Re: 0.4993 F1: 0.5026 AUPR: 0.5157 AP: 0.5049
Acc: 0.5051 AUC: 0.5071 Pr: 0.5054 Re: 0.5004 F1: 0.5029 AUPR: 0.5158 AP: 0.5057
Acc: 0.5071 AUC: 0.5062 Pr: 0.5074 Re: 0.5011 F1: 0.5042 AUPR: 0.5164 AP: 0.5057
Acc: 0.5057 AUC: 0.5057 Pr: 0.5060 Re: 0.5002 F1: 0.5031 AUPR: 0.5148 AP: 0.5043
Acc: 0.5059 AUC: 0.5066 Pr: 0.5062 Re: 0.5002 F1: 0.5032 AUPR: 0.5162 AP: 0.5055
Acc: 0.5048 AUC: 0.5058 Pr: 0.5051 Re: 0.5002 F1: 0.5026 AUPR: 0.5163 AP: 0.5051
Acc: 0.5065 AUC: 0.5061 Pr: 0.5068 Re: 0.4996 F1: 0.5032 AUPR: 0.5159 AP: 0.5048
Acc: 0.5051 AUC: 0.5060 Pr: 0.5054 Re: 0.4998 F1: 0.5026 AUPR: 0.5157 AP: 0.5051
Acc: 0.5060 AUC: 0.5065 Pr: 0.5063 Re: 0.4999 F1: 0.5031 AUPR: 0.5173 AP: 0.5059
Acc: 0.5055 AUC: 0.5066 Pr: 0.5058 Re: 0.5005 F1: 0.5031 AUPR: 0.5156 AP: 0.5047
Acc: 0.5062 AUC: 0.5056 Pr: 0.5065 Re: 0.5001 F1: 0.5033 AUPR: 0.5156 AP: 0.5043
Acc: 0.5050 AUC: 0.5058 Pr: 0.5053 Re: 0.4987 F1: 0.5020 AUPR: 0.5174 AP: 0.5056
Acc: 0.5065 AUC: 0.5062 Pr: 0.5068 Re: 0.4998 F1: 0.5033 AUPR: 0.5158 AP: 0.5043
Acc: 0.5048 AUC: 0.5061 Pr: 0.5051 Re: 0.4988 F1: 0.5019 AUPR: 0.5160 AP: 0.5049
Acc: 0.5063 AUC: 0.5053 Pr: 0.5066 Re: 0.4997 F1: 0.5031 AUPR: 0.5164 AP: 0.5050
Acc: 0.5053 AUC: 0.5059 Pr: 0.5056 Re: 0.4977 F1: 0.5016 AUPR: 0.5167 AP: 0.5052
Acc: 0.5060 AUC: 0.5061 Pr: 0.5064 Re: 0.4992 F1: 0.5027 AUPR: 0.5175 AP: 0.5055
Acc: 0.5063 AUC: 0.5061 Pr: 0.5066 Re: 0.4989 F1: 0.5027 AUPR: 0.5170 AP: 0.5053
Acc: 0.5055 AUC: 0.5054 Pr: 0.5058 Re: 0.4990 F1: 0.5024 AUPR: 0.5168 AP: 0.5050
Acc: 0.5057 AUC: 0.5052 Pr: 0.5061 Re: 0.4975 F1: 0.5017 AUPR: 0.5158 AP: 0.5038
Acc: 0.5058 AUC: 0.5066 Pr: 0.5061 Re: 0.4992 F1: 0.5026 AUPR: 0.5170 AP: 0.5051
Acc: 0.5056 AUC: 0.5059 Pr: 0.5059 Re: 0.4972 F1: 0.5015 AUPR: 0.5173 AP: 0.5052
Acc: 0.5061 AUC: 0.5062 Pr: 0.5064 Re: 0.4989 F1: 0.5026 AUPR: 0.5172 AP: 0.5049
Acc: 0.5054 AUC: 0.5059 Pr: 0.5058 Re: 0.4979 F1: 0.5018 AUPR: 0.5172 AP: 0.5049
Acc: 0.5064 AUC: 0.5066 Pr: 0.5067 Re: 0.4991 F1: 0.5029 AUPR: 0.5189 AP: 0.5063
Acc: 0.5057 AUC: 0.5057 Pr: 0.5060 Re: 0.4986 F1: 0.5022 AUPR: 0.5176 AP: 0.5050
Acc: 0.5061 AUC: 0.5065 Pr: 0.5064 Re: 0.4981 F1: 0.5022 AUPR: 0.5179 AP: 0.5052
Acc: 0.5068 AUC: 0.5061 Pr: 0.5071 Re: 0.5007 F1: 0.5039 AUPR: 0.5173 AP: 0.5049
Acc: 0.5057 AUC: 0.5057 Pr: 0.5060 Re: 0.4982 F1: 0.5021 AUPR: 0.5174 AP: 0.5046
Acc: 0.5068 AUC: 0.5054 Pr: 0.5072 Re: 0.4995 F1: 0.5033 AUPR: 0.5172 AP: 0.5045
Acc: 0.5050 AUC: 0.5054 Pr: 0.5053 Re: 0.4981 F1: 0.5017 AUPR: 0.5167 AP: 0.5042
Acc: 0.5055 AUC: 0.5061 Pr: 0.5059 Re: 0.4979 F1: 0.5018 AUPR: 0.5174 AP: 0.5047
Acc: 0.5058 AUC: 0.5057 Pr: 0.5062 Re: 0.4987 F1: 0.5024 AUPR: 0.5174 AP: 0.5045
Acc: 0.5057 AUC: 0.5051 Pr: 0.5060 Re: 0.4977 F1: 0.5018 AUPR: 0.5162 AP: 0.5034
Acc: 0.5057 AUC: 0.5062 Pr: 0.5061 Re: 0.4988 F1: 0.5024 AUPR: 0.5183 AP: 0.5050
Acc: 0.5040 AUC: 0.5054 Pr: 0.5043 Re: 0.4957 F1: 0.5000 AUPR: 0.5173 AP: 0.5044
Acc: 0.5053 AUC: 0.5063 Pr: 0.5056 Re: 0.4980 F1: 0.5018 AUPR: 0.5181 AP: 0.5051
Acc: 0.5042 AUC: 0.5063 Pr: 0.5045 Re: 0.4967 F1: 0.5006 AUPR: 0.5186 AP: 0.5052
Acc: 0.5062 AUC: 0.5063 Pr: 0.5066 Re: 0.4989 F1: 0.5027 AUPR: 0.5185 AP: 0.5047
Acc: 0.5063 AUC: 0.5064 Pr: 0.5066 Re: 0.4986 F1: 0.5026 AUPR: 0.5188 AP: 0.5057
Acc: 0.5058 AUC: 0.5060 Pr: 0.5062 Re: 0.4976 F1: 0.5018 AUPR: 0.5193 AP: 0.5057
Acc: 0.5065 AUC: 0.5060 Pr: 0.5069 Re: 0.4976 F1: 0.5022 AUPR: 0.5192 AP: 0.5058
Acc: 0.5061 AUC: 0.5063 Pr: 0.5064 Re: 0.4979 F1: 0.5021 AUPR: 0.5190 AP: 0.5050
Acc: 0.5062 AUC: 0.5068 Pr: 0.5065 Re: 0.4978 F1: 0.5021 AUPR: 0.5204 AP: 0.5062
Acc: 0.5058 AUC: 0.5062 Pr: 0.5061 Re: 0.4975 F1: 0.5018 AUPR: 0.5190 AP: 0.5053
Acc: 0.5045 AUC: 0.5062 Pr: 0.5048 Re: 0.4963 F1: 0.5006 AUPR: 0.5190 AP: 0.5049
Acc: 0.5065 AUC: 0.5064 Pr: 0.5069 Re: 0.4982 F1: 0.5025 AUPR: 0.5195 AP: 0.5058
Acc: 0.5062 AUC: 0.5063 Pr: 0.5066 Re: 0.4971 F1: 0.5018 AUPR: 0.5199 AP: 0.5057
Acc: 0.5052 AUC: 0.5054 Pr: 0.5056 Re: 0.4955 F1: 0.5005 AUPR: 0.5183 AP: 0.5043
Acc: 0.5055 AUC: 0.5060 Pr: 0.5058 Re: 0.4956 F1: 0.5007 AUPR: 0.5188 AP: 0.5049
Acc: 0.5055 AUC: 0.5057 Pr: 0.5058 Re: 0.4976 F1: 0.5016 AUPR: 0.5190 AP: 0.5047
Acc: 0.5059 AUC: 0.5064 Pr: 0.5063 Re: 0.4985 F1: 0.5023 AUPR: 0.5205 AP: 0.5055
Acc: 0.5054 AUC: 0.5062 Pr: 0.5057 Re: 0.4982 F1: 0.5019 AUPR: 0.5195 AP: 0.5051
Acc: 0.5055 AUC: 0.5056 Pr: 0.5058 Re: 0.4978 F1: 0.5018 AUPR: 0.5188 AP: 0.5044
Acc: 0.5058 AUC: 0.5059 Pr: 0.5061 Re: 0.4989 F1: 0.5025 AUPR: 0.5206 AP: 0.5056
Acc: 0.5053 AUC: 0.5067 Pr: 0.5057 Re: 0.4976 F1: 0.5016 AUPR: 0.5222 AP: 0.5068
Acc: 0.5060 AUC: 0.5067 Pr: 0.5063 Re: 0.4988 F1: 0.5025 AUPR: 0.5209 AP: 0.5062
Acc: 0.5061 AUC: 0.5067 Pr: 0.5065 Re: 0.5004 F1: 0.5034 AUPR: 0.5196 AP: 0.5051
Acc: 0.5051 AUC: 0.5063 Pr: 0.5054 Re: 0.4989 F1: 0.5021 AUPR: 0.5212 AP: 0.5059
Acc: 0.5063 AUC: 0.5067 Pr: 0.5067 Re: 0.5001 F1: 0.5033 AUPR: 0.5202 AP: 0.5052
Acc: 0.5058 AUC: 0.5058 Pr: 0.5062 Re: 0.5001 F1: 0.5031 AUPR: 0.5205 AP: 0.5048
Acc: 0.5056 AUC: 0.5054 Pr: 0.5059 Re: 0.4997 F1: 0.5028 AUPR: 0.5195 AP: 0.5045
Acc: 0.5050 AUC: 0.5056 Pr: 0.5053 Re: 0.4988 F1: 0.5020 AUPR: 0.5205 AP: 0.5047
Acc: 0.5050 AUC: 0.5059 Pr: 0.5052 Re: 0.4998 F1: 0.5025 AUPR: 0.5206 AP: 0.5049
Acc: 0.5056 AUC: 0.5061 Pr: 0.5059 Re: 0.5011 F1: 0.5035 AUPR: 0.5204 AP: 0.5046
Acc: 0.5048 AUC: 0.5059 Pr: 0.5051 Re: 0.4996 F1: 0.5024 AUPR: 0.5196 AP: 0.5041
Acc: 0.5055 AUC: 0.5066 Pr: 0.5058 Re: 0.5009 F1: 0.5034 AUPR: 0.5210 AP: 0.5053
Acc: 0.5060 AUC: 0.5059 Pr: 0.5063 Re: 0.5025 F1: 0.5044 AUPR: 0.5206 AP: 0.5049
Acc: 0.5056 AUC: 0.5063 Pr: 0.5059 Re: 0.5016 F1: 0.5037 AUPR: 0.5212 AP: 0.5053
Acc: 0.5061 AUC: 0.5062 Pr: 0.5064 Re: 0.5031 F1: 0.5047 AUPR: 0.5205 AP: 0.5046
Acc: 0.5057 AUC: 0.5062 Pr: 0.5060 Re: 0.5005 F1: 0.5032 AUPR: 0.5220 AP: 0.5057
Acc: 0.5053 AUC: 0.5056 Pr: 0.5056 Re: 0.5017 F1: 0.5036 AUPR: 0.5208 AP: 0.5047
Acc: 0.5054 AUC: 0.5065 Pr: 0.5057 Re: 0.5003 F1: 0.5030 AUPR: 0.5223 AP: 0.5057
Acc: 0.5057 AUC: 0.5057 Pr: 0.5060 Re: 0.4998 F1: 0.5029 AUPR: 0.5210 AP: 0.5051
Acc: 0.5057 AUC: 0.5064 Pr: 0.5060 Re: 0.5003 F1: 0.5031 AUPR: 0.5219 AP: 0.5057
Acc: 0.5052 AUC: 0.5055 Pr: 0.5055 Re: 0.5011 F1: 0.5033 AUPR: 0.5203 AP: 0.5038
Acc: 0.5050 AUC: 0.5057 Pr: 0.5053 Re: 0.5004 F1: 0.5028 AUPR: 0.5210 AP: 0.5049
Acc: 0.5054 AUC: 0.5064 Pr: 0.5057 Re: 0.5007 F1: 0.5032 AUPR: 0.5220 AP: 0.5056
Acc: 0.5060 AUC: 0.5060 Pr: 0.5063 Re: 0.5020 F1: 0.5041 AUPR: 0.5213 AP: 0.5047
Acc: 0.5061 AUC: 0.5060 Pr: 0.5064 Re: 0.5018 F1: 0.5041 AUPR: 0.5218 AP: 0.5054
Acc: 0.5062 AUC: 0.5056 Pr: 0.5065 Re: 0.5014 F1: 0.5039 AUPR: 0.5216 AP: 0.5048
Acc: 0.5063 AUC: 0.5062 Pr: 0.5065 Re: 0.5025 F1: 0.5045 AUPR: 0.5220 AP: 0.5057
Acc: 0.5065 AUC: 0.5065 Pr: 0.5068 Re: 0.5011 F1: 0.5039 AUPR: 0.5227 AP: 0.5060
Acc: 0.5045 AUC: 0.5055 Pr: 0.5048 Re: 0.4996 F1: 0.5022 AUPR: 0.5217 AP: 0.5050
Acc: 0.5058 AUC: 0.5058 Pr: 0.5061 Re: 0.5009 F1: 0.5035 AUPR: 0.5220 AP: 0.5048
Acc: 0.5057 AUC: 0.5057 Pr: 0.5060 Re: 0.5000 F1: 0.5029 AUPR: 0.5218 AP: 0.5049
Acc: 0.5052 AUC: 0.5063 Pr: 0.5055 Re: 0.5001 F1: 0.5028 AUPR: 0.5234 AP: 0.5065
Acc: 0.5048 AUC: 0.5059 Pr: 0.5051 Re: 0.4986 F1: 0.5018 AUPR: 0.5224 AP: 0.5057
Acc: 0.5075 AUC: 0.5061 Pr: 0.5079 Re: 0.5006 F1: 0.5042 AUPR: 0.5225 AP: 0.5051
Acc: 0.5054 AUC: 0.5056 Pr: 0.5057 Re: 0.5006 F1: 0.5032 AUPR: 0.5215 AP: 0.5044
Acc: 0.5061 AUC: 0.5060 Pr: 0.5064 Re: 0.5015 F1: 0.5039 AUPR: 0.5221 AP: 0.5050
Acc: 0.5056 AUC: 0.5061 Pr: 0.5059 Re: 0.4994 F1: 0.5026 AUPR: 0.5226 AP: 0.5052
Acc: 0.5062 AUC: 0.5064 Pr: 0.5065 Re: 0.5008 F1: 0.5036 AUPR: 0.5224 AP: 0.5051
Acc: 0.5056 AUC: 0.5061 Pr: 0.5059 Re: 0.4984 F1: 0.5021 AUPR: 0.5221 AP: 0.5050
Acc: 0.5055 AUC: 0.5060 Pr: 0.5059 Re: 0.4983 F1: 0.5020 AUPR: 0.5224 AP: 0.5053
Acc: 0.5061 AUC: 0.5062 Pr: 0.5065 Re: 0.4997 F1: 0.5031 AUPR: 0.5222 AP: 0.5051
Acc: 0.5061 AUC: 0.5057 Pr: 0.5065 Re: 0.4999 F1: 0.5032 AUPR: 0.5218 AP: 0.5048
Acc: 0.5051 AUC: 0.5061 Pr: 0.5054 Re: 0.4978 F1: 0.5016 AUPR: 0.5228 AP: 0.5055
Acc: 0.5053 AUC: 0.5065 Pr: 0.5056 Re: 0.4992 F1: 0.5024 AUPR: 0.5225 AP: 0.5052
Acc: 0.5049 AUC: 0.5056 Pr: 0.5052 Re: 0.4973 F1: 0.5012 AUPR: 0.5226 AP: 0.5049
Acc: 0.5056 AUC: 0.5061 Pr: 0.5059 Re: 0.4980 F1: 0.5019 AUPR: 0.5229 AP: 0.5051
Acc: 0.5057 AUC: 0.5056 Pr: 0.5060 Re: 0.4981 F1: 0.5020 AUPR: 0.5211 AP: 0.5040
Acc: 0.5046 AUC: 0.5069 Pr: 0.5049 Re: 0.4969 F1: 0.5009 AUPR: 0.5241 AP: 0.5060
Acc: 0.5060 AUC: 0.5057 Pr: 0.5064 Re: 0.4986 F1: 0.5025 AUPR: 0.5218 AP: 0.5041
Acc: 0.5050 AUC: 0.5052 Pr: 0.5053 Re: 0.4977 F1: 0.5015 AUPR: 0.5212 AP: 0.5040
Acc: 0.5055 AUC: 0.5058 Pr: 0.5058 Re: 0.4986 F1: 0.5022 AUPR: 0.5218 AP: 0.5042
Acc: 0.5059 AUC: 0.5057 Pr: 0.5062 Re: 0.4981 F1: 0.5021 AUPR: 0.5232 AP: 0.5049
Acc: 0.5070 AUC: 0.5052 Pr: 0.5073 Re: 0.4993 F1: 0.5033 AUPR: 0.5226 AP: 0.5041
Acc: 0.5047 AUC: 0.5058 Pr: 0.5050 Re: 0.4977 F1: 0.5013 AUPR: 0.5237 AP: 0.5054
Acc: 0.5052 AUC: 0.5063 Pr: 0.5055 Re: 0.4981 F1: 0.5017 AUPR: 0.5230 AP: 0.5048
Acc: 0.5063 AUC: 0.5055 Pr: 0.5066 Re: 0.4989 F1: 0.5027 AUPR: 0.5220 AP: 0.5041
Acc: 0.5055 AUC: 0.5060 Pr: 0.5058 Re: 0.4979 F1: 0.5018 AUPR: 0.5233 AP: 0.5048
Acc: 0.5057 AUC: 0.5055 Pr: 0.5060 Re: 0.4986 F1: 0.5023 AUPR: 0.5221 AP: 0.5040
Acc: 0.5051 AUC: 0.5068 Pr: 0.5054 Re: 0.4972 F1: 0.5013 AUPR: 0.5251 AP: 0.5067
Acc: 0.5068 AUC: 0.5069 Pr: 0.5071 Re: 0.5005 F1: 0.5038 AUPR: 0.5238 AP: 0.5057
Acc: 0.5061 AUC: 0.5054 Pr: 0.5065 Re: 0.4989 F1: 0.5026 AUPR: 0.5223 AP: 0.5039
Acc: 0.5063 AUC: 0.5061 Pr: 0.5066 Re: 0.4985 F1: 0.5025 AUPR: 0.5233 AP: 0.5047
Acc: 0.5060 AUC: 0.5066 Pr: 0.5063 Re: 0.4985 F1: 0.5024 AUPR: 0.5243 AP: 0.5053
Acc: 0.5064 AUC: 0.5051 Pr: 0.5067 Re: 0.4990 F1: 0.5029 AUPR: 0.5226 AP: 0.5042
Acc: 0.5055 AUC: 0.5060 Pr: 0.5058 Re: 0.4979 F1: 0.5019 AUPR: 0.5234 AP: 0.5048
Acc: 0.5059 AUC: 0.5060 Pr: 0.5062 Re: 0.4987 F1: 0.5024 AUPR: 0.5248 AP: 0.5055
Acc: 0.5051 AUC: 0.5059 Pr: 0.5054 Re: 0.4969 F1: 0.5011 AUPR: 0.5241 AP: 0.5056
Acc: 0.5064 AUC: 0.5066 Pr: 0.5068 Re: 0.4992 F1: 0.5030 AUPR: 0.5246 AP: 0.5059
Acc: 0.5068 AUC: 0.5064 Pr: 0.5071 Re: 0.5004 F1: 0.5038 AUPR: 0.5252 AP: 0.5058
Acc: 0.5051 AUC: 0.5052 Pr: 0.5054 Re: 0.4976 F1: 0.5014 AUPR: 0.5241 AP: 0.5051
Acc: 0.5054 AUC: 0.5068 Pr: 0.5057 Re: 0.4981 F1: 0.5019 AUPR: 0.5257 AP: 0.5062
Acc: 0.5056 AUC: 0.5049 Pr: 0.5060 Re: 0.4975 F1: 0.5017 AUPR: 0.5232 AP: 0.5038
Acc: 0.5052 AUC: 0.5054 Pr: 0.5055 Re: 0.4977 F1: 0.5016 AUPR: 0.5242 AP: 0.5045
Acc: 0.5055 AUC: 0.5058 Pr: 0.5058 Re: 0.4989 F1: 0.5024 AUPR: 0.5237 AP: 0.5046
Acc: 0.5047 AUC: 0.5062 Pr: 0.5050 Re: 0.4978 F1: 0.5014 AUPR: 0.5246 AP: 0.5053
Acc: 0.5048 AUC: 0.5058 Pr: 0.5051 Re: 0.4986 F1: 0.5018 AUPR: 0.5240 AP: 0.5049
Acc: 0.5063 AUC: 0.5063 Pr: 0.5066 Re: 0.4998 F1: 0.5032 AUPR: 0.5249 AP: 0.5053
Acc: 0.5050 AUC: 0.5064 Pr: 0.5053 Re: 0.4988 F1: 0.5020 AUPR: 0.5251 AP: 0.5051
Acc: 0.5056 AUC: 0.5056 Pr: 0.5059 Re: 0.4995 F1: 0.5027 AUPR: 0.5249 AP: 0.5051
Acc: 0.5057 AUC: 0.5058 Pr: 0.5060 Re: 0.4986 F1: 0.5023 AUPR: 0.5244 AP: 0.5047
Acc: 0.5058 AUC: 0.5058 Pr: 0.5061 Re: 0.4985 F1: 0.5022 AUPR: 0.5242 AP: 0.5048
Acc: 0.5063 AUC: 0.5066 Pr: 0.5066 Re: 0.5004 F1: 0.5035 AUPR: 0.5260 AP: 0.5058
Acc: 0.5052 AUC: 0.5054 Pr: 0.5055 Re: 0.4988 F1: 0.5021 AUPR: 0.5234 AP: 0.5037
Acc: 0.5048 AUC: 0.5058 Pr: 0.5051 Re: 0.4977 F1: 0.5014 AUPR: 0.5253 AP: 0.5049
Acc: 0.5053 AUC: 0.5061 Pr: 0.5056 Re: 0.4986 F1: 0.5021 AUPR: 0.5252 AP: 0.5052
Acc: 0.5066 AUC: 0.5061 Pr: 0.5070 Re: 0.5007 F1: 0.5038 AUPR: 0.5263 AP: 0.5059
Acc: 0.5052 AUC: 0.5061 Pr: 0.5055 Re: 0.4987 F1: 0.5021 AUPR: 0.5242 AP: 0.5047
Acc: 0.5058 AUC: 0.5060 Pr: 0.5061 Re: 0.4999 F1: 0.5030 AUPR: 0.5241 AP: 0.5044
Acc: 0.5048 AUC: 0.5053 Pr: 0.5051 Re: 0.4989 F1: 0.5020 AUPR: 0.5253 AP: 0.5053
Acc: 0.5059 AUC: 0.5063 Pr: 0.5062 Re: 0.5002 F1: 0.5032 AUPR: 0.5254 AP: 0.5057
Acc: 0.5048 AUC: 0.5054 Pr: 0.5052 Re: 0.4981 F1: 0.5016 AUPR: 0.5242 AP: 0.5046
Acc: 0.5063 AUC: 0.5065 Pr: 0.5066 Re: 0.4996 F1: 0.5031 AUPR: 0.5261 AP: 0.5057
Acc: 0.5059 AUC: 0.5058 Pr: 0.5062 Re: 0.4989 F1: 0.5025 AUPR: 0.5245 AP: 0.5043
Acc: 0.5037 AUC: 0.5052 Pr: 0.5040 Re: 0.4968 F1: 0.5004 AUPR: 0.5244 AP: 0.5046
Acc: 0.5050 AUC: 0.5063 Pr: 0.5054 Re: 0.4986 F1: 0.5019 AUPR: 0.5265 AP: 0.5061
Acc: 0.5061 AUC: 0.5063 Pr: 0.5064 Re: 0.4991 F1: 0.5027 AUPR: 0.5265 AP: 0.5063
Acc: 0.5048 AUC: 0.5062 Pr: 0.5052 Re: 0.4986 F1: 0.5019 AUPR: 0.5258 AP: 0.5057
Acc: 0.5057 AUC: 0.5066 Pr: 0.5060 Re: 0.4992 F1: 0.5026 AUPR: 0.5263 AP: 0.5057
Acc: 0.5046 AUC: 0.5065 Pr: 0.5049 Re: 0.4975 F1: 0.5012 AUPR: 0.5265 AP: 0.5059
Acc: 0.5054 AUC: 0.5062 Pr: 0.5057 Re: 0.4966 F1: 0.5011 AUPR: 0.5258 AP: 0.5051
Acc: 0.5064 AUC: 0.5055 Pr: 0.5067 Re: 0.4984 F1: 0.5025 AUPR: 0.5251 AP: 0.5046
Acc: 0.5067 AUC: 0.5059 Pr: 0.5070 Re: 0.5000 F1: 0.5035 AUPR: 0.5258 AP: 0.5050
Acc: 0.5061 AUC: 0.5052 Pr: 0.5064 Re: 0.4982 F1: 0.5023 AUPR: 0.5244 AP: 0.5038
Acc: 0.5058 AUC: 0.5069 Pr: 0.5061 Re: 0.4990 F1: 0.5026 AUPR: 0.5280 AP: 0.5069
Acc: 0.5058 AUC: 0.5062 Pr: 0.5061 Re: 0.4985 F1: 0.5023 AUPR: 0.5252 AP: 0.5048
Acc: 0.5054 AUC: 0.5062 Pr: 0.5057 Re: 0.4979 F1: 0.5018 AUPR: 0.5262 AP: 0.5056
Acc: 0.5063 AUC: 0.5062 Pr: 0.5066 Re: 0.4996 F1: 0.5031 AUPR: 0.5264 AP: 0.5055
Acc: 0.5050 AUC: 0.5058 Pr: 0.5053 Re: 0.4972 F1: 0.5012 AUPR: 0.5256 AP: 0.5046
Acc: 0.5048 AUC: 0.5057 Pr: 0.5051 Re: 0.4975 F1: 0.5013 AUPR: 0.5267 AP: 0.5054
Acc: 0.5060 AUC: 0.5058 Pr: 0.5064 Re: 0.4984 F1: 0.5023 AUPR: 0.5259 AP: 0.5046
Acc: 0.5048 AUC: 0.5051 Pr: 0.5051 Re: 0.4976 F1: 0.5013 AUPR: 0.5250 AP: 0.5043
Acc: 0.5053 AUC: 0.5055 Pr: 0.5056 Re: 0.4973 F1: 0.5014 AUPR: 0.5266 AP: 0.5054
Acc: 0.5061 AUC: 0.5061 Pr: 0.5064 Re: 0.4982 F1: 0.5023 AUPR: 0.5270 AP: 0.5059
Acc: 0.5061 AUC: 0.5061 Pr: 0.5064 Re: 0.4990 F1: 0.5027 AUPR: 0.5265 AP: 0.5051
Acc: 0.5054 AUC: 0.5053 Pr: 0.5058 Re: 0.4972 F1: 0.5014 AUPR: 0.5260 AP: 0.5050
Acc: 0.5061 AUC: 0.5060 Pr: 0.5064 Re: 0.4997 F1: 0.5030 AUPR: 0.5267 AP: 0.5053
Acc: 0.5061 AUC: 0.5065 Pr: 0.5064 Re: 0.4980 F1: 0.5022 AUPR: 0.5268 AP: 0.5057
Acc: 0.5065 AUC: 0.5053 Pr: 0.5068 Re: 0.4999 F1: 0.5033 AUPR: 0.5253 AP: 0.5043
Acc: 0.5062 AUC: 0.5063 Pr: 0.5065 Re: 0.4988 F1: 0.5026 AUPR: 0.5268 AP: 0.5058
Acc: 0.5060 AUC: 0.5064 Pr: 0.5063 Re: 0.4990 F1: 0.5027 AUPR: 0.5279 AP: 0.5061
Acc: 0.5058 AUC: 0.5063 Pr: 0.5061 Re: 0.4993 F1: 0.5027 AUPR: 0.5262 AP: 0.5050
Acc: 0.5060 AUC: 0.5061 Pr: 0.5063 Re: 0.5003 F1: 0.5033 AUPR: 0.5272 AP: 0.5056
Acc: 0.5059 AUC: 0.5065 Pr: 0.5062 Re: 0.5011 F1: 0.5037 AUPR: 0.5269 AP: 0.5053
Acc: 0.5049 AUC: 0.5056 Pr: 0.5052 Re: 0.4994 F1: 0.5023 AUPR: 0.5265 AP: 0.5049
Acc: 0.5048 AUC: 0.5058 Pr: 0.5052 Re: 0.4977 F1: 0.5014 AUPR: 0.5258 AP: 0.5043
Acc: 0.5067 AUC: 0.5059 Pr: 0.5070 Re: 0.5010 F1: 0.5040 AUPR: 0.5274 AP: 0.5056
Acc: 0.5068 AUC: 0.5062 Pr: 0.5071 Re: 0.5014 F1: 0.5043 AUPR: 0.5278 AP: 0.5058
Acc: 0.5058 AUC: 0.5059 Pr: 0.5061 Re: 0.5008 F1: 0.5034 AUPR: 0.5256 AP: 0.5041
Acc: 0.5056 AUC: 0.5061 Pr: 0.5059 Re: 0.4995 F1: 0.5027 AUPR: 0.5272 AP: 0.5057
Acc: 0.5038 AUC: 0.5054 Pr: 0.5041 Re: 0.4974 F1: 0.5007 AUPR: 0.5266 AP: 0.5049
Acc: 0.5058 AUC: 0.5068 Pr: 0.5062 Re: 0.5000 F1: 0.5031 AUPR: 0.5279 AP: 0.5061
Acc: 0.5062 AUC: 0.5062 Pr: 0.5065 Re: 0.5007 F1: 0.5036 AUPR: 0.5275 AP: 0.5056
Acc: 0.5057 AUC: 0.5057 Pr: 0.5060 Re: 0.5014 F1: 0.5037 AUPR: 0.5267 AP: 0.5052
Acc: 0.5043 AUC: 0.5058 Pr: 0.5046 Re: 0.4995 F1: 0.5020 AUPR: 0.5259 AP: 0.5040
Acc: 0.5056 AUC: 0.5057 Pr: 0.5059 Re: 0.5005 F1: 0.5032 AUPR: 0.5274 AP: 0.5053
Acc: 0.5052 AUC: 0.5052 Pr: 0.5054 Re: 0.5002 F1: 0.5028 AUPR: 0.5257 AP: 0.5037
Acc: 0.5050 AUC: 0.5055 Pr: 0.5053 Re: 0.5001 F1: 0.5027 AUPR: 0.5280 AP: 0.5058
Acc: 0.5040 AUC: 0.5056 Pr: 0.5043 Re: 0.4986 F1: 0.5014 AUPR: 0.5270 AP: 0.5047
Acc: 0.5057 AUC: 0.5064 Pr: 0.5060 Re: 0.5008 F1: 0.5034 AUPR: 0.5281 AP: 0.5056
Acc: 0.5053 AUC: 0.5059 Pr: 0.5056 Re: 0.4995 F1: 0.5025 AUPR: 0.5273 AP: 0.5049
Acc: 0.5056 AUC: 0.5063 Pr: 0.5059 Re: 0.5021 F1: 0.5040 AUPR: 0.5284 AP: 0.5055
Acc: 0.5051 AUC: 0.5056 Pr: 0.5054 Re: 0.5003 F1: 0.5028 AUPR: 0.5261 AP: 0.5042
Acc: 0.5055 AUC: 0.5061 Pr: 0.5058 Re: 0.4999 F1: 0.5029 AUPR: 0.5281 AP: 0.5057
Acc: 0.5055 AUC: 0.5066 Pr: 0.5058 Re: 0.4996 F1: 0.5027 AUPR: 0.5276 AP: 0.5053
Acc: 0.5051 AUC: 0.5060 Pr: 0.5054 Re: 0.5005 F1: 0.5029 AUPR: 0.5281 AP: 0.5056
Acc: 0.5056 AUC: 0.5061 Pr: 0.5059 Re: 0.5007 F1: 0.5033 AUPR: 0.5271 AP: 0.5051
Acc: 0.5057 AUC: 0.5062 Pr: 0.5059 Re: 0.5008 F1: 0.5034 AUPR: 0.5283 AP: 0.5056
Acc: 0.5048 AUC: 0.5063 Pr: 0.5051 Re: 0.4994 F1: 0.5022 AUPR: 0.5272 AP: 0.5050
Acc: 0.5052 AUC: 0.5052 Pr: 0.5055 Re: 0.5011 F1: 0.5032 AUPR: 0.5268 AP: 0.5046
Acc: 0.5061 AUC: 0.5070 Pr: 0.5064 Re: 0.4999 F1: 0.5032 AUPR: 0.5284 AP: 0.5061
Acc: 0.5059 AUC: 0.5064 Pr: 0.5062 Re: 0.5013 F1: 0.5037 AUPR: 0.5287 AP: 0.5060
Acc: 0.5050 AUC: 0.5062 Pr: 0.5053 Re: 0.4997 F1: 0.5025 AUPR: 0.5269 AP: 0.5047
Acc: 0.5050 AUC: 0.5057 Pr: 0.5053 Re: 0.5007 F1: 0.5030 AUPR: 0.5280 AP: 0.5053
Acc: 0.5052 AUC: 0.5060 Pr: 0.5055 Re: 0.4993 F1: 0.5024 AUPR: 0.5270 AP: 0.5049
Acc: 0.5060 AUC: 0.5059 Pr: 0.5063 Re: 0.5008 F1: 0.5036 AUPR: 0.5262 AP: 0.5042
Acc: 0.5054 AUC: 0.5066 Pr: 0.5057 Re: 0.5011 F1: 0.5034 AUPR: 0.5285 AP: 0.5058
Acc: 0.5052 AUC: 0.5063 Pr: 0.5054 Re: 0.4999 F1: 0.5027 AUPR: 0.5275 AP: 0.5050
Acc: 0.5055 AUC: 0.5062 Pr: 0.5058 Re: 0.5009 F1: 0.5034 AUPR: 0.5284 AP: 0.5056
Acc: 0.5058 AUC: 0.5056 Pr: 0.5061 Re: 0.5013 F1: 0.5037 AUPR: 0.5266 AP: 0.5040
Acc: 0.5057 AUC: 0.5068 Pr: 0.5060 Re: 0.5013 F1: 0.5036 AUPR: 0.5298 AP: 0.5068
Acc: 0.5055 AUC: 0.5065 Pr: 0.5058 Re: 0.5019 F1: 0.5039 AUPR: 0.5282 AP: 0.5054
Acc: 0.5067 AUC: 0.5061 Pr: 0.5070 Re: 0.5021 F1: 0.5045 AUPR: 0.5283 AP: 0.5054
Acc: 0.5064 AUC: 0.5064 Pr: 0.5067 Re: 0.5030 F1: 0.5049 AUPR: 0.5278 AP: 0.5053
Acc: 0.5060 AUC: 0.5066 Pr: 0.5062 Re: 0.5033 F1: 0.5048 AUPR: 0.5295 AP: 0.5065
Acc: 0.5050 AUC: 0.5063 Pr: 0.5053 Re: 0.5008 F1: 0.5030 AUPR: 0.5279 AP: 0.5055
Acc: 0.5054 AUC: 0.5062 Pr: 0.5057 Re: 0.5015 F1: 0.5036 AUPR: 0.5285 AP: 0.5056
Acc: 0.5057 AUC: 0.5060 Pr: 0.5060 Re: 0.5034 F1: 0.5047 AUPR: 0.5277 AP: 0.5050
Acc: 0.5066 AUC: 0.5063 Pr: 0.5069 Re: 0.5036 F1: 0.5052 AUPR: 0.5276 AP: 0.5048
Acc: 0.5051 AUC: 0.5062 Pr: 0.5054 Re: 0.5029 F1: 0.5041 AUPR: 0.5281 AP: 0.5055
Acc: 0.5057 AUC: 0.5063 Pr: 0.5059 Re: 0.5043 F1: 0.5051 AUPR: 0.5284 AP: 0.5054
Acc: 0.5056 AUC: 0.5064 Pr: 0.5059 Re: 0.5024 F1: 0.5041 AUPR: 0.5283 AP: 0.5055
Acc: 0.5065 AUC: 0.5064 Pr: 0.5068 Re: 0.5031 F1: 0.5049 AUPR: 0.5289 AP: 0.5057
Acc: 0.5059 AUC: 0.5063 Pr: 0.5062 Re: 0.5033 F1: 0.5048 AUPR: 0.5291 AP: 0.5058
Acc: 0.5059 AUC: 0.5062 Pr: 0.5062 Re: 0.5035 F1: 0.5048 AUPR: 0.5282 AP: 0.5053
Acc: 0.5053 AUC: 0.5063 Pr: 0.5056 Re: 0.5024 F1: 0.5040 AUPR: 0.5291 AP: 0.5061
Acc: 0.5049 AUC: 0.5061 Pr: 0.5052 Re: 0.5031 F1: 0.5041 AUPR: 0.5283 AP: 0.5052
Acc: 0.5048 AUC: 0.5055 Pr: 0.5051 Re: 0.5021 F1: 0.5036 AUPR: 0.5272 AP: 0.5044
Acc: 0.5058 AUC: 0.5064 Pr: 0.5061 Re: 0.5028 F1: 0.5044 AUPR: 0.5288 AP: 0.5057
Acc: 0.5059 AUC: 0.5055 Pr: 0.5061 Re: 0.5023 F1: 0.5042 AUPR: 0.5275 AP: 0.5046
Acc: 0.5050 AUC: 0.5061 Pr: 0.5053 Re: 0.5024 F1: 0.5039 AUPR: 0.5290 AP: 0.5055
Acc: 0.5052 AUC: 0.5066 Pr: 0.5055 Re: 0.5024 F1: 0.5039 AUPR: 0.5295 AP: 0.5063
Acc: 0.5050 AUC: 0.5059 Pr: 0.5052 Re: 0.5020 F1: 0.5036 AUPR: 0.5286 AP: 0.5055
Acc: 0.5054 AUC: 0.5061 Pr: 0.5057 Re: 0.5022 F1: 0.5039 AUPR: 0.5286 AP: 0.5054
Acc: 0.5058 AUC: 0.5060 Pr: 0.5061 Re: 0.5018 F1: 0.5039 AUPR: 0.5278 AP: 0.5044
Acc: 0.5061 AUC: 0.5063 Pr: 0.5064 Re: 0.5019 F1: 0.5041 AUPR: 0.5288 AP: 0.5058
Acc: 0.5048 AUC: 0.5059 Pr: 0.5050 Re: 0.5001 F1: 0.5025 AUPR: 0.5286 AP: 0.5051
Acc: 0.5047 AUC: 0.5066 Pr: 0.5049 Re: 0.5012 F1: 0.5031 AUPR: 0.5290 AP: 0.5057
Acc: 0.5040 AUC: 0.5057 Pr: 0.5042 Re: 0.5011 F1: 0.5027 AUPR: 0.5281 AP: 0.5049
Acc: 0.5048 AUC: 0.5062 Pr: 0.5051 Re: 0.5024 F1: 0.5038 AUPR: 0.5294 AP: 0.5058
Acc: 0.5061 AUC: 0.5064 Pr: 0.5064 Re: 0.5035 F1: 0.5049 AUPR: 0.5286 AP: 0.5054
Acc: 0.5054 AUC: 0.5060 Pr: 0.5056 Re: 0.5016 F1: 0.5036 AUPR: 0.5281 AP: 0.5047
Acc: 0.5056 AUC: 0.5065 Pr: 0.5059 Re: 0.5017 F1: 0.5038 AUPR: 0.5287 AP: 0.5049
Acc: 0.5063 AUC: 0.5065 Pr: 0.5065 Re: 0.5042 F1: 0.5054 AUPR: 0.5284 AP: 0.5048
Acc: 0.5053 AUC: 0.5055 Pr: 0.5055 Re: 0.5027 F1: 0.5041 AUPR: 0.5289 AP: 0.5051
Acc: 0.5051 AUC: 0.5068 Pr: 0.5053 Re: 0.5024 F1: 0.5039 AUPR: 0.5302 AP: 0.5062
Acc: 0.5051 AUC: 0.5059 Pr: 0.5053 Re: 0.5016 F1: 0.5035 AUPR: 0.5282 AP: 0.5048
Acc: 0.5053 AUC: 0.5062 Pr: 0.5056 Re: 0.5020 F1: 0.5038 AUPR: 0.5293 AP: 0.5057
Acc: 0.5058 AUC: 0.5070 Pr: 0.5060 Re: 0.5018 F1: 0.5039 AUPR: 0.5290 AP: 0.5056
Acc: 0.5036 AUC: 0.5062 Pr: 0.5038 Re: 0.5003 F1: 0.5021 AUPR: 0.5299 AP: 0.5059
Acc: 0.5060 AUC: 0.5061 Pr: 0.5063 Re: 0.5007 F1: 0.5035 AUPR: 0.5288 AP: 0.5050
Acc: 0.5044 AUC: 0.5053 Pr: 0.5047 Re: 0.5004 F1: 0.5025 AUPR: 0.5282 AP: 0.5045
Acc: 0.5054 AUC: 0.5055 Pr: 0.5057 Re: 0.5005 F1: 0.5031 AUPR: 0.5278 AP: 0.5045
Acc: 0.5063 AUC: 0.5069 Pr: 0.5066 Re: 0.5005 F1: 0.5035 AUPR: 0.5306 AP: 0.5068
Acc: 0.5061 AUC: 0.5062 Pr: 0.5064 Re: 0.5013 F1: 0.5039 AUPR: 0.5288 AP: 0.5054
Acc: 0.5053 AUC: 0.5066 Pr: 0.5056 Re: 0.4995 F1: 0.5025 AUPR: 0.5304 AP: 0.5064
Acc: 0.5060 AUC: 0.5070 Pr: 0.5063 Re: 0.5010 F1: 0.5037 AUPR: 0.5292 AP: 0.5057
Acc: 0.5055 AUC: 0.5059 Pr: 0.5058 Re: 0.4990 F1: 0.5024 AUPR: 0.5293 AP: 0.5058
Acc: 0.5057 AUC: 0.5059 Pr: 0.5060 Re: 0.5002 F1: 0.5031 AUPR: 0.5272 AP: 0.5040
Acc: 0.5050 AUC: 0.5058 Pr: 0.5053 Re: 0.4981 F1: 0.5017 AUPR: 0.5285 AP: 0.5049
Acc: 0.5052 AUC: 0.5052 Pr: 0.5055 Re: 0.4994 F1: 0.5024 AUPR: 0.5279 AP: 0.5045
Acc: 0.5060 AUC: 0.5061 Pr: 0.5063 Re: 0.4996 F1: 0.5029 AUPR: 0.5288 AP: 0.5052
Acc: 0.5050 AUC: 0.5060 Pr: 0.5053 Re: 0.4989 F1: 0.5021 AUPR: 0.5288 AP: 0.5052
Acc: 0.5043 AUC: 0.5058 Pr: 0.5046 Re: 0.4970 F1: 0.5008 AUPR: 0.5295 AP: 0.5057
Acc: 0.5042 AUC: 0.5051 Pr: 0.5045 Re: 0.4986 F1: 0.5015 AUPR: 0.5280 AP: 0.5044
Acc: 0.5054 AUC: 0.5056 Pr: 0.5057 Re: 0.4990 F1: 0.5023 AUPR: 0.5287 AP: 0.5049
Acc: 0.5054 AUC: 0.5058 Pr: 0.5057 Re: 0.4995 F1: 0.5026 AUPR: 0.5289 AP: 0.5054
Acc: 0.5054 AUC: 0.5069 Pr: 0.5057 Re: 0.4987 F1: 0.5022 AUPR: 0.5301 AP: 0.5066
Acc: 0.5061 AUC: 0.5053 Pr: 0.5065 Re: 0.4995 F1: 0.5030 AUPR: 0.5292 AP: 0.5052
Acc: 0.5057 AUC: 0.5063 Pr: 0.5060 Re: 0.4998 F1: 0.5029 AUPR: 0.5305 AP: 0.5064
Acc: 0.5055 AUC: 0.5059 Pr: 0.5059 Re: 0.4986 F1: 0.5022 AUPR: 0.5286 AP: 0.5051
Acc: 0.5046 AUC: 0.5063 Pr: 0.5049 Re: 0.4967 F1: 0.5008 AUPR: 0.5294 AP: 0.5054
Acc: 0.5059 AUC: 0.5058 Pr: 0.5062 Re: 0.4990 F1: 0.5026 AUPR: 0.5286 AP: 0.5049
Acc: 0.5046 AUC: 0.5061 Pr: 0.5049 Re: 0.4973 F1: 0.5011 AUPR: 0.5288 AP: 0.5048
Acc: 0.5049 AUC: 0.5060 Pr: 0.5052 Re: 0.4989 F1: 0.5020 AUPR: 0.5281 AP: 0.5045
Acc: 0.5050 AUC: 0.5058 Pr: 0.5053 Re: 0.4982 F1: 0.5017 AUPR: 0.5289 AP: 0.5049
Acc: 0.5059 AUC: 0.5064 Pr: 0.5062 Re: 0.4998 F1: 0.5030 AUPR: 0.5289 AP: 0.5055
Acc: 0.5053 AUC: 0.5055 Pr: 0.5056 Re: 0.4979 F1: 0.5017 AUPR: 0.5280 AP: 0.5044
Acc: 0.5056 AUC: 0.5063 Pr: 0.5059 Re: 0.4982 F1: 0.5021 AUPR: 0.5292 AP: 0.5051
Acc: 0.5054 AUC: 0.5056 Pr: 0.5058 Re: 0.4985 F1: 0.5021 AUPR: 0.5285 AP: 0.5048
Acc: 0.5047 AUC: 0.5061 Pr: 0.5050 Re: 0.4976 F1: 0.5013 AUPR: 0.5285 AP: 0.5052
Acc: 0.5049 AUC: 0.5058 Pr: 0.5052 Re: 0.4960 F1: 0.5006 AUPR: 0.5286 AP: 0.5051
Acc: 0.5062 AUC: 0.5063 Pr: 0.5065 Re: 0.4995 F1: 0.5030 AUPR: 0.5288 AP: 0.5052
Acc: 0.5048 AUC: 0.5058 Pr: 0.5052 Re: 0.4982 F1: 0.5017 AUPR: 0.5299 AP: 0.5057
Acc: 0.5059 AUC: 0.5061 Pr: 0.5062 Re: 0.4983 F1: 0.5022 AUPR: 0.5292 AP: 0.5049
Acc: 0.5060 AUC: 0.5063 Pr: 0.5063 Re: 0.4985 F1: 0.5024 AUPR: 0.5290 AP: 0.5053
Acc: 0.5066 AUC: 0.5069 Pr: 0.5070 Re: 0.5002 F1: 0.5036 AUPR: 0.5299 AP: 0.5059
Acc: 0.5047 AUC: 0.5060 Pr: 0.5050 Re: 0.4978 F1: 0.5014 AUPR: 0.5294 AP: 0.5053
Acc: 0.5061 AUC: 0.5064 Pr: 0.5065 Re: 0.4991 F1: 0.5028 AUPR: 0.5289 AP: 0.5055
Acc: 0.5067 AUC: 0.5063 Pr: 0.5071 Re: 0.4997 F1: 0.5034 AUPR: 0.5295 AP: 0.5055
Acc: 0.5060 AUC: 0.5064 Pr: 0.5063 Re: 0.4995 F1: 0.5028 AUPR: 0.5293 AP: 0.5052
Acc: 0.5062 AUC: 0.5054 Pr: 0.5066 Re: 0.4998 F1: 0.5032 AUPR: 0.5284 AP: 0.5045
Acc: 0.5053 AUC: 0.5068 Pr: 0.5056 Re: 0.4989 F1: 0.5022 AUPR: 0.5304 AP: 0.5061
Acc: 0.5049 AUC: 0.5065 Pr: 0.5052 Re: 0.4980 F1: 0.5016 AUPR: 0.5299 AP: 0.5060
Acc: 0.5054 AUC: 0.5054 Pr: 0.5057 Re: 0.4980 F1: 0.5019 AUPR: 0.5292 AP: 0.5049
Acc: 0.5048 AUC: 0.5062 Pr: 0.5051 Re: 0.4975 F1: 0.5013 AUPR: 0.5296 AP: 0.5055
Acc: 0.5049 AUC: 0.5054 Pr: 0.5052 Re: 0.4976 F1: 0.5014 AUPR: 0.5293 AP: 0.5049
Acc: 0.5058 AUC: 0.5058 Pr: 0.5061 Re: 0.4999 F1: 0.5030 AUPR: 0.5292 AP: 0.5049
Acc: 0.5053 AUC: 0.5057 Pr: 0.5056 Re: 0.4992 F1: 0.5024 AUPR: 0.5286 AP: 0.5050
Acc: 0.5056 AUC: 0.5060 Pr: 0.5059 Re: 0.4990 F1: 0.5024 AUPR: 0.5293 AP: 0.5050
Acc: 0.5055 AUC: 0.5060 Pr: 0.5058 Re: 0.4990 F1: 0.5024 AUPR: 0.5302 AP: 0.5060
Acc: 0.5054 AUC: 0.5056 Pr: 0.5058 Re: 0.4982 F1: 0.5019 AUPR: 0.5284 AP: 0.5046
Acc: 0.5044 AUC: 0.5060 Pr: 0.5047 Re: 0.4977 F1: 0.5012 AUPR: 0.5295 AP: 0.5054
Acc: 0.5064 AUC: 0.5057 Pr: 0.5068 Re: 0.5003 F1: 0.5035 AUPR: 0.5294 AP: 0.5050
Acc: 0.5061 AUC: 0.5059 Pr: 0.5064 Re: 0.4993 F1: 0.5028 AUPR: 0.5288 AP: 0.5050
Acc: 0.5048 AUC: 0.5059 Pr: 0.5051 Re: 0.4979 F1: 0.5015 AUPR: 0.5293 AP: 0.5055
Acc: 0.5050 AUC: 0.5055 Pr: 0.5053 Re: 0.4982 F1: 0.5017 AUPR: 0.5283 AP: 0.5041
Acc: 0.5058 AUC: 0.5059 Pr: 0.5061 Re: 0.4985 F1: 0.5023 AUPR: 0.5308 AP: 0.5060
Acc: 0.5055 AUC: 0.5058 Pr: 0.5058 Re: 0.4995 F1: 0.5026 AUPR: 0.5297 AP: 0.5054
Acc: 0.5064 AUC: 0.5068 Pr: 0.5067 Re: 0.4995 F1: 0.5031 AUPR: 0.5302 AP: 0.5060
Acc: 0.5052 AUC: 0.5058 Pr: 0.5055 Re: 0.4994 F1: 0.5024 AUPR: 0.5282 AP: 0.5043
Acc: 0.5064 AUC: 0.5055 Pr: 0.5067 Re: 0.4995 F1: 0.5031 AUPR: 0.5289 AP: 0.5046
Acc: 0.5056 AUC: 0.5063 Pr: 0.5059 Re: 0.4986 F1: 0.5022 AUPR: 0.5295 AP: 0.5055
Acc: 0.5054 AUC: 0.5061 Pr: 0.5057 Re: 0.4991 F1: 0.5024 AUPR: 0.5303 AP: 0.5060
Acc: 0.5053 AUC: 0.5058 Pr: 0.5056 Re: 0.4979 F1: 0.5017 AUPR: 0.5277 AP: 0.5038
Acc: 0.5068 AUC: 0.5057 Pr: 0.5072 Re: 0.5001 F1: 0.5036 AUPR: 0.5286 AP: 0.5043
Acc: 0.5047 AUC: 0.5053 Pr: 0.5050 Re: 0.4977 F1: 0.5013 AUPR: 0.5289 AP: 0.5048
Acc: 0.5056 AUC: 0.5064 Pr: 0.5059 Re: 0.4996 F1: 0.5027 AUPR: 0.5304 AP: 0.5063
Acc: 0.5054 AUC: 0.5062 Pr: 0.5057 Re: 0.4996 F1: 0.5026 AUPR: 0.5281 AP: 0.5044
Acc: 0.5062 AUC: 0.5061 Pr: 0.5065 Re: 0.5006 F1: 0.5035 AUPR: 0.5291 AP: 0.5052
Acc: 0.5066 AUC: 0.5059 Pr: 0.5070 Re: 0.5003 F1: 0.5036 AUPR: 0.5300 AP: 0.5057
Acc: 0.5057 AUC: 0.5067 Pr: 0.5060 Re: 0.5008 F1: 0.5034 AUPR: 0.5290 AP: 0.5050
Acc: 0.5049 AUC: 0.5060 Pr: 0.5052 Re: 0.4986 F1: 0.5019 AUPR: 0.5298 AP: 0.5054
Acc: 0.5057 AUC: 0.5062 Pr: 0.5060 Re: 0.5002 F1: 0.5031 AUPR: 0.5301 AP: 0.5058
Acc: 0.5062 AUC: 0.5058 Pr: 0.5065 Re: 0.4994 F1: 0.5030 AUPR: 0.5293 AP: 0.5049
Acc: 0.5064 AUC: 0.5067 Pr: 0.5067 Re: 0.5006 F1: 0.5036 AUPR: 0.5298 AP: 0.5051
Acc: 0.5056 AUC: 0.5053 Pr: 0.5059 Re: 0.5004 F1: 0.5031 AUPR: 0.5289 AP: 0.5045
Acc: 0.5059 AUC: 0.5056 Pr: 0.5062 Re: 0.4982 F1: 0.5022 AUPR: 0.5290 AP: 0.5049
Acc: 0.5056 AUC: 0.5055 Pr: 0.5059 Re: 0.4989 F1: 0.5024 AUPR: 0.5290 AP: 0.5047
Acc: 0.5052 AUC: 0.5061 Pr: 0.5055 Re: 0.4983 F1: 0.5019 AUPR: 0.5297 AP: 0.5055
Acc: 0.5053 AUC: 0.5058 Pr: 0.5056 Re: 0.4989 F1: 0.5022 AUPR: 0.5291 AP: 0.5048
Acc: 0.5063 AUC: 0.5059 Pr: 0.5066 Re: 0.5005 F1: 0.5035 AUPR: 0.5292 AP: 0.5049
Acc: 0.5057 AUC: 0.5062 Pr: 0.5060 Re: 0.5003 F1: 0.5031 AUPR: 0.5304 AP: 0.5057
Acc: 0.5053 AUC: 0.5060 Pr: 0.5056 Re: 0.4996 F1: 0.5026 AUPR: 0.5289 AP: 0.5050
Acc: 0.5060 AUC: 0.5055 Pr: 0.5063 Re: 0.5006 F1: 0.5035 AUPR: 0.5288 AP: 0.5044
Acc: 0.5057 AUC: 0.5053 Pr: 0.5060 Re: 0.4992 F1: 0.5026 AUPR: 0.5284 AP: 0.5040
Acc: 0.5069 AUC: 0.5061 Pr: 0.5073 Re: 0.5010 F1: 0.5041 AUPR: 0.5295 AP: 0.5050
Acc: 0.5055 AUC: 0.5067 Pr: 0.5059 Re: 0.4990 F1: 0.5024 AUPR: 0.5301 AP: 0.5061
Acc: 0.5064 AUC: 0.5060 Pr: 0.5067 Re: 0.5005 F1: 0.5036 AUPR: 0.5295 AP: 0.5053
Acc: 0.5059 AUC: 0.5057 Pr: 0.5062 Re: 0.5003 F1: 0.5033 AUPR: 0.5295 AP: 0.5054
Acc: 0.5054 AUC: 0.5060 Pr: 0.5057 Re: 0.4996 F1: 0.5026 AUPR: 0.5289 AP: 0.5049
Acc: 0.5052 AUC: 0.5064 Pr: 0.5055 Re: 0.4993 F1: 0.5024 AUPR: 0.5308 AP: 0.5064
Acc: 0.5050 AUC: 0.5058 Pr: 0.5053 Re: 0.4992 F1: 0.5022 AUPR: 0.5293 AP: 0.5047
Acc: 0.5054 AUC: 0.5058 Pr: 0.5057 Re: 0.4986 F1: 0.5021 AUPR: 0.5289 AP: 0.5046
Acc: 0.5055 AUC: 0.5060 Pr: 0.5059 Re: 0.4986 F1: 0.5022 AUPR: 0.5295 AP: 0.5054
Acc: 0.5048 AUC: 0.5063 Pr: 0.5051 Re: 0.4973 F1: 0.5012 AUPR: 0.5302 AP: 0.5057
Acc: 0.5051 AUC: 0.5056 Pr: 0.5054 Re: 0.4988 F1: 0.5020 AUPR: 0.5277 AP: 0.5037
Acc: 0.5050 AUC: 0.5059 Pr: 0.5053 Re: 0.4992 F1: 0.5022 AUPR: 0.5293 AP: 0.5052
Acc: 0.5062 AUC: 0.5060 Pr: 0.5065 Re: 0.5000 F1: 0.5032 AUPR: 0.5292 AP: 0.5051
Acc: 0.5047 AUC: 0.5057 Pr: 0.5050 Re: 0.4979 F1: 0.5014 AUPR: 0.5291 AP: 0.5047
Acc: 0.5041 AUC: 0.5053 Pr: 0.5044 Re: 0.4979 F1: 0.5011 AUPR: 0.5283 AP: 0.5040
Acc: 0.5068 AUC: 0.5063 Pr: 0.5072 Re: 0.5003 F1: 0.5037 AUPR: 0.5297 AP: 0.5057
Acc: 0.5053 AUC: 0.5051 Pr: 0.5056 Re: 0.4989 F1: 0.5022 AUPR: 0.5295 AP: 0.5047
Acc: 0.5053 AUC: 0.5060 Pr: 0.5056 Re: 0.4989 F1: 0.5023 AUPR: 0.5291 AP: 0.5051
Acc: 0.5064 AUC: 0.5063 Pr: 0.5067 Re: 0.5009 F1: 0.5038 AUPR: 0.5299 AP: 0.5055
Acc: 0.5046 AUC: 0.5060 Pr: 0.5049 Re: 0.4984 F1: 0.5016 AUPR: 0.5296 AP: 0.5052
Acc: 0.5053 AUC: 0.5071 Pr: 0.5057 Re: 0.4995 F1: 0.5026 AUPR: 0.5312 AP: 0.5063
Acc: 0.5048 AUC: 0.5058 Pr: 0.5051 Re: 0.4992 F1: 0.5021 AUPR: 0.5296 AP: 0.5052
Acc: 0.5051 AUC: 0.5066 Pr: 0.5054 Re: 0.4982 F1: 0.5018 AUPR: 0.5305 AP: 0.5060
Acc: 0.5053 AUC: 0.5058 Pr: 0.5056 Re: 0.4991 F1: 0.5023 AUPR: 0.5291 AP: 0.5048
Acc: 0.5061 AUC: 0.5059 Pr: 0.5064 Re: 0.4995 F1: 0.5029 AUPR: 0.5297 AP: 0.5051
Acc: 0.5052 AUC: 0.5070 Pr: 0.5055 Re: 0.4989 F1: 0.5022 AUPR: 0.5295 AP: 0.5056
Acc: 0.5057 AUC: 0.5049 Pr: 0.5060 Re: 0.4994 F1: 0.5027 AUPR: 0.5285 AP: 0.5043
Acc: 0.5055 AUC: 0.5063 Pr: 0.5058 Re: 0.5008 F1: 0.5033 AUPR: 0.5298 AP: 0.5054
Acc: 0.5054 AUC: 0.5068 Pr: 0.5057 Re: 0.4998 F1: 0.5027 AUPR: 0.5308 AP: 0.5061
Acc: 0.5069 AUC: 0.5063 Pr: 0.5072 Re: 0.5007 F1: 0.5039 AUPR: 0.5301 AP: 0.5059
Acc: 0.5042 AUC: 0.5057 Pr: 0.5044 Re: 0.4984 F1: 0.5014 AUPR: 0.5298 AP: 0.5050
Acc: 0.5053 AUC: 0.5057 Pr: 0.5056 Re: 0.4996 F1: 0.5026 AUPR: 0.5292 AP: 0.5047
Acc: 0.5050 AUC: 0.5063 Pr: 0.5053 Re: 0.4993 F1: 0.5023 AUPR: 0.5305 AP: 0.5061
Acc: 0.5062 AUC: 0.5052 Pr: 0.5065 Re: 0.5007 F1: 0.5036 AUPR: 0.5281 AP: 0.5040
Acc: 0.5061 AUC: 0.5067 Pr: 0.5064 Re: 0.5002 F1: 0.5033 AUPR: 0.5295 AP: 0.5055
Acc: 0.5053 AUC: 0.5059 Pr: 0.5057 Re: 0.4991 F1: 0.5024 AUPR: 0.5307 AP: 0.5058
Acc: 0.5044 AUC: 0.5058 Pr: 0.5047 Re: 0.4985 F1: 0.5016 AUPR: 0.5297 AP: 0.5056
Acc: 0.5053 AUC: 0.5059 Pr: 0.5056 Re: 0.4992 F1: 0.5024 AUPR: 0.5302 AP: 0.5057
Acc: 0.5062 AUC: 0.5068 Pr: 0.5065 Re: 0.5008 F1: 0.5036 AUPR: 0.5303 AP: 0.5057
Acc: 0.5060 AUC: 0.5058 Pr: 0.5063 Re: 0.4997 F1: 0.5030 AUPR: 0.5294 AP: 0.5048
Acc: 0.5054 AUC: 0.5065 Pr: 0.5057 Re: 0.4997 F1: 0.5027 AUPR: 0.5303 AP: 0.5059
Acc: 0.5044 AUC: 0.5057 Pr: 0.5047 Re: 0.4980 F1: 0.5013 AUPR: 0.5300 AP: 0.5051
Acc: 0.5053 AUC: 0.5060 Pr: 0.5056 Re: 0.4979 F1: 0.5018 AUPR: 0.5295 AP: 0.5053
Acc: 0.5056 AUC: 0.5058 Pr: 0.5059 Re: 0.5000 F1: 0.5030 AUPR: 0.5302 AP: 0.5057
Acc: 0.5056 AUC: 0.5052 Pr: 0.5059 Re: 0.4999 F1: 0.5029 AUPR: 0.5294 AP: 0.5048
Acc: 0.5049 AUC: 0.5060 Pr: 0.5052 Re: 0.4996 F1: 0.5024 AUPR: 0.5295 AP: 0.5053
Acc: 0.5045 AUC: 0.5061 Pr: 0.5048 Re: 0.4989 F1: 0.5019 AUPR: 0.5302 AP: 0.5058
Acc: 0.5056 AUC: 0.5058 Pr: 0.5059 Re: 0.4990 F1: 0.5025 AUPR: 0.5292 AP: 0.5049
Acc: 0.5047 AUC: 0.5060 Pr: 0.5051 Re: 0.4976 F1: 0.5013 AUPR: 0.5304 AP: 0.5058
Acc: 0.5054 AUC: 0.5062 Pr: 0.5057 Re: 0.4979 F1: 0.5017 AUPR: 0.5293 AP: 0.5053
Acc: 0.5058 AUC: 0.5066 Pr: 0.5061 Re: 0.5008 F1: 0.5034 AUPR: 0.5302 AP: 0.5061
Acc: 0.5049 AUC: 0.5063 Pr: 0.5052 Re: 0.4984 F1: 0.5018 AUPR: 0.5303 AP: 0.5060
Acc: 0.5048 AUC: 0.5053 Pr: 0.5051 Re: 0.4991 F1: 0.5021 AUPR: 0.5277 AP: 0.5037
Acc: 0.5057 AUC: 0.5066 Pr: 0.5060 Re: 0.5002 F1: 0.5031 AUPR: 0.5294 AP: 0.5054
Acc: 0.5073 AUC: 0.5060 Pr: 0.5076 Re: 0.5012 F1: 0.5044 AUPR: 0.5289 AP: 0.5051
Acc: 0.5042 AUC: 0.5059 Pr: 0.5045 Re: 0.4978 F1: 0.5011 AUPR: 0.5301 AP: 0.5059
Acc: 0.5053 AUC: 0.5051 Pr: 0.5056 Re: 0.4987 F1: 0.5021 AUPR: 0.5293 AP: 0.5044
Acc: 0.5050 AUC: 0.5062 Pr: 0.5053 Re: 0.4980 F1: 0.5017 AUPR: 0.5306 AP: 0.5061
Acc: 0.5060 AUC: 0.5060 Pr: 0.5063 Re: 0.4995 F1: 0.5029 AUPR: 0.5300 AP: 0.5054
Acc: 0.5055 AUC: 0.5061 Pr: 0.5058 Re: 0.4987 F1: 0.5022 AUPR: 0.5294 AP: 0.5051
Acc: 0.5046 AUC: 0.5052 Pr: 0.5049 Re: 0.4985 F1: 0.5017 AUPR: 0.5283 AP: 0.5043
Acc: 0.5064 AUC: 0.5064 Pr: 0.5067 Re: 0.5014 F1: 0.5040 AUPR: 0.5291 AP: 0.5049
Acc: 0.5055 AUC: 0.5063 Pr: 0.5058 Re: 0.5002 F1: 0.5030 AUPR: 0.5291 AP: 0.5049
Acc: 0.5051 AUC: 0.5056 Pr: 0.5054 Re: 0.4993 F1: 0.5023 AUPR: 0.5285 AP: 0.5047
Acc: 0.5067 AUC: 0.5059 Pr: 0.5070 Re: 0.5018 F1: 0.5044 AUPR: 0.5290 AP: 0.5045
Acc: 0.5060 AUC: 0.5063 Pr: 0.5063 Re: 0.5014 F1: 0.5039 AUPR: 0.5300 AP: 0.5058
Acc: 0.5067 AUC: 0.5068 Pr: 0.5070 Re: 0.5014 F1: 0.5042 AUPR: 0.5305 AP: 0.5058
Acc: 0.5059 AUC: 0.5059 Pr: 0.5062 Re: 0.5002 F1: 0.5032 AUPR: 0.5301 AP: 0.5058
Acc: 0.5053 AUC: 0.5062 Pr: 0.5056 Re: 0.5001 F1: 0.5028 AUPR: 0.5302 AP: 0.5056
Acc: 0.5052 AUC: 0.5060 Pr: 0.5055 Re: 0.4989 F1: 0.5021 AUPR: 0.5298 AP: 0.5052
Acc: 0.5065 AUC: 0.5066 Pr: 0.5068 Re: 0.5007 F1: 0.5037 AUPR: 0.5313 AP: 0.5068
Acc: 0.5056 AUC: 0.5062 Pr: 0.5059 Re: 0.4988 F1: 0.5023 AUPR: 0.5296 AP: 0.5054
Acc: 0.5060 AUC: 0.5062 Pr: 0.5064 Re: 0.5003 F1: 0.5033 AUPR: 0.5294 AP: 0.5054
Acc: 0.5049 AUC: 0.5059 Pr: 0.5052 Re: 0.4989 F1: 0.5020 AUPR: 0.5296 AP: 0.5055
Acc: 0.5037 AUC: 0.5059 Pr: 0.5039 Re: 0.4985 F1: 0.5012 AUPR: 0.5309 AP: 0.5060
